[0.009s] Invoking command in '/home/panav/ros2_ws/src/dwa_planner/build/dwa_planner': CMAKE_PREFIX_PATH=${CMAKE_PREFIX_PATH}:/home/panav/ros2_ws/install/turtlebot3_teleop:/home/panav/ros2_ws/install/turtlebot3_example:/home/panav/ros2_ws/install/python_starter:/home/panav/ros2_ws/install/lidar_proximity_filter:/home/panav/ros2_ws/install/launch_testing_examples:/home/panav/ros2_ws/install/examples_rclpy_pointcloud_publisher:/home/panav/ros2_ws/install/examples_rclpy_minimal_subscriber:/home/panav/ros2_ws/install/examples_rclpy_minimal_service:/home/panav/ros2_ws/install/examples_rclpy_minimal_publisher:/home/panav/ros2_ws/install/examples_rclpy_minimal_client:/home/panav/ros2_ws/install/examples_rclpy_minimal_action_server:/home/panav/ros2_ws/install/examples_rclpy_minimal_action_client:/home/panav/ros2_ws/install/examples_rclpy_guard_conditions:/home/panav/ros2_ws/install/examples_rclpy_executors:/opt/ros/humble /usr/bin/cmake --build /home/panav/ros2_ws/src/dwa_planner/build/dwa_planner
[0.048s] [35m[1mConsolidate compiler generated dependencies of target dwa_node[0m
[0.062s] [ 50%] [32mBuilding CXX object CMakeFiles/dwa_node.dir/src/dwa_node.cpp.o[0m
[1.647s] In file included from [01m[K/opt/ros/humble/include/rclcpp/rclcpp/logging.hpp:24[m[K,
[1.647s]                  from [01m[K/opt/ros/humble/include/rclcpp/rclcpp/client.hpp:40[m[K,
[1.647s]                  from [01m[K/opt/ros/humble/include/rclcpp/rclcpp/callback_group.hpp:24[m[K,
[1.647s]                  from [01m[K/opt/ros/humble/include/rclcpp/rclcpp/any_executable.hpp:20[m[K,
[1.647s]                  from [01m[K/opt/ros/humble/include/rclcpp/rclcpp/memory_strategy.hpp:25[m[K,
[1.647s]                  from [01m[K/opt/ros/humble/include/rclcpp/rclcpp/memory_strategies.hpp:18[m[K,
[1.647s]                  from [01m[K/opt/ros/humble/include/rclcpp/rclcpp/executor_options.hpp:20[m[K,
[1.647s]                  from [01m[K/opt/ros/humble/include/rclcpp/rclcpp/executor.hpp:37[m[K,
[1.647s]                  from [01m[K/opt/ros/humble/include/rclcpp/rclcpp/executors/multi_threaded_executor.hpp:25[m[K,
[1.647s]                  from [01m[K/opt/ros/humble/include/rclcpp/rclcpp/executors.hpp:21[m[K,
[1.647s]                  from [01m[K/opt/ros/humble/include/rclcpp/rclcpp/rclcpp.hpp:155[m[K,
[1.647s]                  from [01m[K/home/panav/ros2_ws/src/dwa_planner/src/dwa_node.cpp:1[m[K:
[1.647s] [01m[K/home/panav/ros2_ws/src/dwa_planner/src/dwa_node.cpp:[m[K In member function â€˜[01m[Kvoid DWA_node::scan_callback(sensor_msgs::msg::LaserScan_<std::allocator<void> >::SharedPtr)[m[Kâ€™:
[1.647s] [01m[K/home/panav/ros2_ws/src/dwa_planner/src/dwa_node.cpp:97:41:[m[K [01;35m[Kwarning: [m[Kunknown conversion type character â€˜[01m[Kr[m[Kâ€™ in format [[01;35m[K]8;;https://gcc.gnu.org/onlinedocs/gcc/Warning-Options.html#index-Wformat=-Wformat=]8;;[m[K]
[1.647s]    97 |  RCLCPP_INFO(this->get_logger(), [01;35m[K"Laser scan received: % ranges"[m[K, (current_scan.ranges.size()));
[1.648s]       |                                  [01;35m[K^~~~~~~~~~~~~~~~~~~~~~~~~~~~~~~[m[K
[1.648s] 
[1.648s] [01m[K/home/panav/ros2_ws/src/dwa_planner/src/dwa_node.cpp:97:65:[m[K [01;36m[Knote: [m[Kformat string is defined here
[1.648s]    97 | ogger(), "Laser scan received: % [01;36m[Kr[m[Kanges", (current_scan.ranges.size()));
[1.648s]       |                                  [01;36m[K^[m[K
[1.648s] 
[1.648s] In file included from [01m[K/opt/ros/humble/include/rclcpp/rclcpp/logging.hpp:24[m[K,
[1.648s]                  from [01m[K/opt/ros/humble/include/rclcpp/rclcpp/client.hpp:40[m[K,
[1.648s]                  from [01m[K/opt/ros/humble/include/rclcpp/rclcpp/callback_group.hpp:24[m[K,
[1.648s]                  from [01m[K/opt/ros/humble/include/rclcpp/rclcpp/any_executable.hpp:20[m[K,
[1.648s]                  from [01m[K/opt/ros/humble/include/rclcpp/rclcpp/memory_strategy.hpp:25[m[K,
[1.648s]                  from [01m[K/opt/ros/humble/include/rclcpp/rclcpp/memory_strategies.hpp:18[m[K,
[1.648s]                  from [01m[K/opt/ros/humble/include/rclcpp/rclcpp/executor_options.hpp:20[m[K,
[1.648s]                  from [01m[K/opt/ros/humble/include/rclcpp/rclcpp/executor.hpp:37[m[K,
[1.648s]                  from [01m[K/opt/ros/humble/include/rclcpp/rclcpp/executors/multi_threaded_executor.hpp:25[m[K,
[1.649s]                  from [01m[K/opt/ros/humble/include/rclcpp/rclcpp/executors.hpp:21[m[K,
[1.649s]                  from [01m[K/opt/ros/humble/include/rclcpp/rclcpp/rclcpp.hpp:155[m[K,
[1.649s]                  from [01m[K/home/panav/ros2_ws/src/dwa_planner/src/dwa_node.cpp:1[m[K:
[1.649s] [01m[K/home/panav/ros2_ws/src/dwa_planner/src/dwa_node.cpp:97:41:[m[K [01;35m[Kwarning: [m[Ktoo many arguments for format [[01;35m[K]8;;https://gcc.gnu.org/onlinedocs/gcc/Warning-Options.html#index-Wformat-extra-args-Wformat-extra-args]8;;[m[K]
[1.649s]    97 |  RCLCPP_INFO(this->get_logger(), [01;35m[K"Laser scan received: % ranges"[m[K, (current_scan.ranges.size()));
[1.649s]       |                                  [01;35m[K^~~~~~~~~~~~~~~~~~~~~~~~~~~~~~~[m[K
[1.649s] 
[1.651s] [01m[K/home/panav/ros2_ws/src/dwa_planner/src/dwa_node.cpp:[m[K In member function â€˜[01m[Kstd::pair<double, double> DWA_node::path_gen()[m[Kâ€™:
[1.651s] [01m[K/home/panav/ros2_ws/src/dwa_planner/src/dwa_node.cpp:142:64:[m[K [01;31m[Kerror: [m[Kno matching function for call to â€˜[01m[KDWA_node::motion_ranges(double&, double&)[m[Kâ€™
[1.651s]   142 | uble>> trajectory = [01;31m[Kmotion_ranges(speed, rotation_speed)[m[K;
[1.651s]       |                     [01;31m[K~~~~~~~~~~~~~^~~~~~~~~~~~~~~~~~~~~~~[m[K
[1.651s] 
[1.651s] [01m[K/home/panav/ros2_ws/src/dwa_planner/src/dwa_node.cpp:110:35:[m[K [01;36m[Knote: [m[Kcandidate: â€˜[01m[Kstd::vector<std::pair<double, double> > DWA_node::motion_ranges(double, double, double, const Odometry&)[m[Kâ€™
[1.651s]   110 |    vector <pair<double, double>> [01;36m[Kmotion_ranges[m[K(double speed, double rotation_speed, double time_step, const nav_msgs::msg::Odometry& odom_data)
[1.651s]       |                                  [01;36m[K^~~~~~~~~~~~~[m[K
[1.651s] 
[1.651s] [01m[K/home/panav/ros2_ws/src/dwa_planner/src/dwa_node.cpp:110:35:[m[K [01;36m[Knote: [m[K  candidate expects 4 arguments, 2 provided
[1.651s] [01m[K/home/panav/ros2_ws/src/dwa_planner/src/dwa_node.cpp:140:16:[m[K [01;35m[Kwarning: [m[Kunused variable â€˜[01m[Ktime_step[m[Kâ€™ [[01;35m[K]8;;https://gcc.gnu.org/onlinedocs/gcc/Warning-Options.html#index-Wunused-variable-Wunused-variable]8;;[m[K]
[1.651s]   140 |         double [01;35m[Ktime_step[m[K = this->get_parameter("time_step").as_double();
[1.651s]       |                [01;35m[K^~~~~~~~~[m[K
[1.656s] [01m[K/home/panav/ros2_ws/src/dwa_planner/src/dwa_node.cpp:[m[K In member function â€˜[01m[Kdouble DWA_node::collision_avoidance(const std::vector<std::pair<double, double> >&, const LaserScan&, const Odometry&, double)[m[Kâ€™:
[1.656s] [01m[K/home/panav/ros2_ws/src/dwa_planner/src/dwa_node.cpp:161:37:[m[K [01;31m[Kerror: [m[Kbase operand of â€˜[01m[K->[m[Kâ€™ has non-pointer type â€˜[01m[Kconst LaserScan[m[Kâ€™ {aka â€˜[01m[Kconst sensor_msgs::msg::LaserScan_<std::allocator<void> >[m[Kâ€™}
[1.656s]   161 |          if (distance < scan_data[01;31m[K->[m[Kranges[scan_index] - tolerance) {
[1.656s]       |                                  [01;31m[K^~[m[K
[1.656s] 
[1.660s] [01m[K/home/panav/ros2_ws/src/dwa_planner/src/dwa_node.cpp:161:46:[m[K [01;31m[Kerror: [m[Kâ€˜[01m[Kscan_index[m[Kâ€™ was not declared in this scope
[1.660s]   161 | if (distance < scan_data->ranges[[01;31m[Kscan_index[m[K] - tolerance) {
[1.661s]       |                                  [01;31m[K^~~~~~~~~~[m[K
[1.661s] 
[1.661s] [01m[K/home/panav/ros2_ws/src/dwa_planner/src/dwa_node.cpp:159:17:[m[K [01;35m[Kwarning: [m[Kunused variable â€˜[01m[Kindex[m[Kâ€™ [[01;35m[K]8;;https://gcc.gnu.org/onlinedocs/gcc/Warning-Options.html#index-Wunused-variable-Wunused-variable]8;;[m[K]
[1.661s]   159 |             int [01;35m[Kindex[m[K = static_cast<int>((atan2(y - current_odom.pose.pose.position.y, x - current_odom.pose.pose.position.x)+M_PI) / (2*M_PI)) * scan_data.ranges.size();
[1.661s]       |                 [01;35m[K^~~~~[m[K
[1.662s] [01m[K/home/panav/ros2_ws/src/dwa_planner/src/dwa_node.cpp:[m[K In member function â€˜[01m[Kstd::pair<double, double> DWA_node::dwa_control(const Odometry&, const LaserScan&)[m[Kâ€™:
[1.662s] [01m[K/home/panav/ros2_ws/src/dwa_planner/src/dwa_node.cpp:179:24:[m[K [01;31m[Kerror: [m[Kbase operand of â€˜[01m[K->[m[Kâ€™ has non-pointer type â€˜[01m[Kconst Odometry[m[Kâ€™ {aka â€˜[01m[Kconst nav_msgs::msg::Odometry_<std::allocator<void> >[m[Kâ€™}
[1.662s]   179 |         double x = odom[01;31m[K->[m[Kpose.pose.position.x;
[1.662s]       |                        [01;31m[K^~[m[K
[1.662s] [01m[K/home/panav/ros2_ws/src/dwa_planner/src/dwa_node.cpp:180:24:[m[K [01;31m[Kerror: [m[Kbase operand of â€˜[01m[K->[m[Kâ€™ has non-pointer type â€˜[01m[Kconst Odometry[m[Kâ€™ {aka â€˜[01m[Kconst nav_msgs::msg::Odometry_<std::allocator<void> >[m[Kâ€™}
[1.662s]   180 |         double y = odom[01;31m[K->[m[Kpose.pose.position.y;
[1.662s]       |                        [01;31m[K^~[m[K
[1.662s] [01m[K/home/panav/ros2_ws/src/dwa_planner/src/dwa_node.cpp:181:31:[m[K [01;31m[Kerror: [m[Kbase operand of â€˜[01m[K->[m[Kâ€™ has non-pointer type â€˜[01m[Kconst Odometry[m[Kâ€™ {aka â€˜[01m[Kconst nav_msgs::msg::Odometry_<std::allocator<void> >[m[Kâ€™}
[1.662s]   181 |         tf2::Quaternion q(odom[01;31m[K->[m[Kdata.pose.pose.orientation.x,
[1.662s]       |                               [01;31m[K^~[m[K
[1.662s] [01m[K/home/panav/ros2_ws/src/dwa_planner/src/dwa_node.cpp:182:29:[m[K [01;31m[Kerror: [m[Kbase operand of â€˜[01m[K->[m[Kâ€™ has non-pointer type â€˜[01m[Kconst Odometry[m[Kâ€™ {aka â€˜[01m[Kconst nav_msgs::msg::Odometry_<std::allocator<void> >[m[Kâ€™}
[1.662s]   182 |                         odom[01;31m[K->[m[Kpose.pose.orientation.y,
[1.662s]       |                             [01;31m[K^~[m[K
[1.662s] [01m[K/home/panav/ros2_ws/src/dwa_planner/src/dwa_node.cpp:183:29:[m[K [01;31m[Kerror: [m[Kbase operand of â€˜[01m[K->[m[Kâ€™ has non-pointer type â€˜[01m[Kconst Odometry[m[Kâ€™ {aka â€˜[01m[Kconst nav_msgs::msg::Odometry_<std::allocator<void> >[m[Kâ€™}
[1.662s]   183 |                         odom[01;31m[K->[m[Kpose.pose.orientation.z,
[1.662s]       |                             [01;31m[K^~[m[K
[1.662s] [01m[K/home/panav/ros2_ws/src/dwa_planner/src/dwa_node.cpp:184:29:[m[K [01;31m[Kerror: [m[Kbase operand of â€˜[01m[K->[m[Kâ€™ has non-pointer type â€˜[01m[Kconst Odometry[m[Kâ€™ {aka â€˜[01m[Kconst nav_msgs::msg::Odometry_<std::allocator<void> >[m[Kâ€™}
[1.662s]   184 |                         odom[01;31m[K->[m[Kpose.pose.orientation.w);
[1.662s]       |                             [01;31m[K^~[m[K
[1.667s] [01m[K/home/panav/ros2_ws/src/dwa_planner/src/dwa_node.cpp:205:103:[m[K [01;31m[Kerror: [m[Kâ€˜[01m[Kodom_data[m[Kâ€™ was not declared in this scope; did you mean â€˜[01m[Krandom_data[m[Kâ€™?
[1.667s]   205 | peed, rotation_speed, time_step, [01;31m[Kodom_data[m[K);
[1.667s]       |                                  [01;31m[K^~~~~~~~~[m[K
[1.667s]       |                                  [32m[Krandom_data[m[K
[1.667s] [01m[K/home/panav/ros2_ws/src/dwa_planner/src/dwa_node.cpp:207:20:[m[K [01;35m[Kwarning: [m[Kunused variable â€˜[01m[Ktheta_temp[m[Kâ€™ [[01;35m[K]8;;https://gcc.gnu.org/onlinedocs/gcc/Warning-Options.html#index-Wunused-variable-Wunused-variable]8;;[m[K]
[1.667s]   207 |             double [01;35m[Ktheta_temp[m[K = atan2(y,x);
[1.667s]       |                    [01;35m[K^~~~~~~~~~[m[K
[1.672s] [01m[K/home/panav/ros2_ws/src/dwa_planner/src/dwa_node.cpp:[m[K In member function â€˜[01m[Kvoid DWA_node::timer_callback()[m[Kâ€™:
[1.672s] [01m[K/home/panav/ros2_ws/src/dwa_planner/src/dwa_node.cpp:238:62:[m[K [01;31m[Kerror: [m[Kâ€˜[01m[Ktrajectory[m[Kâ€™ was not declared in this scope
[1.672s]   238 | st_rotation_speed] = dwa_control([01;31m[Ktrajectory[m[K, current_scan);
[1.672s]       |                                  [01;31m[K^~~~~~~~~~[m[K
[1.672s] 
[3.856s] gmake[2]: *** [CMakeFiles/dwa_node.dir/build.make:76: CMakeFiles/dwa_node.dir/src/dwa_node.cpp.o] Error 1
[3.856s] gmake[1]: *** [CMakeFiles/Makefile2:137: CMakeFiles/dwa_node.dir/all] Error 2
[3.856s] gmake: *** [Makefile:146: all] Error 2
[3.858s] Invoked command in '/home/panav/ros2_ws/src/dwa_planner/build/dwa_planner' returned '2': CMAKE_PREFIX_PATH=${CMAKE_PREFIX_PATH}:/home/panav/ros2_ws/install/turtlebot3_teleop:/home/panav/ros2_ws/install/turtlebot3_example:/home/panav/ros2_ws/install/python_starter:/home/panav/ros2_ws/install/lidar_proximity_filter:/home/panav/ros2_ws/install/launch_testing_examples:/home/panav/ros2_ws/install/examples_rclpy_pointcloud_publisher:/home/panav/ros2_ws/install/examples_rclpy_minimal_subscriber:/home/panav/ros2_ws/install/examples_rclpy_minimal_service:/home/panav/ros2_ws/install/examples_rclpy_minimal_publisher:/home/panav/ros2_ws/install/examples_rclpy_minimal_client:/home/panav/ros2_ws/install/examples_rclpy_minimal_action_server:/home/panav/ros2_ws/install/examples_rclpy_minimal_action_client:/home/panav/ros2_ws/install/examples_rclpy_guard_conditions:/home/panav/ros2_ws/install/examples_rclpy_executors:/opt/ros/humble /usr/bin/cmake --build /home/panav/ros2_ws/src/dwa_planner/build/dwa_planner
