[0.009s] Invoking command in '/home/panav/ros2_ws/src/dwa_planner/build/dwa_planner': CMAKE_PREFIX_PATH=${CMAKE_PREFIX_PATH}:/home/panav/ros2_ws/install/turtlebot3_teleop:/home/panav/ros2_ws/install/turtlebot3_example:/opt/ros/humble /usr/bin/cmake --build /home/panav/ros2_ws/src/dwa_planner/build/dwa_planner
[0.046s] [35m[1mConsolidate compiler generated dependencies of target test_node[0m
[0.056s] [ 50%] Built target dwa_node
[0.060s] [ 75%] [32mBuilding CXX object CMakeFiles/test_node.dir/src/tester.cpp.o[0m
[0.065s] [01m[K/home/panav/ros2_ws/src/dwa_planner/src/tester.cpp:1:24:[m[K [01;35m[Kwarning: [m[Kextra tokens at end of #include directive
[0.065s]     1 | #include "dwa_node.hpp"[01;35m[K>[m[K
[0.065s]       |                        [01;35m[K^[m[K
[1.570s] [01m[K/home/panav/ros2_ws/src/dwa_planner/src/tester.cpp:[m[K In function â€˜[01m[Kint main(int, char**)[m[Kâ€™:
[1.570s] [01m[K/home/panav/ros2_ws/src/dwa_planner/src/tester.cpp:16:15:[m[K [01;31m[Kerror: [m[Kâ€˜[01m[Kusing element_type = class DWA_node[m[Kâ€™ {aka â€˜[01m[Kclass DWA_node[m[Kâ€™} has no member named â€˜[01m[Krest_path[m[Kâ€™; did you mean â€˜[01m[KresetPath[m[Kâ€™?
[1.570s]    16 |         node->[01;31m[Krest_path[m[K();
[1.570s]       |               [01;31m[K^~~~~~~~~[m[K
[1.570s]       |               [32m[KresetPath[m[K
[1.573s] In file included from [01m[K/opt/ros/humble/include/rclcpp/rclcpp/logging.hpp:24[m[K,
[1.573s]                  from [01m[K/opt/ros/humble/include/rclcpp/rclcpp/client.hpp:40[m[K,
[1.573s]                  from [01m[K/opt/ros/humble/include/rclcpp/rclcpp/callback_group.hpp:24[m[K,
[1.573s]                  from [01m[K/opt/ros/humble/include/rclcpp/rclcpp/any_executable.hpp:20[m[K,
[1.573s]                  from [01m[K/opt/ros/humble/include/rclcpp/rclcpp/memory_strategy.hpp:25[m[K,
[1.573s]                  from [01m[K/opt/ros/humble/include/rclcpp/rclcpp/memory_strategies.hpp:18[m[K,
[1.573s]                  from [01m[K/opt/ros/humble/include/rclcpp/rclcpp/executor_options.hpp:20[m[K,
[1.573s]                  from [01m[K/opt/ros/humble/include/rclcpp/rclcpp/executor.hpp:37[m[K,
[1.573s]                  from [01m[K/opt/ros/humble/include/rclcpp/rclcpp/executors/multi_threaded_executor.hpp:25[m[K,
[1.573s]                  from [01m[K/opt/ros/humble/include/rclcpp/rclcpp/executors.hpp:21[m[K,
[1.573s]                  from [01m[K/opt/ros/humble/include/rclcpp/rclcpp/rclcpp.hpp:155[m[K,
[1.573s]                  from [01m[K/home/panav/ros2_ws/src/dwa_planner/include/dwa_node.hpp:4[m[K,
[1.573s]                  from [01m[K/home/panav/ros2_ws/src/dwa_planner/src/tester.cpp:1[m[K:
[1.573s] [01m[K/home/panav/ros2_ws/src/dwa_planner/src/tester.cpp:27:96:[m[K [01;31m[Kerror: [m[Kâ€˜[01m[Kconvergernce_time[m[Kâ€™ was not declared in this scope; did you mean â€˜[01m[Kconvergence_time[m[Kâ€™?
[1.573s]    27 |             RCLCPP_INFO(node->get_logger(), "Speed %.2f | Convergence in %.2f", average_speed, [01;31m[Kconvergernce_time[m[K);\
[1.574s]       |                                                                                                [01;31m[K^~~~~~~~~~~~~~~~~[m[K
[1.863s] gmake[2]: *** [CMakeFiles/test_node.dir/build.make:76: CMakeFiles/test_node.dir/src/tester.cpp.o] Error 1
[1.863s] gmake[1]: *** [CMakeFiles/Makefile2:165: CMakeFiles/test_node.dir/all] Error 2
[1.864s] gmake: *** [Makefile:146: all] Error 2
[1.866s] Invoked command in '/home/panav/ros2_ws/src/dwa_planner/build/dwa_planner' returned '2': CMAKE_PREFIX_PATH=${CMAKE_PREFIX_PATH}:/home/panav/ros2_ws/install/turtlebot3_teleop:/home/panav/ros2_ws/install/turtlebot3_example:/opt/ros/humble /usr/bin/cmake --build /home/panav/ros2_ws/src/dwa_planner/build/dwa_planner
