[35m[1mConsolidate compiler generated dependencies of target dwa_node[0m
[ 50%] [32mBuilding CXX object CMakeFiles/dwa_node.dir/src/dwa_node.cpp.o[0m
In file included from [01m[K/home/panav/ros2_ws/src/dwa_planner/src/dwa_node.cpp:1[m[K:
[01m[K/home/panav/ros2_ws/src/dwa_planner/include/dwa_node.hpp:35:9:[m[K [01;31m[Kerror: [m[Knon-static data member declared with placeholder â€˜[01m[Kauto[m[Kâ€™
   35 |         [01;31m[Kauto[m[K start_timer;
      |         [01;31m[K^~~~[m[K
[01m[K/home/panav/ros2_ws/src/dwa_planner/src/dwa_node.cpp:[m[K In member function â€˜[01m[Kdouble DWA_node::get_convergence_time(double, double)[m[Kâ€™:
[01m[K/home/panav/ros2_ws/src/dwa_planner/src/dwa_node.cpp:107:93:[m[K [01;31m[Kerror: [m[Kâ€˜[01m[Kstart_time[m[Kâ€™ was not declared in this scope; did you mean â€˜[01m[Kstart_timer[m[Kâ€™?
  107 | illiseconds>(end_time- [01;31m[Kstart_time[m[K);
      |                        [01;31m[K^~~~~~~~~~[m[K
      |                        [32m[Kstart_timer[m[K
[01m[K/home/panav/ros2_ws/src/dwa_planner/src/dwa_node.cpp:[m[K In member function â€˜[01m[Kstd::pair<double, double> DWA_node::path_gen()[m[Kâ€™:
[01m[K/home/panav/ros2_ws/src/dwa_planner/src/dwa_node.cpp:155:12:[m[K [01;35m[Kwarning: [m[Kunused variable â€˜[01m[Ktime_step[m[Kâ€™ [[01;35m[K]8;;https://gcc.gnu.org/onlinedocs/gcc/Warning-Options.html#index-Wunused-variable-Wunused-variable]8;;[m[K]
  155 |     double [01;35m[Ktime_step[m[K = this->get_parameter("time_step").as_double();
      |            [01;35m[K^~~~~~~~~[m[K
[01m[K/home/panav/ros2_ws/src/dwa_planner/src/dwa_node.cpp:[m[K In member function â€˜[01m[Kvoid DWA_node::visualize_trajectories(const std::vector<std::vector<std::pair<double, double> > >&, int)[m[Kâ€™:
[01m[K/home/panav/ros2_ws/src/dwa_planner/src/dwa_node.cpp:185:14:[m[K [01;35m[Kwarning: [m[Kcomparison of integer expressions of different signedness: â€˜[01m[Kunsigned int[m[Kâ€™ and â€˜[01m[Kint[m[Kâ€™ [[01;35m[K]8;;https://gcc.gnu.org/onlinedocs/gcc/Warning-Options.html#index-Wsign-compare-Wsign-compare]8;;[m[K]
  185 |         if([01;35m[Ki == best_index[m[K) {
      |            [01;35m[K~~^~~~~~~~~~~~~[m[K
[01m[K/home/panav/ros2_ws/src/dwa_planner/src/dwa_node.cpp:203:17:[m[K [01;35m[Kwarning: [m[Kcomparison of integer expressions of different signedness: â€˜[01m[Kunsigned int[m[Kâ€™ and â€˜[01m[Kint[m[Kâ€™ [[01;35m[K]8;;https://gcc.gnu.org/onlinedocs/gcc/Warning-Options.html#index-Wsign-compare-Wsign-compare]8;;[m[K]
  203 |             if([01;35m[Ki!=best_index[m[K && point_count++ >= 100) break;
      |                [01;35m[K~^~~~~~~~~~~~[m[K
[01m[K/home/panav/ros2_ws/src/dwa_planner/src/dwa_node.cpp:[m[K At global scope:
[01m[K/home/panav/ros2_ws/src/dwa_planner/src/dwa_node.cpp:417:6:[m[K [01;31m[Kerror: [m[Kno declaration matches â€˜[01m[Kvoid DWA_node::get_current_x() const[m[Kâ€™
  417 | void [01;31m[KDWA_node[m[K::get_current_x() const{
      |      [01;31m[K^~~~~~~~[m[K
In file included from [01m[K/home/panav/ros2_ws/src/dwa_planner/src/dwa_node.cpp:1[m[K:
[01m[K/home/panav/ros2_ws/src/dwa_planner/include/dwa_node.hpp:38:16:[m[K [01;36m[Knote: [m[Kcandidate is: â€˜[01m[Kdouble DWA_node::get_current_x() const[m[Kâ€™
   38 |         double [01;36m[Kget_current_x[m[K() const;
      |                [01;36m[K^~~~~~~~~~~~~[m[K
In file included from [01m[K/home/panav/ros2_ws/src/dwa_planner/src/dwa_node.cpp:1[m[K:
[01m[K/home/panav/ros2_ws/src/dwa_planner/include/dwa_node.hpp:23:7:[m[K [01;36m[Knote: [m[Kâ€˜[01m[Kclass DWA_node[m[Kâ€™ defined here
   23 | class [01;36m[KDWA_node[m[K : public rclcpp::Node
      |       [01;36m[K^~~~~~~~[m[K
[01m[K/home/panav/ros2_ws/src/dwa_planner/src/dwa_node.cpp:420:6:[m[K [01;31m[Kerror: [m[Kno declaration matches â€˜[01m[Kvoid DWA_node::get_current_y() const[m[Kâ€™
  420 | void [01;31m[KDWA_node[m[K::get_current_y() const{
      |      [01;31m[K^~~~~~~~[m[K
In file included from [01m[K/home/panav/ros2_ws/src/dwa_planner/src/dwa_node.cpp:1[m[K:
[01m[K/home/panav/ros2_ws/src/dwa_planner/include/dwa_node.hpp:39:16:[m[K [01;36m[Knote: [m[Kcandidate is: â€˜[01m[Kdouble DWA_node::get_current_y() const[m[Kâ€™
   39 |         double [01;36m[Kget_current_y[m[K() const;
      |                [01;36m[K^~~~~~~~~~~~~[m[K
In file included from [01m[K/home/panav/ros2_ws/src/dwa_planner/src/dwa_node.cpp:1[m[K:
[01m[K/home/panav/ros2_ws/src/dwa_planner/include/dwa_node.hpp:23:7:[m[K [01;36m[Knote: [m[Kâ€˜[01m[Kclass DWA_node[m[Kâ€™ defined here
   23 | class [01;36m[KDWA_node[m[K : public rclcpp::Node
      |       [01;36m[K^~~~~~~~[m[K
gmake[2]: *** [CMakeFiles/dwa_node.dir/build.make:76: CMakeFiles/dwa_node.dir/src/dwa_node.cpp.o] Error 1
gmake[1]: *** [CMakeFiles/Makefile2:137: CMakeFiles/dwa_node.dir/all] Error 2
gmake: *** [Makefile:146: all] Error 2
