[0.010s] Invoking command in '/home/panav/ros2_ws/src/dwa_planner/build/dwa_planner': CMAKE_PREFIX_PATH=${CMAKE_PREFIX_PATH}:/home/panav/ros2_ws/install/turtlebot3_teleop:/home/panav/ros2_ws/install/turtlebot3_example:/home/panav/ros2_ws/install/python_starter:/home/panav/ros2_ws/install/lidar_proximity_filter:/home/panav/ros2_ws/install/launch_testing_examples:/home/panav/ros2_ws/install/examples_rclpy_pointcloud_publisher:/home/panav/ros2_ws/install/examples_rclpy_minimal_subscriber:/home/panav/ros2_ws/install/examples_rclpy_minimal_service:/home/panav/ros2_ws/install/examples_rclpy_minimal_publisher:/home/panav/ros2_ws/install/examples_rclpy_minimal_client:/home/panav/ros2_ws/install/examples_rclpy_minimal_action_server:/home/panav/ros2_ws/install/examples_rclpy_minimal_action_client:/home/panav/ros2_ws/install/examples_rclpy_guard_conditions:/home/panav/ros2_ws/install/examples_rclpy_executors:/opt/ros/humble /usr/bin/cmake --build /home/panav/ros2_ws/src/dwa_planner/build/dwa_planner
[0.052s] [35m[1mConsolidate compiler generated dependencies of target dwa_node[0m
[0.067s] [ 50%] [32mBuilding CXX object CMakeFiles/dwa_node.dir/src/dwa_node.cpp.o[0m
[1.596s] [01m[K/home/panav/ros2_ws/src/dwa_planner/src/dwa_node.cpp:69:5:[m[K [01;31m[Kerror: [m[Kâ€˜[01m[Ksensor[m[Kâ€™ does not name a type
[1.596s]    69 |     [01;31m[Ksensor[m[K::msg::LaserScan current_scan;
[1.597s]       |     [01;31m[K^~~~~~[m[K
[1.597s] [01m[K/home/panav/ros2_ws/src/dwa_planner/src/dwa_node.cpp:71:37:[m[K [01;31m[Kerror: [m[Kredeclaration of â€˜[01m[Kdouble DWA_node::max_speed[m[Kâ€™
[1.597s]    71 |  double goal_x, goal_y, max_speed[01;31m[K,[m[K max_rotation_speed, time_step;
[1.597s]       |                                  [01;31m[K^[m[K
[1.597s] 
[1.597s] [01m[K/home/panav/ros2_ws/src/dwa_planner/src/dwa_node.cpp:62:12:[m[K [01;36m[Knote: [m[Kprevious declaration â€˜[01m[Kdouble DWA_node::max_speed[m[Kâ€™
[1.597s]    62 |     double [01;36m[Kmax_speed[m[K, max_rotation_speed, time_step, tolerance, goal_tolerance;
[1.597s]       |            [01;36m[K^~~~~~~~~[m[K
[1.597s] [01m[K/home/panav/ros2_ws/src/dwa_planner/src/dwa_node.cpp:71:57:[m[K [01;31m[Kerror: [m[Kredeclaration of â€˜[01m[Kdouble DWA_node::max_rotation_speed[m[Kâ€™
[1.597s]    71 | _y, max_speed, max_rotation_speed[01;31m[K,[m[K time_step;
[1.597s]       |                                  [01;31m[K^[m[K
[1.597s] 
[1.597s] [01m[K/home/panav/ros2_ws/src/dwa_planner/src/dwa_node.cpp:62:23:[m[K [01;36m[Knote: [m[Kprevious declaration â€˜[01m[Kdouble DWA_node::max_rotation_speed[m[Kâ€™
[1.597s]    62 |     double max_speed, [01;36m[Kmax_rotation_speed[m[K, time_step, tolerance, goal_tolerance;
[1.597s]       |                       [01;36m[K^~~~~~~~~~~~~~~~~~[m[K
[1.597s] [01m[K/home/panav/ros2_ws/src/dwa_planner/src/dwa_node.cpp:71:59:[m[K [01;31m[Kerror: [m[Kredeclaration of â€˜[01m[Kdouble DWA_node::time_step[m[Kâ€™
[1.598s]    71 | y, max_speed, max_rotation_speed, [01;31m[Ktime_step[m[K;
[1.598s]       |                                   [01;31m[K^~~~~~~~~[m[K
[1.598s] 
[1.598s] [01m[K/home/panav/ros2_ws/src/dwa_planner/src/dwa_node.cpp:62:43:[m[K [01;36m[Knote: [m[Kprevious declaration â€˜[01m[Kdouble DWA_node::time_step[m[Kâ€™
[1.598s]    62 | e max_speed, max_rotation_speed, [01;36m[Ktime_step[m[K, tolerance, goal_tolerance;
[1.598s]       |                                  [01;36m[K^~~~~~~~~[m[K
[1.598s] 
[1.598s] [01m[K/home/panav/ros2_ws/src/dwa_planner/src/dwa_node.cpp:75:55:[m[K [01;31m[Kerror: [m[Kexpected identifier before numeric constant
[1.598s]    75 | _distribution<double> speed_dist([01;31m[K0[m[K,max_speed);
[1.598s]       |                                  [01;31m[K^[m[K
[1.598s] 
[1.598s] [01m[K/home/panav/ros2_ws/src/dwa_planner/src/dwa_node.cpp:75:55:[m[K [01;31m[Kerror: [m[Kexpected â€˜[01m[K,[m[Kâ€™ or â€˜[01m[K...[m[Kâ€™ before numeric constant
[1.598s] [01m[K/home/panav/ros2_ws/src/dwa_planner/src/dwa_node.cpp:76:58:[m[K [01;31m[Kerror: [m[Kexpected identifier before â€˜[01m[K-[m[Kâ€™ token
[1.598s]    76 | stribution<double> rotation_dist([01;31m[K-[m[Kmax_rotation_speed, max_rotation_speed);
[1.598s]       |                                  [01;31m[K^[m[K
[1.598s] 
[1.598s] [01m[K/home/panav/ros2_ws/src/dwa_planner/src/dwa_node.cpp:76:58:[m[K [01;31m[Kerror: [m[Kexpected â€˜[01m[K,[m[Kâ€™ or â€˜[01m[K...[m[Kâ€™ before â€˜[01m[K-[m[Kâ€™ token
[1.610s] [01m[K/home/panav/ros2_ws/src/dwa_planner/src/dwa_node.cpp:[m[K In constructor â€˜[01m[KDWA_node::DWA_node()[m[Kâ€™:
[1.610s] [01m[K/home/panav/ros2_ws/src/dwa_planner/src/dwa_node.cpp:50:5:[m[K [01;31m[Kerror: [m[Kinvalid use of member function â€˜[01m[Kstd::uniform_real_distribution<double> DWA_node::speed_dist(int)[m[Kâ€™ (did you forget the â€˜[01m[K()[m[Kâ€™ ?)
[1.610s]    50 |     [01;31m[Kspeed_dist[m[K = std::make_unique<std::uniform_real_distribution<double>>(0, max_speed);
[1.610s]       |     [01;31m[K^~~~~~~~~~[m[K
[1.610s] [01m[K/home/panav/ros2_ws/src/dwa_planner/src/dwa_node.cpp:51:5:[m[K [01;31m[Kerror: [m[Kinvalid use of member function â€˜[01m[Kstd::uniform_real_distribution<double> DWA_node::rotation_dist(int)[m[Kâ€™ (did you forget the â€˜[01m[K()[m[Kâ€™ ?)
[1.610s]    51 |     [01;31m[Krotation_dist[m[K = std::make_unique<std::uniform_real_distribution<double>>(-max_rotation_speed, max_rotation_speed);
[1.610s]       |     [01;31m[K^~~~~~~~~~~~~[m[K
[1.625s] [01m[K/home/panav/ros2_ws/src/dwa_planner/src/dwa_node.cpp:[m[K In member function â€˜[01m[Kvoid DWA_node::scan_callback(sensor_msgs::msg::LaserScan_<std::allocator<void> >::SharedPtr)[m[Kâ€™:
[1.625s] [01m[K/home/panav/ros2_ws/src/dwa_planner/src/dwa_node.cpp:95:9:[m[K [01;31m[Kerror: [m[Kâ€˜[01m[Kcurrent_scan[m[Kâ€™ was not declared in this scope; did you mean â€˜[01m[Kcurrent_odom[m[Kâ€™?
[1.625s]    95 |         [01;31m[Kcurrent_scan[m[K = *msg;
[1.625s]       |         [01;31m[K^~~~~~~~~~~~[m[K
[1.625s]       |         [32m[Kcurrent_odom[m[K
[1.632s] [01m[K/home/panav/ros2_ws/src/dwa_planner/src/dwa_node.cpp:[m[K In member function â€˜[01m[Kstd::vector<std::pair<double, double> > DWA_node::motion_ranges(double, double, double, const Odometry&)[m[Kâ€™:
[1.632s] [01m[K/home/panav/ros2_ws/src/dwa_planner/src/dwa_node.cpp:112:20:[m[K [01;31m[Kerror: [m[Kâ€˜[01m[Kodom_data[m[Kâ€™ was not declared in this scope; did you mean â€˜[01m[Krandom_data[m[Kâ€™?
[1.632s]   112 |         double x = [01;31m[Kodom_data[m[K.pose.pose.position.x;
[1.632s]       |                    [01;31m[K^~~~~~~~~[m[K
[1.632s]       |                    [32m[Krandom_data[m[K
[1.633s] [01m[K/home/panav/ros2_ws/src/dwa_planner/src/dwa_node.cpp:115:9:[m[K [01;31m[Kerror: [m[Kâ€˜[01m[Kyf2[m[Kâ€™ has not been declared
[1.633s]   115 |         [01;31m[Kyf2[m[K::Quaternion q(odom_data.pose.pose.orientation.x,
[1.633s]       |         [01;31m[K^~~[m[K
[1.635s] [01m[K/home/panav/ros2_ws/src/dwa_planner/src/dwa_node.cpp:120:26:[m[K [01;31m[Kerror: [m[Kâ€˜[01m[Kq[m[Kâ€™ was not declared in this scope
[1.635s]   120 |         tf2::Matrix3x3 m([01;31m[Kq[m[K);
[1.635s]       |                          [01;31m[K^[m[K
[1.639s] [01m[K/home/panav/ros2_ws/src/dwa_planner/src/dwa_node.cpp:126:18:[m[K [01;31m[Kerror: [m[Kâ€˜[01m[Kturn_rate[m[Kâ€™ was not declared in this scope; did you mean â€˜[01m[Ktruncate[m[Kâ€™?
[1.639s]   126 |             yaw+=[01;31m[Kturn_rate[m[K * time_step;
[1.639s]       |                  [01;31m[K^~~~~~~~~[m[K
[1.639s]       |                  [32m[Ktruncate[m[K
[1.640s] [01m[K/home/panav/ros2_ws/src/dwa_planner/src/dwa_node.cpp:109:70:[m[K [01;35m[Kwarning: [m[Kunused parameter â€˜[01m[Krotation_speed[m[Kâ€™ [[01;35m[K]8;;https://gcc.gnu.org/onlinedocs/gcc/Warning-Options.html#index-Wunused-parameter-Wunused-parameter]8;;[m[K]
[1.641s]   109 | tion_ranges(double speed, [01;35m[Kdouble rotation_speed[m[K, double time_step, const nav_msgs::msg::Odometry& odom)
[1.641s]       |                           [01;35m[K~~~~~~~^~~~~~~~~~~~~~[m[K
[1.641s] 
[1.641s] [01m[K/home/panav/ros2_ws/src/dwa_planner/src/dwa_node.cpp:109:135:[m[K [01;35m[Kwarning: [m[Kunused parameter â€˜[01m[Kodom[m[Kâ€™ [[01;35m[K]8;;https://gcc.gnu.org/onlinedocs/gcc/Warning-Options.html#index-Wunused-parameter-Wunused-parameter]8;;[m[K]
[1.641s]   109 | e_step, [01;35m[Kconst nav_msgs::msg::Odometry& odom[m[K)
[1.641s]       |         [01;35m[K~~~~~~~~~~~~~~~~~~~~~~~~~~~~~~~^~~~[m[K
[1.641s] 
[1.641s] [01m[K/home/panav/ros2_ws/src/dwa_planner/src/dwa_node.cpp:[m[K In member function â€˜[01m[Kstd::pair<double, double> DWA_node::path_gen()[m[Kâ€™:
[1.641s] [01m[K/home/panav/ros2_ws/src/dwa_planner/src/dwa_node.cpp:137:26:[m[K [01;31m[Kerror: [m[Kinvalid use of member function â€˜[01m[Kstd::uniform_real_distribution<double> DWA_node::speed_dist(int)[m[Kâ€™ (did you forget the â€˜[01m[K()[m[Kâ€™ ?)
[1.641s]   137 |         double speed = (*[01;31m[Kspeed_dist[m[K)(gen);
[1.641s]       |                          [01;31m[K^~~~~~~~~~[m[K
[1.641s] [01m[K/home/panav/ros2_ws/src/dwa_planner/src/dwa_node.cpp:138:47:[m[K [01;31m[Kerror: [m[Kcannot convert â€˜[01m[Kstd::random_device[m[Kâ€™ to â€˜[01m[Kint[m[Kâ€™
[1.641s]   138 |   double rotation_speed = rotation_dist([01;31m[Krd[m[K);
[1.642s]       |                                         [01;31m[K^~[m[K
[1.642s]       |                                         [01;31m[K|[m[K
[1.642s]       |                                         [01;31m[Kstd::random_device[m[K
[1.642s] 
[1.642s] [01m[K/home/panav/ros2_ws/src/dwa_planner/src/dwa_node.cpp:76:58:[m[K [01;36m[Knote: [m[K  initializing argument 1 of â€˜[01m[Kstd::uniform_real_distribution<double> DWA_node::rotation_dist(int)[m[Kâ€™
[1.642s]    76 | stribution<double> rotation_dist([01;36m[K-[m[Kmax_rotation_speed, max_rotation_speed);
[1.642s]       |                                  [01;36m[K^[m[K
[1.642s] 
[1.642s] [01m[K/home/panav/ros2_ws/src/dwa_planner/src/dwa_node.cpp:141:64:[m[K [01;31m[Kerror: [m[Kno matching function for call to â€˜[01m[KDWA_node::motion_ranges(double&, double&)[m[Kâ€™
[1.642s]   141 | uble>> trajectory = [01;31m[Kmotion_ranges(speed, rotation_speed)[m[K;
[1.642s]       |                     [01;31m[K~~~~~~~~~~~~~^~~~~~~~~~~~~~~~~~~~~~~[m[K
[1.642s] 
[1.642s] [01m[K/home/panav/ros2_ws/src/dwa_planner/src/dwa_node.cpp:109:35:[m[K [01;36m[Knote: [m[Kcandidate: â€˜[01m[Kstd::vector<std::pair<double, double> > DWA_node::motion_ranges(double, double, double, const Odometry&)[m[Kâ€™
[1.642s]   109 |    vector <pair<double, double>> [01;36m[Kmotion_ranges[m[K(double speed, double rotation_speed, double time_step, const nav_msgs::msg::Odometry& odom)
[1.642s]       |                                  [01;36m[K^~~~~~~~~~~~~[m[K
[1.642s] 
[1.643s] [01m[K/home/panav/ros2_ws/src/dwa_planner/src/dwa_node.cpp:109:35:[m[K [01;36m[Knote: [m[K  candidate expects 4 arguments, 2 provided
[1.643s] [01m[K/home/panav/ros2_ws/src/dwa_planner/src/dwa_node.cpp:139:16:[m[K [01;35m[Kwarning: [m[Kunused variable â€˜[01m[Ktime_step[m[Kâ€™ [[01;35m[K]8;;https://gcc.gnu.org/onlinedocs/gcc/Warning-Options.html#index-Wunused-variable-Wunused-variable]8;;[m[K]
[1.643s]   139 |         double [01;35m[Ktime_step[m[K = this->get_parameter("time_step").as_double();
[1.643s]       |                [01;35m[K^~~~~~~~~[m[K
[1.645s] [01m[K/home/panav/ros2_ws/src/dwa_planner/src/dwa_node.cpp:[m[K In member function â€˜[01m[Kdouble DWA_node::collision_avoidance(const std::vector<std::pair<double, double> >&, const LaserScan&, const Odometry&, double)[m[Kâ€™:
[1.645s] [01m[K/home/panav/ros2_ws/src/dwa_planner/src/dwa_node.cpp:147:12:[m[K [01;31m[Kerror: [m[Kâ€˜[01m[Kscan[m[Kâ€™ was not declared in this scope; did you mean â€˜[01m[Kscanf[m[Kâ€™?
[1.645s]   147 |         if([01;31m[Kscan[m[K.ranges.empty())
[1.645s]       |            [01;31m[K^~~~[m[K
[1.645s]       |            [32m[Kscanf[m[K
[1.645s] In file included from [01m[K/opt/ros/humble/include/rclcpp/rclcpp/client.hpp:40[m[K,
[1.645s]                  from [01m[K/opt/ros/humble/include/rclcpp/rclcpp/callback_group.hpp:24[m[K,
[1.645s]                  from [01m[K/opt/ros/humble/include/rclcpp/rclcpp/any_executable.hpp:20[m[K,
[1.645s]                  from [01m[K/opt/ros/humble/include/rclcpp/rclcpp/memory_strategy.hpp:25[m[K,
[1.645s]                  from [01m[K/opt/ros/humble/include/rclcpp/rclcpp/memory_strategies.hpp:18[m[K,
[1.645s]                  from [01m[K/opt/ros/humble/include/rclcpp/rclcpp/executor_options.hpp:20[m[K,
[1.645s]                  from [01m[K/opt/ros/humble/include/rclcpp/rclcpp/executor.hpp:37[m[K,
[1.646s]                  from [01m[K/opt/ros/humble/include/rclcpp/rclcpp/executors/multi_threaded_executor.hpp:25[m[K,
[1.646s]                  from [01m[K/opt/ros/humble/include/rclcpp/rclcpp/executors.hpp:21[m[K,
[1.646s]                  from [01m[K/opt/ros/humble/include/rclcpp/rclcpp/rclcpp.hpp:155[m[K,
[1.646s]                  from [01m[K/home/panav/ros2_ws/src/dwa_planner/src/dwa_node.cpp:1[m[K:
[1.646s] [01m[K/home/panav/ros2_ws/src/dwa_planner/src/dwa_node.cpp:149:44:[m[K [01;31m[Kerror: [m[Kexpected â€˜[01m[K)[m[Kâ€™ before string constant
[1.646s]   149 |   RCLCPP_WARN(this->get_logger() [01;31m[K"No Laser scan data available"[m[K);
[1.646s]       |                                  [01;31m[K^~~~~~~~~~~~~~~~~~~~~~~~~~~~~~[m[K
[1.646s] 
[1.646s] [01m[K/home/panav/ros2_ws/src/dwa_planner/src/dwa_node.cpp:149:13:[m[K [01;36m[Knote: [m[Kto match this â€˜[01m[K([m[Kâ€™
[1.646s]   149 |             [01;36m[KRCLCPP_WARN[m[K(this->get_logger() "No Laser scan data available");
[1.646s]       |             [01;36m[K^~~~~~~~~~~[m[K
[1.646s] [01m[K/home/panav/ros2_ws/src/dwa_planner/src/dwa_node.cpp:149:13:[m[K [01;31m[Kerror: [m[Ktemplate argument 1 is invalid
[1.646s]   149 |             [01;31m[KRCLCPP_WARN[m[K(this->get_logger() "No Laser scan data available");
[1.646s]       |             [01;31m[K^~~~~~~~~~~[m[K
[1.646s] [01m[K/home/panav/ros2_ws/src/dwa_planner/src/dwa_node.cpp:149:13:[m[K [01;31m[Kerror: [m[Ktemplate argument 1 is invalid
[1.646s]   149 |             [01;31m[KRCLCPP_WARN[m[K(this->get_logger() "No Laser scan data available");
[1.646s]       |             [01;31m[K^~~~~~~~~~~[m[K
[1.647s] [01m[K/home/panav/ros2_ws/src/dwa_planner/src/dwa_node.cpp:149:13:[m[K [01;31m[Kerror: [m[Ktemplate argument 1 is invalid
[1.647s]   149 |             [01;31m[KRCLCPP_WARN[m[K(this->get_logger() "No Laser scan data available");
[1.647s]       |             [01;31m[K^~~~~~~~~~~[m[K
[1.647s] In file included from [01m[K/opt/ros/humble/include/rclcpp/rclcpp/logging.hpp:24[m[K,
[1.647s]                  from [01m[K/opt/ros/humble/include/rclcpp/rclcpp/client.hpp:40[m[K,
[1.647s]                  from [01m[K/opt/ros/humble/include/rclcpp/rclcpp/callback_group.hpp:24[m[K,
[1.647s]                  from [01m[K/opt/ros/humble/include/rclcpp/rclcpp/any_executable.hpp:20[m[K,
[1.647s]                  from [01m[K/opt/ros/humble/include/rclcpp/rclcpp/memory_strategy.hpp:25[m[K,
[1.647s]                  from [01m[K/opt/ros/humble/include/rclcpp/rclcpp/memory_strategies.hpp:18[m[K,
[1.647s]                  from [01m[K/opt/ros/humble/include/rclcpp/rclcpp/executor_options.hpp:20[m[K,
[1.647s]                  from [01m[K/opt/ros/humble/include/rclcpp/rclcpp/executor.hpp:37[m[K,
[1.647s]                  from [01m[K/opt/ros/humble/include/rclcpp/rclcpp/executors/multi_threaded_executor.hpp:25[m[K,
[1.647s]                  from [01m[K/opt/ros/humble/include/rclcpp/rclcpp/executors.hpp:21[m[K,
[1.647s]                  from [01m[K/opt/ros/humble/include/rclcpp/rclcpp/rclcpp.hpp:155[m[K,
[1.647s]                  from [01m[K/home/panav/ros2_ws/src/dwa_planner/src/dwa_node.cpp:1[m[K:
[1.647s] [01m[K/home/panav/ros2_ws/src/dwa_planner/src/dwa_node.cpp:149:44:[m[K [01;31m[Kerror: [m[Kexpected â€˜[01m[K)[m[Kâ€™ before string constant
[1.647s]   149 |   RCLCPP_WARN(this->get_logger() [01;31m[K"No Laser scan data available"[m[K);
[1.647s]       |                                  [01;31m[K^~~~~~~~~~~~~~~~~~~~~~~~~~~~~~[m[K
[1.648s] 
[1.648s] [01m[K/home/panav/ros2_ws/src/dwa_planner/src/dwa_node.cpp:149:13:[m[K [01;36m[Knote: [m[Kto match this â€˜[01m[K([m[Kâ€™
[1.648s]   149 |             [01;36m[KRCLCPP_WARN[m[K(this->get_logger() "No Laser scan data available");
[1.648s]       |             [01;36m[K^~~~~~~~~~~[m[K
[1.648s] [01m[K/home/panav/ros2_ws/src/dwa_planner/src/dwa_node.cpp:149:13:[m[K [01;31m[Kerror: [m[Kexpected â€˜[01m[K)[m[Kâ€™ before â€˜[01m[K}[m[Kâ€™ token
[1.648s]   149 |             [01;31m[KRCLCPP_WARN[m[K(this->get_logger() "No Laser scan data available");
[1.648s]       |             [01;31m[K^~~~~~~~~~~[m[K
[1.648s] [01m[K/home/panav/ros2_ws/src/dwa_planner/src/dwa_node.cpp:149:13:[m[K [01;36m[Knote: [m[Kto match this â€˜[01m[K([m[Kâ€™
[1.648s]   149 |             [01;36m[KRCLCPP_WARN[m[K(this->get_logger() "No Laser scan data available");
[1.648s]       |             [01;36m[K^~~~~~~~~~~[m[K
[1.648s] [01m[K/home/panav/ros2_ws/src/dwa_planner/src/dwa_node.cpp:149:13:[m[K [01;31m[Kerror: [m[Kexpected â€˜[01m[K)[m[Kâ€™ before â€˜[01m[K}[m[Kâ€™ token
[1.648s]   149 |             [01;31m[KRCLCPP_WARN[m[K(this->get_logger() "No Laser scan data available");
[1.648s]       |             [01;31m[K^~~~~~~~~~~[m[K
[1.648s] [01m[K/home/panav/ros2_ws/src/dwa_planner/src/dwa_node.cpp:149:13:[m[K [01;36m[Knote: [m[Kto match this â€˜[01m[K([m[Kâ€™
[1.648s]   149 |             [01;36m[KRCLCPP_WARN[m[K(this->get_logger() "No Laser scan data available");
[1.649s]       |             [01;36m[K^~~~~~~~~~~[m[K
[1.649s] [01m[K/home/panav/ros2_ws/src/dwa_planner/src/dwa_node.cpp:149:13:[m[K [01;31m[Kerror: [m[Kexpected primary-expression before â€˜[01m[K}[m[Kâ€™ token
[1.649s]   149 |             [01;31m[KRCLCPP_WARN[m[K(this->get_logger() "No Laser scan data available");
[1.649s]       |             [01;31m[K^~~~~~~~~~~[m[K
[1.650s] [01m[K/home/panav/ros2_ws/src/dwa_planner/src/dwa_node.cpp:160:28:[m[K [01;31m[Kerror: [m[Kâ€˜[01m[Kscan_data_[m[Kâ€™ was not declared in this scope; did you mean â€˜[01m[Kscan_data[m[Kâ€™?
[1.650s]   160 |             if (distance < [01;31m[Kscan_data_[m[K->ranges[scan_index] - tolerance) {
[1.650s]       |                            [01;31m[K^~~~~~~~~~[m[K
[1.650s]       |                            [32m[Kscan_data[m[K
[1.654s] [01m[K/home/panav/ros2_ws/src/dwa_planner/src/dwa_node.cpp:160:47:[m[K [01;31m[Kerror: [m[Kâ€˜[01m[Kscan_index[m[Kâ€™ was not declared in this scope
[1.654s]   160 | f (distance < scan_data_->ranges[[01;31m[Kscan_index[m[K] - tolerance) {
[1.654s]       |                                  [01;31m[K^~~~~~~~~~[m[K
[1.654s] 
[1.654s] [01m[K/home/panav/ros2_ws/src/dwa_planner/src/dwa_node.cpp:161:25:[m[K [01;31m[Kerror: [m[Kâ€˜[01m[KINT_MAX[m[Kâ€™ was not declared in this scope
[1.654s]   161 |                 return -[01;31m[KINT_MAX[m[K;
[1.654s]       |                         [01;31m[K^~~~~~~[m[K
[1.654s] [01m[K/home/panav/ros2_ws/src/dwa_planner/src/dwa_node.cpp:19:1:[m[K [01;36m[Knote: [m[Kâ€˜[01m[KINT_MAX[m[Kâ€™ is defined in header â€˜[01m[K<climits>[m[Kâ€™; did you forget to â€˜[01m[K#include <climits>[m[Kâ€™?
[1.655s]    18 | #include <tf2/LinearMath/Matrix3x3.h>
[1.655s]   +++ |+[32m[K#include <climits>[m[K
[1.655s]    19 | 
[1.655s] [01m[K/home/panav/ros2_ws/src/dwa_planner/src/dwa_node.cpp:158:17:[m[K [01;35m[Kwarning: [m[Kunused variable â€˜[01m[Kindex[m[Kâ€™ [[01;35m[K]8;;https://gcc.gnu.org/onlinedocs/gcc/Warning-Options.html#index-Wunused-variable-Wunused-variable]8;;[m[K]
[1.655s]   158 |             int [01;35m[Kindex[m[K = static_cast<int>((atan2(y - current_odom.pose.pose.position.y, x - current_odom.pose.pose.position.x)+M_PI) / (2*M_PI)) * scan_data.ranges.size();
[1.655s]       |                 [01;35m[K^~~~~[m[K
[1.655s] [01m[K/home/panav/ros2_ws/src/dwa_planner/src/dwa_node.cpp:[m[K In member function â€˜[01m[Kstd::pair<double, double> DWA_node::dwa_control(const std::vector<std::pair<double, double> >&, const Odometry&, const LaserScan&)[m[Kâ€™:
[1.655s] [01m[K/home/panav/ros2_ws/src/dwa_planner/src/dwa_node.cpp:168:29:[m[K [01;31m[Kerror: [m[Kâ€˜[01m[KINT_MAX[m[Kâ€™ was not declared in this scope
[1.655s]   168 |         double best_score = [01;31m[KINT_MAX[m[K;
[1.655s]       |                             [01;31m[K^~~~~~~[m[K
[1.655s] [01m[K/home/panav/ros2_ws/src/dwa_planner/src/dwa_node.cpp:168:29:[m[K [01;36m[Knote: [m[Kâ€˜[01m[KINT_MAX[m[Kâ€™ is defined in header â€˜[01m[K<climits>[m[Kâ€™; did you forget to â€˜[01m[K#include <climits>[m[Kâ€™?
[1.658s] [01m[K/home/panav/ros2_ws/src/dwa_planner/src/dwa_node.cpp:172:12:[m[K [01;31m[Kerror: [m[Kâ€˜[01m[Kodom_data[m[Kâ€™ was not declared in this scope; did you mean â€˜[01m[Krandom_data[m[Kâ€™?
[1.659s]   172 |         if([01;31m[Kodom_data[m[K==NULL || scan_data==NULL)
[1.659s]       |            [01;31m[K^~~~~~~~~[m[K
[1.659s]       |            [32m[Krandom_data[m[K
[1.662s] [01m[K/home/panav/ros2_ws/src/dwa_planner/src/dwa_node.cpp:172:31:[m[K [01;31m[Kerror: [m[Kâ€˜[01m[Kscan_data[m[Kâ€™ was not declared in this scope
[1.663s]   172 |         if(odom_data==NULL || [01;31m[Kscan_data[m[K==NULL)
[1.663s]       |                               [01;31m[K^~~~~~~~~[m[K
[1.668s] [01m[K/home/panav/ros2_ws/src/dwa_planner/src/dwa_node.cpp:178:20:[m[K [01;31m[Kerror: [m[Kâ€˜[01m[Kodom_data[m[Kâ€™ was not declared in this scope; did you mean â€˜[01m[Krandom_data[m[Kâ€™?
[1.668s]   178 |         double x = [01;31m[Kodom_data[m[K->pose.pose.position.x;
[1.668s]       |                    [01;31m[K^~~~~~~~~[m[K
[1.668s]       |                    [32m[Krandom_data[m[K
[1.668s] [01m[K/home/panav/ros2_ws/src/dwa_planner/src/dwa_node.cpp:180:29:[m[K [01;31m[Kerror: [m[Kâ€˜[01m[KgetYaw[m[Kâ€™ is not a member of â€˜[01m[Ktf2[m[Kâ€™
[1.668s]   180 |         double theta = tf2::[01;31m[KgetYaw[m[K(odom_data->pose.pose.orientation);
[1.668s]       |                             [01;31m[K^~~~~~[m[K
[1.668s] [01m[K/home/panav/ros2_ws/src/dwa_planner/src/dwa_node.cpp:191:16:[m[K [01;31m[Kerror: [m[Kredeclaration of â€˜[01m[Kdouble best_score[m[Kâ€™
[1.668s]   191 |         double [01;31m[Kbest_score[m[K = -INT_MAX;
[1.668s]       |                [01;31m[K^~~~~~~~~~[m[K
[1.669s] [01m[K/home/panav/ros2_ws/src/dwa_planner/src/dwa_node.cpp:168:16:[m[K [01;36m[Knote: [m[Kâ€˜[01m[Kdouble best_score[m[Kâ€™ previously declared here
[1.669s]   168 |         double [01;36m[Kbest_score[m[K = INT_MAX;
[1.669s]       |                [01;36m[K^~~~~~~~~~[m[K
[1.669s] [01m[K/home/panav/ros2_ws/src/dwa_planner/src/dwa_node.cpp:192:16:[m[K [01;31m[Kerror: [m[Kredeclaration of â€˜[01m[Kdouble best_speed[m[Kâ€™
[1.669s]   192 |         double [01;31m[Kbest_speed[m[K = 0.0, best_rotation_speed = 0.0;\
[1.669s]       |                [01;31m[K^~~~~~~~~~[m[K
[1.669s] [01m[K/home/panav/ros2_ws/src/dwa_planner/src/dwa_node.cpp:169:16:[m[K [01;36m[Knote: [m[Kâ€˜[01m[Kdouble best_speed[m[Kâ€™ previously declared here
[1.669s]   169 |         double [01;36m[Kbest_speed[m[K = 0.0;
[1.669s]       |                [01;36m[K^~~~~~~~~~[m[K
[1.669s] [01m[K/home/panav/ros2_ws/src/dwa_planner/src/dwa_node.cpp:192:34:[m[K [01;31m[Kerror: [m[Kredeclaration of â€˜[01m[Kdouble best_rotation_speed[m[Kâ€™
[1.669s]   192 |         double best_speed = 0.0, [01;31m[Kbest_rotation_speed[m[K = 0.0;\
[1.669s]       |                                  [01;31m[K^~~~~~~~~~~~~~~~~~~[m[K
[1.669s] [01m[K/home/panav/ros2_ws/src/dwa_planner/src/dwa_node.cpp:170:16:[m[K [01;36m[Knote: [m[Kâ€˜[01m[Kdouble best_rotation_speed[m[Kâ€™ previously declared here
[1.669s]   170 |         double [01;36m[Kbest_rotation_speed[m[K = 0.0;
[1.669s]       |                [01;36m[K^~~~~~~~~~~~~~~~~~~[m[K
[1.673s] [01m[K/home/panav/ros2_ws/src/dwa_planner/src/dwa_node.cpp:203:71:[m[K [01;31m[Kerror: [m[Kâ€˜[01m[Kscan_data[m[Kâ€™ was not declared in this scope
[1.673s]   203 |  collision_avoidance(trajectory, [01;31m[Kscan_data[m[K, odom_data, tolerance);
[1.673s]       |                                  [01;31m[K^~~~~~~~~[m[K
[1.673s] 
[1.673s] [01m[K/home/panav/ros2_ws/src/dwa_planner/src/dwa_node.cpp:182:16:[m[K [01;35m[Kwarning: [m[Kunused variable â€˜[01m[Kgoal_angle[m[Kâ€™ [[01;35m[K]8;;https://gcc.gnu.org/onlinedocs/gcc/Warning-Options.html#index-Wunused-variable-Wunused-variable]8;;[m[K]
[1.673s]   182 |         double [01;35m[Kgoal_angle[m[K = atan2(goal_y-y, goal_x-x)-theta;
[1.674s]       |                [01;35m[K^~~~~~~~~~[m[K
[1.674s] [01m[K/home/panav/ros2_ws/src/dwa_planner/src/dwa_node.cpp:166:74:[m[K [01;35m[Kwarning: [m[Kunused parameter â€˜[01m[Ktrajectory[m[Kâ€™ [[01;35m[K]8;;https://gcc.gnu.org/onlinedocs/gcc/Warning-Options.html#index-Wunused-parameter-Wunused-parameter]8;;[m[K]
[1.674s]   166 | [01;35m[Kst vector<pair<double, double>>& trajectory[m[K, const nav_msgs::msg::Odometry& odom, const sensor_msgs::msg::LaserScan& scan)
[1.674s]       | [01;35m[K~~~~~~~~~~~~~~~~~~~~~~~~~~~~~~~~~^~~~~~~~~~[m[K
[1.674s] 
[1.674s] [01m[K/home/panav/ros2_ws/src/dwa_planner/src/dwa_node.cpp:166:117:[m[K [01;35m[Kwarning: [m[Kunused parameter â€˜[01m[Kodom[m[Kâ€™ [[01;35m[K]8;;https://gcc.gnu.org/onlinedocs/gcc/Warning-Options.html#index-Wunused-parameter-Wunused-parameter]8;;[m[K]
[1.674s]   166 | , [01;35m[Kconst nav_msgs::msg::Odometry& odom[m[K, const sensor_msgs::msg::LaserScan& scan)
[1.674s]       |   [01;35m[K~~~~~~~~~~~~~~~~~~~~~~~~~~~~~~~^~~~[m[K
[1.674s] 
[1.674s] [01m[K/home/panav/ros2_ws/src/dwa_planner/src/dwa_node.cpp:166:158:[m[K [01;35m[Kwarning: [m[Kunused parameter â€˜[01m[Kscan[m[Kâ€™ [[01;35m[K]8;;https://gcc.gnu.org/onlinedocs/gcc/Warning-Options.html#index-Wunused-parameter-Wunused-parameter]8;;[m[K]
[1.674s]   166 | om, [01;35m[Kconst sensor_msgs::msg::LaserScan& scan[m[K)
[1.674s]       |     [01;35m[K~~~~~~~~~~~~~~~~~~~~~~~~~~~~~~~~~~~^~~~[m[K
[1.674s] 
[1.678s] [01m[K/home/panav/ros2_ws/src/dwa_planner/src/dwa_node.cpp:[m[K In member function â€˜[01m[Kvoid DWA_node::timer_callback()[m[Kâ€™:
[1.678s] [01m[K/home/panav/ros2_ws/src/dwa_planner/src/dwa_node.cpp:224:13:[m[K [01;31m[Kerror: [m[Kâ€˜[01m[Kodom_data[m[Kâ€™ was not declared in this scope; did you mean â€˜[01m[Krandom_data[m[Kâ€™?
[1.678s]   224 |         if(![01;31m[Kodom_data[m[K || !scan_data)
[1.678s]       |             [01;31m[K^~~~~~~~~[m[K
[1.678s]       |             [32m[Krandom_data[m[K
[1.682s] [01m[K/home/panav/ros2_ws/src/dwa_planner/src/dwa_node.cpp:224:27:[m[K [01;31m[Kerror: [m[Kâ€˜[01m[Kscan_data[m[Kâ€™ was not declared in this scope
[1.682s]   224 |         if(!odom_data || ![01;31m[Kscan_data[m[K)
[1.682s]       |                           [01;31m[K^~~~~~~~~[m[K
[1.686s] [01m[K/home/panav/ros2_ws/src/dwa_planner/src/dwa_node.cpp:230:62:[m[K [01;31m[Kerror: [m[Kâ€˜[01m[Ktrajectory[m[Kâ€™ was not declared in this scope
[1.686s]   230 | st_rotation_speed] = dwa_control([01;31m[Ktrajectory[m[K, current_scan);
[1.686s]       |                                  [01;31m[K^~~~~~~~~~[m[K
[1.686s] 
[1.690s] [01m[K/home/panav/ros2_ws/src/dwa_planner/src/dwa_node.cpp:230:74:[m[K [01;31m[Kerror: [m[Kâ€˜[01m[Kcurrent_scan[m[Kâ€™ was not declared in this scope; did you mean â€˜[01m[Kcurrent_odom[m[Kâ€™?
[1.690s]   230 | speed] = dwa_control(trajectory, [01;31m[Kcurrent_scan[m[K);
[1.690s]       |                                  [01;31m[K^~~~~~~~~~~~[m[K
[1.690s]       |                                  [32m[Kcurrent_odom[m[K
[4.016s] gmake[2]: *** [CMakeFiles/dwa_node.dir/build.make:76: CMakeFiles/dwa_node.dir/src/dwa_node.cpp.o] Error 1
[4.016s] gmake[1]: *** [CMakeFiles/Makefile2:137: CMakeFiles/dwa_node.dir/all] Error 2
[4.016s] gmake: *** [Makefile:146: all] Error 2
[4.019s] Invoked command in '/home/panav/ros2_ws/src/dwa_planner/build/dwa_planner' returned '2': CMAKE_PREFIX_PATH=${CMAKE_PREFIX_PATH}:/home/panav/ros2_ws/install/turtlebot3_teleop:/home/panav/ros2_ws/install/turtlebot3_example:/home/panav/ros2_ws/install/python_starter:/home/panav/ros2_ws/install/lidar_proximity_filter:/home/panav/ros2_ws/install/launch_testing_examples:/home/panav/ros2_ws/install/examples_rclpy_pointcloud_publisher:/home/panav/ros2_ws/install/examples_rclpy_minimal_subscriber:/home/panav/ros2_ws/install/examples_rclpy_minimal_service:/home/panav/ros2_ws/install/examples_rclpy_minimal_publisher:/home/panav/ros2_ws/install/examples_rclpy_minimal_client:/home/panav/ros2_ws/install/examples_rclpy_minimal_action_server:/home/panav/ros2_ws/install/examples_rclpy_minimal_action_client:/home/panav/ros2_ws/install/examples_rclpy_guard_conditions:/home/panav/ros2_ws/install/examples_rclpy_executors:/opt/ros/humble /usr/bin/cmake --build /home/panav/ros2_ws/src/dwa_planner/build/dwa_planner
