[0.009s] Invoking command in '/home/panav/ros2_ws/src/dwa_planner/build/dwa_planner': CMAKE_PREFIX_PATH=${CMAKE_PREFIX_PATH}:/home/panav/ros2_ws/install/turtlebot3_teleop:/home/panav/ros2_ws/install/turtlebot3_example:/opt/ros/humble /usr/bin/cmake --build /home/panav/ros2_ws/src/dwa_planner/build/dwa_planner
[0.027s] -- Found ament_cmake: 1.3.11 (/opt/ros/humble/share/ament_cmake/cmake)
[0.117s] -- Override CMake install command with custom implementation using symlinks instead of copying resources
[0.121s] -- Found rclcpp: 16.0.12 (/opt/ros/humble/share/rclcpp/cmake)
[0.139s] -- Found rosidl_generator_c: 3.1.6 (/opt/ros/humble/share/rosidl_generator_c/cmake)
[0.140s] -- Found rosidl_adapter: 3.1.6 (/opt/ros/humble/share/rosidl_adapter/cmake)
[0.143s] -- Found rosidl_generator_cpp: 3.1.6 (/opt/ros/humble/share/rosidl_generator_cpp/cmake)
[0.149s] -- Using all available rosidl_typesupport_c: rosidl_typesupport_fastrtps_c;rosidl_typesupport_introspection_c
[0.156s] -- Using all available rosidl_typesupport_cpp: rosidl_typesupport_fastrtps_cpp;rosidl_typesupport_introspection_cpp
[0.176s] -- Found rmw_implementation_cmake: 6.1.2 (/opt/ros/humble/share/rmw_implementation_cmake/cmake)
[0.177s] -- Found rmw_fastrtps_cpp: 6.2.7 (/opt/ros/humble/share/rmw_fastrtps_cpp/cmake)
[0.252s] -- Using RMW implementation 'rmw_fastrtps_cpp' as default
[0.280s] -- Found nav_msgs: 4.9.0 (/opt/ros/humble/share/nav_msgs/cmake)
[0.296s] -- Found sensor_msgs: 4.9.0 (/opt/ros/humble/share/sensor_msgs/cmake)
[0.305s] -- Found tf2: 0.25.13 (/opt/ros/humble/share/tf2/cmake)
[0.308s] -- Found tf2_ros: 0.25.13 (/opt/ros/humble/share/tf2_ros/cmake)
[0.357s] -- Found tf2_geometry_msgs: 0.25.13 (/opt/ros/humble/share/tf2_geometry_msgs/cmake)
[0.358s] -- Found eigen3_cmake_module: 0.1.1 (/opt/ros/humble/share/eigen3_cmake_module/cmake)
[0.359s] -- Ensuring Eigen3 include directory is part of orocos-kdl CMake target
[0.360s] -- Found visualization_msgs: 4.9.0 (/opt/ros/humble/share/visualization_msgs/cmake)
[0.371s] -- Found nav2_util: 1.1.18 (/opt/ros/humble/share/nav2_util/cmake)
[0.417s] -- Found nav2_core: 1.1.18 (/opt/ros/humble/share/nav2_core/cmake)
[0.474s] -- Found nav2_common: 1.1.18 (/opt/ros/humble/share/nav2_common/cmake)
[0.478s] -- Found ament_lint_auto: 0.12.12 (/opt/ros/humble/share/ament_lint_auto/cmake)
[0.574s] -- Added test 'cppcheck' to perform static code analysis on C / C++ code
[0.574s] -- Configured cppcheck include dirs: $<BUILD_INTERFACE:/home/panav/ros2_ws/src/dwa_planner/include>
[0.574s] -- Configured cppcheck exclude dirs and/or files: 
[0.580s] -- Added test 'flake8' to check Python code syntax and style conventions
[0.592s] -- Added test 'lint_cmake' to check CMake code style
[0.598s] -- Added test 'pep257' to check Python code against some of the docstring style conventions in PEP 257
[0.650s] -- Added test 'uncrustify' to check C / C++ code style
[0.650s] -- Configured uncrustify additional arguments: 
[0.656s] -- Added test 'xmllint' to check XML markup files
[0.656s] -- Configuring done
[0.663s] -- Generating done
[0.666s] -- Build files have been written to: /home/panav/ros2_ws/src/dwa_planner/build/dwa_planner
[0.688s] [35m[1mConsolidate compiler generated dependencies of target dwa_node[0m
[0.702s] [ 50%] [32mBuilding CXX object CMakeFiles/dwa_node.dir/src/dwa_node.cpp.o[0m
[2.178s] [01m[K/home/panav/ros2_ws/src/dwa_planner/src/dwa_node.cpp:93:11:[m[K [01;31m[Kerror: [m[Kexpected unqualified-id before â€˜[01m[Kvoid[m[Kâ€™
[2.178s]    93 | DWA_node::[01;31m[Kvoid[m[K odom_callback(const nav_msgs::msg::Odometry::SharedPtr msg)
[2.178s]       |           [01;31m[K^~~~[m[K
[2.178s] [01m[K/home/panav/ros2_ws/src/dwa_planner/src/dwa_node.cpp:104:11:[m[K [01;31m[Kerror: [m[Kexpected unqualified-id before â€˜[01m[Kvoid[m[Kâ€™
[2.178s]   104 | DWA_node::[01;31m[Kvoid[m[K scan_callback(const sensor_msgs::msg::LaserScan::SharedPtr msg)
[2.178s]       |           [01;31m[K^~~~[m[K
[2.178s] [01m[K/home/panav/ros2_ws/src/dwa_planner/src/dwa_node.cpp:110:11:[m[K [01;31m[Kerror: [m[Kexpected unqualified-id before â€˜[01m[Kvoid[m[Kâ€™
[2.178s]   110 | DWA_node::[01;31m[Kvoid[m[K seek_goal()
[2.178s]       |           [01;31m[K^~~~[m[K
[2.178s] [01m[K/home/panav/ros2_ws/src/dwa_planner/src/dwa_node.cpp:120:11:[m[K [01;31m[Kerror: [m[Kâ€˜[01m[Kvector[m[Kâ€™ in â€˜[01m[Kclass DWA_node[m[Kâ€™ does not name a template type
[2.178s]   120 | DWA_node::[01;31m[Kvector[m[K <pair<double, double>> motion_ranges(double speed, double rotation_speed, double time_step, const nav_msgs::msg::Odometry& odom_data)
[2.178s]       |           [01;31m[K^~~~~~[m[K
[2.178s] [01m[K/home/panav/ros2_ws/src/dwa_planner/src/dwa_node.cpp:147:11:[m[K [01;31m[Kerror: [m[Kâ€˜[01m[Kpair[m[Kâ€™ in â€˜[01m[Kclass DWA_node[m[Kâ€™ does not name a template type
[2.178s]   147 | DWA_node::[01;31m[Kpair[m[K<double, double> path_gen()
[2.178s]       |           [01;31m[K^~~~[m[K
[2.178s] [01m[K/home/panav/ros2_ws/src/dwa_planner/src/dwa_node.cpp:158:11:[m[K [01;31m[Kerror: [m[Kexpected unqualified-id before â€˜[01m[Kvoid[m[Kâ€™
[2.178s]   158 | DWA_node::[01;31m[Kvoid[m[K visualize_trajectories(const vector<vector<pair<double, double>>>& all_trajectories, int best_index)
[2.178s]       |           [01;31m[K^~~~[m[K
[2.178s] [01m[K/home/panav/ros2_ws/src/dwa_planner/src/dwa_node.cpp:217:11:[m[K [01;31m[Kerror: [m[Kexpected unqualified-id before â€˜[01m[Kvoid[m[Kâ€™
[2.178s]   217 | DWA_node::[01;31m[Kvoid[m[K clear_trajectory_markers()
[2.178s]       |           [01;31m[K^~~~[m[K
[2.178s] [01m[K/home/panav/ros2_ws/src/dwa_planner/src/dwa_node.cpp:351:11:[m[K [01;31m[Kerror: [m[Kexpected unqualified-id before â€˜[01m[Kdouble[m[Kâ€™
[2.178s]   351 | DWA_node::[01;31m[Kdouble[m[K collision_aDWA_node::voidance(const vector<pair<double, double>>&trajectory, const sensor_msgs::msg::LaserScan& scan_data, const nav_msgs::msg::Odometry& current_odom, double tolerance = 0.2)
[2.178s]       |           [01;31m[K^~~~~~[m[K
[2.178s] [01m[K/home/panav/ros2_ws/src/dwa_planner/src/dwa_node.cpp:425:11:[m[K [01;31m[Kerror: [m[Kâ€˜[01m[Kpair[m[Kâ€™ in â€˜[01m[Kclass DWA_node[m[Kâ€™ does not name a template type
[2.178s]   425 | DWA_node::[01;31m[Kpair[m[K<double, double> dwa_control(const nav_msgs::msg::Odometry& odom_data, const sensor_msgs::msg::LaserScan& scan_data)
[2.178s]       |           [01;31m[K^~~~[m[K
[2.178s] [01m[K/home/panav/ros2_ws/src/dwa_planner/src/dwa_node.cpp:551:11:[m[K [01;31m[Kerror: [m[Kexpected unqualified-id before â€˜[01m[Kvoid[m[Kâ€™
[2.178s]   551 | DWA_node::[01;31m[Kvoid[m[K timer_callback()
[2.178s]       |           [01;31m[K^~~~[m[K
[2.464s] gmake[2]: *** [CMakeFiles/dwa_node.dir/build.make:76: CMakeFiles/dwa_node.dir/src/dwa_node.cpp.o] Error 1
[2.464s] gmake[1]: *** [CMakeFiles/Makefile2:137: CMakeFiles/dwa_node.dir/all] Error 2
[2.465s] gmake: *** [Makefile:146: all] Error 2
[2.467s] Invoked command in '/home/panav/ros2_ws/src/dwa_planner/build/dwa_planner' returned '2': CMAKE_PREFIX_PATH=${CMAKE_PREFIX_PATH}:/home/panav/ros2_ws/install/turtlebot3_teleop:/home/panav/ros2_ws/install/turtlebot3_example:/opt/ros/humble /usr/bin/cmake --build /home/panav/ros2_ws/src/dwa_planner/build/dwa_planner
