[0.008s] Invoking command in '/home/panav/ros2_ws/src/dwa_planner/build/dwa_planner': CMAKE_PREFIX_PATH=${CMAKE_PREFIX_PATH}:/home/panav/ros2_ws/install/turtlebot3_teleop:/home/panav/ros2_ws/install/turtlebot3_example:/opt/ros/humble /usr/bin/cmake --build /home/panav/ros2_ws/src/dwa_planner/build/dwa_planner
[0.046s] [35m[1mConsolidate compiler generated dependencies of target dwa_node[0m
[0.060s] [ 50%] [32mBuilding CXX object CMakeFiles/dwa_node.dir/src/dwa_node.cpp.o[0m
[1.592s] [01m[K/home/panav/ros2_ws/src/dwa_planner/src/dwa_node.cpp:25:20:[m[K [01;31m[Kerror: [m[Kfound â€˜[01m[K:[m[Kâ€™ in nested-name-specifier, expected â€˜[01m[K::[m[Kâ€™
[1.592s]    25 | DWA_node::DWA_node [01;31m[K:[m[K Node("dwa_node")
[1.592s]       |                    [01;31m[K^[m[K
[1.592s]       |                    [32m[K::[m[K
[1.592s] [01m[K/home/panav/ros2_ws/src/dwa_planner/src/dwa_node.cpp:25:27:[m[K [01;31m[Kerror: [m[Kexpected unqualified-id before string constant
[1.592s]    25 | DWA_node::DWA_node : Node([01;31m[K"dwa_node"[m[K)
[1.592s]       |                           [01;31m[K^~~~~~~~~~[m[K
[1.592s] [01m[K/home/panav/ros2_ws/src/dwa_planner/src/dwa_node.cpp:25:27:[m[K [01;31m[Kerror: [m[Kexpected â€˜[01m[K)[m[Kâ€™ before string constant
[1.592s]    25 | DWA_node::DWA_node : Node[34m[K([m[K[01;31m[K"[m[K[32m[Kdwa_node"[m[K)
[1.592s]       |                          [34m[K~[m[K[01;31m[K^[m[K[32m[K~~~~~~~~~[m[K
[1.592s]       |                           [32m[K)[m[K
[1.599s] [01m[K/home/panav/ros2_ws/src/dwa_planner/src/dwa_node.cpp:[m[K In member function â€˜[01m[Kstd::pair<double, double> DWA_node::path_gen()[m[Kâ€™:
[1.599s] [01m[K/home/panav/ros2_ws/src/dwa_planner/src/dwa_node.cpp:152:12:[m[K [01;35m[Kwarning: [m[Kunused variable â€˜[01m[Ktime_step[m[Kâ€™ [[01;35m[K]8;;https://gcc.gnu.org/onlinedocs/gcc/Warning-Options.html#index-Wunused-variable-Wunused-variable]8;;[m[K]
[1.599s]   152 |     double [01;35m[Ktime_step[m[K = this->get_parameter("time_step").as_double();
[1.599s]       |            [01;35m[K^~~~~~~~~[m[K
[1.601s] [01m[K/home/panav/ros2_ws/src/dwa_planner/src/dwa_node.cpp:[m[K In member function â€˜[01m[Kvoid DWA_node::visualize_trajectories(const std::vector<std::vector<std::pair<double, double> > >&, int)[m[Kâ€™:
[1.601s] [01m[K/home/panav/ros2_ws/src/dwa_planner/src/dwa_node.cpp:187:14:[m[K [01;35m[Kwarning: [m[Kcomparison of integer expressions of different signedness: â€˜[01m[Kunsigned int[m[Kâ€™ and â€˜[01m[Kint[m[Kâ€™ [[01;35m[K]8;;https://gcc.gnu.org/onlinedocs/gcc/Warning-Options.html#index-Wsign-compare-Wsign-compare]8;;[m[K]
[1.601s]   187 |         if([01;35m[Ki == best_index[m[K) {
[1.601s]       |            [01;35m[K~~^~~~~~~~~~~~~[m[K
[1.602s] [01m[K/home/panav/ros2_ws/src/dwa_planner/src/dwa_node.cpp:206:17:[m[K [01;35m[Kwarning: [m[Kcomparison of integer expressions of different signedness: â€˜[01m[Kunsigned int[m[Kâ€™ and â€˜[01m[Kint[m[Kâ€™ [[01;35m[K]8;;https://gcc.gnu.org/onlinedocs/gcc/Warning-Options.html#index-Wsign-compare-Wsign-compare]8;;[m[K]
[1.602s]   206 |             if([01;35m[Ki!=best_index[m[K && point_count++ >= 100) break;
[1.602s]       |                [01;35m[K~^~~~~~~~~~~~[m[K
[2.030s] gmake[2]: *** [CMakeFiles/dwa_node.dir/build.make:76: CMakeFiles/dwa_node.dir/src/dwa_node.cpp.o] Error 1
[2.030s] gmake[1]: *** [CMakeFiles/Makefile2:137: CMakeFiles/dwa_node.dir/all] Error 2
[2.030s] gmake: *** [Makefile:146: all] Error 2
[2.033s] Invoked command in '/home/panav/ros2_ws/src/dwa_planner/build/dwa_planner' returned '2': CMAKE_PREFIX_PATH=${CMAKE_PREFIX_PATH}:/home/panav/ros2_ws/install/turtlebot3_teleop:/home/panav/ros2_ws/install/turtlebot3_example:/opt/ros/humble /usr/bin/cmake --build /home/panav/ros2_ws/src/dwa_planner/build/dwa_planner
