[35m[1mConsolidate compiler generated dependencies of target test_node[0m
[ 20%] [32mBuilding CXX object CMakeFiles/dwa_node.dir/src/dwa_node.cpp.o[0m
[01m[K/home/panav/ros2_ws/src/dwa_planner/src/dwa_node.cpp:1:10:[m[K [01;31m[Kfatal error: [m[Kdwa_node.hpp: No such file or directory
    1 | #include [01;31m[K"dwa_node.hpp"[m[K
      |          [01;31m[K^~~~~~~~~~~~~~[m[K
compilation terminated.
gmake[2]: *** [CMakeFiles/dwa_node.dir/build.make:76: CMakeFiles/dwa_node.dir/src/dwa_node.cpp.o] Error 1
gmake[1]: *** [CMakeFiles/Makefile2:139: CMakeFiles/dwa_node.dir/all] Error 2
gmake[1]: *** Waiting for unfinished jobs....
[ 80%] Built target test_node
gmake: *** [Makefile:146: all] Error 2
