[0.008s] Invoking command in '/home/panav/ros2_ws/src/dwa_planner/build/dwa_planner': CMAKE_PREFIX_PATH=${CMAKE_PREFIX_PATH}:/home/panav/ros2_ws/install/turtlebot3_teleop:/home/panav/ros2_ws/install/turtlebot3_example:/opt/ros/humble /usr/bin/cmake --build /home/panav/ros2_ws/src/dwa_planner/build/dwa_planner
[0.046s] [35m[1mConsolidate compiler generated dependencies of target dwa_node[0m
[0.059s] [ 50%] [32mBuilding CXX object CMakeFiles/dwa_node.dir/src/dwa_node.cpp.o[0m
[1.596s] [01m[K/home/panav/ros2_ws/src/dwa_planner/src/dwa_node.cpp:[m[K In member function â€˜[01m[Kvoid DWA_node::visualize_trajectories(const std::vector<std::vector<std::pair<double, double> > >&, int)[m[Kâ€™:
[1.596s] [01m[K/home/panav/ros2_ws/src/dwa_planner/src/dwa_node.cpp:164:26:[m[K [01;35m[Kwarning: [m[Kcomparison of integer expressions of different signedness: â€˜[01m[Kint[m[Kâ€™ and â€˜[01m[Kstd::vector<std::vector<std::pair<double, double> > >::size_type[m[Kâ€™ {aka â€˜[01m[Klong unsigned int[m[Kâ€™} [[01;35m[K]8;;https://gcc.gnu.org/onlinedocs/gcc/Warning-Options.html#index-Wsign-compare-Wsign-compare]8;;[m[K]
[1.596s]   164 |    for(int i = 0; [01;35m[Ki < all_trajectories.size()[m[K; i++)
[1.596s]       |                   [01;35m[K~~^~~~~~~~~~~~~~~~~~~~~~~~~[m[K
[1.596s] 
[1.598s] [01m[K/home/panav/ros2_ws/src/dwa_planner/src/dwa_node.cpp:[m[K In member function â€˜[01m[Kdouble DWA_node::collision_avoidance(const std::vector<std::pair<double, double> >&, const LaserScan&, const Odometry&, double, double)[m[Kâ€™:
[1.598s] [01m[K/home/panav/ros2_ws/src/dwa_planner/src/dwa_node.cpp:250:37:[m[K [01;31m[Kerror: [m[Kno matching function for call to â€˜[01m[Kmin(double&, const value_type&)[m[Kâ€™
[1.598s]   250 | front_distance = [01;31m[Kmin(min_front_distance, scan_data.ranges[i])[m[K;
[1.598s]       |                  [01;31m[K~~~^~~~~~~~~~~~~~~~~~~~~~~~~~~~~~~~~~~~~~~~~[m[K
[1.598s] 
[1.598s] In file included from [01m[K/usr/include/c++/11/memory:63[m[K,
[1.598s]                  from [01m[K/opt/ros/humble/include/rclcpp/rclcpp/rclcpp.hpp:153[m[K,
[1.598s]                  from [01m[K/home/panav/ros2_ws/src/dwa_planner/src/dwa_node.cpp:1[m[K:
[1.598s] [01m[K/usr/include/c++/11/bits/stl_algobase.h:230:5:[m[K [01;36m[Knote: [m[Kcandidate: â€˜[01m[Ktemplate<class _Tp> constexpr const _Tp& std::min(const _Tp&, const _Tp&)[m[Kâ€™
[1.598s]   230 |     [01;36m[Kmin[m[K(const _Tp& __a, const _Tp& __b)
[1.598s]       |     [01;36m[K^~~[m[K
[1.598s] [01m[K/usr/include/c++/11/bits/stl_algobase.h:230:5:[m[K [01;36m[Knote: [m[K  template argument deduction/substitution failed:
[1.598s] [01m[K/home/panav/ros2_ws/src/dwa_planner/src/dwa_node.cpp:250:37:[m[K [01;36m[Knote: [m[K  deduced conflicting types for parameter â€˜[01m[Kconst _Tp[m[Kâ€™ (â€˜[01m[Kdouble[m[Kâ€™ and â€˜[01m[K__gnu_cxx::__alloc_traits<std::allocator<float>, float>::value_type[m[Kâ€™ {aka â€˜[01m[Kfloat[m[Kâ€™})
[1.598s]   250 | front_distance = [01;36m[Kmin(min_front_distance, scan_data.ranges[i])[m[K;
[1.598s]       |                  [01;36m[K~~~^~~~~~~~~~~~~~~~~~~~~~~~~~~~~~~~~~~~~~~~~[m[K
[1.598s] 
[1.598s] In file included from [01m[K/usr/include/c++/11/memory:63[m[K,
[1.599s]                  from [01m[K/opt/ros/humble/include/rclcpp/rclcpp/rclcpp.hpp:153[m[K,
[1.599s]                  from [01m[K/home/panav/ros2_ws/src/dwa_planner/src/dwa_node.cpp:1[m[K:
[1.599s] [01m[K/usr/include/c++/11/bits/stl_algobase.h:278:5:[m[K [01;36m[Knote: [m[Kcandidate: â€˜[01m[Ktemplate<class _Tp, class _Compare> constexpr const _Tp& std::min(const _Tp&, const _Tp&, _Compare)[m[Kâ€™
[1.599s]   278 |     [01;36m[Kmin[m[K(const _Tp& __a, const _Tp& __b, _Compare __comp)
[1.599s]       |     [01;36m[K^~~[m[K
[1.599s] [01m[K/usr/include/c++/11/bits/stl_algobase.h:278:5:[m[K [01;36m[Knote: [m[K  template argument deduction/substitution failed:
[1.599s] [01m[K/home/panav/ros2_ws/src/dwa_planner/src/dwa_node.cpp:250:37:[m[K [01;36m[Knote: [m[K  deduced conflicting types for parameter â€˜[01m[Kconst _Tp[m[Kâ€™ (â€˜[01m[Kdouble[m[Kâ€™ and â€˜[01m[K__gnu_cxx::__alloc_traits<std::allocator<float>, float>::value_type[m[Kâ€™ {aka â€˜[01m[Kfloat[m[Kâ€™})
[1.599s]   250 | front_distance = [01;36m[Kmin(min_front_distance, scan_data.ranges[i])[m[K;
[1.599s]       |                  [01;36m[K~~~^~~~~~~~~~~~~~~~~~~~~~~~~~~~~~~~~~~~~~~~~[m[K
[1.599s] 
[1.599s] In file included from [01m[K/usr/include/c++/11/algorithm:62[m[K,
[1.599s]                  from [01m[K/opt/ros/humble/include/rclcpp/rclcpp/executor.hpp:18[m[K,
[1.599s]                  from [01m[K/opt/ros/humble/include/rclcpp/rclcpp/executors/multi_threaded_executor.hpp:25[m[K,
[1.599s]                  from [01m[K/opt/ros/humble/include/rclcpp/rclcpp/executors.hpp:21[m[K,
[1.599s]                  from [01m[K/opt/ros/humble/include/rclcpp/rclcpp/rclcpp.hpp:155[m[K,
[1.599s]                  from [01m[K/home/panav/ros2_ws/src/dwa_planner/src/dwa_node.cpp:1[m[K:
[1.599s] [01m[K/usr/include/c++/11/bits/stl_algo.h:3449:5:[m[K [01;36m[Knote: [m[Kcandidate: â€˜[01m[Ktemplate<class _Tp> constexpr _Tp std::min(std::initializer_list<_Tp>)[m[Kâ€™
[1.599s]  3449 |     [01;36m[Kmin[m[K(initializer_list<_Tp> __l)
[1.599s]       |     [01;36m[K^~~[m[K
[1.599s] [01m[K/usr/include/c++/11/bits/stl_algo.h:3449:5:[m[K [01;36m[Knote: [m[K  template argument deduction/substitution failed:
[1.599s] [01m[K/home/panav/ros2_ws/src/dwa_planner/src/dwa_node.cpp:250:37:[m[K [01;36m[Knote: [m[K  mismatched types â€˜[01m[Kstd::initializer_list<_Tp>[m[Kâ€™ and â€˜[01m[Kdouble[m[Kâ€™
[1.599s]   250 | front_distance = [01;36m[Kmin(min_front_distance, scan_data.ranges[i])[m[K;
[1.599s]       |                  [01;36m[K~~~^~~~~~~~~~~~~~~~~~~~~~~~~~~~~~~~~~~~~~~~~[m[K
[1.599s] 
[1.599s] In file included from [01m[K/usr/include/c++/11/algorithm:62[m[K,
[1.599s]                  from [01m[K/opt/ros/humble/include/rclcpp/rclcpp/executor.hpp:18[m[K,
[1.599s]                  from [01m[K/opt/ros/humble/include/rclcpp/rclcpp/executors/multi_threaded_executor.hpp:25[m[K,
[1.599s]                  from [01m[K/opt/ros/humble/include/rclcpp/rclcpp/executors.hpp:21[m[K,
[1.599s]                  from [01m[K/opt/ros/humble/include/rclcpp/rclcpp/rclcpp.hpp:155[m[K,
[1.599s]                  from [01m[K/home/panav/ros2_ws/src/dwa_planner/src/dwa_node.cpp:1[m[K:
[1.599s] [01m[K/usr/include/c++/11/bits/stl_algo.h:3455:5:[m[K [01;36m[Knote: [m[Kcandidate: â€˜[01m[Ktemplate<class _Tp, class _Compare> constexpr _Tp std::min(std::initializer_list<_Tp>, _Compare)[m[Kâ€™
[1.599s]  3455 |     [01;36m[Kmin[m[K(initializer_list<_Tp> __l, _Compare __comp)
[1.599s]       |     [01;36m[K^~~[m[K
[1.599s] [01m[K/usr/include/c++/11/bits/stl_algo.h:3455:5:[m[K [01;36m[Knote: [m[K  template argument deduction/substitution failed:
[1.599s] [01m[K/home/panav/ros2_ws/src/dwa_planner/src/dwa_node.cpp:250:37:[m[K [01;36m[Knote: [m[K  mismatched types â€˜[01m[Kstd::initializer_list<_Tp>[m[Kâ€™ and â€˜[01m[Kdouble[m[Kâ€™
[1.599s]   250 | front_distance = [01;36m[Kmin(min_front_distance, scan_data.ranges[i])[m[K;
[1.599s]       |                  [01;36m[K~~~^~~~~~~~~~~~~~~~~~~~~~~~~~~~~~~~~~~~~~~~~[m[K
[1.599s] 
[1.603s] [01m[K/home/panav/ros2_ws/src/dwa_planner/src/dwa_node.cpp:[m[K In member function â€˜[01m[Kstd::pair<double, double> DWA_node::dwa_control(const Odometry&, const LaserScan&)[m[Kâ€™:
[1.603s] [01m[K/home/panav/ros2_ws/src/dwa_planner/src/dwa_node.cpp:388:58:[m[K [01;31m[Kerror: [m[Kno matching function for call to â€˜[01m[KDWA_node::collision_avoidance(std::vector<std::pair<double, double> >&, const LaserScan&, const Odometry&, double&)[m[Kâ€™
[1.603s]   388 |  [01;31m[Kcollision_avoidance(trajectory, scan_data, odom_data, tolerance)[m[K;
[1.603s]       |  [01;31m[K~~~~~~~~~~~~~~~~~~~^~~~~~~~~~~~~~~~~~~~~~~~~~~~~~~~~~~~~~~~~~~~~[m[K
[1.603s] 
[1.603s] [01m[K/home/panav/ros2_ws/src/dwa_planner/src/dwa_node.cpp:221:11:[m[K [01;36m[Knote: [m[Kcandidate: â€˜[01m[Kdouble DWA_node::collision_avoidance(const std::vector<std::pair<double, double> >&, const LaserScan&, const Odometry&, double, double)[m[Kâ€™
[1.603s]   221 |    double [01;36m[Kcollision_avoidance[m[K(const vector<pair<double, double>>&trajectory, const sensor_msgs::msg::LaserScan& scan_data, const nav_msgs::msg::Odometry& current_odom, double tolerance, double speed)
[1.603s]       |           [01;36m[K^~~~~~~~~~~~~~~~~~~[m[K
[1.603s] [01m[K/home/panav/ros2_ws/src/dwa_planner/src/dwa_node.cpp:221:11:[m[K [01;36m[Knote: [m[K  candidate expects 5 arguments, 4 provided
[3.761s] gmake[2]: *** [CMakeFiles/dwa_node.dir/build.make:76: CMakeFiles/dwa_node.dir/src/dwa_node.cpp.o] Error 1
[3.761s] gmake[1]: *** [CMakeFiles/Makefile2:137: CMakeFiles/dwa_node.dir/all] Error 2
[3.761s] gmake: *** [Makefile:146: all] Error 2
[3.763s] Invoked command in '/home/panav/ros2_ws/src/dwa_planner/build/dwa_planner' returned '2': CMAKE_PREFIX_PATH=${CMAKE_PREFIX_PATH}:/home/panav/ros2_ws/install/turtlebot3_teleop:/home/panav/ros2_ws/install/turtlebot3_example:/opt/ros/humble /usr/bin/cmake --build /home/panav/ros2_ws/src/dwa_planner/build/dwa_planner
