[0.010s] Invoking command in '/home/panav/ros2_ws/src/dwa_planner/build/dwa_planner': CMAKE_PREFIX_PATH=${CMAKE_PREFIX_PATH}:/home/panav/ros2_ws/install/turtlebot3_teleop:/home/panav/ros2_ws/install/turtlebot3_example:/opt/ros/humble /usr/bin/cmake --build /home/panav/ros2_ws/src/dwa_planner/build/dwa_planner
[0.069s] [ 20%] [32mBuilding CXX object CMakeFiles/test_node.dir/src/tester.cpp.o[0m
[0.069s] [ 40%] [32mBuilding CXX object CMakeFiles/dwa_node.dir/src/dwa_node.cpp.o[0m
[0.071s] [ 60%] [32mBuilding CXX object CMakeFiles/test_node.dir/src/dwa_node.cpp.o[0m
[0.090s] [ 80%] [32m[1mLinking CXX executable dwa_node[0m
[0.211s] /usr/bin/ld: /usr/lib/gcc/x86_64-linux-gnu/11/../../../x86_64-linux-gnu/Scrt1.o: in function `_start':
[0.211s] (.text+0x1b): undefined reference to `main'
[0.213s] collect2: error: ld returned 1 exit status
[0.218s] gmake[2]: *** [CMakeFiles/dwa_node.dir/build.make:222: dwa_node] Error 1
[0.218s] gmake[1]: *** [CMakeFiles/Makefile2:139: CMakeFiles/dwa_node.dir/all] Error 2
[0.218s] gmake[1]: *** Waiting for unfinished jobs....
[2.052s] [100%] [32m[1mLinking CXX executable test_node[0m
[2.216s] /usr/bin/ld: CMakeFiles/test_node.dir/src/tester.cpp.o: in function `main':
[2.216s] tester.cpp:(.text+0x3c5): undefined reference to `DWA_node::resetPath()'
[2.216s] /usr/bin/ld: tester.cpp:(.text+0x3fe): undefined reference to `DWA_node::get_convergence_time(double, double)'
[2.216s] /usr/bin/ld: tester.cpp:(.text+0x421): undefined reference to `DWA_node::getPathLength()'
[2.216s] /usr/bin/ld: CMakeFiles/test_node.dir/src/tester.cpp.o: in function `void __gnu_cxx::new_allocator<DWA_node>::construct<DWA_node>(DWA_node*)':
[2.216s] tester.cpp:(.text._ZN9__gnu_cxx13new_allocatorI8DWA_nodeE9constructIS1_JEEEvPT_DpOT0_[_ZN9__gnu_cxx13new_allocatorI8DWA_nodeE9constructIS1_JEEEvPT_DpOT0_]+0x31): undefined reference to `DWA_node::DWA_node()'
[2.222s] collect2: error: ld returned 1 exit status
[2.224s] gmake[2]: *** [CMakeFiles/test_node.dir/build.make:522: test_node] Error 1
[2.225s] gmake[1]: *** [CMakeFiles/Makefile2:165: CMakeFiles/test_node.dir/all] Error 2
[2.225s] gmake: *** [Makefile:146: all] Error 2
[2.228s] Invoked command in '/home/panav/ros2_ws/src/dwa_planner/build/dwa_planner' returned '2': CMAKE_PREFIX_PATH=${CMAKE_PREFIX_PATH}:/home/panav/ros2_ws/install/turtlebot3_teleop:/home/panav/ros2_ws/install/turtlebot3_example:/opt/ros/humble /usr/bin/cmake --build /home/panav/ros2_ws/src/dwa_planner/build/dwa_planner
