[01m[K/home/panav/ros2_ws/src/dwa_planner/src/tester.cpp:1:24:[m[K [01;35m[Kwarning: [m[Kextra tokens at end of #include directive
    1 | #include "dwa_node.hpp"[01;35m[K>[m[K
      |                        [01;35m[K^[m[K
[01m[K/home/panav/ros2_ws/src/dwa_planner/src/tester.cpp:[m[K In function â€˜[01m[Kint main(int, char**)[m[Kâ€™:
[01m[K/home/panav/ros2_ws/src/dwa_planner/src/tester.cpp:16:15:[m[K [01;31m[Kerror: [m[Kâ€˜[01m[Kusing element_type = class DWA_node[m[Kâ€™ {aka â€˜[01m[Kclass DWA_node[m[Kâ€™} has no member named â€˜[01m[Krest_path[m[Kâ€™; did you mean â€˜[01m[KresetPath[m[Kâ€™?
   16 |         node->[01;31m[Krest_path[m[K();
      |               [01;31m[K^~~~~~~~~[m[K
      |               [32m[KresetPath[m[K
gmake[2]: *** [CMakeFiles/test_node.dir/build.make:76: CMakeFiles/test_node.dir/src/tester.cpp.o] Error 1
gmake[1]: *** [CMakeFiles/Makefile2:165: CMakeFiles/test_node.dir/all] Error 2
gmake: *** [Makefile:146: all] Error 2
