[0.011s] Invoking command in '/home/panav/ros2_ws/src/dwa_planner/build/dwa_planner': CMAKE_PREFIX_PATH=${CMAKE_PREFIX_PATH}:/home/panav/ros2_ws/install/turtlebot3_teleop:/home/panav/ros2_ws/install/turtlebot3_example:/opt/ros/humble /usr/bin/cmake --build /home/panav/ros2_ws/src/dwa_planner/build/dwa_planner
[0.054s] [35m[1mConsolidate compiler generated dependencies of target dwa_node[0m
[0.074s] [ 50%] [32mBuilding CXX object CMakeFiles/dwa_node.dir/src/dwa_node.cpp.o[0m
[2.105s] [01m[K/home/panav/ros2_ws/src/dwa_planner/src/dwa_node.cpp:[m[K In member function â€˜[01m[Kvoid DWA_node::visualize_trajectories(const std::vector<std::vector<std::pair<double, double> > >&, int)[m[Kâ€™:
[2.105s] [01m[K/home/panav/ros2_ws/src/dwa_planner/src/dwa_node.cpp:165:26:[m[K [01;35m[Kwarning: [m[Kcomparison of integer expressions of different signedness: â€˜[01m[Kint[m[Kâ€™ and â€˜[01m[Kstd::vector<std::vector<std::pair<double, double> > >::size_type[m[Kâ€™ {aka â€˜[01m[Klong unsigned int[m[Kâ€™} [[01;35m[K]8;;https://gcc.gnu.org/onlinedocs/gcc/Warning-Options.html#index-Wsign-compare-Wsign-compare]8;;[m[K]
[2.105s]   165 |    for(int i = 0; [01;35m[Ki < all_trajectories.size()[m[K; i++)
[2.105s]       |                   [01;35m[K~~^~~~~~~~~~~~~~~~~~~~~~~~~[m[K
[2.105s] 
[2.125s] [01m[K/home/panav/ros2_ws/src/dwa_planner/src/dwa_node.cpp:[m[K In member function â€˜[01m[Kstd::pair<double, double> DWA_node::dwa_control(const Odometry&, const LaserScan&)[m[Kâ€™:
[2.125s] [01m[K/home/panav/ros2_ws/src/dwa_planner/src/dwa_node.cpp:408:108:[m[K [01;31m[Kerror: [m[Kâ€˜[01m[Kpath_distance_bias[m[Kâ€™ was not declared in this scope; did you mean â€˜[01m[Kobstacle_distance_bias[m[Kâ€™?
[2.125s]   408 | + smoothness_factor+[01;31m[Kpath_distance_bias[m[K + speed_bias + obstacle_distance_bias;
[2.125s]       |                     [01;31m[K^~~~~~~~~~~~~~~~~~[m[K
[2.125s]       |                     [32m[Kobstacle_distance_bias[m[K
[4.986s] gmake[2]: *** [CMakeFiles/dwa_node.dir/build.make:76: CMakeFiles/dwa_node.dir/src/dwa_node.cpp.o] Error 1
[4.986s] gmake[1]: *** [CMakeFiles/Makefile2:137: CMakeFiles/dwa_node.dir/all] Error 2
[4.986s] gmake: *** [Makefile:146: all] Error 2
[4.988s] Invoked command in '/home/panav/ros2_ws/src/dwa_planner/build/dwa_planner' returned '2': CMAKE_PREFIX_PATH=${CMAKE_PREFIX_PATH}:/home/panav/ros2_ws/install/turtlebot3_teleop:/home/panav/ros2_ws/install/turtlebot3_example:/opt/ros/humble /usr/bin/cmake --build /home/panav/ros2_ws/src/dwa_planner/build/dwa_planner
