[01m[K/home/panav/ros2_ws/src/dwa_planner/src/tester.cpp:1:24:[m[K [01;35m[Kwarning: [m[Kextra tokens at end of #include directive
    1 | #include "dwa_node.hpp"[01;35m[K>[m[K
      |                        [01;35m[K^[m[K
[01m[K/home/panav/ros2_ws/src/dwa_planner/src/tester.cpp:[m[K In function â€˜[01m[Kint main(int, char**)[m[Kâ€™:
[01m[K/home/panav/ros2_ws/src/dwa_planner/src/tester.cpp:16:15:[m[K [01;31m[Kerror: [m[Kâ€˜[01m[Kusing element_type = class DWA_node[m[Kâ€™ {aka â€˜[01m[Kclass DWA_node[m[Kâ€™} has no member named â€˜[01m[Krest_path[m[Kâ€™; did you mean â€˜[01m[KresetPath[m[Kâ€™?
   16 |         node->[01;31m[Krest_path[m[K();
      |               [01;31m[K^~~~~~~~~[m[K
      |               [32m[KresetPath[m[K
[01m[K/home/panav/ros2_ws/src/dwa_planner/src/tester.cpp:21:12:[m[K [01;31m[Kerror: [m[Kâ€˜[01m[Kconvergence_time[m[Kâ€™ was not declared in this scope; did you mean â€˜[01m[Kconvergernce_time[m[Kâ€™?
   21 |         if([01;31m[Kconvergence_time[m[K >= 0.0)
      |            [01;31m[K^~~~~~~~~~~~~~~~[m[K
      |            [32m[Kconvergernce_time[m[K
[01m[K/home/panav/ros2_ws/src/dwa_planner/src/tester.cpp:18:16:[m[K [01;35m[Kwarning: [m[Kunused variable â€˜[01m[Kconvergernce_time[m[Kâ€™ [[01;35m[K]8;;https://gcc.gnu.org/onlinedocs/gcc/Warning-Options.html#index-Wunused-variable-Wunused-variable]8;;[m[K]
   18 |         double [01;35m[Kconvergernce_time[m[K = node->get_convergence_time(waypoint.first, waypoint.second);
      |                [01;35m[K^~~~~~~~~~~~~~~~~[m[K
gmake[2]: *** [CMakeFiles/test_node.dir/build.make:76: CMakeFiles/test_node.dir/src/tester.cpp.o] Error 1
gmake[1]: *** [CMakeFiles/Makefile2:165: CMakeFiles/test_node.dir/all] Error 2
gmake: *** [Makefile:146: all] Error 2
