[0.009s] Invoking command in '/home/panav/ros2_ws/src/dwa_planner/build/dwa_planner': CMAKE_PREFIX_PATH=${CMAKE_PREFIX_PATH}:/home/panav/ros2_ws/install/turtlebot3_teleop:/home/panav/ros2_ws/install/turtlebot3_example:/opt/ros/humble /usr/bin/cmake --build /home/panav/ros2_ws/src/dwa_planner/build/dwa_planner
[0.053s] [35m[1mConsolidate compiler generated dependencies of target dwa_node[0m
[0.072s] [ 50%] [32mBuilding CXX object CMakeFiles/dwa_node.dir/src/dwa_node.cpp.o[0m
[1.918s] [01m[K/home/panav/ros2_ws/src/dwa_planner/src/dwa_node.cpp:84:6:[m[K [01;31m[Kerror: [m[Kno declaration matches â€˜[01m[Kvoid DWA_node::setGoal(double, double)[m[Kâ€™
[1.918s]    84 | void [01;31m[KDWA_node[m[K::setGoal(double x, double y)
[1.918s]       |      [01;31m[K^~~~~~~~[m[K
[1.918s] [01m[K/home/panav/ros2_ws/src/dwa_planner/src/dwa_node.cpp:84:6:[m[K [01;36m[Knote: [m[Kno functions named â€˜[01m[Kvoid DWA_node::setGoal(double, double)[m[Kâ€™
[1.918s] In file included from [01m[K/home/panav/ros2_ws/src/dwa_planner/src/dwa_node.cpp:1[m[K:
[1.918s] [01m[K/home/panav/ros2_ws/src/dwa_planner/include/dwa_node.hpp:23:7:[m[K [01;36m[Knote: [m[Kâ€˜[01m[Kclass DWA_node[m[Kâ€™ defined here
[1.918s]    23 | class [01;36m[KDWA_node[m[K : public rclcpp::Node
[1.918s]       |       [01;36m[K^~~~~~~~[m[K
[1.923s] [01m[K/home/panav/ros2_ws/src/dwa_planner/src/dwa_node.cpp:[m[K In member function â€˜[01m[Kdouble DWA_node::get_convergence_time(double, double)[m[Kâ€™:
[1.923s] [01m[K/home/panav/ros2_ws/src/dwa_planner/src/dwa_node.cpp:97:5:[m[K [01;31m[Kerror: [m[Kâ€˜[01m[Kset_Goal[m[Kâ€™ was not declared in this scope; did you mean â€˜[01m[Kset_goal[m[Kâ€™?
[1.923s]    97 |     [01;31m[Kset_Goal[m[K(target_x, target_y);
[1.923s]       |     [01;31m[K^~~~~~~~[m[K
[1.923s]       |     [32m[Kset_goal[m[K
[1.923s] [01m[K/home/panav/ros2_ws/src/dwa_planner/src/dwa_node.cpp:99:36:[m[K [01;31m[Kerror: [m[Kfound â€˜[01m[K:[m[Kâ€™ in nested-name-specifier, expected â€˜[01m[K::[m[Kâ€™
[1.923s]    99 | le(!goal_converged && rclcpp[01;31m[K:[m[Kok())
[1.923s]       |                             [01;31m[K^[m[K
[1.923s]       |                             [32m[K::[m[K
[1.924s] [01m[K/home/panav/ros2_ws/src/dwa_planner/src/dwa_node.cpp:102:50:[m[K [01;31m[Kerror: [m[Kâ€˜[01m[Kmillisecond[m[Kâ€™ is not a member of â€˜[01m[Kstd::chrono[m[Kâ€™; did you mean â€˜[01m[Kmilliseconds[m[Kâ€™?
[1.924s]   102 | sleep_for(std::chrono::[01;31m[Kmillisecond[m[K(100));//
[1.924s]       |                        [01;31m[K^~~~~~~~~~~[m[K
[1.924s]       |                        [32m[Kmilliseconds[m[K
[1.929s] [01m[K/home/panav/ros2_ws/src/dwa_planner/src/dwa_node.cpp:104:12:[m[K [01;31m[Kerror: [m[Kâ€˜[01m[Kpath_converged[m[Kâ€™ was not declared in this scope; did you mean â€˜[01m[Kgoal_converged[m[Kâ€™?
[1.929s]   104 |     while(![01;31m[Kpath_converged[m[K && timing_started && rclcpp::ok())
[1.929s]       |            [01;31m[K^~~~~~~~~~~~~~[m[K
[1.929s]       |            [32m[Kgoal_converged[m[K
[1.935s] [01m[K/home/panav/ros2_ws/src/dwa_planner/src/dwa_node.cpp:104:30:[m[K [01;31m[Kerror: [m[Kâ€˜[01m[Ktiming_started[m[Kâ€™ was not declared in this scope
[1.935s]   104 | ile(!path_converged && [01;31m[Ktiming_started[m[K && rclcpp::ok())
[1.935s]       |                        [01;31m[K^~~~~~~~~~~~~~[m[K
[1.935s] 
[1.935s] [01m[K/home/panav/ros2_ws/src/dwa_planner/src/dwa_node.cpp:106:38:[m[K [01;31m[Kerror: [m[Kâ€˜[01m[Kstd::chrono::stead_clock[m[Kâ€™ has not been declared
[1.935s]   106 | nd_time = std::chrono::[01;31m[Kstead_clock[m[K::now();
[1.935s]       |                        [01;31m[K^~~~~~~~~~~[m[K
[1.935s] 
[1.939s] [01m[K/home/panav/ros2_ws/src/dwa_planner/src/dwa_node.cpp:107:93:[m[K [01;31m[Kerror: [m[Kâ€˜[01m[Kstart_time[m[Kâ€™ was not declared in this scope; did you mean â€˜[01m[Kstrptime[m[Kâ€™?
[1.940s]   107 | illiseconds>(end_time- [01;31m[Kstart_time[m[K);
[1.940s]       |                        [01;31m[K^~~~~~~~~~[m[K
[1.940s]       |                        [32m[Kstrptime[m[K
[1.940s] [01m[K/home/panav/ros2_ws/src/dwa_planner/src/dwa_node.cpp:108:16:[m[K [01;31m[Kerror: [m[Kâ€˜[01m[Kduration[m[Kâ€™ was not declared in this scope
[1.940s]   108 |         return [01;31m[Kduration[m[K.count() / 1000.0;
[1.940s]       |                [01;31m[K^~~~~~~~[m[K
[1.940s] [01m[K/home/panav/ros2_ws/src/dwa_planner/src/dwa_node.cpp:108:16:[m[K [01;36m[Knote: [m[Ksuggested alternatives:
[1.940s] In file included from [01m[K/usr/include/c++/11/mutex:39[m[K,
[1.940s]                  from [01m[K/usr/include/c++/11/future:38[m[K,
[1.940s]                  from [01m[K/opt/ros/humble/include/rclcpp/rclcpp/executors.hpp:18[m[K,
[1.940s]                  from [01m[K/opt/ros/humble/include/rclcpp/rclcpp/rclcpp.hpp:155[m[K,
[1.941s]                  from [01m[K/home/panav/ros2_ws/src/dwa_planner/include/dwa_node.hpp:4[m[K,
[1.941s]                  from [01m[K/home/panav/ros2_ws/src/dwa_planner/src/dwa_node.cpp:1[m[K:
[1.941s] [01m[K/usr/include/c++/11/chrono:77:14:[m[K [01;36m[Knote: [m[K  â€˜[01m[Kstd::chrono::duration[m[Kâ€™
[1.941s]    77 |       struct [01;36m[Kduration[m[K;
[1.941s]       |              [01;36m[K^~~~~~~~[m[K
[1.941s] [01m[K/usr/include/c++/11/chrono:77:14:[m[K [01;36m[Knote: [m[K  â€˜[01m[Kstd::chrono::duration[m[Kâ€™
[1.949s] [01m[K/home/panav/ros2_ws/src/dwa_planner/src/dwa_node.cpp:[m[K In member function â€˜[01m[Kdouble DWA_node::getPathLength()[m[Kâ€™:
[1.949s] [01m[K/home/panav/ros2_ws/src/dwa_planner/src/dwa_node.cpp:115:12:[m[K [01;31m[Kerror: [m[Kâ€˜[01m[Ktotal_path_length[m[Kâ€™ was not declared in this scope
[1.949s]   115 |     return [01;31m[Ktotal_path_length[m[K;
[1.949s]       |            [01;31m[K^~~~~~~~~~~~~~~~~[m[K
[1.949s] [01m[K/home/panav/ros2_ws/src/dwa_planner/src/dwa_node.cpp:[m[K At global scope:
[1.949s] [01m[K/home/panav/ros2_ws/src/dwa_planner/src/dwa_node.cpp:117:6:[m[K [01;31m[Kerror: [m[Kno declaration matches â€˜[01m[Kvoid DWA_node::resetPath()[m[Kâ€™
[1.950s]   117 | void [01;31m[KDWA_node[m[K::resetPath()
[1.950s]       |      [01;31m[K^~~~~~~~[m[K
[1.950s] [01m[K/home/panav/ros2_ws/src/dwa_planner/src/dwa_node.cpp:117:6:[m[K [01;36m[Knote: [m[Kno functions named â€˜[01m[Kvoid DWA_node::resetPath()[m[Kâ€™
[1.950s] In file included from [01m[K/home/panav/ros2_ws/src/dwa_planner/src/dwa_node.cpp:1[m[K:
[1.950s] [01m[K/home/panav/ros2_ws/src/dwa_planner/include/dwa_node.hpp:23:7:[m[K [01;36m[Knote: [m[Kâ€˜[01m[Kclass DWA_node[m[Kâ€™ defined here
[1.950s]    23 | class [01;36m[KDWA_node[m[K : public rclcpp::Node
[1.950s]       |       [01;36m[K^~~~~~~~[m[K
[1.955s] [01m[K/home/panav/ros2_ws/src/dwa_planner/src/dwa_node.cpp:[m[K In member function â€˜[01m[Kstd::pair<double, double> DWA_node::path_gen()[m[Kâ€™:
[1.955s] [01m[K/home/panav/ros2_ws/src/dwa_planner/src/dwa_node.cpp:154:12:[m[K [01;35m[Kwarning: [m[Kunused variable â€˜[01m[Ktime_step[m[Kâ€™ [[01;35m[K]8;;https://gcc.gnu.org/onlinedocs/gcc/Warning-Options.html#index-Wunused-variable-Wunused-variable]8;;[m[K]
[1.955s]   154 |     double [01;35m[Ktime_step[m[K = this->get_parameter("time_step").as_double();
[1.955s]       |            [01;35m[K^~~~~~~~~[m[K
[1.962s] [01m[K/home/panav/ros2_ws/src/dwa_planner/src/dwa_node.cpp:[m[K In member function â€˜[01m[Kvoid DWA_node::visualize_trajectories(const std::vector<std::vector<std::pair<double, double> > >&, int)[m[Kâ€™:
[1.962s] [01m[K/home/panav/ros2_ws/src/dwa_planner/src/dwa_node.cpp:184:14:[m[K [01;35m[Kwarning: [m[Kcomparison of integer expressions of different signedness: â€˜[01m[Kunsigned int[m[Kâ€™ and â€˜[01m[Kint[m[Kâ€™ [[01;35m[K]8;;https://gcc.gnu.org/onlinedocs/gcc/Warning-Options.html#index-Wsign-compare-Wsign-compare]8;;[m[K]
[1.962s]   184 |         if([01;35m[Ki == best_index[m[K) {
[1.963s]       |            [01;35m[K~~^~~~~~~~~~~~~[m[K
[1.964s] [01m[K/home/panav/ros2_ws/src/dwa_planner/src/dwa_node.cpp:202:17:[m[K [01;35m[Kwarning: [m[Kcomparison of integer expressions of different signedness: â€˜[01m[Kunsigned int[m[Kâ€™ and â€˜[01m[Kint[m[Kâ€™ [[01;35m[K]8;;https://gcc.gnu.org/onlinedocs/gcc/Warning-Options.html#index-Wsign-compare-Wsign-compare]8;;[m[K]
[1.964s]   202 |             if([01;35m[Ki!=best_index[m[K && point_count++ >= 100) break;
[1.964s]       |                [01;35m[K~^~~~~~~~~~~~[m[K
[1.972s] [01m[K/home/panav/ros2_ws/src/dwa_planner/src/dwa_node.cpp:[m[K At global scope:
[1.973s] [01m[K/home/panav/ros2_ws/src/dwa_planner/src/dwa_node.cpp:416:6:[m[K [01;31m[Kerror: [m[Kno declaration matches â€˜[01m[Kvoid DWA_node::get_current_x() const[m[Kâ€™
[1.973s]   416 | void [01;31m[KDWA_node[m[K::get_current_x() const{
[1.973s]       |      [01;31m[K^~~~~~~~[m[K
[1.973s] In file included from [01m[K/home/panav/ros2_ws/src/dwa_planner/src/dwa_node.cpp:1[m[K:
[1.973s] [01m[K/home/panav/ros2_ws/src/dwa_planner/include/dwa_node.hpp:38:16:[m[K [01;36m[Knote: [m[Kcandidate is: â€˜[01m[Kdouble DWA_node::get_current_x() const[m[Kâ€™
[1.973s]    38 |         double [01;36m[Kget_current_x[m[K() const;
[1.973s]       |                [01;36m[K^~~~~~~~~~~~~[m[K
[1.973s] In file included from [01m[K/home/panav/ros2_ws/src/dwa_planner/src/dwa_node.cpp:1[m[K:
[1.973s] [01m[K/home/panav/ros2_ws/src/dwa_planner/include/dwa_node.hpp:23:7:[m[K [01;36m[Knote: [m[Kâ€˜[01m[Kclass DWA_node[m[Kâ€™ defined here
[1.973s]    23 | class [01;36m[KDWA_node[m[K : public rclcpp::Node
[1.973s]       |       [01;36m[K^~~~~~~~[m[K
[1.973s] [01m[K/home/panav/ros2_ws/src/dwa_planner/src/dwa_node.cpp:419:6:[m[K [01;31m[Kerror: [m[Kno declaration matches â€˜[01m[Kvoid DWA_node::get_current_y() const[m[Kâ€™
[1.973s]   419 | void [01;31m[KDWA_node[m[K::get_current_y() const{
[1.973s]       |      [01;31m[K^~~~~~~~[m[K
[1.973s] In file included from [01m[K/home/panav/ros2_ws/src/dwa_planner/src/dwa_node.cpp:1[m[K:
[1.973s] [01m[K/home/panav/ros2_ws/src/dwa_planner/include/dwa_node.hpp:39:16:[m[K [01;36m[Knote: [m[Kcandidate is: â€˜[01m[Kdouble DWA_node::get_current_y() const[m[Kâ€™
[1.973s]    39 |         double [01;36m[Kget_current_y[m[K() const;
[1.973s]       |                [01;36m[K^~~~~~~~~~~~~[m[K
[1.973s] In file included from [01m[K/home/panav/ros2_ws/src/dwa_planner/src/dwa_node.cpp:1[m[K:
[1.973s] [01m[K/home/panav/ros2_ws/src/dwa_planner/include/dwa_node.hpp:23:7:[m[K [01;36m[Knote: [m[Kâ€˜[01m[Kclass DWA_node[m[Kâ€™ defined here
[1.973s]    23 | class [01;36m[KDWA_node[m[K : public rclcpp::Node
[1.973s]       |       [01;36m[K^~~~~~~~[m[K
[1.979s] [01m[K/home/panav/ros2_ws/src/dwa_planner/src/dwa_node.cpp:[m[K In member function â€˜[01m[Kvoid DWA_node::timer_callback()[m[Kâ€™:
[1.980s] [01m[K/home/panav/ros2_ws/src/dwa_planner/src/dwa_node.cpp:425:8:[m[K [01;31m[Kerror: [m[Kâ€˜[01m[Ktimer_started[m[Kâ€™ was not declared in this scope; did you mean â€˜[01m[Ktime_step[m[Kâ€™?
[1.980s]   425 |     if([01;31m[Ktimer_started[m[K && !path_history.empty())
[1.980s]       |        [01;31m[K^~~~~~~~~~~~~[m[K
[1.980s]       |        [32m[Ktime_step[m[K
[1.985s] [01m[K/home/panav/ros2_ws/src/dwa_planner/src/dwa_node.cpp:425:26:[m[K [01;31m[Kerror: [m[Kâ€˜[01m[Kpath_history[m[Kâ€™ was not declared in this scope; did you mean â€˜[01m[Kget_path_history[m[Kâ€™?
[1.985s]   425 |   if(timer_started && ![01;31m[Kpath_history[m[K.empty())
[1.985s]       |                        [01;31m[K^~~~~~~~~~~~[m[K
[1.985s]       |                        [32m[Kget_path_history[m[K
[1.992s] [01m[K/home/panav/ros2_ws/src/dwa_planner/src/dwa_node.cpp:434:9:[m[K [01;31m[Kerror: [m[Kâ€˜[01m[Ktotal_path_length[m[Kâ€™ was not declared in this scope
[1.992s]   434 |         [01;31m[Ktotal_path_length[m[K +=distance;
[1.992s]       |         [01;31m[K^~~~~~~~~~~~~~~~~[m[K
[1.998s] [01m[K/home/panav/ros2_ws/src/dwa_planner/src/dwa_node.cpp:436:8:[m[K [01;31m[Kerror: [m[Kâ€˜[01m[Ktiming_started[m[Kâ€™ was not declared in this scope
[1.998s]   436 |     if([01;31m[Ktiming_started[m[K)
[1.998s]       |        [01;31m[K^~~~~~~~~~~~~~[m[K
[2.003s] [01m[K/home/panav/ros2_ws/src/dwa_planner/src/dwa_node.cpp:438:9:[m[K [01;31m[Kerror: [m[Kâ€˜[01m[Kpath_history[m[Kâ€™ was not declared in this scope; did you mean â€˜[01m[Kget_path_history[m[Kâ€™?
[2.003s]   438 |         [01;31m[Kpath_history[m[K.push_back(make_pair(get_current_x(), get_current_y()));
[2.003s]       |         [01;31m[K^~~~~~~~~~~~[m[K
[2.003s]       |         [32m[Kget_path_history[m[K
[5.154s] gmake[2]: *** [CMakeFiles/dwa_node.dir/build.make:76: CMakeFiles/dwa_node.dir/src/dwa_node.cpp.o] Error 1
[5.154s] gmake[1]: *** [CMakeFiles/Makefile2:137: CMakeFiles/dwa_node.dir/all] Error 2
[5.154s] gmake: *** [Makefile:146: all] Error 2
[5.160s] Invoked command in '/home/panav/ros2_ws/src/dwa_planner/build/dwa_planner' returned '2': CMAKE_PREFIX_PATH=${CMAKE_PREFIX_PATH}:/home/panav/ros2_ws/install/turtlebot3_teleop:/home/panav/ros2_ws/install/turtlebot3_example:/opt/ros/humble /usr/bin/cmake --build /home/panav/ros2_ws/src/dwa_planner/build/dwa_planner
