[01m[K/home/panav/ros2_ws/src/dwa_planner/src/dwa_node.cpp:3:3:[m[K [01;31m[Kerror: [m[Kinvalid preprocessing directive #Messages
    3 | # [01;31m[KMessages[m[K
      |   [01;31m[K^~~~~~~~[m[K
[01m[K/home/panav/ros2_ws/src/dwa_planner/src/dwa_node.cpp:6:10:[m[K [01;31m[Kfatal error: [m[Knav_msg/msg/odometry.hpp: No such file or directory
    6 | #include [01;31m[K<nav_msg/msg/odometry.hpp>[m[K
      |          [01;31m[K^~~~~~~~~~~~~~~~~~~~~~~~~~[m[K
compilation terminated.
gmake[2]: *** [CMakeFiles/dwa_node.dir/build.make:76: CMakeFiles/dwa_node.dir/src/dwa_node.cpp.o] Error 1
gmake[1]: *** [CMakeFiles/Makefile2:137: CMakeFiles/dwa_node.dir/all] Error 2
gmake: *** [Makefile:146: all] Error 2
