[ 25%] [32mBuilding CXX object CMakeFiles/test_node.dir/src/tester.cpp.o[0m
In file included from [01m[K/home/panav/ros2_ws/src/dwa_planner/src/tester.cpp:1[m[K:
[01m[K/home/panav/ros2_ws/src/dwa_planner/include/dwa_node.hpp:4:10:[m[K [01;31m[Kfatal error: [m[Krclcpp/rclcpp.hpp: No such file or directory
    4 | #include [01;31m[K<rclcpp/rclcpp.hpp>[m[K
      |          [01;31m[K^~~~~~~~~~~~~~~~~~~[m[K
compilation terminated.
gmake[2]: *** [CMakeFiles/test_node.dir/build.make:76: CMakeFiles/test_node.dir/src/tester.cpp.o] Error 1
[ 75%] Built target dwa_node
gmake[1]: *** [CMakeFiles/Makefile2:165: CMakeFiles/test_node.dir/all] Error 2
gmake[1]: *** Waiting for unfinished jobs....
gmake: *** [Makefile:146: all] Error 2
