[35m[1mConsolidate compiler generated dependencies of target dwa_node[0m
[ 50%] [32mBuilding CXX object CMakeFiles/dwa_node.dir/src/dwa_node.cpp.o[0m
[01m[K/home/panav/ros2_ws/src/dwa_planner/src/dwa_node.cpp:58:5:[m[K [01;31m[Kerror: [m[Kâ€˜[01m[Ksensor_nmsgs[m[Kâ€™ does not name a type
   58 |     [01;31m[Ksensor_nmsgs[m[K::msg::LaserScan current_scan;
      |     [01;31m[K^~~~~~~~~~~~[m[K
[01m[K/home/panav/ros2_ws/src/dwa_planner/src/dwa_node.cpp:65:50:[m[K [01;31m[Kerror: [m[Kexpected identifier before numeric constant
   65 | _distribution<double> speed_dist([01;31m[K0[m[K,max_speed);
      |                                  [01;31m[K^[m[K

[01m[K/home/panav/ros2_ws/src/dwa_planner/src/dwa_node.cpp:65:50:[m[K [01;31m[Kerror: [m[Kexpected â€˜[01m[K,[m[Kâ€™ or â€˜[01m[K...[m[Kâ€™ before numeric constant
[01m[K/home/panav/ros2_ws/src/dwa_planner/src/dwa_node.cpp:66:53:[m[K [01;31m[Kerror: [m[Kexpected identifier before â€˜[01m[K-[m[Kâ€™ token
   66 | stribution<double> rotation_dist([01;31m[K-[m[Kmax_rotation_speed, max_rotation_speed);
      |                                  [01;31m[K^[m[K

[01m[K/home/panav/ros2_ws/src/dwa_planner/src/dwa_node.cpp:66:53:[m[K [01;31m[Kerror: [m[Kexpected â€˜[01m[K,[m[Kâ€™ or â€˜[01m[K...[m[Kâ€™ before â€˜[01m[K-[m[Kâ€™ token
[01m[K/home/panav/ros2_ws/src/dwa_planner/src/dwa_node.cpp:79:48:[m[K [01;31m[Kerror: [m[Kâ€˜[01m[KLaseScan[m[Kâ€™ in namespace â€˜[01m[Ksensor_msgs::msg[m[Kâ€™ does not name a type; did you mean â€˜[01m[KLaserScan[m[Kâ€™?
   79 | callback(const sensor_msgs::msg::[01;31m[KLaseScan[m[K::SharedPtr msg)
      |                                  [01;31m[K^~~~~~~~[m[K
      |                                  [32m[KLaserScan[m[K
[01m[K/home/panav/ros2_ws/src/dwa_planner/src/dwa_node.cpp:79:68:[m[K [01;31m[Kerror: [m[Kexpected unqualified-id before â€˜[01m[Kmsg[m[Kâ€™
   79 | t sensor_msgs::msg::LaseScan::SharedPtr [01;31m[Kmsg[m[K)
      |                                         [01;31m[K^~~[m[K

[01m[K/home/panav/ros2_ws/src/dwa_planner/src/dwa_node.cpp:79:67:[m[K [01;31m[Kerror: [m[Kexpected â€˜[01m[K)[m[Kâ€™ before â€˜[01m[Kmsg[m[Kâ€™
   79 | t sensor_msgs::msg::LaseScan::SharedPtr[01;31m[K [m[K[32m[Kmsg[m[K)
      |                                        [01;31m[K^[m[K[32m[K~~~[m[K
      |                                        [32m[K)[m[K
[01m[K/home/panav/ros2_ws/src/dwa_planner/src/dwa_node.cpp:79:58:[m[K [01;31m[Kerror: [m[Kexpected â€˜[01m[K;[m[Kâ€™ at end of member declaration
   79 | onst sensor_msgs::msg::LaseScan::[01;31m[KSharedPtr[m[K msg)
      |                                  [01;31m[K^~~~~~~~~[m[K
      |                                           [32m[K;[m[K
[01m[K/home/panav/ros2_ws/src/dwa_planner/src/dwa_node.cpp:79:68:[m[K [01;31m[Kerror: [m[Kâ€˜[01m[Kmsg[m[Kâ€™ does not name a type
   79 | t sensor_msgs::msg::LaseScan::SharedPtr [01;31m[Kmsg[m[K)
      |                                         [01;31m[K^~~[m[K

[01m[K/home/panav/ros2_ws/src/dwa_planner/src/dwa_node.cpp:143:9:[m[K [01;31m[Kerror: [m[Kexpected unqualified-id before â€˜[01m[Kreturn[m[Kâ€™
  143 |         [01;31m[Kreturn[m[K 0.0;
      |         [01;31m[K^~~~~~[m[K
[01m[K/home/panav/ros2_ws/src/dwa_planner/src/dwa_node.cpp:[m[K In constructor â€˜[01m[KDWA_node::DWA_node()[m[Kâ€™:
[01m[K/home/panav/ros2_ws/src/dwa_planner/src/dwa_node.cpp:27:58:[m[K [01;31m[Kerror: [m[Kno matching function for call to â€˜[01m[KDWA_node::create_publisher<geometry_msgs::msg::Twist>(const char [11])[m[Kâ€™
   27 | [01;31m[Klisher<geometry_msgs::msg::Twist>("cmd_vel,10")[m[K;
      | [01;31m[K~~~~~~~~~~~~~~~~~~~~~~~~~~~~~~~~~^~~~~~~~~~~~~~[m[K

In file included from [01m[K/opt/ros/humble/include/rclcpp/rclcpp/executors/single_threaded_executor.hpp:28[m[K,
                 from [01m[K/opt/ros/humble/include/rclcpp/rclcpp/executors.hpp:22[m[K,
                 from [01m[K/opt/ros/humble/include/rclcpp/rclcpp/rclcpp.hpp:155[m[K,
                 from [01m[K/home/panav/ros2_ws/src/dwa_planner/src/dwa_node.cpp:1[m[K:
[01m[K/opt/ros/humble/include/rclcpp/rclcpp/node.hpp:195:3:[m[K [01;36m[Knote: [m[Kcandidate: â€˜[01m[Ktemplate<class MessageT, class AllocatorT, class PublisherT> std::shared_ptr<PublisherT> rclcpp::Node::create_publisher(const string&, const rclcpp::QoS&, const rclcpp::PublisherOptionsWithAllocator<AllocatorT>&)[m[Kâ€™
  195 |   [01;36m[Kcreate_publisher[m[K(
      |   [01;36m[K^~~~~~~~~~~~~~~~[m[K
[01m[K/opt/ros/humble/include/rclcpp/rclcpp/node.hpp:195:3:[m[K [01;36m[Knote: [m[K  template argument deduction/substitution failed:
[01m[K/home/panav/ros2_ws/src/dwa_planner/src/dwa_node.cpp:27:58:[m[K [01;36m[Knote: [m[K  candidate expects 3 arguments, 1 provided
   27 | [01;36m[Klisher<geometry_msgs::msg::Twist>("cmd_vel,10")[m[K;
      | [01;36m[K~~~~~~~~~~~~~~~~~~~~~~~~~~~~~~~~~^~~~~~~~~~~~~~[m[K

[01m[K/home/panav/ros2_ws/src/dwa_planner/src/dwa_node.cpp:31:5:[m[K [01;31m[Kerror: [m[Kâ€˜[01m[Kscan_sub[m[Kâ€™ was not declared in this scope; did you mean â€˜[01m[Kscan_pub[m[Kâ€™?
   31 |     [01;31m[Kscan_sub[m[K = create_sbscription<sensor_msgs::msg::LaserScan>("/scan",10,std::bind(&DWA_node::scan_callback, this, std::placeholders::_1));
      |     [01;31m[K^~~~~~~~[m[K
      |     [32m[Kscan_pub[m[K
[01m[K/home/panav/ros2_ws/src/dwa_planner/src/dwa_node.cpp:31:16:[m[K [01;31m[Kerror: [m[Kâ€˜[01m[Kcreate_sbscription[m[Kâ€™ was not declared in this scope; did you mean â€˜[01m[Kcreate_subscription[m[Kâ€™?
   31 |     scan_sub = [01;31m[Kcreate_sbscription[m[K<sensor_msgs::msg::LaserScan>("/scan",10,std::bind(&DWA_node::scan_callback, this, std::placeholders::_1));
      |                [01;31m[K^~~~~~~~~~~~~~~~~~[m[K
      |                [32m[Kcreate_subscription[m[K
[01m[K/home/panav/ros2_ws/src/dwa_planner/src/dwa_node.cpp:31:62:[m[K [01;31m[Kerror: [m[Kexpected primary-expression before â€˜[01m[K>[m[Kâ€™ token
   31 | ption<sensor_msgs::msg::LaserScan[01;31m[K>[m[K("/scan",10,std::bind(&DWA_node::scan_callback, this, std::placeholders::_1));
      |                                  [01;31m[K^[m[K

[01m[K/home/panav/ros2_ws/src/dwa_planner/src/dwa_node.cpp:31:64:[m[K [01;35m[Kwarning: [m[Kleft operand of comma operator has no effect [[01;35m[K]8;;https://gcc.gnu.org/onlinedocs/gcc/Warning-Options.html#index-Wunused-value-Wunused-value]8;;[m[K]
   31 | ion<sensor_msgs::msg::LaserScan>([01;35m[K"/scan"[m[K,10,std::bind(&DWA_node::scan_callback, this, std::placeholders::_1));
      |                                  [01;35m[K^~~~~~~[m[K

[01m[K/home/panav/ros2_ws/src/dwa_planner/src/dwa_node.cpp:31:138:[m[K [01;35m[Kwarning: [m[Kright operand of comma operator has no effect [[01;35m[K]8;;https://gcc.gnu.org/onlinedocs/gcc/Warning-Options.html#index-Wunused-value-Wunused-value]8;;[m[K]
   31 | can_callback, this, std::placeholders::_1[01;35m[K)[m[K);
      |                                          [01;35m[K^[m[K

[01m[K/home/panav/ros2_ws/src/dwa_planner/src/dwa_node.cpp:43:5:[m[K [01;31m[Kerror: [m[Kâ€˜[01m[Kgoal[m[Kâ€™ was not declared in this scope; did you mean â€˜[01m[Kgoal_x[m[Kâ€™?
   43 |     [01;31m[Kgoal[m[K();
      |     [01;31m[K^~~~[m[K
      |     [32m[Kgoal_x[m[K
[01m[K/home/panav/ros2_ws/src/dwa_planner/src/dwa_node.cpp:46:30:[m[K [01;31m[Kerror: [m[Kâ€˜[01m[Ktimer_callback[m[Kâ€™ is not a member of â€˜[01m[KDWA_node[m[Kâ€™
   46 |         std::bind(&DWA_node::[01;31m[Ktimer_callback[m[K, this)
      |                              [01;31m[K^~~~~~~~~~~~~~[m[K
[01m[K/home/panav/ros2_ws/src/dwa_planner/src/dwa_node.cpp:[m[K In member function â€˜[01m[Kstd::vector<std::pair<double, double> > DWA_node::motion_ranges(double, double, double, const Odometry&)[m[Kâ€™:
[01m[K/home/panav/ros2_ws/src/dwa_planner/src/dwa_node.cpp:98:20:[m[K [01;31m[Kerror: [m[Kâ€˜[01m[Kodom_data[m[Kâ€™ was not declared in this scope; did you mean â€˜[01m[Krandom_data[m[Kâ€™?
   98 |         double x = [01;31m[Kodom_data[m[K.pose.pose.position.x;
      |                    [01;31m[K^~~~~~~~~[m[K
      |                    [32m[Krandom_data[m[K
[01m[K/home/panav/ros2_ws/src/dwa_planner/src/dwa_node.cpp:100:27:[m[K [01;31m[Kerror: [m[Kexpected primary-expression before â€˜[01m[K.[m[Kâ€™ token
  100 |         double theta = tf2[01;31m[K.[m[KgetYaw(odom_data.pose.pose.orientation);
      |                           [01;31m[K^[m[K
[01m[K/home/panav/ros2_ws/src/dwa_planner/src/dwa_node.cpp:102:24:[m[K [01;31m[Kerror: [m[Kâ€˜[01m[Ktrajectory_length[m[Kâ€™ was not declared in this scope
  102 |         for(int i =0;i<[01;31m[Ktrajectory_length[m[K;i++)
      |                        [01;31m[K^~~~~~~~~~~~~~~~~[m[K
[01m[K/home/panav/ros2_ws/src/dwa_planner/src/dwa_node.cpp:104:13:[m[K [01;31m[Kerror: [m[Kâ€˜[01m[Kyaw[m[Kâ€™ was not declared in this scope
  104 |             [01;31m[Kyaw[m[K+=turn_rate * time_step;
      |             [01;31m[K^~~[m[K
[01m[K/home/panav/ros2_ws/src/dwa_planner/src/dwa_node.cpp:104:18:[m[K [01;31m[Kerror: [m[Kâ€˜[01m[Kturn_rate[m[Kâ€™ was not declared in this scope; did you mean â€˜[01m[Ktruncate[m[Kâ€™?
  104 |             yaw+=[01;31m[Kturn_rate[m[K * time_step;
      |                  [01;31m[K^~~~~~~~~[m[K
      |                  [32m[Ktruncate[m[K
[01m[K/home/panav/ros2_ws/src/dwa_planner/src/dwa_node.cpp:100:16:[m[K [01;35m[Kwarning: [m[Kunused variable â€˜[01m[Ktheta[m[Kâ€™ [[01;35m[K]8;;https://gcc.gnu.org/onlinedocs/gcc/Warning-Options.html#index-Wunused-variable-Wunused-variable]8;;[m[K]
  100 |         double [01;35m[Ktheta[m[K = tf2.getYaw(odom_data.pose.pose.orientation);
      |                [01;35m[K^~~~~[m[K
[01m[K/home/panav/ros2_ws/src/dwa_planner/src/dwa_node.cpp:95:70:[m[K [01;35m[Kwarning: [m[Kunused parameter â€˜[01m[Krotation_speed[m[Kâ€™ [[01;35m[K]8;;https://gcc.gnu.org/onlinedocs/gcc/Warning-Options.html#index-Wunused-parameter-Wunused-parameter]8;;[m[K]
   95 | tion_ranges(double speed, [01;35m[Kdouble rotation_speed[m[K, double time_step, const nav_msgs::msg::Odometry& odom)
      |                           [01;35m[K~~~~~~~^~~~~~~~~~~~~~[m[K

[01m[K/home/panav/ros2_ws/src/dwa_planner/src/dwa_node.cpp:95:135:[m[K [01;35m[Kwarning: [m[Kunused parameter â€˜[01m[Kodom[m[Kâ€™ [[01;35m[K]8;;https://gcc.gnu.org/onlinedocs/gcc/Warning-Options.html#index-Wunused-parameter-Wunused-parameter]8;;[m[K]
   95 | e_step, [01;35m[Kconst nav_msgs::msg::Odometry& odom[m[K)
      |         [01;35m[K~~~~~~~~~~~~~~~~~~~~~~~~~~~~~~~^~~~[m[K

[01m[K/home/panav/ros2_ws/src/dwa_planner/src/dwa_node.cpp:[m[K In member function â€˜[01m[Kstd::pair<double, double> DWA_node::path_gen()[m[Kâ€™:
[01m[K/home/panav/ros2_ws/src/dwa_planner/src/dwa_node.cpp:114:35:[m[K [01;31m[Kerror: [m[Kcannot convert â€˜[01m[Kstd::random_device[m[Kâ€™ to â€˜[01m[Kint[m[Kâ€™
  114 |         double speed = speed_dist([01;31m[Krd[m[K);
      |                                   [01;31m[K^~[m[K
      |                                   [01;31m[K|[m[K
      |                                   [01;31m[Kstd::random_device[m[K
[01m[K/home/panav/ros2_ws/src/dwa_planner/src/dwa_node.cpp:65:50:[m[K [01;36m[Knote: [m[K  initializing argument 1 of â€˜[01m[Kstd::uniform_real_distribution<double> DWA_node::speed_dist(int)[m[Kâ€™
   65 | _distribution<double> speed_dist([01;36m[K0[m[K,max_speed);
      |                                  [01;36m[K^[m[K

[01m[K/home/panav/ros2_ws/src/dwa_planner/src/dwa_node.cpp:115:47:[m[K [01;31m[Kerror: [m[Kcannot convert â€˜[01m[Kstd::random_device[m[Kâ€™ to â€˜[01m[Kint[m[Kâ€™
  115 |   double rotation_speed = rotation_dist([01;31m[Krd[m[K);
      |                                         [01;31m[K^~[m[K
      |                                         [01;31m[K|[m[K
      |                                         [01;31m[Kstd::random_device[m[K

[01m[K/home/panav/ros2_ws/src/dwa_planner/src/dwa_node.cpp:66:53:[m[K [01;36m[Knote: [m[K  initializing argument 1 of â€˜[01m[Kstd::uniform_real_distribution<double> DWA_node::rotation_dist(int)[m[Kâ€™
   66 | stribution<double> rotation_dist([01;36m[K-[m[Kmax_rotation_speed, max_rotation_speed);
      |                                  [01;36m[K^[m[K

[01m[K/home/panav/ros2_ws/src/dwa_planner/src/dwa_node.cpp:118:64:[m[K [01;31m[Kerror: [m[Kno matching function for call to â€˜[01m[KDWA_node::motion_ranges(double&, double&)[m[Kâ€™
  118 | uble>> trajectory = [01;31m[Kmotion_ranges(speed, rotation_speed)[m[K;
      |                     [01;31m[K~~~~~~~~~~~~~^~~~~~~~~~~~~~~~~~~~~~~[m[K

[01m[K/home/panav/ros2_ws/src/dwa_planner/src/dwa_node.cpp:95:35:[m[K [01;36m[Knote: [m[Kcandidate: â€˜[01m[Kstd::vector<std::pair<double, double> > DWA_node::motion_ranges(double, double, double, const Odometry&)[m[Kâ€™
   95 |    vector <pair<double, double>> [01;36m[Kmotion_ranges[m[K(double speed, double rotation_speed, double time_step, const nav_msgs::msg::Odometry& odom)
      |                                  [01;36m[K^~~~~~~~~~~~~[m[K

[01m[K/home/panav/ros2_ws/src/dwa_planner/src/dwa_node.cpp:95:35:[m[K [01;36m[Knote: [m[K  candidate expects 4 arguments, 2 provided
[01m[K/home/panav/ros2_ws/src/dwa_planner/src/dwa_node.cpp:116:16:[m[K [01;35m[Kwarning: [m[Kunused variable â€˜[01m[Ktime_step[m[Kâ€™ [[01;35m[K]8;;https://gcc.gnu.org/onlinedocs/gcc/Warning-Options.html#index-Wunused-variable-Wunused-variable]8;;[m[K]
  116 |         double [01;35m[Ktime_step[m[K = this->get_parameter("time_step").as_double();
      |                [01;35m[K^~~~~~~~~[m[K
In file included from [01m[K/opt/ros/humble/include/rclcpp/rclcpp/client.hpp:40[m[K,
                 from [01m[K/opt/ros/humble/include/rclcpp/rclcpp/callback_group.hpp:24[m[K,
                 from [01m[K/opt/ros/humble/include/rclcpp/rclcpp/any_executable.hpp:20[m[K,
                 from [01m[K/opt/ros/humble/include/rclcpp/rclcpp/memory_strategy.hpp:25[m[K,
                 from [01m[K/opt/ros/humble/include/rclcpp/rclcpp/memory_strategies.hpp:18[m[K,
                 from [01m[K/opt/ros/humble/include/rclcpp/rclcpp/executor_options.hpp:20[m[K,
                 from [01m[K/opt/ros/humble/include/rclcpp/rclcpp/executor.hpp:37[m[K,
                 from [01m[K/opt/ros/humble/include/rclcpp/rclcpp/executors/multi_threaded_executor.hpp:25[m[K,
                 from [01m[K/opt/ros/humble/include/rclcpp/rclcpp/executors.hpp:21[m[K,
                 from [01m[K/opt/ros/humble/include/rclcpp/rclcpp/rclcpp.hpp:155[m[K,
                 from [01m[K/home/panav/ros2_ws/src/dwa_planner/src/dwa_node.cpp:1[m[K:
[01m[K/home/panav/ros2_ws/src/dwa_planner/src/dwa_node.cpp:[m[K In member function â€˜[01m[Kdouble DWA_node::collision_avoidance(const std::vector<std::pair<double, double> >&, const LaserScan&)[m[Kâ€™:
[01m[K/home/panav/ros2_ws/src/dwa_planner/src/dwa_node.cpp:126:44:[m[K [01;31m[Kerror: [m[Kexpected â€˜[01m[K)[m[Kâ€™ before string constant
  126 |   RCLCPP_WARN(this->get_logger() [01;31m[K"No Laser scan data available"[m[K);
      |                                  [01;31m[K^~~~~~~~~~~~~~~~~~~~~~~~~~~~~~[m[K

[01m[K/home/panav/ros2_ws/src/dwa_planner/src/dwa_node.cpp:126:13:[m[K [01;36m[Knote: [m[Kto match this â€˜[01m[K([m[Kâ€™
  126 |             [01;36m[KRCLCPP_WARN[m[K(this->get_logger() "No Laser scan data available");
      |             [01;36m[K^~~~~~~~~~~[m[K
[01m[K/home/panav/ros2_ws/src/dwa_planner/src/dwa_node.cpp:126:13:[m[K [01;31m[Kerror: [m[Ktemplate argument 1 is invalid
  126 |             [01;31m[KRCLCPP_WARN[m[K(this->get_logger() "No Laser scan data available");
      |             [01;31m[K^~~~~~~~~~~[m[K
[01m[K/home/panav/ros2_ws/src/dwa_planner/src/dwa_node.cpp:126:13:[m[K [01;31m[Kerror: [m[Ktemplate argument 1 is invalid
  126 |             [01;31m[KRCLCPP_WARN[m[K(this->get_logger() "No Laser scan data available");
      |             [01;31m[K^~~~~~~~~~~[m[K
[01m[K/home/panav/ros2_ws/src/dwa_planner/src/dwa_node.cpp:126:13:[m[K [01;31m[Kerror: [m[Ktemplate argument 1 is invalid
  126 |             [01;31m[KRCLCPP_WARN[m[K(this->get_logger() "No Laser scan data available");
      |             [01;31m[K^~~~~~~~~~~[m[K
In file included from [01m[K/opt/ros/humble/include/rclcpp/rclcpp/logging.hpp:24[m[K,
                 from [01m[K/opt/ros/humble/include/rclcpp/rclcpp/client.hpp:40[m[K,
                 from [01m[K/opt/ros/humble/include/rclcpp/rclcpp/callback_group.hpp:24[m[K,
                 from [01m[K/opt/ros/humble/include/rclcpp/rclcpp/any_executable.hpp:20[m[K,
                 from [01m[K/opt/ros/humble/include/rclcpp/rclcpp/memory_strategy.hpp:25[m[K,
                 from [01m[K/opt/ros/humble/include/rclcpp/rclcpp/memory_strategies.hpp:18[m[K,
                 from [01m[K/opt/ros/humble/include/rclcpp/rclcpp/executor_options.hpp:20[m[K,
                 from [01m[K/opt/ros/humble/include/rclcpp/rclcpp/executor.hpp:37[m[K,
                 from [01m[K/opt/ros/humble/include/rclcpp/rclcpp/executors/multi_threaded_executor.hpp:25[m[K,
                 from [01m[K/opt/ros/humble/include/rclcpp/rclcpp/executors.hpp:21[m[K,
                 from [01m[K/opt/ros/humble/include/rclcpp/rclcpp/rclcpp.hpp:155[m[K,
                 from [01m[K/home/panav/ros2_ws/src/dwa_planner/src/dwa_node.cpp:1[m[K:
[01m[K/home/panav/ros2_ws/src/dwa_planner/src/dwa_node.cpp:126:44:[m[K [01;31m[Kerror: [m[Kexpected â€˜[01m[K)[m[Kâ€™ before string constant
  126 |   RCLCPP_WARN(this->get_logger() [01;31m[K"No Laser scan data available"[m[K);
      |                                  [01;31m[K^~~~~~~~~~~~~~~~~~~~~~~~~~~~~~[m[K

[01m[K/home/panav/ros2_ws/src/dwa_planner/src/dwa_node.cpp:126:13:[m[K [01;36m[Knote: [m[Kto match this â€˜[01m[K([m[Kâ€™
  126 |             [01;36m[KRCLCPP_WARN[m[K(this->get_logger() "No Laser scan data available");
      |             [01;36m[K^~~~~~~~~~~[m[K
[01m[K/home/panav/ros2_ws/src/dwa_planner/src/dwa_node.cpp:126:13:[m[K [01;31m[Kerror: [m[Kexpected â€˜[01m[K)[m[Kâ€™ before â€˜[01m[K}[m[Kâ€™ token
  126 |             [01;31m[KRCLCPP_WARN[m[K(this->get_logger() "No Laser scan data available");
      |             [01;31m[K^~~~~~~~~~~[m[K
[01m[K/home/panav/ros2_ws/src/dwa_planner/src/dwa_node.cpp:126:13:[m[K [01;36m[Knote: [m[Kto match this â€˜[01m[K([m[Kâ€™
  126 |             [01;36m[KRCLCPP_WARN[m[K(this->get_logger() "No Laser scan data available");
      |             [01;36m[K^~~~~~~~~~~[m[K
[01m[K/home/panav/ros2_ws/src/dwa_planner/src/dwa_node.cpp:126:13:[m[K [01;31m[Kerror: [m[Kexpected â€˜[01m[K)[m[Kâ€™ before â€˜[01m[K}[m[Kâ€™ token
  126 |             [01;31m[KRCLCPP_WARN[m[K(this->get_logger() "No Laser scan data available");
      |             [01;31m[K^~~~~~~~~~~[m[K
[01m[K/home/panav/ros2_ws/src/dwa_planner/src/dwa_node.cpp:126:13:[m[K [01;36m[Knote: [m[Kto match this â€˜[01m[K([m[Kâ€™
  126 |             [01;36m[KRCLCPP_WARN[m[K(this->get_logger() "No Laser scan data available");
      |             [01;36m[K^~~~~~~~~~~[m[K
[01m[K/home/panav/ros2_ws/src/dwa_planner/src/dwa_node.cpp:126:13:[m[K [01;31m[Kerror: [m[Kexpected primary-expression before â€˜[01m[K}[m[Kâ€™ token
  126 |             [01;31m[KRCLCPP_WARN[m[K(this->get_logger() "No Laser scan data available");
      |             [01;31m[K^~~~~~~~~~~[m[K
[01m[K/home/panav/ros2_ws/src/dwa_planner/src/dwa_node.cpp:135:147:[m[K [01;31m[Kerror: [m[Kâ€˜[01m[Kscan_data[m[Kâ€™ was not declared in this scope
  135 | .position.x)+M_PI) / (2*M_PI)) * [01;31m[Kscan_data[m[K.ranges.size();
      |                                  [01;31m[K^~~~~~~~~[m[K

[01m[K/home/panav/ros2_ws/src/dwa_planner/src/dwa_node.cpp:137:28:[m[K [01;31m[Kerror: [m[Kâ€˜[01m[Kscan_data_[m[Kâ€™ was not declared in this scope
  137 |             if (distance < [01;31m[Kscan_data_[m[K->ranges[scan_index] - tolerance) {
      |                            [01;31m[K^~~~~~~~~~[m[K
[01m[K/home/panav/ros2_ws/src/dwa_planner/src/dwa_node.cpp:137:47:[m[K [01;31m[Kerror: [m[Kâ€˜[01m[Kscan_index[m[Kâ€™ was not declared in this scope
  137 | f (distance < scan_data_->ranges[[01;31m[Kscan_index[m[K] - tolerance) {
      |                                  [01;31m[K^~~~~~~~~~[m[K

[01m[K/home/panav/ros2_ws/src/dwa_planner/src/dwa_node.cpp:137:61:[m[K [01;31m[Kerror: [m[Kâ€˜[01m[Ktolerance[m[Kâ€™ was not declared in this scope
  137 | scan_data_->ranges[scan_index] - [01;31m[Ktolerance[m[K) {
      |                                  [01;31m[K^~~~~~~~~[m[K

[01m[K/home/panav/ros2_ws/src/dwa_planner/src/dwa_node.cpp:138:25:[m[K [01;31m[Kerror: [m[Kâ€˜[01m[KINT_MAX[m[Kâ€™ was not declared in this scope
  138 |                 return -[01;31m[KINT_MAX[m[K;
      |                         [01;31m[K^~~~~~~[m[K
[01m[K/home/panav/ros2_ws/src/dwa_planner/src/dwa_node.cpp:19:1:[m[K [01;36m[Knote: [m[Kâ€˜[01m[KINT_MAX[m[Kâ€™ is defined in header â€˜[01m[K<climits>[m[Kâ€™; did you forget to â€˜[01m[K#include <climits>[m[Kâ€™?
   18 | #include <tf2/LinearMath/Matrix3x3.h>
  +++ |+[32m[K#include <climits>[m[K
   19 | 
[01m[K/home/panav/ros2_ws/src/dwa_planner/src/dwa_node.cpp:135:17:[m[K [01;35m[Kwarning: [m[Kunused variable â€˜[01m[Kindex[m[Kâ€™ [[01;35m[K]8;;https://gcc.gnu.org/onlinedocs/gcc/Warning-Options.html#index-Wunused-variable-Wunused-variable]8;;[m[K]
  135 |             int [01;35m[Kindex[m[K = static_cast<int>((atan2(y - current_odom.pose.pose.position.y, x - current_odom.pose.pose.position.x)+M_PI) / (2*M_PI)) * scan_data.ranges.size();
      |                 [01;35m[K^~~~~[m[K
[01m[K/home/panav/ros2_ws/src/dwa_planner/src/dwa_node.cpp:[m[K At global scope:
[01m[K/home/panav/ros2_ws/src/dwa_planner/src/dwa_node.cpp:145:26:[m[K [01;31m[Kerror: [m[Kinvalid declarator before â€˜[01m[Kdwa_control[m[Kâ€™
  145 |     pair<double, double> [01;31m[Kdwa_control[m[K(const vector<pair<double, double>>& trajectory, const sensor_msgs::msg::LaserScan& scan)
      |                          [01;31m[K^~~~~~~~~~~[m[K
[01m[K/home/panav/ros2_ws/src/dwa_planner/src/dwa_node.cpp:[m[K In function â€˜[01m[Kvoid timer_callback()[m[Kâ€™:
[01m[K/home/panav/ros2_ws/src/dwa_planner/src/dwa_node.cpp:198:12:[m[K [01;31m[Kerror: [m[Kâ€˜[01m[Kgoal_converged[m[Kâ€™ was not declared in this scope
  198 |         if([01;31m[Kgoal_converged[m[K)
      |            [01;31m[K^~~~~~~~~~~~~~[m[K
In file included from [01m[K/opt/ros/humble/include/rclcpp/rclcpp/client.hpp:40[m[K,
                 from [01m[K/opt/ros/humble/include/rclcpp/rclcpp/callback_group.hpp:24[m[K,
                 from [01m[K/opt/ros/humble/include/rclcpp/rclcpp/any_executable.hpp:20[m[K,
                 from [01m[K/opt/ros/humble/include/rclcpp/rclcpp/memory_strategy.hpp:25[m[K,
                 from [01m[K/opt/ros/humble/include/rclcpp/rclcpp/memory_strategies.hpp:18[m[K,
                 from [01m[K/opt/ros/humble/include/rclcpp/rclcpp/executor_options.hpp:20[m[K,
                 from [01m[K/opt/ros/humble/include/rclcpp/rclcpp/executor.hpp:37[m[K,
                 from [01m[K/opt/ros/humble/include/rclcpp/rclcpp/executors/multi_threaded_executor.hpp:25[m[K,
                 from [01m[K/opt/ros/humble/include/rclcpp/rclcpp/executors.hpp:21[m[K,
                 from [01m[K/opt/ros/humble/include/rclcpp/rclcpp/rclcpp.hpp:155[m[K,
                 from [01m[K/home/panav/ros2_ws/src/dwa_planner/src/dwa_node.cpp:1[m[K:
[01m[K/home/panav/ros2_ws/src/dwa_planner/src/dwa_node.cpp:200:25:[m[K [01;31m[Kerror: [m[Kinvalid use of â€˜[01m[Kthis[m[Kâ€™ in non-member function
  200 |             RCLCPP_INFO([01;31m[Kthis[m[K->get_logger(), "Goal already converged");
      |                         [01;31m[K^~~~[m[K
[01m[K/home/panav/ros2_ws/src/dwa_planner/src/dwa_node.cpp:200:25:[m[K [01;31m[Kerror: [m[Kinvalid use of â€˜[01m[Kthis[m[Kâ€™ in non-member function
[01m[K/home/panav/ros2_ws/src/dwa_planner/src/dwa_node.cpp:200:13:[m[K [01;31m[Kerror: [m[Ktemplate argument 1 is invalid
  200 |             [01;31m[KRCLCPP_INFO[m[K(this->get_logger(), "Goal already converged");
      |             [01;31m[K^~~~~~~~~~~[m[K
[01m[K/home/panav/ros2_ws/src/dwa_planner/src/dwa_node.cpp:200:13:[m[K [01;31m[Kerror: [m[Ktemplate argument 1 is invalid
  200 |             [01;31m[KRCLCPP_INFO[m[K(this->get_logger(), "Goal already converged");
      |             [01;31m[K^~~~~~~~~~~[m[K
[01m[K/home/panav/ros2_ws/src/dwa_planner/src/dwa_node.cpp:200:13:[m[K [01;31m[Kerror: [m[Ktemplate argument 1 is invalid
  200 |             [01;31m[KRCLCPP_INFO[m[K(this->get_logger(), "Goal already converged");
      |             [01;31m[K^~~~~~~~~~~[m[K
In file included from [01m[K/opt/ros/humble/include/rclcpp/rclcpp/logging.hpp:24[m[K,
                 from [01m[K/opt/ros/humble/include/rclcpp/rclcpp/client.hpp:40[m[K,
                 from [01m[K/opt/ros/humble/include/rclcpp/rclcpp/callback_group.hpp:24[m[K,
                 from [01m[K/opt/ros/humble/include/rclcpp/rclcpp/any_executable.hpp:20[m[K,
                 from [01m[K/opt/ros/humble/include/rclcpp/rclcpp/memory_strategy.hpp:25[m[K,
                 from [01m[K/opt/ros/humble/include/rclcpp/rclcpp/memory_strategies.hpp:18[m[K,
                 from [01m[K/opt/ros/humble/include/rclcpp/rclcpp/executor_options.hpp:20[m[K,
                 from [01m[K/opt/ros/humble/include/rclcpp/rclcpp/executor.hpp:37[m[K,
                 from [01m[K/opt/ros/humble/include/rclcpp/rclcpp/executors/multi_threaded_executor.hpp:25[m[K,
                 from [01m[K/opt/ros/humble/include/rclcpp/rclcpp/executors.hpp:21[m[K,
                 from [01m[K/opt/ros/humble/include/rclcpp/rclcpp/rclcpp.hpp:155[m[K,
                 from [01m[K/home/panav/ros2_ws/src/dwa_planner/src/dwa_node.cpp:1[m[K:
[01m[K/home/panav/ros2_ws/src/dwa_planner/src/dwa_node.cpp:200:25:[m[K [01;31m[Kerror: [m[Kinvalid use of â€˜[01m[Kthis[m[Kâ€™ in non-member function
  200 |             RCLCPP_INFO([01;31m[Kthis[m[K->get_logger(), "Goal already converged");
      |                         [01;31m[K^~~~[m[K
[01m[K/home/panav/ros2_ws/src/dwa_planner/src/dwa_node.cpp:200:25:[m[K [01;31m[Kerror: [m[Kinvalid use of â€˜[01m[Kthis[m[Kâ€™ in non-member function
  200 |             RCLCPP_INFO([01;31m[Kthis[m[K->get_logger(), "Goal already converged");
      |                         [01;31m[K^~~~[m[K
[01m[K/home/panav/ros2_ws/src/dwa_planner/src/dwa_node.cpp:203:13:[m[K [01;31m[Kerror: [m[Kâ€˜[01m[Kodom_data[m[Kâ€™ was not declared in this scope; did you mean â€˜[01m[Krandom_data[m[Kâ€™?
  203 |         if(![01;31m[Kodom_data[m[K || !scan_data)
      |             [01;31m[K^~~~~~~~~[m[K
      |             [32m[Krandom_data[m[K
[01m[K/home/panav/ros2_ws/src/dwa_planner/src/dwa_node.cpp:203:27:[m[K [01;31m[Kerror: [m[Kâ€˜[01m[Kscan_data[m[Kâ€™ was not declared in this scope
  203 |         if(!odom_data || ![01;31m[Kscan_data[m[K)
      |                           [01;31m[K^~~~~~~~~[m[K
In file included from [01m[K/opt/ros/humble/include/rclcpp/rclcpp/client.hpp:40[m[K,
                 from [01m[K/opt/ros/humble/include/rclcpp/rclcpp/callback_group.hpp:24[m[K,
                 from [01m[K/opt/ros/humble/include/rclcpp/rclcpp/any_executable.hpp:20[m[K,
                 from [01m[K/opt/ros/humble/include/rclcpp/rclcpp/memory_strategy.hpp:25[m[K,
                 from [01m[K/opt/ros/humble/include/rclcpp/rclcpp/memory_strategies.hpp:18[m[K,
                 from [01m[K/opt/ros/humble/include/rclcpp/rclcpp/executor_options.hpp:20[m[K,
                 from [01m[K/opt/ros/humble/include/rclcpp/rclcpp/executor.hpp:37[m[K,
                 from [01m[K/opt/ros/humble/include/rclcpp/rclcpp/executors/multi_threaded_executor.hpp:25[m[K,
                 from [01m[K/opt/ros/humble/include/rclcpp/rclcpp/executors.hpp:21[m[K,
                 from [01m[K/opt/ros/humble/include/rclcpp/rclcpp/rclcpp.hpp:155[m[K,
                 from [01m[K/home/panav/ros2_ws/src/dwa_planner/src/dwa_node.cpp:1[m[K:
[01m[K/home/panav/ros2_ws/src/dwa_planner/src/dwa_node.cpp:205:25:[m[K [01;31m[Kerror: [m[Kinvalid use of â€˜[01m[Kthis[m[Kâ€™ in non-member function
  205 |             RCLCPP_INFO([01;31m[Kthis[m[K->get_logger(), "Waiting for odometry or laser scan data");
      |                         [01;31m[K^~~~[m[K
[01m[K/home/panav/ros2_ws/src/dwa_planner/src/dwa_node.cpp:205:25:[m[K [01;31m[Kerror: [m[Kinvalid use of â€˜[01m[Kthis[m[Kâ€™ in non-member function
[01m[K/home/panav/ros2_ws/src/dwa_planner/src/dwa_node.cpp:205:13:[m[K [01;31m[Kerror: [m[Ktemplate argument 1 is invalid
  205 |             [01;31m[KRCLCPP_INFO[m[K(this->get_logger(), "Waiting for odometry or laser scan data");
      |             [01;31m[K^~~~~~~~~~~[m[K
[01m[K/home/panav/ros2_ws/src/dwa_planner/src/dwa_node.cpp:205:13:[m[K [01;31m[Kerror: [m[Ktemplate argument 1 is invalid
  205 |             [01;31m[KRCLCPP_INFO[m[K(this->get_logger(), "Waiting for odometry or laser scan data");
      |             [01;31m[K^~~~~~~~~~~[m[K
[01m[K/home/panav/ros2_ws/src/dwa_planner/src/dwa_node.cpp:205:13:[m[K [01;31m[Kerror: [m[Ktemplate argument 1 is invalid
  205 |             [01;31m[KRCLCPP_INFO[m[K(this->get_logger(), "Waiting for odometry or laser scan data");
      |             [01;31m[K^~~~~~~~~~~[m[K
In file included from [01m[K/opt/ros/humble/include/rclcpp/rclcpp/logging.hpp:24[m[K,
                 from [01m[K/opt/ros/humble/include/rclcpp/rclcpp/client.hpp:40[m[K,
                 from [01m[K/opt/ros/humble/include/rclcpp/rclcpp/callback_group.hpp:24[m[K,
                 from [01m[K/opt/ros/humble/include/rclcpp/rclcpp/any_executable.hpp:20[m[K,
                 from [01m[K/opt/ros/humble/include/rclcpp/rclcpp/memory_strategy.hpp:25[m[K,
                 from [01m[K/opt/ros/humble/include/rclcpp/rclcpp/memory_strategies.hpp:18[m[K,
                 from [01m[K/opt/ros/humble/include/rclcpp/rclcpp/executor_options.hpp:20[m[K,
                 from [01m[K/opt/ros/humble/include/rclcpp/rclcpp/executor.hpp:37[m[K,
                 from [01m[K/opt/ros/humble/include/rclcpp/rclcpp/executors/multi_threaded_executor.hpp:25[m[K,
                 from [01m[K/opt/ros/humble/include/rclcpp/rclcpp/executors.hpp:21[m[K,
                 from [01m[K/opt/ros/humble/include/rclcpp/rclcpp/rclcpp.hpp:155[m[K,
                 from [01m[K/home/panav/ros2_ws/src/dwa_planner/src/dwa_node.cpp:1[m[K:
[01m[K/home/panav/ros2_ws/src/dwa_planner/src/dwa_node.cpp:205:25:[m[K [01;31m[Kerror: [m[Kinvalid use of â€˜[01m[Kthis[m[Kâ€™ in non-member function
  205 |             RCLCPP_INFO([01;31m[Kthis[m[K->get_logger(), "Waiting for odometry or laser scan data");
      |                         [01;31m[K^~~~[m[K
[01m[K/home/panav/ros2_ws/src/dwa_planner/src/dwa_node.cpp:205:25:[m[K [01;31m[Kerror: [m[Kinvalid use of â€˜[01m[Kthis[m[Kâ€™ in non-member function
  205 |             RCLCPP_INFO([01;31m[Kthis[m[K->get_logger(), "Waiting for odometry or laser scan data");
      |                         [01;31m[K^~~~[m[K
[01m[K/home/panav/ros2_ws/src/dwa_planner/src/dwa_node.cpp:209:62:[m[K [01;31m[Kerror: [m[Kâ€˜[01m[Ktrajectory[m[Kâ€™ was not declared in this scope
  209 | st_rotation_speed] = dwa_control([01;31m[Ktrajectory[m[K, current_scan);
      |                                  [01;31m[K^~~~~~~~~~[m[K

[01m[K/home/panav/ros2_ws/src/dwa_planner/src/dwa_node.cpp:209:74:[m[K [01;31m[Kerror: [m[Kâ€˜[01m[Kcurrent_scan[m[Kâ€™ was not declared in this scope
  209 | speed] = dwa_control(trajectory, [01;31m[Kcurrent_scan[m[K);
      |                                  [01;31m[K^~~~~~~~~~~~[m[K

[01m[K/home/panav/ros2_ws/src/dwa_planner/src/dwa_node.cpp:209:50:[m[K [01;31m[Kerror: [m[Kâ€˜[01m[Kdwa_control[m[Kâ€™ was not declared in this scope
  209 | st_speed, best_rotation_speed] = [01;31m[Kdwa_control[m[K(trajectory, current_scan);
      |                                  [01;31m[K^~~~~~~~~~~[m[K

[01m[K/home/panav/ros2_ws/src/dwa_planner/src/dwa_node.cpp:217:36:[m[K [01;31m[Kerror: [m[Kinvalid use of â€˜[01m[Kthis[m[Kâ€™ in non-member function
  217 |       path_marker.header.stamp = [01;31m[Kthis[m[K->now();
      |                                  [01;31m[K^~~~[m[K

[01m[K/home/panav/ros2_ws/src/dwa_planner/src/dwa_node.cpp:237:9:[m[K [01;31m[Kerror: [m[Kâ€˜[01m[Kpath_pub[m[Kâ€™ was not declared in this scope
  237 |         [01;31m[Kpath_pub[m[K->publish(path_marker);
      |         [01;31m[K^~~~~~~~[m[K
[01m[K/home/panav/ros2_ws/src/dwa_planner/src/dwa_node.cpp:238:9:[m[K [01;31m[Kerror: [m[Kâ€˜[01m[Kvel_pub[m[Kâ€™ was not declared in this scope
  238 |         [01;31m[Kvel_pub[m[K->publish(cmd_vel);
      |         [01;31m[K^~~~~~~[m[K
In file included from [01m[K/opt/ros/humble/include/rclcpp/rclcpp/client.hpp:40[m[K,
                 from [01m[K/opt/ros/humble/include/rclcpp/rclcpp/callback_group.hpp:24[m[K,
                 from [01m[K/opt/ros/humble/include/rclcpp/rclcpp/any_executable.hpp:20[m[K,
                 from [01m[K/opt/ros/humble/include/rclcpp/rclcpp/memory_strategy.hpp:25[m[K,
                 from [01m[K/opt/ros/humble/include/rclcpp/rclcpp/memory_strategies.hpp:18[m[K,
                 from [01m[K/opt/ros/humble/include/rclcpp/rclcpp/executor_options.hpp:20[m[K,
                 from [01m[K/opt/ros/humble/include/rclcpp/rclcpp/executor.hpp:37[m[K,
                 from [01m[K/opt/ros/humble/include/rclcpp/rclcpp/executors/multi_threaded_executor.hpp:25[m[K,
                 from [01m[K/opt/ros/humble/include/rclcpp/rclcpp/executors.hpp:21[m[K,
                 from [01m[K/opt/ros/humble/include/rclcpp/rclcpp/rclcpp.hpp:155[m[K,
                 from [01m[K/home/panav/ros2_ws/src/dwa_planner/src/dwa_node.cpp:1[m[K:
[01m[K/home/panav/ros2_ws/src/dwa_planner/src/dwa_node.cpp:239:21:[m[K [01;31m[Kerror: [m[Kinvalid use of â€˜[01m[Kthis[m[Kâ€™ in non-member function
  239 |         RCLCPP_INFO([01;31m[Kthis[m[K->get_logger(), "Published velocity: linear.x=%f, angular.z=%f", cmd_vel.linear.x, cmd_vel.angular.z);
      |                     [01;31m[K^~~~[m[K
[01m[K/home/panav/ros2_ws/src/dwa_planner/src/dwa_node.cpp:239:21:[m[K [01;31m[Kerror: [m[Kinvalid use of â€˜[01m[Kthis[m[Kâ€™ in non-member function
[01m[K/home/panav/ros2_ws/src/dwa_planner/src/dwa_node.cpp:239:9:[m[K [01;31m[Kerror: [m[Ktemplate argument 1 is invalid
  239 |         [01;31m[KRCLCPP_INFO[m[K(this->get_logger(), "Published velocity: linear.x=%f, angular.z=%f", cmd_vel.linear.x, cmd_vel.angular.z);
      |         [01;31m[K^~~~~~~~~~~[m[K
[01m[K/home/panav/ros2_ws/src/dwa_planner/src/dwa_node.cpp:239:9:[m[K [01;31m[Kerror: [m[Ktemplate argument 1 is invalid
  239 |         [01;31m[KRCLCPP_INFO[m[K(this->get_logger(), "Published velocity: linear.x=%f, angular.z=%f", cmd_vel.linear.x, cmd_vel.angular.z);
      |         [01;31m[K^~~~~~~~~~~[m[K
[01m[K/home/panav/ros2_ws/src/dwa_planner/src/dwa_node.cpp:239:9:[m[K [01;31m[Kerror: [m[Ktemplate argument 1 is invalid
  239 |         [01;31m[KRCLCPP_INFO[m[K(this->get_logger(), "Published velocity: linear.x=%f, angular.z=%f", cmd_vel.linear.x, cmd_vel.angular.z);
      |         [01;31m[K^~~~~~~~~~~[m[K
In file included from [01m[K/opt/ros/humble/include/rclcpp/rclcpp/logging.hpp:24[m[K,
                 from [01m[K/opt/ros/humble/include/rclcpp/rclcpp/client.hpp:40[m[K,
                 from [01m[K/opt/ros/humble/include/rclcpp/rclcpp/callback_group.hpp:24[m[K,
                 from [01m[K/opt/ros/humble/include/rclcpp/rclcpp/any_executable.hpp:20[m[K,
                 from [01m[K/opt/ros/humble/include/rclcpp/rclcpp/memory_strategy.hpp:25[m[K,
                 from [01m[K/opt/ros/humble/include/rclcpp/rclcpp/memory_strategies.hpp:18[m[K,
                 from [01m[K/opt/ros/humble/include/rclcpp/rclcpp/executor_options.hpp:20[m[K,
                 from [01m[K/opt/ros/humble/include/rclcpp/rclcpp/executor.hpp:37[m[K,
                 from [01m[K/opt/ros/humble/include/rclcpp/rclcpp/executors/multi_threaded_executor.hpp:25[m[K,
                 from [01m[K/opt/ros/humble/include/rclcpp/rclcpp/executors.hpp:21[m[K,
                 from [01m[K/opt/ros/humble/include/rclcpp/rclcpp/rclcpp.hpp:155[m[K,
                 from [01m[K/home/panav/ros2_ws/src/dwa_planner/src/dwa_node.cpp:1[m[K:
[01m[K/home/panav/ros2_ws/src/dwa_planner/src/dwa_node.cpp:239:21:[m[K [01;31m[Kerror: [m[Kinvalid use of â€˜[01m[Kthis[m[Kâ€™ in non-member function
  239 |         RCLCPP_INFO([01;31m[Kthis[m[K->get_logger(), "Published velocity: linear.x=%f, angular.z=%f", cmd_vel.linear.x, cmd_vel.angular.z);
      |                     [01;31m[K^~~~[m[K
[01m[K/home/panav/ros2_ws/src/dwa_planner/src/dwa_node.cpp:239:21:[m[K [01;31m[Kerror: [m[Kinvalid use of â€˜[01m[Kthis[m[Kâ€™ in non-member function
  239 |         RCLCPP_INFO([01;31m[Kthis[m[K->get_logger(), "Published velocity: linear.x=%f, angular.z=%f", cmd_vel.linear.x, cmd_vel.angular.z);
      |                     [01;31m[K^~~~[m[K
[01m[K/home/panav/ros2_ws/src/dwa_planner/src/dwa_node.cpp:[m[K At global scope:
[01m[K/home/panav/ros2_ws/src/dwa_planner/src/dwa_node.cpp:241:1:[m[K [01;31m[Kerror: [m[Kexpected declaration before â€˜[01m[K}[m[Kâ€™ token
  241 | [01;31m[K}[m[K;
      | [01;31m[K^[m[K
gmake[2]: *** [CMakeFiles/dwa_node.dir/build.make:76: CMakeFiles/dwa_node.dir/src/dwa_node.cpp.o] Error 1
gmake[1]: *** [CMakeFiles/Makefile2:137: CMakeFiles/dwa_node.dir/all] Error 2
gmake: *** [Makefile:146: all] Error 2
