[0.009s] Invoking command in '/home/panav/ros2_ws/src/dwa_planner/build/dwa_planner': CMAKE_PREFIX_PATH=${CMAKE_PREFIX_PATH}:/home/panav/ros2_ws/install/turtlebot3_teleop:/home/panav/ros2_ws/install/turtlebot3_example:/opt/ros/humble /usr/bin/cmake --build /home/panav/ros2_ws/src/dwa_planner/build/dwa_planner
[0.047s] [35m[1mConsolidate compiler generated dependencies of target dwa_node[0m
[0.059s] [ 50%] [32mBuilding CXX object CMakeFiles/dwa_node.dir/src/dwa_node.cpp.o[0m
[1.541s] In file included from [01m[K/home/panav/ros2_ws/src/dwa_planner/src/dwa_node.cpp:1[m[K:
[1.541s] [01m[K/home/panav/ros2_ws/src/dwa_planner/include/dwa_node.hpp:39:9:[m[K [01;31m[Kerror: [m[Kâ€˜[01m[Kpair[m[Kâ€™ does not name a type
[1.541s]    39 |         [01;31m[Kpair[m[K<double, double> dwa_control(const nav_msgs::msg::Odometry& odom_data, const sensor_msgs::msg::LaserScan& scan_data)
[1.541s]       |         [01;31m[K^~~~[m[K
[1.607s] [01m[K/home/panav/ros2_ws/src/dwa_planner/src/dwa_node.cpp:120:18:[m[K [01;31m[Kerror: [m[Kexpected unqualified-id before â€˜[01m[K<[m[Kâ€™ token
[1.607s]   120 | vector DWA_node::[01;31m[K<[m[Kpair<double, double>> motion_ranges(double speed, double rotation_speed, double time_step, const nav_msgs::msg::Odometry& odom_data)
[1.607s]       |                  [01;31m[K^[m[K
[1.609s] [01m[K/home/panav/ros2_ws/src/dwa_planner/src/dwa_node.cpp:[m[K In member function â€˜[01m[Kstd::pair<double, double> DWA_node::path_gen()[m[Kâ€™:
[1.609s] [01m[K/home/panav/ros2_ws/src/dwa_planner/src/dwa_node.cpp:152:12:[m[K [01;35m[Kwarning: [m[Kunused variable â€˜[01m[Ktime_step[m[Kâ€™ [[01;35m[K]8;;https://gcc.gnu.org/onlinedocs/gcc/Warning-Options.html#index-Wunused-variable-Wunused-variable]8;;[m[K]
[1.609s]   152 |     double [01;35m[Ktime_step[m[K = this->get_parameter("time_step").as_double();
[1.609s]       |            [01;35m[K^~~~~~~~~[m[K
[1.609s] [01m[K/home/panav/ros2_ws/src/dwa_planner/src/dwa_node.cpp:[m[K At global scope:
[1.609s] [01m[K/home/panav/ros2_ws/src/dwa_planner/src/dwa_node.cpp:158:6:[m[K [01;31m[Kerror: [m[Kno declaration matches â€˜[01m[Kvoid DWA_node::visualize_trajectories(const std::vector<std::vector<std::pair<double, double> > >&, int)[m[Kâ€™
[1.609s]   158 | void [01;31m[KDWA_node[m[K::visualize_trajectories(const vector<vector<pair<double, double>>>& all_trajectories, int best_index)
[1.609s]       |      [01;31m[K^~~~~~~~[m[K
[1.609s] [01m[K/home/panav/ros2_ws/src/dwa_planner/src/dwa_node.cpp:158:6:[m[K [01;36m[Knote: [m[Kno functions named â€˜[01m[Kvoid DWA_node::visualize_trajectories(const std::vector<std::vector<std::pair<double, double> > >&, int)[m[Kâ€™
[1.610s] In file included from [01m[K/home/panav/ros2_ws/src/dwa_planner/src/dwa_node.cpp:1[m[K:
[1.610s] [01m[K/home/panav/ros2_ws/src/dwa_planner/include/dwa_node.hpp:23:7:[m[K [01;36m[Knote: [m[Kâ€˜[01m[Kclass DWA_node[m[Kâ€™ defined here
[1.610s]    23 | class [01;36m[KDWA_node[m[K : public rclcpp::Node
[1.610s]       |       [01;36m[K^~~~~~~~[m[K
[1.612s] [01m[K/home/panav/ros2_ws/src/dwa_planner/src/dwa_node.cpp:304:22:[m[K [01;31m[Kerror: [m[Kno declaration matches â€˜[01m[Kstd::pair<double, double> DWA_node::dwa_control(const Odometry&, const LaserScan&)[m[Kâ€™
[1.613s]   304 | pair<double, double> [01;31m[KDWA_node[m[K::dwa_control(const nav_msgs::msg::Odometry& odom_data, const sensor_msgs::msg::LaserScan& scan_data)
[1.613s]       |                      [01;31m[K^~~~~~~~[m[K
[1.613s] [01m[K/home/panav/ros2_ws/src/dwa_planner/src/dwa_node.cpp:304:22:[m[K [01;36m[Knote: [m[Kno functions named â€˜[01m[Kstd::pair<double, double> DWA_node::dwa_control(const Odometry&, const LaserScan&)[m[Kâ€™
[1.613s] In file included from [01m[K/home/panav/ros2_ws/src/dwa_planner/src/dwa_node.cpp:1[m[K:
[1.613s] [01m[K/home/panav/ros2_ws/src/dwa_planner/include/dwa_node.hpp:23:7:[m[K [01;36m[Knote: [m[Kâ€˜[01m[Kclass DWA_node[m[Kâ€™ defined here
[1.613s]    23 | class [01;36m[KDWA_node[m[K : public rclcpp::Node
[1.613s]       |       [01;36m[K^~~~~~~~[m[K
[1.619s] [01m[K/home/panav/ros2_ws/src/dwa_planner/src/dwa_node.cpp:[m[K In member function â€˜[01m[Kvoid DWA_node::timer_callback()[m[Kâ€™:
[1.619s] [01m[K/home/panav/ros2_ws/src/dwa_planner/src/dwa_node.cpp:443:46:[m[K [01;31m[Kerror: [m[Kâ€˜[01m[Kdwa_control[m[Kâ€™ was not declared in this scope
[1.619s]   443 |     auto [best_speed, best_rotation_speed] = [01;31m[Kdwa_control[m[K(current_odom , current_scan);
[1.619s]       |                                              [01;31m[K^~~~~~~~~~~[m[K
[2.015s] gmake[2]: *** [CMakeFiles/dwa_node.dir/build.make:76: CMakeFiles/dwa_node.dir/src/dwa_node.cpp.o] Error 1
[2.016s] gmake[1]: *** [CMakeFiles/Makefile2:137: CMakeFiles/dwa_node.dir/all] Error 2
[2.016s] gmake: *** [Makefile:146: all] Error 2
[2.018s] Invoked command in '/home/panav/ros2_ws/src/dwa_planner/build/dwa_planner' returned '2': CMAKE_PREFIX_PATH=${CMAKE_PREFIX_PATH}:/home/panav/ros2_ws/install/turtlebot3_teleop:/home/panav/ros2_ws/install/turtlebot3_example:/opt/ros/humble /usr/bin/cmake --build /home/panav/ros2_ws/src/dwa_planner/build/dwa_planner
