[ 25%] [32mBuilding CXX object CMakeFiles/test_node.dir/src/tester.cpp.o[0m
[ 75%] Built target dwa_node
[01m[K/home/panav/ros2_ws/src/dwa_planner/src/tester.cpp:1:10:[m[K [01;31m[Kfatal error: [m[Kinclude/dwa_node.hpp: No such file or directory
    1 | #include [01;31m[K"include/dwa_node.hpp"[m[K
      |          [01;31m[K^~~~~~~~~~~~~~~~~~~~~~[m[K
compilation terminated.
gmake[2]: *** [CMakeFiles/test_node.dir/build.make:76: CMakeFiles/test_node.dir/src/tester.cpp.o] Error 1
gmake[1]: *** [CMakeFiles/Makefile2:165: CMakeFiles/test_node.dir/all] Error 2
gmake: *** [Makefile:146: all] Error 2
