[0.009s] Invoking command in '/home/panav/ros2_ws/src/dwa_planner/build/dwa_planner': CMAKE_PREFIX_PATH=${CMAKE_PREFIX_PATH}:/home/panav/ros2_ws/install/turtlebot3_teleop:/home/panav/ros2_ws/install/turtlebot3_example:/opt/ros/humble /usr/bin/cmake --build /home/panav/ros2_ws/src/dwa_planner/build/dwa_planner
[0.047s] [35m[1mConsolidate compiler generated dependencies of target dwa_node[0m
[0.060s] [ 50%] [32mBuilding CXX object CMakeFiles/dwa_node.dir/src/dwa_node.cpp.o[0m
[1.591s] [01m[K/home/panav/ros2_ws/src/dwa_planner/src/dwa_node.cpp:93:11:[m[K [01;31m[Kerror: [m[Kexpected unqualified-id before â€˜[01m[Kvoid[m[Kâ€™
[1.591s]    93 | DWA_node::[01;31m[Kvoid[m[K odom_callback(const nav_msgs::msg::Odometry::SharedPtr msg)
[1.591s]       |           [01;31m[K^~~~[m[K
[1.591s] [01m[K/home/panav/ros2_ws/src/dwa_planner/src/dwa_node.cpp:104:11:[m[K [01;31m[Kerror: [m[Kexpected unqualified-id before â€˜[01m[Kvoid[m[Kâ€™
[1.592s]   104 | DWA_node::[01;31m[Kvoid[m[K scan_callback(const sensor_msgs::msg::LaserScan::SharedPtr msg)
[1.592s]       |           [01;31m[K^~~~[m[K
[1.592s] [01m[K/home/panav/ros2_ws/src/dwa_planner/src/dwa_node.cpp:110:11:[m[K [01;31m[Kerror: [m[Kexpected unqualified-id before â€˜[01m[Kvoid[m[Kâ€™
[1.592s]   110 | DWA_node::[01;31m[Kvoid[m[K seek_goal()
[1.592s]       |           [01;31m[K^~~~[m[K
[1.592s] [01m[K/home/panav/ros2_ws/src/dwa_planner/src/dwa_node.cpp:120:11:[m[K [01;31m[Kerror: [m[Kâ€˜[01m[Kvector[m[Kâ€™ in â€˜[01m[Kclass DWA_node[m[Kâ€™ does not name a template type
[1.592s]   120 | DWA_node::[01;31m[Kvector[m[K <pair<double, double>> motion_ranges(double speed, double rotation_speed, double time_step, const nav_msgs::msg::Odometry& odom_data)
[1.592s]       |           [01;31m[K^~~~~~[m[K
[1.592s] [01m[K/home/panav/ros2_ws/src/dwa_planner/src/dwa_node.cpp:147:11:[m[K [01;31m[Kerror: [m[Kâ€˜[01m[Kpair[m[Kâ€™ in â€˜[01m[Kclass DWA_node[m[Kâ€™ does not name a template type
[1.592s]   147 | DWA_node::[01;31m[Kpair[m[K<double, double> path_gen()
[1.592s]       |           [01;31m[K^~~~[m[K
[1.592s] [01m[K/home/panav/ros2_ws/src/dwa_planner/src/dwa_node.cpp:158:11:[m[K [01;31m[Kerror: [m[Kexpected unqualified-id before â€˜[01m[Kvoid[m[Kâ€™
[1.592s]   158 | DWA_node::[01;31m[Kvoid[m[K visualize_trajectories(const vector<vector<pair<double, double>>>& all_trajectories, int best_index)
[1.592s]       |           [01;31m[K^~~~[m[K
[1.592s] [01m[K/home/panav/ros2_ws/src/dwa_planner/src/dwa_node.cpp:217:11:[m[K [01;31m[Kerror: [m[Kexpected unqualified-id before â€˜[01m[Kvoid[m[Kâ€™
[1.592s]   217 | DWA_node::[01;31m[Kvoid[m[K clear_trajectory_markers()
[1.592s]       |           [01;31m[K^~~~[m[K
[1.592s] [01m[K/home/panav/ros2_ws/src/dwa_planner/src/dwa_node.cpp:351:11:[m[K [01;31m[Kerror: [m[Kexpected unqualified-id before â€˜[01m[Kdouble[m[Kâ€™
[1.592s]   351 | DWA_node::[01;31m[Kdouble[m[K collision_aDWA_node::voidance(const vector<pair<double, double>>&trajectory, const sensor_msgs::msg::LaserScan& scan_data, const nav_msgs::msg::Odometry& current_odom, double tolerance = 0.2)
[1.592s]       |           [01;31m[K^~~~~~[m[K
[1.592s] [01m[K/home/panav/ros2_ws/src/dwa_planner/src/dwa_node.cpp:425:11:[m[K [01;31m[Kerror: [m[Kâ€˜[01m[Kpair[m[Kâ€™ in â€˜[01m[Kclass DWA_node[m[Kâ€™ does not name a template type
[1.592s]   425 | DWA_node::[01;31m[Kpair[m[K<double, double> dwa_control(const nav_msgs::msg::Odometry& odom_data, const sensor_msgs::msg::LaserScan& scan_data)
[1.592s]       |           [01;31m[K^~~~[m[K
[1.592s] [01m[K/home/panav/ros2_ws/src/dwa_planner/src/dwa_node.cpp:551:11:[m[K [01;31m[Kerror: [m[Kexpected unqualified-id before â€˜[01m[Kvoid[m[Kâ€™
[1.592s]   551 | DWA_node::[01;31m[Kvoid[m[K timer_callback()
[1.592s]       |           [01;31m[K^~~~[m[K
[1.882s] gmake[2]: *** [CMakeFiles/dwa_node.dir/build.make:76: CMakeFiles/dwa_node.dir/src/dwa_node.cpp.o] Error 1
[1.882s] gmake[1]: *** [CMakeFiles/Makefile2:137: CMakeFiles/dwa_node.dir/all] Error 2
[1.882s] gmake: *** [Makefile:146: all] Error 2
[1.884s] Invoked command in '/home/panav/ros2_ws/src/dwa_planner/build/dwa_planner' returned '2': CMAKE_PREFIX_PATH=${CMAKE_PREFIX_PATH}:/home/panav/ros2_ws/install/turtlebot3_teleop:/home/panav/ros2_ws/install/turtlebot3_example:/opt/ros/humble /usr/bin/cmake --build /home/panav/ros2_ws/src/dwa_planner/build/dwa_planner
