[0.009s] Invoking command in '/home/panav/ros2_ws/src/dwa_planner/build/dwa_planner': CMAKE_PREFIX_PATH=${CMAKE_PREFIX_PATH}:/home/panav/ros2_ws/install/turtlebot3_teleop:/home/panav/ros2_ws/install/turtlebot3_example:/home/panav/ros2_ws/install/python_starter:/home/panav/ros2_ws/install/lidar_proximity_filter:/home/panav/ros2_ws/install/launch_testing_examples:/home/panav/ros2_ws/install/examples_rclpy_pointcloud_publisher:/home/panav/ros2_ws/install/examples_rclpy_minimal_subscriber:/home/panav/ros2_ws/install/examples_rclpy_minimal_service:/home/panav/ros2_ws/install/examples_rclpy_minimal_publisher:/home/panav/ros2_ws/install/examples_rclpy_minimal_client:/home/panav/ros2_ws/install/examples_rclpy_minimal_action_server:/home/panav/ros2_ws/install/examples_rclpy_minimal_action_client:/home/panav/ros2_ws/install/examples_rclpy_guard_conditions:/home/panav/ros2_ws/install/examples_rclpy_executors:/opt/ros/humble /usr/bin/cmake --build /home/panav/ros2_ws/src/dwa_planner/build/dwa_planner
[0.052s] [35m[1mConsolidate compiler generated dependencies of target dwa_node[0m
[0.068s] [ 50%] [32mBuilding CXX object CMakeFiles/dwa_node.dir/src/dwa_node.cpp.o[0m
[1.600s] [01m[K/home/panav/ros2_ws/src/dwa_planner/src/dwa_node.cpp:236:9:[m[K [01;31m[Kerror: [m[Kexpected unqualified-id before â€˜[01m[Kreturn[m[Kâ€™
[1.600s]   236 |         [01;31m[Kreturn[m[K {best_speed, best_rotation_speed};
[1.600s]       |         [01;31m[K^~~~~~[m[K
[1.600s] [01m[K/home/panav/ros2_ws/src/dwa_planner/src/dwa_node.cpp:237:6:[m[K [01;31m[Kerror: [m[Kexpected â€˜[01m[K;[m[Kâ€™ after class definition
[1.600s]   237 |     }
[1.600s]       |      [01;31m[K^[m[K
[1.600s]       |      [32m[K;[m[K
[1.609s] [01m[K/home/panav/ros2_ws/src/dwa_planner/src/dwa_node.cpp:[m[K In constructor â€˜[01m[KDWA_node::DWA_node()[m[Kâ€™:
[1.609s] [01m[K/home/panav/ros2_ws/src/dwa_planner/src/dwa_node.cpp:58:30:[m[K [01;31m[Kerror: [m[Kâ€˜[01m[Ktimer_callback[m[Kâ€™ is not a member of â€˜[01m[KDWA_node[m[Kâ€™
[1.609s]    58 |         std::bind(&DWA_node::[01;31m[Ktimer_callback[m[K, this)
[1.609s]       |                              [01;31m[K^~~~~~~~~~~~~~[m[K
[1.623s] [01m[K/home/panav/ros2_ws/src/dwa_planner/src/dwa_node.cpp:[m[K In member function â€˜[01m[Kstd::pair<double, double> DWA_node::dwa_control(const Odometry&, const LaserScan&)[m[Kâ€™:
[1.623s] [01m[K/home/panav/ros2_ws/src/dwa_planner/src/dwa_node.cpp:192:16:[m[K [01;35m[Kwarning: [m[Kunused variable â€˜[01m[Kgoal_angle[m[Kâ€™ [[01;35m[K]8;;https://gcc.gnu.org/onlinedocs/gcc/Warning-Options.html#index-Wunused-variable-Wunused-variable]8;;[m[K]
[1.623s]   192 |         double [01;35m[Kgoal_angle[m[K = atan2(goal_y-y, goal_x-x)-theta;
[1.623s]       |                [01;35m[K^~~~~~~~~~[m[K
[1.627s] [01m[K/home/panav/ros2_ws/src/dwa_planner/src/dwa_node.cpp:[m[K In function â€˜[01m[Kvoid timer_callback()[m[Kâ€™:
[1.627s] [01m[K/home/panav/ros2_ws/src/dwa_planner/src/dwa_node.cpp:240:12:[m[K [01;31m[Kerror: [m[Kâ€˜[01m[Kgoal_converged[m[Kâ€™ was not declared in this scope
[1.627s]   240 |         if([01;31m[Kgoal_converged[m[K)
[1.627s]       |            [01;31m[K^~~~~~~~~~~~~~[m[K
[1.627s] In file included from [01m[K/opt/ros/humble/include/rclcpp/rclcpp/client.hpp:40[m[K,
[1.627s]                  from [01m[K/opt/ros/humble/include/rclcpp/rclcpp/callback_group.hpp:24[m[K,
[1.627s]                  from [01m[K/opt/ros/humble/include/rclcpp/rclcpp/any_executable.hpp:20[m[K,
[1.627s]                  from [01m[K/opt/ros/humble/include/rclcpp/rclcpp/memory_strategy.hpp:25[m[K,
[1.627s]                  from [01m[K/opt/ros/humble/include/rclcpp/rclcpp/memory_strategies.hpp:18[m[K,
[1.627s]                  from [01m[K/opt/ros/humble/include/rclcpp/rclcpp/executor_options.hpp:20[m[K,
[1.628s]                  from [01m[K/opt/ros/humble/include/rclcpp/rclcpp/executor.hpp:37[m[K,
[1.628s]                  from [01m[K/opt/ros/humble/include/rclcpp/rclcpp/executors/multi_threaded_executor.hpp:25[m[K,
[1.628s]                  from [01m[K/opt/ros/humble/include/rclcpp/rclcpp/executors.hpp:21[m[K,
[1.628s]                  from [01m[K/opt/ros/humble/include/rclcpp/rclcpp/rclcpp.hpp:155[m[K,
[1.628s]                  from [01m[K/home/panav/ros2_ws/src/dwa_planner/src/dwa_node.cpp:1[m[K:
[1.628s] [01m[K/home/panav/ros2_ws/src/dwa_planner/src/dwa_node.cpp:242:25:[m[K [01;31m[Kerror: [m[Kinvalid use of â€˜[01m[Kthis[m[Kâ€™ in non-member function
[1.628s]   242 |             RCLCPP_INFO([01;31m[Kthis[m[K->get_logger(), "Goal already converged");
[1.628s]       |                         [01;31m[K^~~~[m[K
[1.628s] [01m[K/home/panav/ros2_ws/src/dwa_planner/src/dwa_node.cpp:242:25:[m[K [01;31m[Kerror: [m[Kinvalid use of â€˜[01m[Kthis[m[Kâ€™ in non-member function
[1.628s] [01m[K/home/panav/ros2_ws/src/dwa_planner/src/dwa_node.cpp:242:13:[m[K [01;31m[Kerror: [m[Ktemplate argument 1 is invalid
[1.628s]   242 |             [01;31m[KRCLCPP_INFO[m[K(this->get_logger(), "Goal already converged");
[1.628s]       |             [01;31m[K^~~~~~~~~~~[m[K
[1.628s] [01m[K/home/panav/ros2_ws/src/dwa_planner/src/dwa_node.cpp:242:13:[m[K [01;31m[Kerror: [m[Ktemplate argument 1 is invalid
[1.628s]   242 |             [01;31m[KRCLCPP_INFO[m[K(this->get_logger(), "Goal already converged");
[1.629s]       |             [01;31m[K^~~~~~~~~~~[m[K
[1.629s] [01m[K/home/panav/ros2_ws/src/dwa_planner/src/dwa_node.cpp:242:13:[m[K [01;31m[Kerror: [m[Ktemplate argument 1 is invalid
[1.629s]   242 |             [01;31m[KRCLCPP_INFO[m[K(this->get_logger(), "Goal already converged");
[1.629s]       |             [01;31m[K^~~~~~~~~~~[m[K
[1.629s] In file included from [01m[K/opt/ros/humble/include/rclcpp/rclcpp/logging.hpp:24[m[K,
[1.629s]                  from [01m[K/opt/ros/humble/include/rclcpp/rclcpp/client.hpp:40[m[K,
[1.629s]                  from [01m[K/opt/ros/humble/include/rclcpp/rclcpp/callback_group.hpp:24[m[K,
[1.629s]                  from [01m[K/opt/ros/humble/include/rclcpp/rclcpp/any_executable.hpp:20[m[K,
[1.629s]                  from [01m[K/opt/ros/humble/include/rclcpp/rclcpp/memory_strategy.hpp:25[m[K,
[1.629s]                  from [01m[K/opt/ros/humble/include/rclcpp/rclcpp/memory_strategies.hpp:18[m[K,
[1.629s]                  from [01m[K/opt/ros/humble/include/rclcpp/rclcpp/executor_options.hpp:20[m[K,
[1.629s]                  from [01m[K/opt/ros/humble/include/rclcpp/rclcpp/executor.hpp:37[m[K,
[1.629s]                  from [01m[K/opt/ros/humble/include/rclcpp/rclcpp/executors/multi_threaded_executor.hpp:25[m[K,
[1.629s]                  from [01m[K/opt/ros/humble/include/rclcpp/rclcpp/executors.hpp:21[m[K,
[1.629s]                  from [01m[K/opt/ros/humble/include/rclcpp/rclcpp/rclcpp.hpp:155[m[K,
[1.629s]                  from [01m[K/home/panav/ros2_ws/src/dwa_planner/src/dwa_node.cpp:1[m[K:
[1.629s] [01m[K/home/panav/ros2_ws/src/dwa_planner/src/dwa_node.cpp:242:25:[m[K [01;31m[Kerror: [m[Kinvalid use of â€˜[01m[Kthis[m[Kâ€™ in non-member function
[1.629s]   242 |             RCLCPP_INFO([01;31m[Kthis[m[K->get_logger(), "Goal already converged");
[1.629s]       |                         [01;31m[K^~~~[m[K
[1.629s] [01m[K/home/panav/ros2_ws/src/dwa_planner/src/dwa_node.cpp:242:25:[m[K [01;31m[Kerror: [m[Kinvalid use of â€˜[01m[Kthis[m[Kâ€™ in non-member function
[1.629s]   242 |             RCLCPP_INFO([01;31m[Kthis[m[K->get_logger(), "Goal already converged");
[1.629s]       |                         [01;31m[K^~~~[m[K
[1.631s] [01m[K/home/panav/ros2_ws/src/dwa_planner/src/dwa_node.cpp:245:12:[m[K [01;31m[Kerror: [m[Kâ€˜[01m[Kcurrent_odom[m[Kâ€™ was not declared in this scope
[1.631s]   245 |         if([01;31m[Kcurrent_odom[m[K.header.stamp.sec==0 || current_scan.ranges.empty())
[1.631s]       |            [01;31m[K^~~~~~~~~~~~[m[K
[1.634s] [01m[K/home/panav/ros2_ws/src/dwa_planner/src/dwa_node.cpp:245:48:[m[K [01;31m[Kerror: [m[Kâ€˜[01m[Kcurrent_scan[m[Kâ€™ was not declared in this scope
[1.634s]   245 | rent_odom.header.stamp.sec==0 || [01;31m[Kcurrent_scan[m[K.ranges.empty())
[1.634s]       |                                  [01;31m[K^~~~~~~~~~~~[m[K
[1.634s] 
[1.635s] In file included from [01m[K/opt/ros/humble/include/rclcpp/rclcpp/client.hpp:40[m[K,
[1.635s]                  from [01m[K/opt/ros/humble/include/rclcpp/rclcpp/callback_group.hpp:24[m[K,
[1.635s]                  from [01m[K/opt/ros/humble/include/rclcpp/rclcpp/any_executable.hpp:20[m[K,
[1.635s]                  from [01m[K/opt/ros/humble/include/rclcpp/rclcpp/memory_strategy.hpp:25[m[K,
[1.635s]                  from [01m[K/opt/ros/humble/include/rclcpp/rclcpp/memory_strategies.hpp:18[m[K,
[1.635s]                  from [01m[K/opt/ros/humble/include/rclcpp/rclcpp/executor_options.hpp:20[m[K,
[1.635s]                  from [01m[K/opt/ros/humble/include/rclcpp/rclcpp/executor.hpp:37[m[K,
[1.635s]                  from [01m[K/opt/ros/humble/include/rclcpp/rclcpp/executors/multi_threaded_executor.hpp:25[m[K,
[1.635s]                  from [01m[K/opt/ros/humble/include/rclcpp/rclcpp/executors.hpp:21[m[K,
[1.635s]                  from [01m[K/opt/ros/humble/include/rclcpp/rclcpp/rclcpp.hpp:155[m[K,
[1.635s]                  from [01m[K/home/panav/ros2_ws/src/dwa_planner/src/dwa_node.cpp:1[m[K:
[1.635s] [01m[K/home/panav/ros2_ws/src/dwa_planner/src/dwa_node.cpp:247:25:[m[K [01;31m[Kerror: [m[Kinvalid use of â€˜[01m[Kthis[m[Kâ€™ in non-member function
[1.635s]   247 |             RCLCPP_INFO([01;31m[Kthis[m[K->get_logger(), "Waiting for odometry or laser scan data");
[1.635s]       |                         [01;31m[K^~~~[m[K
[1.636s] [01m[K/home/panav/ros2_ws/src/dwa_planner/src/dwa_node.cpp:247:25:[m[K [01;31m[Kerror: [m[Kinvalid use of â€˜[01m[Kthis[m[Kâ€™ in non-member function
[1.636s] [01m[K/home/panav/ros2_ws/src/dwa_planner/src/dwa_node.cpp:247:13:[m[K [01;31m[Kerror: [m[Ktemplate argument 1 is invalid
[1.636s]   247 |             [01;31m[KRCLCPP_INFO[m[K(this->get_logger(), "Waiting for odometry or laser scan data");
[1.636s]       |             [01;31m[K^~~~~~~~~~~[m[K
[1.636s] [01m[K/home/panav/ros2_ws/src/dwa_planner/src/dwa_node.cpp:247:13:[m[K [01;31m[Kerror: [m[Ktemplate argument 1 is invalid
[1.636s]   247 |             [01;31m[KRCLCPP_INFO[m[K(this->get_logger(), "Waiting for odometry or laser scan data");
[1.636s]       |             [01;31m[K^~~~~~~~~~~[m[K
[1.636s] [01m[K/home/panav/ros2_ws/src/dwa_planner/src/dwa_node.cpp:247:13:[m[K [01;31m[Kerror: [m[Ktemplate argument 1 is invalid
[1.636s]   247 |             [01;31m[KRCLCPP_INFO[m[K(this->get_logger(), "Waiting for odometry or laser scan data");
[1.636s]       |             [01;31m[K^~~~~~~~~~~[m[K
[1.636s] In file included from [01m[K/opt/ros/humble/include/rclcpp/rclcpp/logging.hpp:24[m[K,
[1.636s]                  from [01m[K/opt/ros/humble/include/rclcpp/rclcpp/client.hpp:40[m[K,
[1.636s]                  from [01m[K/opt/ros/humble/include/rclcpp/rclcpp/callback_group.hpp:24[m[K,
[1.636s]                  from [01m[K/opt/ros/humble/include/rclcpp/rclcpp/any_executable.hpp:20[m[K,
[1.636s]                  from [01m[K/opt/ros/humble/include/rclcpp/rclcpp/memory_strategy.hpp:25[m[K,
[1.636s]                  from [01m[K/opt/ros/humble/include/rclcpp/rclcpp/memory_strategies.hpp:18[m[K,
[1.636s]                  from [01m[K/opt/ros/humble/include/rclcpp/rclcpp/executor_options.hpp:20[m[K,
[1.636s]                  from [01m[K/opt/ros/humble/include/rclcpp/rclcpp/executor.hpp:37[m[K,
[1.636s]                  from [01m[K/opt/ros/humble/include/rclcpp/rclcpp/executors/multi_threaded_executor.hpp:25[m[K,
[1.636s]                  from [01m[K/opt/ros/humble/include/rclcpp/rclcpp/executors.hpp:21[m[K,
[1.636s]                  from [01m[K/opt/ros/humble/include/rclcpp/rclcpp/rclcpp.hpp:155[m[K,
[1.636s]                  from [01m[K/home/panav/ros2_ws/src/dwa_planner/src/dwa_node.cpp:1[m[K:
[1.636s] [01m[K/home/panav/ros2_ws/src/dwa_planner/src/dwa_node.cpp:247:25:[m[K [01;31m[Kerror: [m[Kinvalid use of â€˜[01m[Kthis[m[Kâ€™ in non-member function
[1.636s]   247 |             RCLCPP_INFO([01;31m[Kthis[m[K->get_logger(), "Waiting for odometry or laser scan data");
[1.636s]       |                         [01;31m[K^~~~[m[K
[1.636s] [01m[K/home/panav/ros2_ws/src/dwa_planner/src/dwa_node.cpp:247:25:[m[K [01;31m[Kerror: [m[Kinvalid use of â€˜[01m[Kthis[m[Kâ€™ in non-member function
[1.636s]   247 |             RCLCPP_INFO([01;31m[Kthis[m[K->get_logger(), "Waiting for odometry or laser scan data");
[1.636s]       |                         [01;31m[K^~~~[m[K
[1.638s] [01m[K/home/panav/ros2_ws/src/dwa_planner/src/dwa_node.cpp:251:62:[m[K [01;31m[Kerror: [m[Kâ€˜[01m[Kcurrent_odom[m[Kâ€™ was not declared in this scope
[1.638s]   251 | st_rotation_speed] = dwa_control([01;31m[Kcurrent_odom[m[K , current_scan);
[1.638s]       |                                  [01;31m[K^~~~~~~~~~~~[m[K
[1.638s] 
[1.641s] [01m[K/home/panav/ros2_ws/src/dwa_planner/src/dwa_node.cpp:251:77:[m[K [01;31m[Kerror: [m[Kâ€˜[01m[Kcurrent_scan[m[Kâ€™ was not declared in this scope
[1.641s]   251 | ed] = dwa_control(current_odom , [01;31m[Kcurrent_scan[m[K);
[1.641s]       |                                  [01;31m[K^~~~~~~~~~~~[m[K
[1.641s] 
[1.644s] [01m[K/home/panav/ros2_ws/src/dwa_planner/src/dwa_node.cpp:251:50:[m[K [01;31m[Kerror: [m[Kâ€˜[01m[Kdwa_control[m[Kâ€™ was not declared in this scope
[1.644s]   251 | st_speed, best_rotation_speed] = [01;31m[Kdwa_control[m[K(current_odom , current_scan);
[1.644s]       |                                  [01;31m[K^~~~~~~~~~~[m[K
[1.644s] 
[1.646s] [01m[K/home/panav/ros2_ws/src/dwa_planner/src/dwa_node.cpp:253:98:[m[K [01;31m[Kerror: [m[Kâ€˜[01m[Ktime_step[m[Kâ€™ was not declared in this scope; did you mean â€˜[01m[Ktimespec[m[Kâ€™?
[1.646s]   253 | best_speed, best_rotation_speed, [01;31m[Ktime_step[m[K, current_odom);
[1.646s]       |                                  [01;31m[K^~~~~~~~~[m[K
[1.646s]       |                                  [32m[Ktimespec[m[K
[1.649s] [01m[K/home/panav/ros2_ws/src/dwa_planner/src/dwa_node.cpp:253:51:[m[K [01;31m[Kerror: [m[Kâ€˜[01m[Kmotion_ranges[m[Kâ€™ was not declared in this scope
[1.649s]   253 | ir<double, double>> trajectory = [01;31m[Kmotion_ranges[m[K(best_speed, best_rotation_speed, time_step, current_odom);
[1.649s]       |                                  [01;31m[K^~~~~~~~~~~~~[m[K
[1.649s] 
[1.649s] [01m[K/home/panav/ros2_ws/src/dwa_planner/src/dwa_node.cpp:261:36:[m[K [01;31m[Kerror: [m[Kinvalid use of â€˜[01m[Kthis[m[Kâ€™ in non-member function
[1.649s]   261 |       path_marker.header.stamp = [01;31m[Kthis[m[K->now();
[1.649s]       |                                  [01;31m[K^~~~[m[K
[1.649s] 
[1.652s] [01m[K/home/panav/ros2_ws/src/dwa_planner/src/dwa_node.cpp:281:9:[m[K [01;31m[Kerror: [m[Kâ€˜[01m[Kpath_pub[m[Kâ€™ was not declared in this scope
[1.652s]   281 |         [01;31m[Kpath_pub[m[K->publish(path_marker);
[1.652s]       |         [01;31m[K^~~~~~~~[m[K
[1.655s] [01m[K/home/panav/ros2_ws/src/dwa_planner/src/dwa_node.cpp:282:9:[m[K [01;31m[Kerror: [m[Kâ€˜[01m[Kvel_pub[m[Kâ€™ was not declared in this scope
[1.655s]   282 |         [01;31m[Kvel_pub[m[K->publish(cmd_vel);
[1.655s]       |         [01;31m[K^~~~~~~[m[K
[1.655s] In file included from [01m[K/opt/ros/humble/include/rclcpp/rclcpp/client.hpp:40[m[K,
[1.655s]                  from [01m[K/opt/ros/humble/include/rclcpp/rclcpp/callback_group.hpp:24[m[K,
[1.655s]                  from [01m[K/opt/ros/humble/include/rclcpp/rclcpp/any_executable.hpp:20[m[K,
[1.655s]                  from [01m[K/opt/ros/humble/include/rclcpp/rclcpp/memory_strategy.hpp:25[m[K,
[1.655s]                  from [01m[K/opt/ros/humble/include/rclcpp/rclcpp/memory_strategies.hpp:18[m[K,
[1.655s]                  from [01m[K/opt/ros/humble/include/rclcpp/rclcpp/executor_options.hpp:20[m[K,
[1.655s]                  from [01m[K/opt/ros/humble/include/rclcpp/rclcpp/executor.hpp:37[m[K,
[1.655s]                  from [01m[K/opt/ros/humble/include/rclcpp/rclcpp/executors/multi_threaded_executor.hpp:25[m[K,
[1.655s]                  from [01m[K/opt/ros/humble/include/rclcpp/rclcpp/executors.hpp:21[m[K,
[1.655s]                  from [01m[K/opt/ros/humble/include/rclcpp/rclcpp/rclcpp.hpp:155[m[K,
[1.655s]                  from [01m[K/home/panav/ros2_ws/src/dwa_planner/src/dwa_node.cpp:1[m[K:
[1.655s] [01m[K/home/panav/ros2_ws/src/dwa_planner/src/dwa_node.cpp:283:21:[m[K [01;31m[Kerror: [m[Kinvalid use of â€˜[01m[Kthis[m[Kâ€™ in non-member function
[1.655s]   283 |         RCLCPP_INFO([01;31m[Kthis[m[K->get_logger(), "Published velocity: linear.x=%f, angular.z=%f", cmd_vel.linear.x, cmd_vel.angular.z);
[1.655s]       |                     [01;31m[K^~~~[m[K
[1.655s] [01m[K/home/panav/ros2_ws/src/dwa_planner/src/dwa_node.cpp:283:21:[m[K [01;31m[Kerror: [m[Kinvalid use of â€˜[01m[Kthis[m[Kâ€™ in non-member function
[1.655s] [01m[K/home/panav/ros2_ws/src/dwa_planner/src/dwa_node.cpp:283:9:[m[K [01;31m[Kerror: [m[Ktemplate argument 1 is invalid
[1.655s]   283 |         [01;31m[KRCLCPP_INFO[m[K(this->get_logger(), "Published velocity: linear.x=%f, angular.z=%f", cmd_vel.linear.x, cmd_vel.angular.z);
[1.655s]       |         [01;31m[K^~~~~~~~~~~[m[K
[1.655s] [01m[K/home/panav/ros2_ws/src/dwa_planner/src/dwa_node.cpp:283:9:[m[K [01;31m[Kerror: [m[Ktemplate argument 1 is invalid
[1.655s]   283 |         [01;31m[KRCLCPP_INFO[m[K(this->get_logger(), "Published velocity: linear.x=%f, angular.z=%f", cmd_vel.linear.x, cmd_vel.angular.z);
[1.655s]       |         [01;31m[K^~~~~~~~~~~[m[K
[1.655s] [01m[K/home/panav/ros2_ws/src/dwa_planner/src/dwa_node.cpp:283:9:[m[K [01;31m[Kerror: [m[Ktemplate argument 1 is invalid
[1.656s]   283 |         [01;31m[KRCLCPP_INFO[m[K(this->get_logger(), "Published velocity: linear.x=%f, angular.z=%f", cmd_vel.linear.x, cmd_vel.angular.z);
[1.656s]       |         [01;31m[K^~~~~~~~~~~[m[K
[1.656s] In file included from [01m[K/opt/ros/humble/include/rclcpp/rclcpp/logging.hpp:24[m[K,
[1.656s]                  from [01m[K/opt/ros/humble/include/rclcpp/rclcpp/client.hpp:40[m[K,
[1.656s]                  from [01m[K/opt/ros/humble/include/rclcpp/rclcpp/callback_group.hpp:24[m[K,
[1.656s]                  from [01m[K/opt/ros/humble/include/rclcpp/rclcpp/any_executable.hpp:20[m[K,
[1.656s]                  from [01m[K/opt/ros/humble/include/rclcpp/rclcpp/memory_strategy.hpp:25[m[K,
[1.656s]                  from [01m[K/opt/ros/humble/include/rclcpp/rclcpp/memory_strategies.hpp:18[m[K,
[1.656s]                  from [01m[K/opt/ros/humble/include/rclcpp/rclcpp/executor_options.hpp:20[m[K,
[1.656s]                  from [01m[K/opt/ros/humble/include/rclcpp/rclcpp/executor.hpp:37[m[K,
[1.656s]                  from [01m[K/opt/ros/humble/include/rclcpp/rclcpp/executors/multi_threaded_executor.hpp:25[m[K,
[1.656s]                  from [01m[K/opt/ros/humble/include/rclcpp/rclcpp/executors.hpp:21[m[K,
[1.656s]                  from [01m[K/opt/ros/humble/include/rclcpp/rclcpp/rclcpp.hpp:155[m[K,
[1.656s]                  from [01m[K/home/panav/ros2_ws/src/dwa_planner/src/dwa_node.cpp:1[m[K:
[1.656s] [01m[K/home/panav/ros2_ws/src/dwa_planner/src/dwa_node.cpp:283:21:[m[K [01;31m[Kerror: [m[Kinvalid use of â€˜[01m[Kthis[m[Kâ€™ in non-member function
[1.656s]   283 |         RCLCPP_INFO([01;31m[Kthis[m[K->get_logger(), "Published velocity: linear.x=%f, angular.z=%f", cmd_vel.linear.x, cmd_vel.angular.z);
[1.656s]       |                     [01;31m[K^~~~[m[K
[1.656s] [01m[K/home/panav/ros2_ws/src/dwa_planner/src/dwa_node.cpp:283:21:[m[K [01;31m[Kerror: [m[Kinvalid use of â€˜[01m[Kthis[m[Kâ€™ in non-member function
[1.656s]   283 |         RCLCPP_INFO([01;31m[Kthis[m[K->get_logger(), "Published velocity: linear.x=%f, angular.z=%f", cmd_vel.linear.x, cmd_vel.angular.z);
[1.656s]       |                     [01;31m[K^~~~[m[K
[1.656s] [01m[K/home/panav/ros2_ws/src/dwa_planner/src/dwa_node.cpp:[m[K At global scope:
[1.656s] [01m[K/home/panav/ros2_ws/src/dwa_planner/src/dwa_node.cpp:285:1:[m[K [01;31m[Kerror: [m[Kexpected declaration before â€˜[01m[K}[m[Kâ€™ token
[1.656s]   285 | [01;31m[K}[m[K;
[1.656s]       | [01;31m[K^[m[K
[3.717s] gmake[2]: *** [CMakeFiles/dwa_node.dir/build.make:76: CMakeFiles/dwa_node.dir/src/dwa_node.cpp.o] Error 1
[3.717s] gmake[1]: *** [CMakeFiles/Makefile2:137: CMakeFiles/dwa_node.dir/all] Error 2
[3.717s] gmake: *** [Makefile:146: all] Error 2
[3.719s] Invoked command in '/home/panav/ros2_ws/src/dwa_planner/build/dwa_planner' returned '2': CMAKE_PREFIX_PATH=${CMAKE_PREFIX_PATH}:/home/panav/ros2_ws/install/turtlebot3_teleop:/home/panav/ros2_ws/install/turtlebot3_example:/home/panav/ros2_ws/install/python_starter:/home/panav/ros2_ws/install/lidar_proximity_filter:/home/panav/ros2_ws/install/launch_testing_examples:/home/panav/ros2_ws/install/examples_rclpy_pointcloud_publisher:/home/panav/ros2_ws/install/examples_rclpy_minimal_subscriber:/home/panav/ros2_ws/install/examples_rclpy_minimal_service:/home/panav/ros2_ws/install/examples_rclpy_minimal_publisher:/home/panav/ros2_ws/install/examples_rclpy_minimal_client:/home/panav/ros2_ws/install/examples_rclpy_minimal_action_server:/home/panav/ros2_ws/install/examples_rclpy_minimal_action_client:/home/panav/ros2_ws/install/examples_rclpy_guard_conditions:/home/panav/ros2_ws/install/examples_rclpy_executors:/opt/ros/humble /usr/bin/cmake --build /home/panav/ros2_ws/src/dwa_planner/build/dwa_planner
