[0.008s] Invoking command in '/home/panav/ros2_ws/src/dwa_planner/build/dwa_planner': CMAKE_PREFIX_PATH=${CMAKE_PREFIX_PATH}:/home/panav/ros2_ws/install/turtlebot3_teleop:/home/panav/ros2_ws/install/turtlebot3_example:/opt/ros/humble /usr/bin/cmake --build /home/panav/ros2_ws/src/dwa_planner/build/dwa_planner
[0.032s] -- Found ament_cmake: 1.3.11 (/opt/ros/humble/share/ament_cmake/cmake)
[0.112s] -- Override CMake install command with custom implementation using symlinks instead of copying resources
[0.118s] -- Found rclcpp: 16.0.12 (/opt/ros/humble/share/rclcpp/cmake)
[0.136s] -- Found rosidl_generator_c: 3.1.6 (/opt/ros/humble/share/rosidl_generator_c/cmake)
[0.137s] -- Found rosidl_adapter: 3.1.6 (/opt/ros/humble/share/rosidl_adapter/cmake)
[0.140s] -- Found rosidl_generator_cpp: 3.1.6 (/opt/ros/humble/share/rosidl_generator_cpp/cmake)
[0.146s] -- Using all available rosidl_typesupport_c: rosidl_typesupport_fastrtps_c;rosidl_typesupport_introspection_c
[0.153s] -- Using all available rosidl_typesupport_cpp: rosidl_typesupport_fastrtps_cpp;rosidl_typesupport_introspection_cpp
[0.172s] -- Found rmw_implementation_cmake: 6.1.2 (/opt/ros/humble/share/rmw_implementation_cmake/cmake)
[0.173s] -- Found rmw_fastrtps_cpp: 6.2.7 (/opt/ros/humble/share/rmw_fastrtps_cpp/cmake)
[0.244s] -- Using RMW implementation 'rmw_fastrtps_cpp' as default
[0.272s] -- Found nav_msgs: 4.9.0 (/opt/ros/humble/share/nav_msgs/cmake)
[0.287s] -- Found sensor_msgs: 4.9.0 (/opt/ros/humble/share/sensor_msgs/cmake)
[0.297s] -- Found tf2: 0.25.13 (/opt/ros/humble/share/tf2/cmake)
[0.299s] -- Found tf2_ros: 0.25.13 (/opt/ros/humble/share/tf2_ros/cmake)
[0.346s] -- Found tf2_geometry_msgs: 0.25.13 (/opt/ros/humble/share/tf2_geometry_msgs/cmake)
[0.348s] -- Found eigen3_cmake_module: 0.1.1 (/opt/ros/humble/share/eigen3_cmake_module/cmake)
[0.349s] -- Ensuring Eigen3 include directory is part of orocos-kdl CMake target
[0.349s] -- Found visualization_msgs: 4.9.0 (/opt/ros/humble/share/visualization_msgs/cmake)
[0.360s] -- Found nav2_util: 1.1.18 (/opt/ros/humble/share/nav2_util/cmake)
[0.400s] -- Found nav2_core: 1.1.18 (/opt/ros/humble/share/nav2_core/cmake)
[0.454s] -- Found nav2_common: 1.1.18 (/opt/ros/humble/share/nav2_common/cmake)
[0.535s] -- Found ament_lint_auto: 0.12.12 (/opt/ros/humble/share/ament_lint_auto/cmake)
[0.652s] -- Added test 'cppcheck' to perform static code analysis on C / C++ code
[0.652s] -- Configured cppcheck include dirs: $<BUILD_INTERFACE:/home/panav/ros2_ws/src/dwa_planner/include>
[0.652s] -- Configured cppcheck exclude dirs and/or files: 
[0.661s] -- Added test 'flake8' to check Python code syntax and style conventions
[0.678s] -- Added test 'lint_cmake' to check CMake code style
[0.687s] -- Added test 'pep257' to check Python code against some of the docstring style conventions in PEP 257
[0.767s] -- Added test 'uncrustify' to check C / C++ code style
[0.767s] -- Configured uncrustify additional arguments: 
[0.777s] -- Added test 'xmllint' to check XML markup files
[0.778s] -- Configuring done
[0.808s] -- Generating done
[0.817s] -- Build files have been written to: /home/panav/ros2_ws/src/dwa_planner/build/dwa_planner
[0.840s] [35m[1mConsolidate compiler generated dependencies of target dwa_node[0m
[0.840s] [35m[1mConsolidate compiler generated dependencies of target test_node[0m
[0.849s] [ 20%] [32m[1mLinking CXX executable dwa_node[0m
[0.854s] [ 40%] [32mBuilding CXX object CMakeFiles/test_node.dir/src/tester.cpp.o[0m
[0.855s] [ 60%] [32mBuilding CXX object CMakeFiles/test_node.dir/src/dwa.cpp.o[0m
[0.863s] [01m[K/home/panav/ros2_ws/src/dwa_planner/src/dwa.cpp:1:10:[m[K [01;31m[Kfatal error: [m[Kdwa_node.hpp: No such file or directory
[0.863s]     1 | #include [01;31m[K"dwa_node.hpp"[m[K
[0.864s]       |          [01;31m[K^~~~~~~~~~~~~~[m[K
[0.864s] compilation terminated.
[0.864s] gmake[2]: *** [CMakeFiles/test_node.dir/build.make:90: CMakeFiles/test_node.dir/src/dwa.cpp.o] Error 1
[0.864s] gmake[2]: *** Waiting for unfinished jobs....
[0.957s] /usr/bin/ld: /usr/lib/gcc/x86_64-linux-gnu/11/../../../x86_64-linux-gnu/Scrt1.o: in function `_start':
[0.958s] (.text+0x1b): undefined reference to `main'
[0.959s] collect2: error: ld returned 1 exit status
[0.960s] gmake[2]: *** [CMakeFiles/dwa_node.dir/build.make:222: dwa_node] Error 1
[0.960s] gmake[1]: *** [CMakeFiles/Makefile2:139: CMakeFiles/dwa_node.dir/all] Error 2
[0.960s] gmake[1]: *** Waiting for unfinished jobs....
[2.648s] gmake[1]: *** [CMakeFiles/Makefile2:165: CMakeFiles/test_node.dir/all] Error 2
[2.648s] gmake: *** [Makefile:146: all] Error 2
[2.650s] Invoked command in '/home/panav/ros2_ws/src/dwa_planner/build/dwa_planner' returned '2': CMAKE_PREFIX_PATH=${CMAKE_PREFIX_PATH}:/home/panav/ros2_ws/install/turtlebot3_teleop:/home/panav/ros2_ws/install/turtlebot3_example:/opt/ros/humble /usr/bin/cmake --build /home/panav/ros2_ws/src/dwa_planner/build/dwa_planner
