In file included from [01m[K/opt/ros/humble/include/rclcpp/rclcpp/logging.hpp:24[m[K,
                 from [01m[K/opt/ros/humble/include/rclcpp/rclcpp/client.hpp:40[m[K,
                 from [01m[K/opt/ros/humble/include/rclcpp/rclcpp/callback_group.hpp:24[m[K,
                 from [01m[K/opt/ros/humble/include/rclcpp/rclcpp/any_executable.hpp:20[m[K,
                 from [01m[K/opt/ros/humble/include/rclcpp/rclcpp/memory_strategy.hpp:25[m[K,
                 from [01m[K/opt/ros/humble/include/rclcpp/rclcpp/memory_strategies.hpp:18[m[K,
                 from [01m[K/opt/ros/humble/include/rclcpp/rclcpp/executor_options.hpp:20[m[K,
                 from [01m[K/opt/ros/humble/include/rclcpp/rclcpp/executor.hpp:37[m[K,
                 from [01m[K/opt/ros/humble/include/rclcpp/rclcpp/executors/multi_threaded_executor.hpp:25[m[K,
                 from [01m[K/opt/ros/humble/include/rclcpp/rclcpp/executors.hpp:21[m[K,
                 from [01m[K/opt/ros/humble/include/rclcpp/rclcpp/rclcpp.hpp:155[m[K,
                 from [01m[K/home/panav/ros2_ws/src/dwa_planner/src/dwa_node.cpp:1[m[K:
[01m[K/home/panav/ros2_ws/src/dwa_planner/src/dwa_node.cpp:[m[K In member function â€˜[01m[Kvoid DWA_node::scan_callback(sensor_msgs::msg::LaserScan_<std::allocator<void> >::SharedPtr)[m[Kâ€™:
[01m[K/home/panav/ros2_ws/src/dwa_planner/src/dwa_node.cpp:96:41:[m[K [01;35m[Kwarning: [m[Kunknown conversion type character â€˜[01m[Kr[m[Kâ€™ in format [[01;35m[K]8;;https://gcc.gnu.org/onlinedocs/gcc/Warning-Options.html#index-Wformat=-Wformat=]8;;[m[K]
   96 |  RCLCPP_INFO(this->get_logger(), [01;35m[K"Laser scan received: % ranges"[m[K, static_cast<int>(current_scan.ranges.size()));
      |                                  [01;35m[K^~~~~~~~~~~~~~~~~~~~~~~~~~~~~~~[m[K

[01m[K/home/panav/ros2_ws/src/dwa_planner/src/dwa_node.cpp:96:65:[m[K [01;36m[Knote: [m[Kformat string is defined here
   96 | ogger(), "Laser scan received: % [01;36m[Kr[m[Kanges", static_cast<int>(current_scan.ranges.size()));
      |                                  [01;36m[K^[m[K

In file included from [01m[K/opt/ros/humble/include/rclcpp/rclcpp/logging.hpp:24[m[K,
                 from [01m[K/opt/ros/humble/include/rclcpp/rclcpp/client.hpp:40[m[K,
                 from [01m[K/opt/ros/humble/include/rclcpp/rclcpp/callback_group.hpp:24[m[K,
                 from [01m[K/opt/ros/humble/include/rclcpp/rclcpp/any_executable.hpp:20[m[K,
                 from [01m[K/opt/ros/humble/include/rclcpp/rclcpp/memory_strategy.hpp:25[m[K,
                 from [01m[K/opt/ros/humble/include/rclcpp/rclcpp/memory_strategies.hpp:18[m[K,
                 from [01m[K/opt/ros/humble/include/rclcpp/rclcpp/executor_options.hpp:20[m[K,
                 from [01m[K/opt/ros/humble/include/rclcpp/rclcpp/executor.hpp:37[m[K,
                 from [01m[K/opt/ros/humble/include/rclcpp/rclcpp/executors/multi_threaded_executor.hpp:25[m[K,
                 from [01m[K/opt/ros/humble/include/rclcpp/rclcpp/executors.hpp:21[m[K,
                 from [01m[K/opt/ros/humble/include/rclcpp/rclcpp/rclcpp.hpp:155[m[K,
                 from [01m[K/home/panav/ros2_ws/src/dwa_planner/src/dwa_node.cpp:1[m[K:
[01m[K/home/panav/ros2_ws/src/dwa_planner/src/dwa_node.cpp:96:41:[m[K [01;35m[Kwarning: [m[Ktoo many arguments for format [[01;35m[K]8;;https://gcc.gnu.org/onlinedocs/gcc/Warning-Options.html#index-Wformat-extra-args-Wformat-extra-args]8;;[m[K]
   96 |  RCLCPP_INFO(this->get_logger(), [01;35m[K"Laser scan received: % ranges"[m[K, static_cast<int>(current_scan.ranges.size()));
      |                                  [01;35m[K^~~~~~~~~~~~~~~~~~~~~~~~~~~~~~~[m[K

[01m[K/home/panav/ros2_ws/src/dwa_planner/src/dwa_node.cpp:[m[K In member function â€˜[01m[Kstd::vector<std::pair<double, double> > DWA_node::motion_ranges(double, double, double, const Odometry&)[m[Kâ€™:
[01m[K/home/panav/ros2_ws/src/dwa_planner/src/dwa_node.cpp:112:20:[m[K [01;31m[Kerror: [m[Kâ€˜[01m[Kodom_data[m[Kâ€™ was not declared in this scope; did you mean â€˜[01m[Krandom_data[m[Kâ€™?
  112 |         double x = [01;31m[Kodom_data[m[K.pose.pose.position.x;
      |                    [01;31m[K^~~~~~~~~[m[K
      |                    [32m[Krandom_data[m[K
[01m[K/home/panav/ros2_ws/src/dwa_planner/src/dwa_node.cpp:126:18:[m[K [01;31m[Kerror: [m[Kâ€˜[01m[Kturn_rate[m[Kâ€™ was not declared in this scope; did you mean â€˜[01m[Ktruncate[m[Kâ€™?
  126 |             yaw+=[01;31m[Kturn_rate[m[K * time_step;
      |                  [01;31m[K^~~~~~~~~[m[K
      |                  [32m[Ktruncate[m[K
[01m[K/home/panav/ros2_ws/src/dwa_planner/src/dwa_node.cpp:109:70:[m[K [01;35m[Kwarning: [m[Kunused parameter â€˜[01m[Krotation_speed[m[Kâ€™ [[01;35m[K]8;;https://gcc.gnu.org/onlinedocs/gcc/Warning-Options.html#index-Wunused-parameter-Wunused-parameter]8;;[m[K]
  109 | tion_ranges(double speed, [01;35m[Kdouble rotation_speed[m[K, double time_step, const nav_msgs::msg::Odometry& odom)
      |                           [01;35m[K~~~~~~~^~~~~~~~~~~~~~[m[K

[01m[K/home/panav/ros2_ws/src/dwa_planner/src/dwa_node.cpp:109:135:[m[K [01;35m[Kwarning: [m[Kunused parameter â€˜[01m[Kodom[m[Kâ€™ [[01;35m[K]8;;https://gcc.gnu.org/onlinedocs/gcc/Warning-Options.html#index-Wunused-parameter-Wunused-parameter]8;;[m[K]
  109 | e_step, [01;35m[Kconst nav_msgs::msg::Odometry& odom[m[K)
      |         [01;35m[K~~~~~~~~~~~~~~~~~~~~~~~~~~~~~~~^~~~[m[K

[01m[K/home/panav/ros2_ws/src/dwa_planner/src/dwa_node.cpp:[m[K In member function â€˜[01m[Kstd::pair<double, double> DWA_node::path_gen()[m[Kâ€™:
[01m[K/home/panav/ros2_ws/src/dwa_planner/src/dwa_node.cpp:141:64:[m[K [01;31m[Kerror: [m[Kno matching function for call to â€˜[01m[KDWA_node::motion_ranges(double&, double&)[m[Kâ€™
  141 | uble>> trajectory = [01;31m[Kmotion_ranges(speed, rotation_speed)[m[K;
      |                     [01;31m[K~~~~~~~~~~~~~^~~~~~~~~~~~~~~~~~~~~~~[m[K

[01m[K/home/panav/ros2_ws/src/dwa_planner/src/dwa_node.cpp:109:35:[m[K [01;36m[Knote: [m[Kcandidate: â€˜[01m[Kstd::vector<std::pair<double, double> > DWA_node::motion_ranges(double, double, double, const Odometry&)[m[Kâ€™
  109 |    vector <pair<double, double>> [01;36m[Kmotion_ranges[m[K(double speed, double rotation_speed, double time_step, const nav_msgs::msg::Odometry& odom)
      |                                  [01;36m[K^~~~~~~~~~~~~[m[K

[01m[K/home/panav/ros2_ws/src/dwa_planner/src/dwa_node.cpp:109:35:[m[K [01;36m[Knote: [m[K  candidate expects 4 arguments, 2 provided
[01m[K/home/panav/ros2_ws/src/dwa_planner/src/dwa_node.cpp:139:16:[m[K [01;35m[Kwarning: [m[Kunused variable â€˜[01m[Ktime_step[m[Kâ€™ [[01;35m[K]8;;https://gcc.gnu.org/onlinedocs/gcc/Warning-Options.html#index-Wunused-variable-Wunused-variable]8;;[m[K]
  139 |         double [01;35m[Ktime_step[m[K = this->get_parameter("time_step").as_double();
      |                [01;35m[K^~~~~~~~~[m[K
[01m[K/home/panav/ros2_ws/src/dwa_planner/src/dwa_node.cpp:[m[K In member function â€˜[01m[Kdouble DWA_node::collision_avoidance(const std::vector<std::pair<double, double> >&, const LaserScan&, const Odometry&, double)[m[Kâ€™:
[01m[K/home/panav/ros2_ws/src/dwa_planner/src/dwa_node.cpp:147:12:[m[K [01;31m[Kerror: [m[Kâ€˜[01m[Kscan[m[Kâ€™ was not declared in this scope; did you mean â€˜[01m[Kscanf[m[Kâ€™?
  147 |         if([01;31m[Kscan[m[K.ranges.empty())
      |            [01;31m[K^~~~[m[K
      |            [32m[Kscanf[m[K
In file included from [01m[K/opt/ros/humble/include/rclcpp/rclcpp/client.hpp:40[m[K,
                 from [01m[K/opt/ros/humble/include/rclcpp/rclcpp/callback_group.hpp:24[m[K,
                 from [01m[K/opt/ros/humble/include/rclcpp/rclcpp/any_executable.hpp:20[m[K,
                 from [01m[K/opt/ros/humble/include/rclcpp/rclcpp/memory_strategy.hpp:25[m[K,
                 from [01m[K/opt/ros/humble/include/rclcpp/rclcpp/memory_strategies.hpp:18[m[K,
                 from [01m[K/opt/ros/humble/include/rclcpp/rclcpp/executor_options.hpp:20[m[K,
                 from [01m[K/opt/ros/humble/include/rclcpp/rclcpp/executor.hpp:37[m[K,
                 from [01m[K/opt/ros/humble/include/rclcpp/rclcpp/executors/multi_threaded_executor.hpp:25[m[K,
                 from [01m[K/opt/ros/humble/include/rclcpp/rclcpp/executors.hpp:21[m[K,
                 from [01m[K/opt/ros/humble/include/rclcpp/rclcpp/rclcpp.hpp:155[m[K,
                 from [01m[K/home/panav/ros2_ws/src/dwa_planner/src/dwa_node.cpp:1[m[K:
[01m[K/home/panav/ros2_ws/src/dwa_planner/src/dwa_node.cpp:149:44:[m[K [01;31m[Kerror: [m[Kexpected â€˜[01m[K)[m[Kâ€™ before string constant
  149 |   RCLCPP_WARN(this->get_logger() [01;31m[K"No Laser scan data available"[m[K);
      |                                  [01;31m[K^~~~~~~~~~~~~~~~~~~~~~~~~~~~~~[m[K

[01m[K/home/panav/ros2_ws/src/dwa_planner/src/dwa_node.cpp:149:13:[m[K [01;36m[Knote: [m[Kto match this â€˜[01m[K([m[Kâ€™
  149 |             [01;36m[KRCLCPP_WARN[m[K(this->get_logger() "No Laser scan data available");
      |             [01;36m[K^~~~~~~~~~~[m[K
[01m[K/home/panav/ros2_ws/src/dwa_planner/src/dwa_node.cpp:149:13:[m[K [01;31m[Kerror: [m[Ktemplate argument 1 is invalid
  149 |             [01;31m[KRCLCPP_WARN[m[K(this->get_logger() "No Laser scan data available");
      |             [01;31m[K^~~~~~~~~~~[m[K
[01m[K/home/panav/ros2_ws/src/dwa_planner/src/dwa_node.cpp:149:13:[m[K [01;31m[Kerror: [m[Ktemplate argument 1 is invalid
  149 |             [01;31m[KRCLCPP_WARN[m[K(this->get_logger() "No Laser scan data available");
      |             [01;31m[K^~~~~~~~~~~[m[K
[01m[K/home/panav/ros2_ws/src/dwa_planner/src/dwa_node.cpp:149:13:[m[K [01;31m[Kerror: [m[Ktemplate argument 1 is invalid
  149 |             [01;31m[KRCLCPP_WARN[m[K(this->get_logger() "No Laser scan data available");
      |             [01;31m[K^~~~~~~~~~~[m[K
In file included from [01m[K/opt/ros/humble/include/rclcpp/rclcpp/logging.hpp:24[m[K,
                 from [01m[K/opt/ros/humble/include/rclcpp/rclcpp/client.hpp:40[m[K,
                 from [01m[K/opt/ros/humble/include/rclcpp/rclcpp/callback_group.hpp:24[m[K,
                 from [01m[K/opt/ros/humble/include/rclcpp/rclcpp/any_executable.hpp:20[m[K,
                 from [01m[K/opt/ros/humble/include/rclcpp/rclcpp/memory_strategy.hpp:25[m[K,
                 from [01m[K/opt/ros/humble/include/rclcpp/rclcpp/memory_strategies.hpp:18[m[K,
                 from [01m[K/opt/ros/humble/include/rclcpp/rclcpp/executor_options.hpp:20[m[K,
                 from [01m[K/opt/ros/humble/include/rclcpp/rclcpp/executor.hpp:37[m[K,
                 from [01m[K/opt/ros/humble/include/rclcpp/rclcpp/executors/multi_threaded_executor.hpp:25[m[K,
                 from [01m[K/opt/ros/humble/include/rclcpp/rclcpp/executors.hpp:21[m[K,
                 from [01m[K/opt/ros/humble/include/rclcpp/rclcpp/rclcpp.hpp:155[m[K,
                 from [01m[K/home/panav/ros2_ws/src/dwa_planner/src/dwa_node.cpp:1[m[K:
[01m[K/home/panav/ros2_ws/src/dwa_planner/src/dwa_node.cpp:149:44:[m[K [01;31m[Kerror: [m[Kexpected â€˜[01m[K)[m[Kâ€™ before string constant
  149 |   RCLCPP_WARN(this->get_logger() [01;31m[K"No Laser scan data available"[m[K);
      |                                  [01;31m[K^~~~~~~~~~~~~~~~~~~~~~~~~~~~~~[m[K

[01m[K/home/panav/ros2_ws/src/dwa_planner/src/dwa_node.cpp:149:13:[m[K [01;36m[Knote: [m[Kto match this â€˜[01m[K([m[Kâ€™
  149 |             [01;36m[KRCLCPP_WARN[m[K(this->get_logger() "No Laser scan data available");
      |             [01;36m[K^~~~~~~~~~~[m[K
[01m[K/home/panav/ros2_ws/src/dwa_planner/src/dwa_node.cpp:149:13:[m[K [01;31m[Kerror: [m[Kexpected â€˜[01m[K)[m[Kâ€™ before â€˜[01m[K}[m[Kâ€™ token
  149 |             [01;31m[KRCLCPP_WARN[m[K(this->get_logger() "No Laser scan data available");
      |             [01;31m[K^~~~~~~~~~~[m[K
[01m[K/home/panav/ros2_ws/src/dwa_planner/src/dwa_node.cpp:149:13:[m[K [01;36m[Knote: [m[Kto match this â€˜[01m[K([m[Kâ€™
  149 |             [01;36m[KRCLCPP_WARN[m[K(this->get_logger() "No Laser scan data available");
      |             [01;36m[K^~~~~~~~~~~[m[K
[01m[K/home/panav/ros2_ws/src/dwa_planner/src/dwa_node.cpp:149:13:[m[K [01;31m[Kerror: [m[Kexpected â€˜[01m[K)[m[Kâ€™ before â€˜[01m[K}[m[Kâ€™ token
  149 |             [01;31m[KRCLCPP_WARN[m[K(this->get_logger() "No Laser scan data available");
      |             [01;31m[K^~~~~~~~~~~[m[K
[01m[K/home/panav/ros2_ws/src/dwa_planner/src/dwa_node.cpp:149:13:[m[K [01;36m[Knote: [m[Kto match this â€˜[01m[K([m[Kâ€™
  149 |             [01;36m[KRCLCPP_WARN[m[K(this->get_logger() "No Laser scan data available");
      |             [01;36m[K^~~~~~~~~~~[m[K
[01m[K/home/panav/ros2_ws/src/dwa_planner/src/dwa_node.cpp:149:13:[m[K [01;31m[Kerror: [m[Kexpected primary-expression before â€˜[01m[K}[m[Kâ€™ token
  149 |             [01;31m[KRCLCPP_WARN[m[K(this->get_logger() "No Laser scan data available");
      |             [01;31m[K^~~~~~~~~~~[m[K
[01m[K/home/panav/ros2_ws/src/dwa_planner/src/dwa_node.cpp:160:28:[m[K [01;31m[Kerror: [m[Kâ€˜[01m[Kscan_data_[m[Kâ€™ was not declared in this scope; did you mean â€˜[01m[Kscan_data[m[Kâ€™?
  160 |             if (distance < [01;31m[Kscan_data_[m[K->ranges[scan_index] - tolerance) {
      |                            [01;31m[K^~~~~~~~~~[m[K
      |                            [32m[Kscan_data[m[K
[01m[K/home/panav/ros2_ws/src/dwa_planner/src/dwa_node.cpp:160:47:[m[K [01;31m[Kerror: [m[Kâ€˜[01m[Kscan_index[m[Kâ€™ was not declared in this scope
  160 | f (distance < scan_data_->ranges[[01;31m[Kscan_index[m[K] - tolerance) {
      |                                  [01;31m[K^~~~~~~~~~[m[K

[01m[K/home/panav/ros2_ws/src/dwa_planner/src/dwa_node.cpp:161:25:[m[K [01;31m[Kerror: [m[Kâ€˜[01m[KINT_MAX[m[Kâ€™ was not declared in this scope
  161 |                 return -[01;31m[KINT_MAX[m[K;
      |                         [01;31m[K^~~~~~~[m[K
[01m[K/home/panav/ros2_ws/src/dwa_planner/src/dwa_node.cpp:19:1:[m[K [01;36m[Knote: [m[Kâ€˜[01m[KINT_MAX[m[Kâ€™ is defined in header â€˜[01m[K<climits>[m[Kâ€™; did you forget to â€˜[01m[K#include <climits>[m[Kâ€™?
   18 | #include <tf2/LinearMath/Matrix3x3.h>
  +++ |+[32m[K#include <climits>[m[K
   19 | 
[01m[K/home/panav/ros2_ws/src/dwa_planner/src/dwa_node.cpp:158:17:[m[K [01;35m[Kwarning: [m[Kunused variable â€˜[01m[Kindex[m[Kâ€™ [[01;35m[K]8;;https://gcc.gnu.org/onlinedocs/gcc/Warning-Options.html#index-Wunused-variable-Wunused-variable]8;;[m[K]
  158 |             int [01;35m[Kindex[m[K = static_cast<int>((atan2(y - current_odom.pose.pose.position.y, x - current_odom.pose.pose.position.x)+M_PI) / (2*M_PI)) * scan_data.ranges.size();
      |                 [01;35m[K^~~~~[m[K
[01m[K/home/panav/ros2_ws/src/dwa_planner/src/dwa_node.cpp:[m[K In member function â€˜[01m[Kstd::pair<double, double> DWA_node::dwa_control(const std::vector<std::pair<double, double> >&, const Odometry&, const LaserScan&)[m[Kâ€™:
[01m[K/home/panav/ros2_ws/src/dwa_planner/src/dwa_node.cpp:172:16:[m[K [01;31m[Kerror: [m[Kno match for â€˜[01m[Koperator==[m[Kâ€™ (operand types are â€˜[01m[Kconst Odometry[m[Kâ€™ {aka â€˜[01m[Kconst nav_msgs::msg::Odometry_<std::allocator<void> >[m[Kâ€™} and â€˜[01m[Klong int[m[Kâ€™)
  172 |         if(odom[01;31m[K=[m[K=NULL || scan_data==NULL)
      |                [01;31m[K^[m[K
In file included from [01m[K/opt/ros/humble/include/nav_msgs/nav_msgs/msg/odometry.hpp:7[m[K,
                 from [01m[K/home/panav/ros2_ws/src/dwa_planner/src/dwa_node.cpp:6[m[K:
[01m[K/opt/ros/humble/include/nav_msgs/nav_msgs/msg/detail/odometry__struct.hpp:149:8:[m[K [01;36m[Knote: [m[Kcandidate: â€˜[01m[Kbool nav_msgs::msg::Odometry_<ContainerAllocator>::operator==(const nav_msgs::msg::Odometry_<ContainerAllocator>&) const [with ContainerAllocator = std::allocator<void>][m[Kâ€™
  149 |   bool [01;36m[Koperator[m[K==(const Odometry_ & other) const
      |        [01;36m[K^~~~~~~~[m[K
[01m[K/opt/ros/humble/include/nav_msgs/nav_msgs/msg/detail/odometry__struct.hpp:149:37:[m[K [01;36m[Knote: [m[K  no known conversion for argument 1 from â€˜[01m[Klong int[m[Kâ€™ to â€˜[01m[Kconst nav_msgs::msg::Odometry_<std::allocator<void> >&[m[Kâ€™
  149 | ool operator==([01;36m[Kconst Odometry_ & other[m[K) const
      |                [01;36m[K~~~~~~~~~~~~~~~~~~^~~~~[m[K

In file included from [01m[K/usr/include/c++/11/bits/stl_algobase.h:64[m[K,
                 from [01m[K/usr/include/c++/11/memory:63[m[K,
                 from [01m[K/opt/ros/humble/include/rclcpp/rclcpp/rclcpp.hpp:153[m[K,
                 from [01m[K/home/panav/ros2_ws/src/dwa_planner/src/dwa_node.cpp:1[m[K:
[01m[K/usr/include/c++/11/bits/stl_pair.h:466:5:[m[K [01;36m[Knote: [m[Kcandidate: â€˜[01m[Ktemplate<class _T1, class _T2> constexpr bool std::operator==(const std::pair<_T1, _T2>&, const std::pair<_T1, _T2>&)[m[Kâ€™
  466 |     [01;36m[Koperator[m[K==(const pair<_T1, _T2>& __x, const pair<_T1, _T2>& __y)
      |     [01;36m[K^~~~~~~~[m[K
[01m[K/usr/include/c++/11/bits/stl_pair.h:466:5:[m[K [01;36m[Knote: [m[K  template argument deduction/substitution failed:
In file included from [01m[K/usr/include/strings.h:23[m[K,
                 from [01m[K/usr/include/string.h:462[m[K,
                 from [01m[K/opt/ros/humble/include/rcutils/rcutils/error_handling.h:34[m[K,
                 from [01m[K/opt/ros/humble/include/rcutils/rcutils/logging.h:25[m[K,
                 from [01m[K/opt/ros/humble/include/rmw/rmw/types.h:28[m[K,
                 from [01m[K/opt/ros/humble/include/rcl/rcl/types.h:20[m[K,
                 from [01m[K/opt/ros/humble/include/rcl/rcl/log_level.h:22[m[K,
                 from [01m[K/opt/ros/humble/include/rcl/rcl/arguments.h:21[m[K,
                 from [01m[K/opt/ros/humble/include/rcl/rcl/context.h:28[m[K,
                 from [01m[K/opt/ros/humble/include/rcl/rcl/guard_condition.h:26[m[K,
                 from [01m[K/opt/ros/humble/include/rclcpp/rclcpp/executor.hpp:30[m[K,
                 from [01m[K/opt/ros/humble/include/rclcpp/rclcpp/executors/multi_threaded_executor.hpp:25[m[K,
                 from [01m[K/opt/ros/humble/include/rclcpp/rclcpp/executors.hpp:21[m[K,
                 from [01m[K/opt/ros/humble/include/rclcpp/rclcpp/rclcpp.hpp:155[m[K,
                 from [01m[K/home/panav/ros2_ws/src/dwa_planner/src/dwa_node.cpp:1[m[K:
[01m[K/home/panav/ros2_ws/src/dwa_planner/src/dwa_node.cpp:172:18:[m[K [01;36m[Knote: [m[K  â€˜[01m[Kconst Odometry[m[Kâ€™ {aka â€˜[01m[Kconst nav_msgs::msg::Odometry_<std::allocator<void> >[m[Kâ€™} is not derived from â€˜[01m[Kconst std::pair<_T1, _T2>[m[Kâ€™
  172 |         if(odom==[01;36m[KNULL[m[K || scan_data==NULL)
      |                  [01;36m[K^~~~[m[K
In file included from [01m[K/usr/include/c++/11/bits/stl_algobase.h:67[m[K,
                 from [01m[K/usr/include/c++/11/memory:63[m[K,
                 from [01m[K/opt/ros/humble/include/rclcpp/rclcpp/rclcpp.hpp:153[m[K,
                 from [01m[K/home/panav/ros2_ws/src/dwa_planner/src/dwa_node.cpp:1[m[K:
[01m[K/usr/include/c++/11/bits/stl_iterator.h:420:5:[m[K [01;36m[Knote: [m[Kcandidate: â€˜[01m[Ktemplate<class _Iterator> constexpr bool std::operator==(const std::reverse_iterator<_Iterator>&, const std::reverse_iterator<_Iterator>&)[m[Kâ€™
  420 |     [01;36m[Koperator[m[K==(const reverse_iterator<_Iterator>& __x,
      |     [01;36m[K^~~~~~~~[m[K
[01m[K/usr/include/c++/11/bits/stl_iterator.h:420:5:[m[K [01;36m[Knote: [m[K  template argument deduction/substitution failed:
In file included from [01m[K/usr/include/strings.h:23[m[K,
                 from [01m[K/usr/include/string.h:462[m[K,
                 from [01m[K/opt/ros/humble/include/rcutils/rcutils/error_handling.h:34[m[K,
                 from [01m[K/opt/ros/humble/include/rcutils/rcutils/logging.h:25[m[K,
                 from [01m[K/opt/ros/humble/include/rmw/rmw/types.h:28[m[K,
                 from [01m[K/opt/ros/humble/include/rcl/rcl/types.h:20[m[K,
                 from [01m[K/opt/ros/humble/include/rcl/rcl/log_level.h:22[m[K,
                 from [01m[K/opt/ros/humble/include/rcl/rcl/arguments.h:21[m[K,
                 from [01m[K/opt/ros/humble/include/rcl/rcl/context.h:28[m[K,
                 from [01m[K/opt/ros/humble/include/rcl/rcl/guard_condition.h:26[m[K,
                 from [01m[K/opt/ros/humble/include/rclcpp/rclcpp/executor.hpp:30[m[K,
                 from [01m[K/opt/ros/humble/include/rclcpp/rclcpp/executors/multi_threaded_executor.hpp:25[m[K,
                 from [01m[K/opt/ros/humble/include/rclcpp/rclcpp/executors.hpp:21[m[K,
                 from [01m[K/opt/ros/humble/include/rclcpp/rclcpp/rclcpp.hpp:155[m[K,
                 from [01m[K/home/panav/ros2_ws/src/dwa_planner/src/dwa_node.cpp:1[m[K:
[01m[K/home/panav/ros2_ws/src/dwa_planner/src/dwa_node.cpp:172:18:[m[K [01;36m[Knote: [m[K  â€˜[01m[Kconst Odometry[m[Kâ€™ {aka â€˜[01m[Kconst nav_msgs::msg::Odometry_<std::allocator<void> >[m[Kâ€™} is not derived from â€˜[01m[Kconst std::reverse_iterator<_Iterator>[m[Kâ€™
  172 |         if(odom==[01;36m[KNULL[m[K || scan_data==NULL)
      |                  [01;36m[K^~~~[m[K
In file included from [01m[K/usr/include/c++/11/bits/stl_algobase.h:67[m[K,
                 from [01m[K/usr/include/c++/11/memory:63[m[K,
                 from [01m[K/opt/ros/humble/include/rclcpp/rclcpp/rclcpp.hpp:153[m[K,
                 from [01m[K/home/panav/ros2_ws/src/dwa_planner/src/dwa_node.cpp:1[m[K:
[01m[K/usr/include/c++/11/bits/stl_iterator.h:459:5:[m[K [01;36m[Knote: [m[Kcandidate: â€˜[01m[Ktemplate<class _IteratorL, class _IteratorR> constexpr bool std::operator==(const std::reverse_iterator<_Iterator>&, const std::reverse_iterator<_IteratorR>&)[m[Kâ€™
  459 |     [01;36m[Koperator[m[K==(const reverse_iterator<_IteratorL>& __x,
      |     [01;36m[K^~~~~~~~[m[K
[01m[K/usr/include/c++/11/bits/stl_iterator.h:459:5:[m[K [01;36m[Knote: [m[K  template argument deduction/substitution failed:
In file included from [01m[K/usr/include/strings.h:23[m[K,
                 from [01m[K/usr/include/string.h:462[m[K,
                 from [01m[K/opt/ros/humble/include/rcutils/rcutils/error_handling.h:34[m[K,
                 from [01m[K/opt/ros/humble/include/rcutils/rcutils/logging.h:25[m[K,
                 from [01m[K/opt/ros/humble/include/rmw/rmw/types.h:28[m[K,
                 from [01m[K/opt/ros/humble/include/rcl/rcl/types.h:20[m[K,
                 from [01m[K/opt/ros/humble/include/rcl/rcl/log_level.h:22[m[K,
                 from [01m[K/opt/ros/humble/include/rcl/rcl/arguments.h:21[m[K,
                 from [01m[K/opt/ros/humble/include/rcl/rcl/context.h:28[m[K,
                 from [01m[K/opt/ros/humble/include/rcl/rcl/guard_condition.h:26[m[K,
                 from [01m[K/opt/ros/humble/include/rclcpp/rclcpp/executor.hpp:30[m[K,
                 from [01m[K/opt/ros/humble/include/rclcpp/rclcpp/executors/multi_threaded_executor.hpp:25[m[K,
                 from [01m[K/opt/ros/humble/include/rclcpp/rclcpp/executors.hpp:21[m[K,
                 from [01m[K/opt/ros/humble/include/rclcpp/rclcpp/rclcpp.hpp:155[m[K,
                 from [01m[K/home/panav/ros2_ws/src/dwa_planner/src/dwa_node.cpp:1[m[K:
[01m[K/home/panav/ros2_ws/src/dwa_planner/src/dwa_node.cpp:172:18:[m[K [01;36m[Knote: [m[K  â€˜[01m[Kconst Odometry[m[Kâ€™ {aka â€˜[01m[Kconst nav_msgs::msg::Odometry_<std::allocator<void> >[m[Kâ€™} is not derived from â€˜[01m[Kconst std::reverse_iterator<_Iterator>[m[Kâ€™
  172 |         if(odom==[01;36m[KNULL[m[K || scan_data==NULL)
      |                  [01;36m[K^~~~[m[K
In file included from [01m[K/usr/include/c++/11/bits/stl_algobase.h:67[m[K,
                 from [01m[K/usr/include/c++/11/memory:63[m[K,
                 from [01m[K/opt/ros/humble/include/rclcpp/rclcpp/rclcpp.hpp:153[m[K,
                 from [01m[K/home/panav/ros2_ws/src/dwa_planner/src/dwa_node.cpp:1[m[K:
[01m[K/usr/include/c++/11/bits/stl_iterator.h:1585:5:[m[K [01;36m[Knote: [m[Kcandidate: â€˜[01m[Ktemplate<class _IteratorL, class _IteratorR> constexpr bool std::operator==(const std::move_iterator<_IteratorL>&, const std::move_iterator<_IteratorR>&)[m[Kâ€™
 1585 |     [01;36m[Koperator[m[K==(const move_iterator<_IteratorL>& __x,
      |     [01;36m[K^~~~~~~~[m[K
[01m[K/usr/include/c++/11/bits/stl_iterator.h:1585:5:[m[K [01;36m[Knote: [m[K  template argument deduction/substitution failed:
In file included from [01m[K/usr/include/strings.h:23[m[K,
                 from [01m[K/usr/include/string.h:462[m[K,
                 from [01m[K/opt/ros/humble/include/rcutils/rcutils/error_handling.h:34[m[K,
                 from [01m[K/opt/ros/humble/include/rcutils/rcutils/logging.h:25[m[K,
                 from [01m[K/opt/ros/humble/include/rmw/rmw/types.h:28[m[K,
                 from [01m[K/opt/ros/humble/include/rcl/rcl/types.h:20[m[K,
                 from [01m[K/opt/ros/humble/include/rcl/rcl/log_level.h:22[m[K,
                 from [01m[K/opt/ros/humble/include/rcl/rcl/arguments.h:21[m[K,
                 from [01m[K/opt/ros/humble/include/rcl/rcl/context.h:28[m[K,
                 from [01m[K/opt/ros/humble/include/rcl/rcl/guard_condition.h:26[m[K,
                 from [01m[K/opt/ros/humble/include/rclcpp/rclcpp/executor.hpp:30[m[K,
                 from [01m[K/opt/ros/humble/include/rclcpp/rclcpp/executors/multi_threaded_executor.hpp:25[m[K,
                 from [01m[K/opt/ros/humble/include/rclcpp/rclcpp/executors.hpp:21[m[K,
                 from [01m[K/opt/ros/humble/include/rclcpp/rclcpp/rclcpp.hpp:155[m[K,
                 from [01m[K/home/panav/ros2_ws/src/dwa_planner/src/dwa_node.cpp:1[m[K:
[01m[K/home/panav/ros2_ws/src/dwa_planner/src/dwa_node.cpp:172:18:[m[K [01;36m[Knote: [m[K  â€˜[01m[Kconst Odometry[m[Kâ€™ {aka â€˜[01m[Kconst nav_msgs::msg::Odometry_<std::allocator<void> >[m[Kâ€™} is not derived from â€˜[01m[Kconst std::move_iterator<_IteratorL>[m[Kâ€™
  172 |         if(odom==[01;36m[KNULL[m[K || scan_data==NULL)
      |                  [01;36m[K^~~~[m[K
In file included from [01m[K/usr/include/c++/11/bits/stl_algobase.h:67[m[K,
                 from [01m[K/usr/include/c++/11/memory:63[m[K,
                 from [01m[K/opt/ros/humble/include/rclcpp/rclcpp/rclcpp.hpp:153[m[K,
                 from [01m[K/home/panav/ros2_ws/src/dwa_planner/src/dwa_node.cpp:1[m[K:
[01m[K/usr/include/c++/11/bits/stl_iterator.h:1648:5:[m[K [01;36m[Knote: [m[Kcandidate: â€˜[01m[Ktemplate<class _Iterator> constexpr bool std::operator==(const std::move_iterator<_IteratorL>&, const std::move_iterator<_IteratorL>&)[m[Kâ€™
 1648 |     [01;36m[Koperator[m[K==(const move_iterator<_Iterator>& __x,
      |     [01;36m[K^~~~~~~~[m[K
[01m[K/usr/include/c++/11/bits/stl_iterator.h:1648:5:[m[K [01;36m[Knote: [m[K  template argument deduction/substitution failed:
In file included from [01m[K/usr/include/strings.h:23[m[K,
                 from [01m[K/usr/include/string.h:462[m[K,
                 from [01m[K/opt/ros/humble/include/rcutils/rcutils/error_handling.h:34[m[K,
                 from [01m[K/opt/ros/humble/include/rcutils/rcutils/logging.h:25[m[K,
                 from [01m[K/opt/ros/humble/include/rmw/rmw/types.h:28[m[K,
                 from [01m[K/opt/ros/humble/include/rcl/rcl/types.h:20[m[K,
                 from [01m[K/opt/ros/humble/include/rcl/rcl/log_level.h:22[m[K,
                 from [01m[K/opt/ros/humble/include/rcl/rcl/arguments.h:21[m[K,
                 from [01m[K/opt/ros/humble/include/rcl/rcl/context.h:28[m[K,
                 from [01m[K/opt/ros/humble/include/rcl/rcl/guard_condition.h:26[m[K,
                 from [01m[K/opt/ros/humble/include/rclcpp/rclcpp/executor.hpp:30[m[K,
                 from [01m[K/opt/ros/humble/include/rclcpp/rclcpp/executors/multi_threaded_executor.hpp:25[m[K,
                 from [01m[K/opt/ros/humble/include/rclcpp/rclcpp/executors.hpp:21[m[K,
                 from [01m[K/opt/ros/humble/include/rclcpp/rclcpp/rclcpp.hpp:155[m[K,
                 from [01m[K/home/panav/ros2_ws/src/dwa_planner/src/dwa_node.cpp:1[m[K:
[01m[K/home/panav/ros2_ws/src/dwa_planner/src/dwa_node.cpp:172:18:[m[K [01;36m[Knote: [m[K  â€˜[01m[Kconst Odometry[m[Kâ€™ {aka â€˜[01m[Kconst nav_msgs::msg::Odometry_<std::allocator<void> >[m[Kâ€™} is not derived from â€˜[01m[Kconst std::move_iterator<_IteratorL>[m[Kâ€™
  172 |         if(odom==[01;36m[KNULL[m[K || scan_data==NULL)
      |                  [01;36m[K^~~~[m[K
In file included from [01m[K/usr/include/c++/11/memory:64[m[K,
                 from [01m[K/opt/ros/humble/include/rclcpp/rclcpp/rclcpp.hpp:153[m[K,
                 from [01m[K/home/panav/ros2_ws/src/dwa_planner/src/dwa_node.cpp:1[m[K:
[01m[K/usr/include/c++/11/bits/allocator.h:218:5:[m[K [01;36m[Knote: [m[Kcandidate: â€˜[01m[Ktemplate<class _T1, class _T2> bool std::operator==(const std::allocator<_Tp1>&, const std::allocator<_T2>&)[m[Kâ€™
  218 |     [01;36m[Koperator[m[K==(const allocator<_T1>&, const allocator<_T2>&)
      |     [01;36m[K^~~~~~~~[m[K
[01m[K/usr/include/c++/11/bits/allocator.h:218:5:[m[K [01;36m[Knote: [m[K  template argument deduction/substitution failed:
In file included from [01m[K/usr/include/strings.h:23[m[K,
                 from [01m[K/usr/include/string.h:462[m[K,
                 from [01m[K/opt/ros/humble/include/rcutils/rcutils/error_handling.h:34[m[K,
                 from [01m[K/opt/ros/humble/include/rcutils/rcutils/logging.h:25[m[K,
                 from [01m[K/opt/ros/humble/include/rmw/rmw/types.h:28[m[K,
                 from [01m[K/opt/ros/humble/include/rcl/rcl/types.h:20[m[K,
                 from [01m[K/opt/ros/humble/include/rcl/rcl/log_level.h:22[m[K,
                 from [01m[K/opt/ros/humble/include/rcl/rcl/arguments.h:21[m[K,
                 from [01m[K/opt/ros/humble/include/rcl/rcl/context.h:28[m[K,
                 from [01m[K/opt/ros/humble/include/rcl/rcl/guard_condition.h:26[m[K,
                 from [01m[K/opt/ros/humble/include/rclcpp/rclcpp/executor.hpp:30[m[K,
                 from [01m[K/opt/ros/humble/include/rclcpp/rclcpp/executors/multi_threaded_executor.hpp:25[m[K,
                 from [01m[K/opt/ros/humble/include/rclcpp/rclcpp/executors.hpp:21[m[K,
                 from [01m[K/opt/ros/humble/include/rclcpp/rclcpp/rclcpp.hpp:155[m[K,
                 from [01m[K/home/panav/ros2_ws/src/dwa_planner/src/dwa_node.cpp:1[m[K:
[01m[K/home/panav/ros2_ws/src/dwa_planner/src/dwa_node.cpp:172:18:[m[K [01;36m[Knote: [m[K  â€˜[01m[Kconst Odometry[m[Kâ€™ {aka â€˜[01m[Kconst nav_msgs::msg::Odometry_<std::allocator<void> >[m[Kâ€™} is not derived from â€˜[01m[Kconst std::allocator<_Tp1>[m[Kâ€™
  172 |         if(odom==[01;36m[KNULL[m[K || scan_data==NULL)
      |                  [01;36m[K^~~~[m[K
In file included from [01m[K/usr/include/c++/11/tuple:39[m[K,
                 from [01m[K/usr/include/c++/11/bits/unique_ptr.h:37[m[K,
                 from [01m[K/usr/include/c++/11/memory:76[m[K,
                 from [01m[K/opt/ros/humble/include/rclcpp/rclcpp/rclcpp.hpp:153[m[K,
                 from [01m[K/home/panav/ros2_ws/src/dwa_planner/src/dwa_node.cpp:1[m[K:
[01m[K/usr/include/c++/11/array:276:5:[m[K [01;36m[Knote: [m[Kcandidate: â€˜[01m[Ktemplate<class _Tp, long unsigned int _Nm> bool std::operator==(const std::array<_Tp, _Nm>&, const std::array<_Tp, _Nm>&)[m[Kâ€™
  276 |     [01;36m[Koperator[m[K==(const array<_Tp, _Nm>& __one, const array<_Tp, _Nm>& __two)
      |     [01;36m[K^~~~~~~~[m[K
[01m[K/usr/include/c++/11/array:276:5:[m[K [01;36m[Knote: [m[K  template argument deduction/substitution failed:
In file included from [01m[K/usr/include/strings.h:23[m[K,
                 from [01m[K/usr/include/string.h:462[m[K,
                 from [01m[K/opt/ros/humble/include/rcutils/rcutils/error_handling.h:34[m[K,
                 from [01m[K/opt/ros/humble/include/rcutils/rcutils/logging.h:25[m[K,
                 from [01m[K/opt/ros/humble/include/rmw/rmw/types.h:28[m[K,
                 from [01m[K/opt/ros/humble/include/rcl/rcl/types.h:20[m[K,
                 from [01m[K/opt/ros/humble/include/rcl/rcl/log_level.h:22[m[K,
                 from [01m[K/opt/ros/humble/include/rcl/rcl/arguments.h:21[m[K,
                 from [01m[K/opt/ros/humble/include/rcl/rcl/context.h:28[m[K,
                 from [01m[K/opt/ros/humble/include/rcl/rcl/guard_condition.h:26[m[K,
                 from [01m[K/opt/ros/humble/include/rclcpp/rclcpp/executor.hpp:30[m[K,
                 from [01m[K/opt/ros/humble/include/rclcpp/rclcpp/executors/multi_threaded_executor.hpp:25[m[K,
                 from [01m[K/opt/ros/humble/include/rclcpp/rclcpp/executors.hpp:21[m[K,
                 from [01m[K/opt/ros/humble/include/rclcpp/rclcpp/rclcpp.hpp:155[m[K,
                 from [01m[K/home/panav/ros2_ws/src/dwa_planner/src/dwa_node.cpp:1[m[K:
[01m[K/home/panav/ros2_ws/src/dwa_planner/src/dwa_node.cpp:172:18:[m[K [01;36m[Knote: [m[K  â€˜[01m[Kconst Odometry[m[Kâ€™ {aka â€˜[01m[Kconst nav_msgs::msg::Odometry_<std::allocator<void> >[m[Kâ€™} is not derived from â€˜[01m[Kconst std::array<_Tp, _Nm>[m[Kâ€™
  172 |         if(odom==[01;36m[KNULL[m[K || scan_data==NULL)
      |                  [01;36m[K^~~~[m[K
In file included from [01m[K/usr/include/c++/11/bits/unique_ptr.h:37[m[K,
                 from [01m[K/usr/include/c++/11/memory:76[m[K,
                 from [01m[K/opt/ros/humble/include/rclcpp/rclcpp/rclcpp.hpp:153[m[K,
                 from [01m[K/home/panav/ros2_ws/src/dwa_planner/src/dwa_node.cpp:1[m[K:
[01m[K/usr/include/c++/11/tuple:1524:5:[m[K [01;36m[Knote: [m[Kcandidate: â€˜[01m[Ktemplate<class ... _TElements, class ... _UElements> constexpr bool std::operator==(const std::tuple<_Tps ...>&, const std::tuple<_UTypes ...>&)[m[Kâ€™
 1524 |     [01;36m[Koperator[m[K==(const tuple<_TElements...>& __t,
      |     [01;36m[K^~~~~~~~[m[K
[01m[K/usr/include/c++/11/tuple:1524:5:[m[K [01;36m[Knote: [m[K  template argument deduction/substitution failed:
In file included from [01m[K/usr/include/strings.h:23[m[K,
                 from [01m[K/usr/include/string.h:462[m[K,
                 from [01m[K/opt/ros/humble/include/rcutils/rcutils/error_handling.h:34[m[K,
                 from [01m[K/opt/ros/humble/include/rcutils/rcutils/logging.h:25[m[K,
                 from [01m[K/opt/ros/humble/include/rmw/rmw/types.h:28[m[K,
                 from [01m[K/opt/ros/humble/include/rcl/rcl/types.h:20[m[K,
                 from [01m[K/opt/ros/humble/include/rcl/rcl/log_level.h:22[m[K,
                 from [01m[K/opt/ros/humble/include/rcl/rcl/arguments.h:21[m[K,
                 from [01m[K/opt/ros/humble/include/rcl/rcl/context.h:28[m[K,
                 from [01m[K/opt/ros/humble/include/rcl/rcl/guard_condition.h:26[m[K,
                 from [01m[K/opt/ros/humble/include/rclcpp/rclcpp/executor.hpp:30[m[K,
                 from [01m[K/opt/ros/humble/include/rclcpp/rclcpp/executors/multi_threaded_executor.hpp:25[m[K,
                 from [01m[K/opt/ros/humble/include/rclcpp/rclcpp/executors.hpp:21[m[K,
                 from [01m[K/opt/ros/humble/include/rclcpp/rclcpp/rclcpp.hpp:155[m[K,
                 from [01m[K/home/panav/ros2_ws/src/dwa_planner/src/dwa_node.cpp:1[m[K:
[01m[K/home/panav/ros2_ws/src/dwa_planner/src/dwa_node.cpp:172:18:[m[K [01;36m[Knote: [m[K  â€˜[01m[Kconst Odometry[m[Kâ€™ {aka â€˜[01m[Kconst nav_msgs::msg::Odometry_<std::allocator<void> >[m[Kâ€™} is not derived from â€˜[01m[Kconst std::tuple<_Tps ...>[m[Kâ€™
  172 |         if(odom==[01;36m[KNULL[m[K || scan_data==NULL)
      |                  [01;36m[K^~~~[m[K
In file included from [01m[K/usr/include/c++/11/memory:76[m[K,
                 from [01m[K/opt/ros/humble/include/rclcpp/rclcpp/rclcpp.hpp:153[m[K,
                 from [01m[K/home/panav/ros2_ws/src/dwa_planner/src/dwa_node.cpp:1[m[K:
[01m[K/usr/include/c++/11/bits/unique_ptr.h:753:5:[m[K [01;36m[Knote: [m[Kcandidate: â€˜[01m[Ktemplate<class _Tp, class _Dp, class _Up, class _Ep> bool std::operator==(const std::unique_ptr<_Tp, _Dp>&, const std::unique_ptr<_Up, _Ep>&)[m[Kâ€™
  753 |     [01;36m[Koperator[m[K==(const unique_ptr<_Tp, _Dp>& __x,
      |     [01;36m[K^~~~~~~~[m[K
[01m[K/usr/include/c++/11/bits/unique_ptr.h:753:5:[m[K [01;36m[Knote: [m[K  template argument deduction/substitution failed:
In file included from [01m[K/usr/include/strings.h:23[m[K,
                 from [01m[K/usr/include/string.h:462[m[K,
                 from [01m[K/opt/ros/humble/include/rcutils/rcutils/error_handling.h:34[m[K,
                 from [01m[K/opt/ros/humble/include/rcutils/rcutils/logging.h:25[m[K,
                 from [01m[K/opt/ros/humble/include/rmw/rmw/types.h:28[m[K,
                 from [01m[K/opt/ros/humble/include/rcl/rcl/types.h:20[m[K,
                 from [01m[K/opt/ros/humble/include/rcl/rcl/log_level.h:22[m[K,
                 from [01m[K/opt/ros/humble/include/rcl/rcl/arguments.h:21[m[K,
                 from [01m[K/opt/ros/humble/include/rcl/rcl/context.h:28[m[K,
                 from [01m[K/opt/ros/humble/include/rcl/rcl/guard_condition.h:26[m[K,
                 from [01m[K/opt/ros/humble/include/rclcpp/rclcpp/executor.hpp:30[m[K,
                 from [01m[K/opt/ros/humble/include/rclcpp/rclcpp/executors/multi_threaded_executor.hpp:25[m[K,
                 from [01m[K/opt/ros/humble/include/rclcpp/rclcpp/executors.hpp:21[m[K,
                 from [01m[K/opt/ros/humble/include/rclcpp/rclcpp/rclcpp.hpp:155[m[K,
                 from [01m[K/home/panav/ros2_ws/src/dwa_planner/src/dwa_node.cpp:1[m[K:
[01m[K/home/panav/ros2_ws/src/dwa_planner/src/dwa_node.cpp:172:18:[m[K [01;36m[Knote: [m[K  â€˜[01m[Kconst Odometry[m[Kâ€™ {aka â€˜[01m[Kconst nav_msgs::msg::Odometry_<std::allocator<void> >[m[Kâ€™} is not derived from â€˜[01m[Kconst std::unique_ptr<_Tp, _Dp>[m[Kâ€™
  172 |         if(odom==[01;36m[KNULL[m[K || scan_data==NULL)
      |                  [01;36m[K^~~~[m[K
In file included from [01m[K/usr/include/c++/11/memory:76[m[K,
                 from [01m[K/opt/ros/humble/include/rclcpp/rclcpp/rclcpp.hpp:153[m[K,
                 from [01m[K/home/panav/ros2_ws/src/dwa_planner/src/dwa_node.cpp:1[m[K:
[01m[K/usr/include/c++/11/bits/unique_ptr.h:760:5:[m[K [01;36m[Knote: [m[Kcandidate: â€˜[01m[Ktemplate<class _Tp, class _Dp> bool std::operator==(const std::unique_ptr<_Tp, _Dp>&, std::nullptr_t)[m[Kâ€™
  760 |     [01;36m[Koperator[m[K==(const unique_ptr<_Tp, _Dp>& __x, nullptr_t) noexcept
      |     [01;36m[K^~~~~~~~[m[K
[01m[K/usr/include/c++/11/bits/unique_ptr.h:760:5:[m[K [01;36m[Knote: [m[K  template argument deduction/substitution failed:
In file included from [01m[K/usr/include/strings.h:23[m[K,
                 from [01m[K/usr/include/string.h:462[m[K,
                 from [01m[K/opt/ros/humble/include/rcutils/rcutils/error_handling.h:34[m[K,
                 from [01m[K/opt/ros/humble/include/rcutils/rcutils/logging.h:25[m[K,
                 from [01m[K/opt/ros/humble/include/rmw/rmw/types.h:28[m[K,
                 from [01m[K/opt/ros/humble/include/rcl/rcl/types.h:20[m[K,
                 from [01m[K/opt/ros/humble/include/rcl/rcl/log_level.h:22[m[K,
                 from [01m[K/opt/ros/humble/include/rcl/rcl/arguments.h:21[m[K,
                 from [01m[K/opt/ros/humble/include/rcl/rcl/context.h:28[m[K,
                 from [01m[K/opt/ros/humble/include/rcl/rcl/guard_condition.h:26[m[K,
                 from [01m[K/opt/ros/humble/include/rclcpp/rclcpp/executor.hpp:30[m[K,
                 from [01m[K/opt/ros/humble/include/rclcpp/rclcpp/executors/multi_threaded_executor.hpp:25[m[K,
                 from [01m[K/opt/ros/humble/include/rclcpp/rclcpp/executors.hpp:21[m[K,
                 from [01m[K/opt/ros/humble/include/rclcpp/rclcpp/rclcpp.hpp:155[m[K,
                 from [01m[K/home/panav/ros2_ws/src/dwa_planner/src/dwa_node.cpp:1[m[K:
[01m[K/home/panav/ros2_ws/src/dwa_planner/src/dwa_node.cpp:172:18:[m[K [01;36m[Knote: [m[K  â€˜[01m[Kconst Odometry[m[Kâ€™ {aka â€˜[01m[Kconst nav_msgs::msg::Odometry_<std::allocator<void> >[m[Kâ€™} is not derived from â€˜[01m[Kconst std::unique_ptr<_Tp, _Dp>[m[Kâ€™
  172 |         if(odom==[01;36m[KNULL[m[K || scan_data==NULL)
      |                  [01;36m[K^~~~[m[K
In file included from [01m[K/usr/include/c++/11/memory:76[m[K,
                 from [01m[K/opt/ros/humble/include/rclcpp/rclcpp/rclcpp.hpp:153[m[K,
                 from [01m[K/home/panav/ros2_ws/src/dwa_planner/src/dwa_node.cpp:1[m[K:
[01m[K/usr/include/c++/11/bits/unique_ptr.h:767:5:[m[K [01;36m[Knote: [m[Kcandidate: â€˜[01m[Ktemplate<class _Tp, class _Dp> bool std::operator==(std::nullptr_t, const std::unique_ptr<_Tp, _Dp>&)[m[Kâ€™
  767 |     [01;36m[Koperator[m[K==(nullptr_t, const unique_ptr<_Tp, _Dp>& __x) noexcept
      |     [01;36m[K^~~~~~~~[m[K
[01m[K/usr/include/c++/11/bits/unique_ptr.h:767:5:[m[K [01;36m[Knote: [m[K  template argument deduction/substitution failed:
In file included from [01m[K/usr/include/strings.h:23[m[K,
                 from [01m[K/usr/include/string.h:462[m[K,
                 from [01m[K/opt/ros/humble/include/rcutils/rcutils/error_handling.h:34[m[K,
                 from [01m[K/opt/ros/humble/include/rcutils/rcutils/logging.h:25[m[K,
                 from [01m[K/opt/ros/humble/include/rmw/rmw/types.h:28[m[K,
                 from [01m[K/opt/ros/humble/include/rcl/rcl/types.h:20[m[K,
                 from [01m[K/opt/ros/humble/include/rcl/rcl/log_level.h:22[m[K,
                 from [01m[K/opt/ros/humble/include/rcl/rcl/arguments.h:21[m[K,
                 from [01m[K/opt/ros/humble/include/rcl/rcl/context.h:28[m[K,
                 from [01m[K/opt/ros/humble/include/rcl/rcl/guard_condition.h:26[m[K,
                 from [01m[K/opt/ros/humble/include/rclcpp/rclcpp/executor.hpp:30[m[K,
                 from [01m[K/opt/ros/humble/include/rclcpp/rclcpp/executors/multi_threaded_executor.hpp:25[m[K,
                 from [01m[K/opt/ros/humble/include/rclcpp/rclcpp/executors.hpp:21[m[K,
                 from [01m[K/opt/ros/humble/include/rclcpp/rclcpp/rclcpp.hpp:155[m[K,
                 from [01m[K/home/panav/ros2_ws/src/dwa_planner/src/dwa_node.cpp:1[m[K:
[01m[K/home/panav/ros2_ws/src/dwa_planner/src/dwa_node.cpp:172:18:[m[K [01;36m[Knote: [m[K  mismatched types â€˜[01m[Kconst std::unique_ptr<_Tp, _Dp>[m[Kâ€™ and â€˜[01m[Klong int[m[Kâ€™
  172 |         if(odom==[01;36m[KNULL[m[K || scan_data==NULL)
      |                  [01;36m[K^~~~[m[K
In file included from [01m[K/usr/include/c++/11/iosfwd:40[m[K,
                 from [01m[K/usr/include/c++/11/bits/shared_ptr.h:52[m[K,
                 from [01m[K/usr/include/c++/11/memory:77[m[K,
                 from [01m[K/opt/ros/humble/include/rclcpp/rclcpp/rclcpp.hpp:153[m[K,
                 from [01m[K/home/panav/ros2_ws/src/dwa_planner/src/dwa_node.cpp:1[m[K:
[01m[K/usr/include/c++/11/bits/postypes.h:222:5:[m[K [01;36m[Knote: [m[Kcandidate: â€˜[01m[Ktemplate<class _StateT> bool std::operator==(const std::fpos<_StateT>&, const std::fpos<_StateT>&)[m[Kâ€™
  222 |     [01;36m[Koperator[m[K==(const fpos<_StateT>& __lhs, const fpos<_StateT>& __rhs)
      |     [01;36m[K^~~~~~~~[m[K
[01m[K/usr/include/c++/11/bits/postypes.h:222:5:[m[K [01;36m[Knote: [m[K  template argument deduction/substitution failed:
In file included from [01m[K/usr/include/strings.h:23[m[K,
                 from [01m[K/usr/include/string.h:462[m[K,
                 from [01m[K/opt/ros/humble/include/rcutils/rcutils/error_handling.h:34[m[K,
                 from [01m[K/opt/ros/humble/include/rcutils/rcutils/logging.h:25[m[K,
                 from [01m[K/opt/ros/humble/include/rmw/rmw/types.h:28[m[K,
                 from [01m[K/opt/ros/humble/include/rcl/rcl/types.h:20[m[K,
                 from [01m[K/opt/ros/humble/include/rcl/rcl/log_level.h:22[m[K,
                 from [01m[K/opt/ros/humble/include/rcl/rcl/arguments.h:21[m[K,
                 from [01m[K/opt/ros/humble/include/rcl/rcl/context.h:28[m[K,
                 from [01m[K/opt/ros/humble/include/rcl/rcl/guard_condition.h:26[m[K,
                 from [01m[K/opt/ros/humble/include/rclcpp/rclcpp/executor.hpp:30[m[K,
                 from [01m[K/opt/ros/humble/include/rclcpp/rclcpp/executors/multi_threaded_executor.hpp:25[m[K,
                 from [01m[K/opt/ros/humble/include/rclcpp/rclcpp/executors.hpp:21[m[K,
                 from [01m[K/opt/ros/humble/include/rclcpp/rclcpp/rclcpp.hpp:155[m[K,
                 from [01m[K/home/panav/ros2_ws/src/dwa_planner/src/dwa_node.cpp:1[m[K:
[01m[K/home/panav/ros2_ws/src/dwa_planner/src/dwa_node.cpp:172:18:[m[K [01;36m[Knote: [m[K  â€˜[01m[Kconst Odometry[m[Kâ€™ {aka â€˜[01m[Kconst nav_msgs::msg::Odometry_<std::allocator<void> >[m[Kâ€™} is not derived from â€˜[01m[Kconst std::fpos<_StateT>[m[Kâ€™
  172 |         if(odom==[01;36m[KNULL[m[K || scan_data==NULL)
      |                  [01;36m[K^~~~[m[K
In file included from [01m[K/usr/include/c++/11/bits/shared_ptr.h:53[m[K,
                 from [01m[K/usr/include/c++/11/memory:77[m[K,
                 from [01m[K/opt/ros/humble/include/rclcpp/rclcpp/rclcpp.hpp:153[m[K,
                 from [01m[K/home/panav/ros2_ws/src/dwa_planner/src/dwa_node.cpp:1[m[K:
[01m[K/usr/include/c++/11/bits/shared_ptr_base.h:1410:5:[m[K [01;36m[Knote: [m[Kcandidate: â€˜[01m[Ktemplate<class _Tp1, class _Tp2, __gnu_cxx::_Lock_policy _Lp> bool std::operator==(const std::__shared_ptr<_Tp1, _Lp>&, const std::__shared_ptr<_Tp2, _Lp>&)[m[Kâ€™
 1410 |     [01;36m[Koperator[m[K==(const __shared_ptr<_Tp1, _Lp>& __a,
      |     [01;36m[K^~~~~~~~[m[K
[01m[K/usr/include/c++/11/bits/shared_ptr_base.h:1410:5:[m[K [01;36m[Knote: [m[K  template argument deduction/substitution failed:
In file included from [01m[K/usr/include/strings.h:23[m[K,
                 from [01m[K/usr/include/string.h:462[m[K,
                 from [01m[K/opt/ros/humble/include/rcutils/rcutils/error_handling.h:34[m[K,
                 from [01m[K/opt/ros/humble/include/rcutils/rcutils/logging.h:25[m[K,
                 from [01m[K/opt/ros/humble/include/rmw/rmw/types.h:28[m[K,
                 from [01m[K/opt/ros/humble/include/rcl/rcl/types.h:20[m[K,
                 from [01m[K/opt/ros/humble/include/rcl/rcl/log_level.h:22[m[K,
                 from [01m[K/opt/ros/humble/include/rcl/rcl/arguments.h:21[m[K,
                 from [01m[K/opt/ros/humble/include/rcl/rcl/context.h:28[m[K,
                 from [01m[K/opt/ros/humble/include/rcl/rcl/guard_condition.h:26[m[K,
                 from [01m[K/opt/ros/humble/include/rclcpp/rclcpp/executor.hpp:30[m[K,
                 from [01m[K/opt/ros/humble/include/rclcpp/rclcpp/executors/multi_threaded_executor.hpp:25[m[K,
                 from [01m[K/opt/ros/humble/include/rclcpp/rclcpp/executors.hpp:21[m[K,
                 from [01m[K/opt/ros/humble/include/rclcpp/rclcpp/rclcpp.hpp:155[m[K,
                 from [01m[K/home/panav/ros2_ws/src/dwa_planner/src/dwa_node.cpp:1[m[K:
[01m[K/home/panav/ros2_ws/src/dwa_planner/src/dwa_node.cpp:172:18:[m[K [01;36m[Knote: [m[K  â€˜[01m[Kconst Odometry[m[Kâ€™ {aka â€˜[01m[Kconst nav_msgs::msg::Odometry_<std::allocator<void> >[m[Kâ€™} is not derived from â€˜[01m[Kconst std::__shared_ptr<_Tp1, _Lp>[m[Kâ€™
  172 |         if(odom==[01;36m[KNULL[m[K || scan_data==NULL)
      |                  [01;36m[K^~~~[m[K
In file included from [01m[K/usr/include/c++/11/bits/shared_ptr.h:53[m[K,
                 from [01m[K/usr/include/c++/11/memory:77[m[K,
                 from [01m[K/opt/ros/humble/include/rclcpp/rclcpp/rclcpp.hpp:153[m[K,
                 from [01m[K/home/panav/ros2_ws/src/dwa_planner/src/dwa_node.cpp:1[m[K:
[01m[K/usr/include/c++/11/bits/shared_ptr_base.h:1416:5:[m[K [01;36m[Knote: [m[Kcandidate: â€˜[01m[Ktemplate<class _Tp, __gnu_cxx::_Lock_policy _Lp> bool std::operator==(const std::__shared_ptr<_Tp, _Lp>&, std::nullptr_t)[m[Kâ€™
 1416 |     [01;36m[Koperator[m[K==(const __shared_ptr<_Tp, _Lp>& __a, nullptr_t) noexcept
      |     [01;36m[K^~~~~~~~[m[K
[01m[K/usr/include/c++/11/bits/shared_ptr_base.h:1416:5:[m[K [01;36m[Knote: [m[K  template argument deduction/substitution failed:
In file included from [01m[K/usr/include/strings.h:23[m[K,
                 from [01m[K/usr/include/string.h:462[m[K,
                 from [01m[K/opt/ros/humble/include/rcutils/rcutils/error_handling.h:34[m[K,
                 from [01m[K/opt/ros/humble/include/rcutils/rcutils/logging.h:25[m[K,
                 from [01m[K/opt/ros/humble/include/rmw/rmw/types.h:28[m[K,
                 from [01m[K/opt/ros/humble/include/rcl/rcl/types.h:20[m[K,
                 from [01m[K/opt/ros/humble/include/rcl/rcl/log_level.h:22[m[K,
                 from [01m[K/opt/ros/humble/include/rcl/rcl/arguments.h:21[m[K,
                 from [01m[K/opt/ros/humble/include/rcl/rcl/context.h:28[m[K,
                 from [01m[K/opt/ros/humble/include/rcl/rcl/guard_condition.h:26[m[K,
                 from [01m[K/opt/ros/humble/include/rclcpp/rclcpp/executor.hpp:30[m[K,
                 from [01m[K/opt/ros/humble/include/rclcpp/rclcpp/executors/multi_threaded_executor.hpp:25[m[K,
                 from [01m[K/opt/ros/humble/include/rclcpp/rclcpp/executors.hpp:21[m[K,
                 from [01m[K/opt/ros/humble/include/rclcpp/rclcpp/rclcpp.hpp:155[m[K,
                 from [01m[K/home/panav/ros2_ws/src/dwa_planner/src/dwa_node.cpp:1[m[K:
[01m[K/home/panav/ros2_ws/src/dwa_planner/src/dwa_node.cpp:172:18:[m[K [01;36m[Knote: [m[K  â€˜[01m[Kconst Odometry[m[Kâ€™ {aka â€˜[01m[Kconst nav_msgs::msg::Odometry_<std::allocator<void> >[m[Kâ€™} is not derived from â€˜[01m[Kconst std::__shared_ptr<_Tp, _Lp>[m[Kâ€™
  172 |         if(odom==[01;36m[KNULL[m[K || scan_data==NULL)
      |                  [01;36m[K^~~~[m[K
In file included from [01m[K/usr/include/c++/11/bits/shared_ptr.h:53[m[K,
                 from [01m[K/usr/include/c++/11/memory:77[m[K,
                 from [01m[K/opt/ros/humble/include/rclcpp/rclcpp/rclcpp.hpp:153[m[K,
                 from [01m[K/home/panav/ros2_ws/src/dwa_planner/src/dwa_node.cpp:1[m[K:
[01m[K/usr/include/c++/11/bits/shared_ptr_base.h:1436:5:[m[K [01;36m[Knote: [m[Kcandidate: â€˜[01m[Ktemplate<class _Tp, __gnu_cxx::_Lock_policy _Lp> bool std::operator==(std::nullptr_t, const std::__shared_ptr<_Tp, _Lp>&)[m[Kâ€™
 1436 |     [01;36m[Koperator[m[K==(nullptr_t, const __shared_ptr<_Tp, _Lp>& __a) noexcept
      |     [01;36m[K^~~~~~~~[m[K
[01m[K/usr/include/c++/11/bits/shared_ptr_base.h:1436:5:[m[K [01;36m[Knote: [m[K  template argument deduction/substitution failed:
In file included from [01m[K/usr/include/strings.h:23[m[K,
                 from [01m[K/usr/include/string.h:462[m[K,
                 from [01m[K/opt/ros/humble/include/rcutils/rcutils/error_handling.h:34[m[K,
                 from [01m[K/opt/ros/humble/include/rcutils/rcutils/logging.h:25[m[K,
                 from [01m[K/opt/ros/humble/include/rmw/rmw/types.h:28[m[K,
                 from [01m[K/opt/ros/humble/include/rcl/rcl/types.h:20[m[K,
                 from [01m[K/opt/ros/humble/include/rcl/rcl/log_level.h:22[m[K,
                 from [01m[K/opt/ros/humble/include/rcl/rcl/arguments.h:21[m[K,
                 from [01m[K/opt/ros/humble/include/rcl/rcl/context.h:28[m[K,
                 from [01m[K/opt/ros/humble/include/rcl/rcl/guard_condition.h:26[m[K,
                 from [01m[K/opt/ros/humble/include/rclcpp/rclcpp/executor.hpp:30[m[K,
                 from [01m[K/opt/ros/humble/include/rclcpp/rclcpp/executors/multi_threaded_executor.hpp:25[m[K,
                 from [01m[K/opt/ros/humble/include/rclcpp/rclcpp/executors.hpp:21[m[K,
                 from [01m[K/opt/ros/humble/include/rclcpp/rclcpp/rclcpp.hpp:155[m[K,
                 from [01m[K/home/panav/ros2_ws/src/dwa_planner/src/dwa_node.cpp:1[m[K:
[01m[K/home/panav/ros2_ws/src/dwa_planner/src/dwa_node.cpp:172:18:[m[K [01;36m[Knote: [m[K  mismatched types â€˜[01m[Kconst std::__shared_ptr<_Tp, _Lp>[m[Kâ€™ and â€˜[01m[Klong int[m[Kâ€™
  172 |         if(odom==[01;36m[KNULL[m[K || scan_data==NULL)
      |                  [01;36m[K^~~~[m[K
In file included from [01m[K/usr/include/c++/11/memory:77[m[K,
                 from [01m[K/opt/ros/humble/include/rclcpp/rclcpp/rclcpp.hpp:153[m[K,
                 from [01m[K/home/panav/ros2_ws/src/dwa_planner/src/dwa_node.cpp:1[m[K:
[01m[K/usr/include/c++/11/bits/shared_ptr.h:437:5:[m[K [01;36m[Knote: [m[Kcandidate: â€˜[01m[Ktemplate<class _Tp, class _Up> bool std::operator==(const std::shared_ptr<_Tp>&, const std::shared_ptr<_Tp>&)[m[Kâ€™
  437 |     [01;36m[Koperator[m[K==(const shared_ptr<_Tp>& __a, const shared_ptr<_Up>& __b) noexcept
      |     [01;36m[K^~~~~~~~[m[K
[01m[K/usr/include/c++/11/bits/shared_ptr.h:437:5:[m[K [01;36m[Knote: [m[K  template argument deduction/substitution failed:
In file included from [01m[K/usr/include/strings.h:23[m[K,
                 from [01m[K/usr/include/string.h:462[m[K,
                 from [01m[K/opt/ros/humble/include/rcutils/rcutils/error_handling.h:34[m[K,
                 from [01m[K/opt/ros/humble/include/rcutils/rcutils/logging.h:25[m[K,
                 from [01m[K/opt/ros/humble/include/rmw/rmw/types.h:28[m[K,
                 from [01m[K/opt/ros/humble/include/rcl/rcl/types.h:20[m[K,
                 from [01m[K/opt/ros/humble/include/rcl/rcl/log_level.h:22[m[K,
                 from [01m[K/opt/ros/humble/include/rcl/rcl/arguments.h:21[m[K,
                 from [01m[K/opt/ros/humble/include/rcl/rcl/context.h:28[m[K,
                 from [01m[K/opt/ros/humble/include/rcl/rcl/guard_condition.h:26[m[K,
                 from [01m[K/opt/ros/humble/include/rclcpp/rclcpp/executor.hpp:30[m[K,
                 from [01m[K/opt/ros/humble/include/rclcpp/rclcpp/executors/multi_threaded_executor.hpp:25[m[K,
                 from [01m[K/opt/ros/humble/include/rclcpp/rclcpp/executors.hpp:21[m[K,
                 from [01m[K/opt/ros/humble/include/rclcpp/rclcpp/rclcpp.hpp:155[m[K,
                 from [01m[K/home/panav/ros2_ws/src/dwa_planner/src/dwa_node.cpp:1[m[K:
[01m[K/home/panav/ros2_ws/src/dwa_planner/src/dwa_node.cpp:172:18:[m[K [01;36m[Knote: [m[K  â€˜[01m[Kconst Odometry[m[Kâ€™ {aka â€˜[01m[Kconst nav_msgs::msg::Odometry_<std::allocator<void> >[m[Kâ€™} is not derived from â€˜[01m[Kconst std::shared_ptr<_Tp>[m[Kâ€™
  172 |         if(odom==[01;36m[KNULL[m[K || scan_data==NULL)
      |                  [01;36m[K^~~~[m[K
In file included from [01m[K/usr/include/c++/11/memory:77[m[K,
                 from [01m[K/opt/ros/humble/include/rclcpp/rclcpp/rclcpp.hpp:153[m[K,
                 from [01m[K/home/panav/ros2_ws/src/dwa_planner/src/dwa_node.cpp:1[m[K:
[01m[K/usr/include/c++/11/bits/shared_ptr.h:443:5:[m[K [01;36m[Knote: [m[Kcandidate: â€˜[01m[Ktemplate<class _Tp> bool std::operator==(const std::shared_ptr<_Tp>&, std::nullptr_t)[m[Kâ€™
  443 |     [01;36m[Koperator[m[K==(const shared_ptr<_Tp>& __a, nullptr_t) noexcept
      |     [01;36m[K^~~~~~~~[m[K
[01m[K/usr/include/c++/11/bits/shared_ptr.h:443:5:[m[K [01;36m[Knote: [m[K  template argument deduction/substitution failed:
In file included from [01m[K/usr/include/strings.h:23[m[K,
                 from [01m[K/usr/include/string.h:462[m[K,
                 from [01m[K/opt/ros/humble/include/rcutils/rcutils/error_handling.h:34[m[K,
                 from [01m[K/opt/ros/humble/include/rcutils/rcutils/logging.h:25[m[K,
                 from [01m[K/opt/ros/humble/include/rmw/rmw/types.h:28[m[K,
                 from [01m[K/opt/ros/humble/include/rcl/rcl/types.h:20[m[K,
                 from [01m[K/opt/ros/humble/include/rcl/rcl/log_level.h:22[m[K,
                 from [01m[K/opt/ros/humble/include/rcl/rcl/arguments.h:21[m[K,
                 from [01m[K/opt/ros/humble/include/rcl/rcl/context.h:28[m[K,
                 from [01m[K/opt/ros/humble/include/rcl/rcl/guard_condition.h:26[m[K,
                 from [01m[K/opt/ros/humble/include/rclcpp/rclcpp/executor.hpp:30[m[K,
                 from [01m[K/opt/ros/humble/include/rclcpp/rclcpp/executors/multi_threaded_executor.hpp:25[m[K,
                 from [01m[K/opt/ros/humble/include/rclcpp/rclcpp/executors.hpp:21[m[K,
                 from [01m[K/opt/ros/humble/include/rclcpp/rclcpp/rclcpp.hpp:155[m[K,
                 from [01m[K/home/panav/ros2_ws/src/dwa_planner/src/dwa_node.cpp:1[m[K:
[01m[K/home/panav/ros2_ws/src/dwa_planner/src/dwa_node.cpp:172:18:[m[K [01;36m[Knote: [m[K  â€˜[01m[Kconst Odometry[m[Kâ€™ {aka â€˜[01m[Kconst nav_msgs::msg::Odometry_<std::allocator<void> >[m[Kâ€™} is not derived from â€˜[01m[Kconst std::shared_ptr<_Tp>[m[Kâ€™
  172 |         if(odom==[01;36m[KNULL[m[K || scan_data==NULL)
      |                  [01;36m[K^~~~[m[K
In file included from [01m[K/usr/include/c++/11/memory:77[m[K,
                 from [01m[K/opt/ros/humble/include/rclcpp/rclcpp/rclcpp.hpp:153[m[K,
                 from [01m[K/home/panav/ros2_ws/src/dwa_planner/src/dwa_node.cpp:1[m[K:
[01m[K/usr/include/c++/11/bits/shared_ptr.h:464:5:[m[K [01;36m[Knote: [m[Kcandidate: â€˜[01m[Ktemplate<class _Tp> bool std::operator==(std::nullptr_t, const std::shared_ptr<_Tp>&)[m[Kâ€™
  464 |     [01;36m[Koperator[m[K==(nullptr_t, const shared_ptr<_Tp>& __a) noexcept
      |     [01;36m[K^~~~~~~~[m[K
[01m[K/usr/include/c++/11/bits/shared_ptr.h:464:5:[m[K [01;36m[Knote: [m[K  template argument deduction/substitution failed:
In file included from [01m[K/usr/include/strings.h:23[m[K,
                 from [01m[K/usr/include/string.h:462[m[K,
                 from [01m[K/opt/ros/humble/include/rcutils/rcutils/error_handling.h:34[m[K,
                 from [01m[K/opt/ros/humble/include/rcutils/rcutils/logging.h:25[m[K,
                 from [01m[K/opt/ros/humble/include/rmw/rmw/types.h:28[m[K,
                 from [01m[K/opt/ros/humble/include/rcl/rcl/types.h:20[m[K,
                 from [01m[K/opt/ros/humble/include/rcl/rcl/log_level.h:22[m[K,
                 from [01m[K/opt/ros/humble/include/rcl/rcl/arguments.h:21[m[K,
                 from [01m[K/opt/ros/humble/include/rcl/rcl/context.h:28[m[K,
                 from [01m[K/opt/ros/humble/include/rcl/rcl/guard_condition.h:26[m[K,
                 from [01m[K/opt/ros/humble/include/rclcpp/rclcpp/executor.hpp:30[m[K,
                 from [01m[K/opt/ros/humble/include/rclcpp/rclcpp/executors/multi_threaded_executor.hpp:25[m[K,
                 from [01m[K/opt/ros/humble/include/rclcpp/rclcpp/executors.hpp:21[m[K,
                 from [01m[K/opt/ros/humble/include/rclcpp/rclcpp/rclcpp.hpp:155[m[K,
                 from [01m[K/home/panav/ros2_ws/src/dwa_planner/src/dwa_node.cpp:1[m[K:
[01m[K/home/panav/ros2_ws/src/dwa_planner/src/dwa_node.cpp:172:18:[m[K [01;36m[Knote: [m[K  mismatched types â€˜[01m[Kconst std::shared_ptr<_Tp>[m[Kâ€™ and â€˜[01m[Klong int[m[Kâ€™
  172 |         if(odom==[01;36m[KNULL[m[K || scan_data==NULL)
      |                  [01;36m[K^~~~[m[K
In file included from [01m[K/usr/include/c++/11/bits/basic_string.h:48[m[K,
                 from [01m[K/usr/include/c++/11/string:55[m[K,
                 from [01m[K/usr/include/c++/11/stdexcept:39[m[K,
                 from [01m[K/usr/include/c++/11/system_error:41[m[K,
                 from [01m[K/usr/include/c++/11/mutex:42[m[K,
                 from [01m[K/usr/include/c++/11/future:38[m[K,
                 from [01m[K/opt/ros/humble/include/rclcpp/rclcpp/executors.hpp:18[m[K,
                 from [01m[K/opt/ros/humble/include/rclcpp/rclcpp/rclcpp.hpp:155[m[K,
                 from [01m[K/home/panav/ros2_ws/src/dwa_planner/src/dwa_node.cpp:1[m[K:
[01m[K/usr/include/c++/11/string_view:535:5:[m[K [01;36m[Knote: [m[Kcandidate: â€˜[01m[Ktemplate<class _CharT, class _Traits> constexpr bool std::operator==(std::basic_string_view<_CharT, _Traits>, std::basic_string_view<_CharT, _Traits>)[m[Kâ€™
  535 |     [01;36m[Koperator[m[K==(basic_string_view<_CharT, _Traits> __x,
      |     [01;36m[K^~~~~~~~[m[K
[01m[K/usr/include/c++/11/string_view:535:5:[m[K [01;36m[Knote: [m[K  template argument deduction/substitution failed:
In file included from [01m[K/usr/include/strings.h:23[m[K,
                 from [01m[K/usr/include/string.h:462[m[K,
                 from [01m[K/opt/ros/humble/include/rcutils/rcutils/error_handling.h:34[m[K,
                 from [01m[K/opt/ros/humble/include/rcutils/rcutils/logging.h:25[m[K,
                 from [01m[K/opt/ros/humble/include/rmw/rmw/types.h:28[m[K,
                 from [01m[K/opt/ros/humble/include/rcl/rcl/types.h:20[m[K,
                 from [01m[K/opt/ros/humble/include/rcl/rcl/log_level.h:22[m[K,
                 from [01m[K/opt/ros/humble/include/rcl/rcl/arguments.h:21[m[K,
                 from [01m[K/opt/ros/humble/include/rcl/rcl/context.h:28[m[K,
                 from [01m[K/opt/ros/humble/include/rcl/rcl/guard_condition.h:26[m[K,
                 from [01m[K/opt/ros/humble/include/rclcpp/rclcpp/executor.hpp:30[m[K,
                 from [01m[K/opt/ros/humble/include/rclcpp/rclcpp/executors/multi_threaded_executor.hpp:25[m[K,
                 from [01m[K/opt/ros/humble/include/rclcpp/rclcpp/executors.hpp:21[m[K,
                 from [01m[K/opt/ros/humble/include/rclcpp/rclcpp/rclcpp.hpp:155[m[K,
                 from [01m[K/home/panav/ros2_ws/src/dwa_planner/src/dwa_node.cpp:1[m[K:
[01m[K/home/panav/ros2_ws/src/dwa_planner/src/dwa_node.cpp:172:18:[m[K [01;36m[Knote: [m[K  â€˜[01m[Knav_msgs::msg::Odometry_<std::allocator<void> >[m[Kâ€™ is not derived from â€˜[01m[Kstd::basic_string_view<_CharT, _Traits>[m[Kâ€™
  172 |         if(odom==[01;36m[KNULL[m[K || scan_data==NULL)
      |                  [01;36m[K^~~~[m[K
In file included from [01m[K/usr/include/c++/11/bits/basic_string.h:48[m[K,
                 from [01m[K/usr/include/c++/11/string:55[m[K,
                 from [01m[K/usr/include/c++/11/stdexcept:39[m[K,
                 from [01m[K/usr/include/c++/11/system_error:41[m[K,
                 from [01m[K/usr/include/c++/11/mutex:42[m[K,
                 from [01m[K/usr/include/c++/11/future:38[m[K,
                 from [01m[K/opt/ros/humble/include/rclcpp/rclcpp/executors.hpp:18[m[K,
                 from [01m[K/opt/ros/humble/include/rclcpp/rclcpp/rclcpp.hpp:155[m[K,
                 from [01m[K/home/panav/ros2_ws/src/dwa_planner/src/dwa_node.cpp:1[m[K:
[01m[K/usr/include/c++/11/string_view:541:5:[m[K [01;36m[Knote: [m[Kcandidate: â€˜[01m[Ktemplate<class _CharT, class _Traits> constexpr bool std::operator==(std::basic_string_view<_CharT, _Traits>, std::__type_identity_t<std::basic_string_view<_CharT, _Traits> >)[m[Kâ€™
  541 |     [01;36m[Koperator[m[K==(basic_string_view<_CharT, _Traits> __x,
      |     [01;36m[K^~~~~~~~[m[K
[01m[K/usr/include/c++/11/string_view:541:5:[m[K [01;36m[Knote: [m[K  template argument deduction/substitution failed:
In file included from [01m[K/usr/include/strings.h:23[m[K,
                 from [01m[K/usr/include/string.h:462[m[K,
                 from [01m[K/opt/ros/humble/include/rcutils/rcutils/error_handling.h:34[m[K,
                 from [01m[K/opt/ros/humble/include/rcutils/rcutils/logging.h:25[m[K,
                 from [01m[K/opt/ros/humble/include/rmw/rmw/types.h:28[m[K,
                 from [01m[K/opt/ros/humble/include/rcl/rcl/types.h:20[m[K,
                 from [01m[K/opt/ros/humble/include/rcl/rcl/log_level.h:22[m[K,
                 from [01m[K/opt/ros/humble/include/rcl/rcl/arguments.h:21[m[K,
                 from [01m[K/opt/ros/humble/include/rcl/rcl/context.h:28[m[K,
                 from [01m[K/opt/ros/humble/include/rcl/rcl/guard_condition.h:26[m[K,
                 from [01m[K/opt/ros/humble/include/rclcpp/rclcpp/executor.hpp:30[m[K,
                 from [01m[K/opt/ros/humble/include/rclcpp/rclcpp/executors/multi_threaded_executor.hpp:25[m[K,
                 from [01m[K/opt/ros/humble/include/rclcpp/rclcpp/executors.hpp:21[m[K,
                 from [01m[K/opt/ros/humble/include/rclcpp/rclcpp/rclcpp.hpp:155[m[K,
                 from [01m[K/home/panav/ros2_ws/src/dwa_planner/src/dwa_node.cpp:1[m[K:
[01m[K/home/panav/ros2_ws/src/dwa_planner/src/dwa_node.cpp:172:18:[m[K [01;36m[Knote: [m[K  â€˜[01m[Knav_msgs::msg::Odometry_<std::allocator<void> >[m[Kâ€™ is not derived from â€˜[01m[Kstd::basic_string_view<_CharT, _Traits>[m[Kâ€™
  172 |         if(odom==[01;36m[KNULL[m[K || scan_data==NULL)
      |                  [01;36m[K^~~~[m[K
In file included from [01m[K/usr/include/c++/11/bits/basic_string.h:48[m[K,
                 from [01m[K/usr/include/c++/11/string:55[m[K,
                 from [01m[K/usr/include/c++/11/stdexcept:39[m[K,
                 from [01m[K/usr/include/c++/11/system_error:41[m[K,
                 from [01m[K/usr/include/c++/11/mutex:42[m[K,
                 from [01m[K/usr/include/c++/11/future:38[m[K,
                 from [01m[K/opt/ros/humble/include/rclcpp/rclcpp/executors.hpp:18[m[K,
                 from [01m[K/opt/ros/humble/include/rclcpp/rclcpp/rclcpp.hpp:155[m[K,
                 from [01m[K/home/panav/ros2_ws/src/dwa_planner/src/dwa_node.cpp:1[m[K:
[01m[K/usr/include/c++/11/string_view:564:5:[m[K [01;36m[Knote: [m[Kcandidate: â€˜[01m[Ktemplate<class _CharT, class _Traits> constexpr bool std::operator==(std::__type_identity_t<std::basic_string_view<_CharT, _Traits> >, std::basic_string_view<_CharT, _Traits>)[m[Kâ€™
  564 |     [01;36m[Koperator[m[K==(__type_identity_t<basic_string_view<_CharT, _Traits>> __x,
      |     [01;36m[K^~~~~~~~[m[K
[01m[K/usr/include/c++/11/string_view:564:5:[m[K [01;36m[Knote: [m[K  template argument deduction/substitution failed:
In file included from [01m[K/usr/include/strings.h:23[m[K,
                 from [01m[K/usr/include/string.h:462[m[K,
                 from [01m[K/opt/ros/humble/include/rcutils/rcutils/error_handling.h:34[m[K,
                 from [01m[K/opt/ros/humble/include/rcutils/rcutils/logging.h:25[m[K,
                 from [01m[K/opt/ros/humble/include/rmw/rmw/types.h:28[m[K,
                 from [01m[K/opt/ros/humble/include/rcl/rcl/types.h:20[m[K,
                 from [01m[K/opt/ros/humble/include/rcl/rcl/log_level.h:22[m[K,
                 from [01m[K/opt/ros/humble/include/rcl/rcl/arguments.h:21[m[K,
                 from [01m[K/opt/ros/humble/include/rcl/rcl/context.h:28[m[K,
                 from [01m[K/opt/ros/humble/include/rcl/rcl/guard_condition.h:26[m[K,
                 from [01m[K/opt/ros/humble/include/rclcpp/rclcpp/executor.hpp:30[m[K,
                 from [01m[K/opt/ros/humble/include/rclcpp/rclcpp/executors/multi_threaded_executor.hpp:25[m[K,
                 from [01m[K/opt/ros/humble/include/rclcpp/rclcpp/executors.hpp:21[m[K,
                 from [01m[K/opt/ros/humble/include/rclcpp/rclcpp/rclcpp.hpp:155[m[K,
                 from [01m[K/home/panav/ros2_ws/src/dwa_planner/src/dwa_node.cpp:1[m[K:
[01m[K/home/panav/ros2_ws/src/dwa_planner/src/dwa_node.cpp:172:18:[m[K [01;36m[Knote: [m[K  mismatched types â€˜[01m[Kstd::basic_string_view<_CharT, _Traits>[m[Kâ€™ and â€˜[01m[Klong int[m[Kâ€™
  172 |         if(odom==[01;36m[KNULL[m[K || scan_data==NULL)
      |                  [01;36m[K^~~~[m[K
In file included from [01m[K/usr/include/c++/11/string:55[m[K,
                 from [01m[K/usr/include/c++/11/stdexcept:39[m[K,
                 from [01m[K/usr/include/c++/11/system_error:41[m[K,
                 from [01m[K/usr/include/c++/11/mutex:42[m[K,
                 from [01m[K/usr/include/c++/11/future:38[m[K,
                 from [01m[K/opt/ros/humble/include/rclcpp/rclcpp/executors.hpp:18[m[K,
                 from [01m[K/opt/ros/humble/include/rclcpp/rclcpp/rclcpp.hpp:155[m[K,
                 from [01m[K/home/panav/ros2_ws/src/dwa_planner/src/dwa_node.cpp:1[m[K:
[01m[K/usr/include/c++/11/bits/basic_string.h:6226:5:[m[K [01;36m[Knote: [m[Kcandidate: â€˜[01m[Ktemplate<class _CharT, class _Traits, class _Alloc> bool std::operator==(const std::__cxx11::basic_string<_CharT, _Traits, _Allocator>&, const std::__cxx11::basic_string<_CharT, _Traits, _Allocator>&)[m[Kâ€™
 6226 |     [01;36m[Koperator[m[K==(const basic_string<_CharT, _Traits, _Alloc>& __lhs,
      |     [01;36m[K^~~~~~~~[m[K
[01m[K/usr/include/c++/11/bits/basic_string.h:6226:5:[m[K [01;36m[Knote: [m[K  template argument deduction/substitution failed:
In file included from [01m[K/usr/include/strings.h:23[m[K,
                 from [01m[K/usr/include/string.h:462[m[K,
                 from [01m[K/opt/ros/humble/include/rcutils/rcutils/error_handling.h:34[m[K,
                 from [01m[K/opt/ros/humble/include/rcutils/rcutils/logging.h:25[m[K,
                 from [01m[K/opt/ros/humble/include/rmw/rmw/types.h:28[m[K,
                 from [01m[K/opt/ros/humble/include/rcl/rcl/types.h:20[m[K,
                 from [01m[K/opt/ros/humble/include/rcl/rcl/log_level.h:22[m[K,
                 from [01m[K/opt/ros/humble/include/rcl/rcl/arguments.h:21[m[K,
                 from [01m[K/opt/ros/humble/include/rcl/rcl/context.h:28[m[K,
                 from [01m[K/opt/ros/humble/include/rcl/rcl/guard_condition.h:26[m[K,
                 from [01m[K/opt/ros/humble/include/rclcpp/rclcpp/executor.hpp:30[m[K,
                 from [01m[K/opt/ros/humble/include/rclcpp/rclcpp/executors/multi_threaded_executor.hpp:25[m[K,
                 from [01m[K/opt/ros/humble/include/rclcpp/rclcpp/executors.hpp:21[m[K,
                 from [01m[K/opt/ros/humble/include/rclcpp/rclcpp/rclcpp.hpp:155[m[K,
                 from [01m[K/home/panav/ros2_ws/src/dwa_planner/src/dwa_node.cpp:1[m[K:
[01m[K/home/panav/ros2_ws/src/dwa_planner/src/dwa_node.cpp:172:18:[m[K [01;36m[Knote: [m[K  â€˜[01m[Kconst Odometry[m[Kâ€™ {aka â€˜[01m[Kconst nav_msgs::msg::Odometry_<std::allocator<void> >[m[Kâ€™} is not derived from â€˜[01m[Kconst std::__cxx11::basic_string<_CharT, _Traits, _Allocator>[m[Kâ€™
  172 |         if(odom==[01;36m[KNULL[m[K || scan_data==NULL)
      |                  [01;36m[K^~~~[m[K
In file included from [01m[K/usr/include/c++/11/string:55[m[K,
                 from [01m[K/usr/include/c++/11/stdexcept:39[m[K,
                 from [01m[K/usr/include/c++/11/system_error:41[m[K,
                 from [01m[K/usr/include/c++/11/mutex:42[m[K,
                 from [01m[K/usr/include/c++/11/future:38[m[K,
                 from [01m[K/opt/ros/humble/include/rclcpp/rclcpp/executors.hpp:18[m[K,
                 from [01m[K/opt/ros/humble/include/rclcpp/rclcpp/rclcpp.hpp:155[m[K,
                 from [01m[K/home/panav/ros2_ws/src/dwa_planner/src/dwa_node.cpp:1[m[K:
[01m[K/usr/include/c++/11/bits/basic_string.h:6234:5:[m[K [01;36m[Knote: [m[Kcandidate: â€˜[01m[Ktemplate<class _CharT> typename __gnu_cxx::__enable_if<std::__is_char<_Tp>::__value, bool>::__type std::operator==(const std::__cxx11::basic_string<_CharT>&, const std::__cxx11::basic_string<_CharT>&)[m[Kâ€™
 6234 |     [01;36m[Koperator[m[K==(const basic_string<_CharT>& __lhs,
      |     [01;36m[K^~~~~~~~[m[K
[01m[K/usr/include/c++/11/bits/basic_string.h:6234:5:[m[K [01;36m[Knote: [m[K  template argument deduction/substitution failed:
In file included from [01m[K/usr/include/strings.h:23[m[K,
                 from [01m[K/usr/include/string.h:462[m[K,
                 from [01m[K/opt/ros/humble/include/rcutils/rcutils/error_handling.h:34[m[K,
                 from [01m[K/opt/ros/humble/include/rcutils/rcutils/logging.h:25[m[K,
                 from [01m[K/opt/ros/humble/include/rmw/rmw/types.h:28[m[K,
                 from [01m[K/opt/ros/humble/include/rcl/rcl/types.h:20[m[K,
                 from [01m[K/opt/ros/humble/include/rcl/rcl/log_level.h:22[m[K,
                 from [01m[K/opt/ros/humble/include/rcl/rcl/arguments.h:21[m[K,
                 from [01m[K/opt/ros/humble/include/rcl/rcl/context.h:28[m[K,
                 from [01m[K/opt/ros/humble/include/rcl/rcl/guard_condition.h:26[m[K,
                 from [01m[K/opt/ros/humble/include/rclcpp/rclcpp/executor.hpp:30[m[K,
                 from [01m[K/opt/ros/humble/include/rclcpp/rclcpp/executors/multi_threaded_executor.hpp:25[m[K,
                 from [01m[K/opt/ros/humble/include/rclcpp/rclcpp/executors.hpp:21[m[K,
                 from [01m[K/opt/ros/humble/include/rclcpp/rclcpp/rclcpp.hpp:155[m[K,
                 from [01m[K/home/panav/ros2_ws/src/dwa_planner/src/dwa_node.cpp:1[m[K:
[01m[K/home/panav/ros2_ws/src/dwa_planner/src/dwa_node.cpp:172:18:[m[K [01;36m[Knote: [m[K  â€˜[01m[Kconst Odometry[m[Kâ€™ {aka â€˜[01m[Kconst nav_msgs::msg::Odometry_<std::allocator<void> >[m[Kâ€™} is not derived from â€˜[01m[Kconst std::__cxx11::basic_string<_CharT>[m[Kâ€™
  172 |         if(odom==[01;36m[KNULL[m[K || scan_data==NULL)
      |                  [01;36m[K^~~~[m[K
In file included from [01m[K/usr/include/c++/11/string:55[m[K,
                 from [01m[K/usr/include/c++/11/stdexcept:39[m[K,
                 from [01m[K/usr/include/c++/11/system_error:41[m[K,
                 from [01m[K/usr/include/c++/11/mutex:42[m[K,
                 from [01m[K/usr/include/c++/11/future:38[m[K,
                 from [01m[K/opt/ros/humble/include/rclcpp/rclcpp/executors.hpp:18[m[K,
                 from [01m[K/opt/ros/humble/include/rclcpp/rclcpp/rclcpp.hpp:155[m[K,
                 from [01m[K/home/panav/ros2_ws/src/dwa_planner/src/dwa_node.cpp:1[m[K:
[01m[K/usr/include/c++/11/bits/basic_string.h:6248:5:[m[K [01;36m[Knote: [m[Kcandidate: â€˜[01m[Ktemplate<class _CharT, class _Traits, class _Alloc> bool std::operator==(const std::__cxx11::basic_string<_CharT, _Traits, _Allocator>&, const _CharT*)[m[Kâ€™
 6248 |     [01;36m[Koperator[m[K==(const basic_string<_CharT, _Traits, _Alloc>& __lhs,
      |     [01;36m[K^~~~~~~~[m[K
[01m[K/usr/include/c++/11/bits/basic_string.h:6248:5:[m[K [01;36m[Knote: [m[K  template argument deduction/substitution failed:
In file included from [01m[K/usr/include/strings.h:23[m[K,
                 from [01m[K/usr/include/string.h:462[m[K,
                 from [01m[K/opt/ros/humble/include/rcutils/rcutils/error_handling.h:34[m[K,
                 from [01m[K/opt/ros/humble/include/rcutils/rcutils/logging.h:25[m[K,
                 from [01m[K/opt/ros/humble/include/rmw/rmw/types.h:28[m[K,
                 from [01m[K/opt/ros/humble/include/rcl/rcl/types.h:20[m[K,
                 from [01m[K/opt/ros/humble/include/rcl/rcl/log_level.h:22[m[K,
                 from [01m[K/opt/ros/humble/include/rcl/rcl/arguments.h:21[m[K,
                 from [01m[K/opt/ros/humble/include/rcl/rcl/context.h:28[m[K,
                 from [01m[K/opt/ros/humble/include/rcl/rcl/guard_condition.h:26[m[K,
                 from [01m[K/opt/ros/humble/include/rclcpp/rclcpp/executor.hpp:30[m[K,
                 from [01m[K/opt/ros/humble/include/rclcpp/rclcpp/executors/multi_threaded_executor.hpp:25[m[K,
                 from [01m[K/opt/ros/humble/include/rclcpp/rclcpp/executors.hpp:21[m[K,
                 from [01m[K/opt/ros/humble/include/rclcpp/rclcpp/rclcpp.hpp:155[m[K,
                 from [01m[K/home/panav/ros2_ws/src/dwa_planner/src/dwa_node.cpp:1[m[K:
[01m[K/home/panav/ros2_ws/src/dwa_planner/src/dwa_node.cpp:172:18:[m[K [01;36m[Knote: [m[K  â€˜[01m[Kconst Odometry[m[Kâ€™ {aka â€˜[01m[Kconst nav_msgs::msg::Odometry_<std::allocator<void> >[m[Kâ€™} is not derived from â€˜[01m[Kconst std::__cxx11::basic_string<_CharT, _Traits, _Allocator>[m[Kâ€™
  172 |         if(odom==[01;36m[KNULL[m[K || scan_data==NULL)
      |                  [01;36m[K^~~~[m[K
In file included from [01m[K/usr/include/c++/11/string:55[m[K,
                 from [01m[K/usr/include/c++/11/stdexcept:39[m[K,
                 from [01m[K/usr/include/c++/11/system_error:41[m[K,
                 from [01m[K/usr/include/c++/11/mutex:42[m[K,
                 from [01m[K/usr/include/c++/11/future:38[m[K,
                 from [01m[K/opt/ros/humble/include/rclcpp/rclcpp/executors.hpp:18[m[K,
                 from [01m[K/opt/ros/humble/include/rclcpp/rclcpp/rclcpp.hpp:155[m[K,
                 from [01m[K/home/panav/ros2_ws/src/dwa_planner/src/dwa_node.cpp:1[m[K:
[01m[K/usr/include/c++/11/bits/basic_string.h:6289:5:[m[K [01;36m[Knote: [m[Kcandidate: â€˜[01m[Ktemplate<class _CharT, class _Traits, class _Alloc> bool std::operator==(const _CharT*, const std::__cxx11::basic_string<_CharT, _Traits, _Allocator>&)[m[Kâ€™
 6289 |     [01;36m[Koperator[m[K==(const _CharT* __lhs,
      |     [01;36m[K^~~~~~~~[m[K
[01m[K/usr/include/c++/11/bits/basic_string.h:6289:5:[m[K [01;36m[Knote: [m[K  template argument deduction/substitution failed:
In file included from [01m[K/usr/include/strings.h:23[m[K,
                 from [01m[K/usr/include/string.h:462[m[K,
                 from [01m[K/opt/ros/humble/include/rcutils/rcutils/error_handling.h:34[m[K,
                 from [01m[K/opt/ros/humble/include/rcutils/rcutils/logging.h:25[m[K,
                 from [01m[K/opt/ros/humble/include/rmw/rmw/types.h:28[m[K,
                 from [01m[K/opt/ros/humble/include/rcl/rcl/types.h:20[m[K,
                 from [01m[K/opt/ros/humble/include/rcl/rcl/log_level.h:22[m[K,
                 from [01m[K/opt/ros/humble/include/rcl/rcl/arguments.h:21[m[K,
                 from [01m[K/opt/ros/humble/include/rcl/rcl/context.h:28[m[K,
                 from [01m[K/opt/ros/humble/include/rcl/rcl/guard_condition.h:26[m[K,
                 from [01m[K/opt/ros/humble/include/rclcpp/rclcpp/executor.hpp:30[m[K,
                 from [01m[K/opt/ros/humble/include/rclcpp/rclcpp/executors/multi_threaded_executor.hpp:25[m[K,
                 from [01m[K/opt/ros/humble/include/rclcpp/rclcpp/executors.hpp:21[m[K,
                 from [01m[K/opt/ros/humble/include/rclcpp/rclcpp/rclcpp.hpp:155[m[K,
                 from [01m[K/home/panav/ros2_ws/src/dwa_planner/src/dwa_node.cpp:1[m[K:
[01m[K/home/panav/ros2_ws/src/dwa_planner/src/dwa_node.cpp:172:18:[m[K [01;36m[Knote: [m[K  mismatched types â€˜[01m[Kconst _CharT*[m[Kâ€™ and â€˜[01m[Knav_msgs::msg::Odometry_<std::allocator<void> >[m[Kâ€™
  172 |         if(odom==[01;36m[KNULL[m[K || scan_data==NULL)
      |                  [01;36m[K^~~~[m[K
In file included from [01m[K/usr/include/c++/11/future:47[m[K,
                 from [01m[K/opt/ros/humble/include/rclcpp/rclcpp/executors.hpp:18[m[K,
                 from [01m[K/opt/ros/humble/include/rclcpp/rclcpp/rclcpp.hpp:155[m[K,
                 from [01m[K/home/panav/ros2_ws/src/dwa_planner/src/dwa_node.cpp:1[m[K:
[01m[K/usr/include/c++/11/bits/std_function.h:718:5:[m[K [01;36m[Knote: [m[Kcandidate: â€˜[01m[Ktemplate<class _Res, class ... _Args> bool std::operator==(const std::function<_Res(_ArgTypes ...)>&, std::nullptr_t)[m[Kâ€™
  718 |     [01;36m[Koperator[m[K==(const function<_Res(_Args...)>& __f, nullptr_t) noexcept
      |     [01;36m[K^~~~~~~~[m[K
[01m[K/usr/include/c++/11/bits/std_function.h:718:5:[m[K [01;36m[Knote: [m[K  template argument deduction/substitution failed:
In file included from [01m[K/usr/include/strings.h:23[m[K,
                 from [01m[K/usr/include/string.h:462[m[K,
                 from [01m[K/opt/ros/humble/include/rcutils/rcutils/error_handling.h:34[m[K,
                 from [01m[K/opt/ros/humble/include/rcutils/rcutils/logging.h:25[m[K,
                 from [01m[K/opt/ros/humble/include/rmw/rmw/types.h:28[m[K,
                 from [01m[K/opt/ros/humble/include/rcl/rcl/types.h:20[m[K,
                 from [01m[K/opt/ros/humble/include/rcl/rcl/log_level.h:22[m[K,
                 from [01m[K/opt/ros/humble/include/rcl/rcl/arguments.h:21[m[K,
                 from [01m[K/opt/ros/humble/include/rcl/rcl/context.h:28[m[K,
                 from [01m[K/opt/ros/humble/include/rcl/rcl/guard_condition.h:26[m[K,
                 from [01m[K/opt/ros/humble/include/rclcpp/rclcpp/executor.hpp:30[m[K,
                 from [01m[K/opt/ros/humble/include/rclcpp/rclcpp/executors/multi_threaded_executor.hpp:25[m[K,
                 from [01m[K/opt/ros/humble/include/rclcpp/rclcpp/executors.hpp:21[m[K,
                 from [01m[K/opt/ros/humble/include/rclcpp/rclcpp/rclcpp.hpp:155[m[K,
                 from [01m[K/home/panav/ros2_ws/src/dwa_planner/src/dwa_node.cpp:1[m[K:
[01m[K/home/panav/ros2_ws/src/dwa_planner/src/dwa_node.cpp:172:18:[m[K [01;36m[Knote: [m[K  â€˜[01m[Kconst Odometry[m[Kâ€™ {aka â€˜[01m[Kconst nav_msgs::msg::Odometry_<std::allocator<void> >[m[Kâ€™} is not derived from â€˜[01m[Kconst std::function<_Res(_ArgTypes ...)>[m[Kâ€™
  172 |         if(odom==[01;36m[KNULL[m[K || scan_data==NULL)
      |                  [01;36m[K^~~~[m[K
In file included from [01m[K/usr/include/c++/11/future:47[m[K,
                 from [01m[K/opt/ros/humble/include/rclcpp/rclcpp/executors.hpp:18[m[K,
                 from [01m[K/opt/ros/humble/include/rclcpp/rclcpp/rclcpp.hpp:155[m[K,
                 from [01m[K/home/panav/ros2_ws/src/dwa_planner/src/dwa_node.cpp:1[m[K:
[01m[K/usr/include/c++/11/bits/std_function.h:725:5:[m[K [01;36m[Knote: [m[Kcandidate: â€˜[01m[Ktemplate<class _Res, class ... _Args> bool std::operator==(std::nullptr_t, const std::function<_Res(_ArgTypes ...)>&)[m[Kâ€™
  725 |     [01;36m[Koperator[m[K==(nullptr_t, const function<_Res(_Args...)>& __f) noexcept
      |     [01;36m[K^~~~~~~~[m[K
[01m[K/usr/include/c++/11/bits/std_function.h:725:5:[m[K [01;36m[Knote: [m[K  template argument deduction/substitution failed:
In file included from [01m[K/usr/include/strings.h:23[m[K,
                 from [01m[K/usr/include/string.h:462[m[K,
                 from [01m[K/opt/ros/humble/include/rcutils/rcutils/error_handling.h:34[m[K,
                 from [01m[K/opt/ros/humble/include/rcutils/rcutils/logging.h:25[m[K,
                 from [01m[K/opt/ros/humble/include/rmw/rmw/types.h:28[m[K,
                 from [01m[K/opt/ros/humble/include/rcl/rcl/types.h:20[m[K,
                 from [01m[K/opt/ros/humble/include/rcl/rcl/log_level.h:22[m[K,
                 from [01m[K/opt/ros/humble/include/rcl/rcl/arguments.h:21[m[K,
                 from [01m[K/opt/ros/humble/include/rcl/rcl/context.h:28[m[K,
                 from [01m[K/opt/ros/humble/include/rcl/rcl/guard_condition.h:26[m[K,
                 from [01m[K/opt/ros/humble/include/rclcpp/rclcpp/executor.hpp:30[m[K,
                 from [01m[K/opt/ros/humble/include/rclcpp/rclcpp/executors/multi_threaded_executor.hpp:25[m[K,
                 from [01m[K/opt/ros/humble/include/rclcpp/rclcpp/executors.hpp:21[m[K,
                 from [01m[K/opt/ros/humble/include/rclcpp/rclcpp/rclcpp.hpp:155[m[K,
                 from [01m[K/home/panav/ros2_ws/src/dwa_planner/src/dwa_node.cpp:1[m[K:
[01m[K/home/panav/ros2_ws/src/dwa_planner/src/dwa_node.cpp:172:18:[m[K [01;36m[Knote: [m[K  mismatched types â€˜[01m[Kconst std::function<_Res(_ArgTypes ...)>[m[Kâ€™ and â€˜[01m[Klong int[m[Kâ€™
  172 |         if(odom==[01;36m[KNULL[m[K || scan_data==NULL)
      |                  [01;36m[K^~~~[m[K
In file included from [01m[K/usr/include/c++/11/set:61[m[K,
                 from [01m[K/opt/ros/humble/include/rclcpp/rclcpp/executors/multi_threaded_executor.hpp:21[m[K,
                 from [01m[K/opt/ros/humble/include/rclcpp/rclcpp/executors.hpp:21[m[K,
                 from [01m[K/opt/ros/humble/include/rclcpp/rclcpp/rclcpp.hpp:155[m[K,
                 from [01m[K/home/panav/ros2_ws/src/dwa_planner/src/dwa_node.cpp:1[m[K:
[01m[K/usr/include/c++/11/bits/stl_set.h:985:5:[m[K [01;36m[Knote: [m[Kcandidate: â€˜[01m[Ktemplate<class _Key, class _Compare, class _Alloc> bool std::operator==(const std::set<_Key, _Compare, _Allocator>&, const std::set<_Key, _Compare, _Allocator>&)[m[Kâ€™
  985 |     [01;36m[Koperator[m[K==(const set<_Key, _Compare, _Alloc>& __x,
      |     [01;36m[K^~~~~~~~[m[K
[01m[K/usr/include/c++/11/bits/stl_set.h:985:5:[m[K [01;36m[Knote: [m[K  template argument deduction/substitution failed:
In file included from [01m[K/usr/include/strings.h:23[m[K,
                 from [01m[K/usr/include/string.h:462[m[K,
                 from [01m[K/opt/ros/humble/include/rcutils/rcutils/error_handling.h:34[m[K,
                 from [01m[K/opt/ros/humble/include/rcutils/rcutils/logging.h:25[m[K,
                 from [01m[K/opt/ros/humble/include/rmw/rmw/types.h:28[m[K,
                 from [01m[K/opt/ros/humble/include/rcl/rcl/types.h:20[m[K,
                 from [01m[K/opt/ros/humble/include/rcl/rcl/log_level.h:22[m[K,
                 from [01m[K/opt/ros/humble/include/rcl/rcl/arguments.h:21[m[K,
                 from [01m[K/opt/ros/humble/include/rcl/rcl/context.h:28[m[K,
                 from [01m[K/opt/ros/humble/include/rcl/rcl/guard_condition.h:26[m[K,
                 from [01m[K/opt/ros/humble/include/rclcpp/rclcpp/executor.hpp:30[m[K,
                 from [01m[K/opt/ros/humble/include/rclcpp/rclcpp/executors/multi_threaded_executor.hpp:25[m[K,
                 from [01m[K/opt/ros/humble/include/rclcpp/rclcpp/executors.hpp:21[m[K,
                 from [01m[K/opt/ros/humble/include/rclcpp/rclcpp/rclcpp.hpp:155[m[K,
                 from [01m[K/home/panav/ros2_ws/src/dwa_planner/src/dwa_node.cpp:1[m[K:
[01m[K/home/panav/ros2_ws/src/dwa_planner/src/dwa_node.cpp:172:18:[m[K [01;36m[Knote: [m[K  â€˜[01m[Kconst Odometry[m[Kâ€™ {aka â€˜[01m[Kconst nav_msgs::msg::Odometry_<std::allocator<void> >[m[Kâ€™} is not derived from â€˜[01m[Kconst std::set<_Key, _Compare, _Allocator>[m[Kâ€™
  172 |         if(odom==[01;36m[KNULL[m[K || scan_data==NULL)
      |                  [01;36m[K^~~~[m[K
In file included from [01m[K/usr/include/c++/11/set:62[m[K,
                 from [01m[K/opt/ros/humble/include/rclcpp/rclcpp/executors/multi_threaded_executor.hpp:21[m[K,
                 from [01m[K/opt/ros/humble/include/rclcpp/rclcpp/executors.hpp:21[m[K,
                 from [01m[K/opt/ros/humble/include/rclcpp/rclcpp/rclcpp.hpp:155[m[K,
                 from [01m[K/home/panav/ros2_ws/src/dwa_planner/src/dwa_node.cpp:1[m[K:
[01m[K/usr/include/c++/11/bits/stl_multiset.h:971:5:[m[K [01;36m[Knote: [m[Kcandidate: â€˜[01m[Ktemplate<class _Key, class _Compare, class _Alloc> bool std::operator==(const std::multiset<_Key, _Compare, _Allocator>&, const std::multiset<_Key, _Compare, _Allocator>&)[m[Kâ€™
  971 |     [01;36m[Koperator[m[K==(const multiset<_Key, _Compare, _Alloc>& __x,
      |     [01;36m[K^~~~~~~~[m[K
[01m[K/usr/include/c++/11/bits/stl_multiset.h:971:5:[m[K [01;36m[Knote: [m[K  template argument deduction/substitution failed:
In file included from [01m[K/usr/include/strings.h:23[m[K,
                 from [01m[K/usr/include/string.h:462[m[K,
                 from [01m[K/opt/ros/humble/include/rcutils/rcutils/error_handling.h:34[m[K,
                 from [01m[K/opt/ros/humble/include/rcutils/rcutils/logging.h:25[m[K,
                 from [01m[K/opt/ros/humble/include/rmw/rmw/types.h:28[m[K,
                 from [01m[K/opt/ros/humble/include/rcl/rcl/types.h:20[m[K,
                 from [01m[K/opt/ros/humble/include/rcl/rcl/log_level.h:22[m[K,
                 from [01m[K/opt/ros/humble/include/rcl/rcl/arguments.h:21[m[K,
                 from [01m[K/opt/ros/humble/include/rcl/rcl/context.h:28[m[K,
                 from [01m[K/opt/ros/humble/include/rcl/rcl/guard_condition.h:26[m[K,
                 from [01m[K/opt/ros/humble/include/rclcpp/rclcpp/executor.hpp:30[m[K,
                 from [01m[K/opt/ros/humble/include/rclcpp/rclcpp/executors/multi_threaded_executor.hpp:25[m[K,
                 from [01m[K/opt/ros/humble/include/rclcpp/rclcpp/executors.hpp:21[m[K,
                 from [01m[K/opt/ros/humble/include/rclcpp/rclcpp/rclcpp.hpp:155[m[K,
                 from [01m[K/home/panav/ros2_ws/src/dwa_planner/src/dwa_node.cpp:1[m[K:
[01m[K/home/panav/ros2_ws/src/dwa_planner/src/dwa_node.cpp:172:18:[m[K [01;36m[Knote: [m[K  â€˜[01m[Kconst Odometry[m[Kâ€™ {aka â€˜[01m[Kconst nav_msgs::msg::Odometry_<std::allocator<void> >[m[Kâ€™} is not derived from â€˜[01m[Kconst std::multiset<_Key, _Compare, _Allocator>[m[Kâ€™
  172 |         if(odom==[01;36m[KNULL[m[K || scan_data==NULL)
      |                  [01;36m[K^~~~[m[K
In file included from [01m[K/usr/include/c++/11/unordered_map:47[m[K,
                 from [01m[K/opt/ros/humble/include/rclcpp/rclcpp/executors/multi_threaded_executor.hpp:23[m[K,
                 from [01m[K/opt/ros/humble/include/rclcpp/rclcpp/executors.hpp:21[m[K,
                 from [01m[K/opt/ros/humble/include/rclcpp/rclcpp/rclcpp.hpp:155[m[K,
                 from [01m[K/home/panav/ros2_ws/src/dwa_planner/src/dwa_node.cpp:1[m[K:
[01m[K/usr/include/c++/11/bits/unordered_map.h:2134:5:[m[K [01;36m[Knote: [m[Kcandidate: â€˜[01m[Ktemplate<class _Key1, class _Tp1, class _Hash1, class _Pred1, class _Alloc1> bool std::operator==(const std::unordered_map<_Key1, _Tp1, _Hash1, _Pred1, _Alloc1>&, const std::unordered_map<_Key1, _Tp1, _Hash1, _Pred1, _Alloc1>&)[m[Kâ€™
 2134 |     [01;36m[Koperator[m[K==(const unordered_map<_Key, _Tp, _Hash, _Pred, _Alloc>& __x,
      |     [01;36m[K^~~~~~~~[m[K
[01m[K/usr/include/c++/11/bits/unordered_map.h:2134:5:[m[K [01;36m[Knote: [m[K  template argument deduction/substitution failed:
In file included from [01m[K/usr/include/strings.h:23[m[K,
                 from [01m[K/usr/include/string.h:462[m[K,
                 from [01m[K/opt/ros/humble/include/rcutils/rcutils/error_handling.h:34[m[K,
                 from [01m[K/opt/ros/humble/include/rcutils/rcutils/logging.h:25[m[K,
                 from [01m[K/opt/ros/humble/include/rmw/rmw/types.h:28[m[K,
                 from [01m[K/opt/ros/humble/include/rcl/rcl/types.h:20[m[K,
                 from [01m[K/opt/ros/humble/include/rcl/rcl/log_level.h:22[m[K,
                 from [01m[K/opt/ros/humble/include/rcl/rcl/arguments.h:21[m[K,
                 from [01m[K/opt/ros/humble/include/rcl/rcl/context.h:28[m[K,
                 from [01m[K/opt/ros/humble/include/rcl/rcl/guard_condition.h:26[m[K,
                 from [01m[K/opt/ros/humble/include/rclcpp/rclcpp/executor.hpp:30[m[K,
                 from [01m[K/opt/ros/humble/include/rclcpp/rclcpp/executors/multi_threaded_executor.hpp:25[m[K,
                 from [01m[K/opt/ros/humble/include/rclcpp/rclcpp/executors.hpp:21[m[K,
                 from [01m[K/opt/ros/humble/include/rclcpp/rclcpp/rclcpp.hpp:155[m[K,
                 from [01m[K/home/panav/ros2_ws/src/dwa_planner/src/dwa_node.cpp:1[m[K:
[01m[K/home/panav/ros2_ws/src/dwa_planner/src/dwa_node.cpp:172:18:[m[K [01;36m[Knote: [m[K  â€˜[01m[Kconst Odometry[m[Kâ€™ {aka â€˜[01m[Kconst nav_msgs::msg::Odometry_<std::allocator<void> >[m[Kâ€™} is not derived from â€˜[01m[Kconst std::unordered_map<_Key1, _Tp1, _Hash1, _Pred1, _Alloc1>[m[Kâ€™
  172 |         if(odom==[01;36m[KNULL[m[K || scan_data==NULL)
      |                  [01;36m[K^~~~[m[K
In file included from [01m[K/usr/include/c++/11/unordered_map:47[m[K,
                 from [01m[K/opt/ros/humble/include/rclcpp/rclcpp/executors/multi_threaded_executor.hpp:23[m[K,
                 from [01m[K/opt/ros/humble/include/rclcpp/rclcpp/executors.hpp:21[m[K,
                 from [01m[K/opt/ros/humble/include/rclcpp/rclcpp/rclcpp.hpp:155[m[K,
                 from [01m[K/home/panav/ros2_ws/src/dwa_planner/src/dwa_node.cpp:1[m[K:
[01m[K/usr/include/c++/11/bits/unordered_map.h:2148:5:[m[K [01;36m[Knote: [m[Kcandidate: â€˜[01m[Ktemplate<class _Key1, class _Tp1, class _Hash1, class _Pred1, class _Alloc1> bool std::operator==(const std::unordered_multimap<_Key1, _Tp1, _Hash1, _Pred1, _Alloc1>&, const std::unordered_multimap<_Key1, _Tp1, _Hash1, _Pred1, _Alloc1>&)[m[Kâ€™
 2148 |     [01;36m[Koperator[m[K==(const unordered_multimap<_Key, _Tp, _Hash, _Pred, _Alloc>& __x,
      |     [01;36m[K^~~~~~~~[m[K
[01m[K/usr/include/c++/11/bits/unordered_map.h:2148:5:[m[K [01;36m[Knote: [m[K  template argument deduction/substitution failed:
In file included from [01m[K/usr/include/strings.h:23[m[K,
                 from [01m[K/usr/include/string.h:462[m[K,
                 from [01m[K/opt/ros/humble/include/rcutils/rcutils/error_handling.h:34[m[K,
                 from [01m[K/opt/ros/humble/include/rcutils/rcutils/logging.h:25[m[K,
                 from [01m[K/opt/ros/humble/include/rmw/rmw/types.h:28[m[K,
                 from [01m[K/opt/ros/humble/include/rcl/rcl/types.h:20[m[K,
                 from [01m[K/opt/ros/humble/include/rcl/rcl/log_level.h:22[m[K,
                 from [01m[K/opt/ros/humble/include/rcl/rcl/arguments.h:21[m[K,
                 from [01m[K/opt/ros/humble/include/rcl/rcl/context.h:28[m[K,
                 from [01m[K/opt/ros/humble/include/rcl/rcl/guard_condition.h:26[m[K,
                 from [01m[K/opt/ros/humble/include/rclcpp/rclcpp/executor.hpp:30[m[K,
                 from [01m[K/opt/ros/humble/include/rclcpp/rclcpp/executors/multi_threaded_executor.hpp:25[m[K,
                 from [01m[K/opt/ros/humble/include/rclcpp/rclcpp/executors.hpp:21[m[K,
                 from [01m[K/opt/ros/humble/include/rclcpp/rclcpp/rclcpp.hpp:155[m[K,
                 from [01m[K/home/panav/ros2_ws/src/dwa_planner/src/dwa_node.cpp:1[m[K:
[01m[K/home/panav/ros2_ws/src/dwa_planner/src/dwa_node.cpp:172:18:[m[K [01;36m[Knote: [m[K  â€˜[01m[Kconst Odometry[m[Kâ€™ {aka â€˜[01m[Kconst nav_msgs::msg::Odometry_<std::allocator<void> >[m[Kâ€™} is not derived from â€˜[01m[Kconst std::unordered_multimap<_Key1, _Tp1, _Hash1, _Pred1, _Alloc1>[m[Kâ€™
  172 |         if(odom==[01;36m[KNULL[m[K || scan_data==NULL)
      |                  [01;36m[K^~~~[m[K
In file included from [01m[K/usr/include/c++/11/vector:67[m[K,
                 from [01m[K/usr/include/c++/11/functional:62[m[K,
                 from [01m[K/usr/include/c++/11/pstl/glue_algorithm_defs.h:13[m[K,
                 from [01m[K/usr/include/c++/11/algorithm:74[m[K,
                 from [01m[K/opt/ros/humble/include/rclcpp/rclcpp/executor.hpp:18[m[K,
                 from [01m[K/opt/ros/humble/include/rclcpp/rclcpp/executors/multi_threaded_executor.hpp:25[m[K,
                 from [01m[K/opt/ros/humble/include/rclcpp/rclcpp/executors.hpp:21[m[K,
                 from [01m[K/opt/ros/humble/include/rclcpp/rclcpp/rclcpp.hpp:155[m[K,
                 from [01m[K/home/panav/ros2_ws/src/dwa_planner/src/dwa_node.cpp:1[m[K:
[01m[K/usr/include/c++/11/bits/stl_vector.h:1892:5:[m[K [01;36m[Knote: [m[Kcandidate: â€˜[01m[Ktemplate<class _Tp, class _Alloc> bool std::operator==(const std::vector<_Tp, _Alloc>&, const std::vector<_Tp, _Alloc>&)[m[Kâ€™
 1892 |     [01;36m[Koperator[m[K==(const vector<_Tp, _Alloc>& __x, const vector<_Tp, _Alloc>& __y)
      |     [01;36m[K^~~~~~~~[m[K
[01m[K/usr/include/c++/11/bits/stl_vector.h:1892:5:[m[K [01;36m[Knote: [m[K  template argument deduction/substitution failed:
In file included from [01m[K/usr/include/strings.h:23[m[K,
                 from [01m[K/usr/include/string.h:462[m[K,
                 from [01m[K/opt/ros/humble/include/rcutils/rcutils/error_handling.h:34[m[K,
                 from [01m[K/opt/ros/humble/include/rcutils/rcutils/logging.h:25[m[K,
                 from [01m[K/opt/ros/humble/include/rmw/rmw/types.h:28[m[K,
                 from [01m[K/opt/ros/humble/include/rcl/rcl/types.h:20[m[K,
                 from [01m[K/opt/ros/humble/include/rcl/rcl/log_level.h:22[m[K,
                 from [01m[K/opt/ros/humble/include/rcl/rcl/arguments.h:21[m[K,
                 from [01m[K/opt/ros/humble/include/rcl/rcl/context.h:28[m[K,
                 from [01m[K/opt/ros/humble/include/rcl/rcl/guard_condition.h:26[m[K,
                 from [01m[K/opt/ros/humble/include/rclcpp/rclcpp/executor.hpp:30[m[K,
                 from [01m[K/opt/ros/humble/include/rclcpp/rclcpp/executors/multi_threaded_executor.hpp:25[m[K,
                 from [01m[K/opt/ros/humble/include/rclcpp/rclcpp/executors.hpp:21[m[K,
                 from [01m[K/opt/ros/humble/include/rclcpp/rclcpp/rclcpp.hpp:155[m[K,
                 from [01m[K/home/panav/ros2_ws/src/dwa_planner/src/dwa_node.cpp:1[m[K:
[01m[K/home/panav/ros2_ws/src/dwa_planner/src/dwa_node.cpp:172:18:[m[K [01;36m[Knote: [m[K  â€˜[01m[Kconst Odometry[m[Kâ€™ {aka â€˜[01m[Kconst nav_msgs::msg::Odometry_<std::allocator<void> >[m[Kâ€™} is not derived from â€˜[01m[Kconst std::vector<_Tp, _Alloc>[m[Kâ€™
  172 |         if(odom==[01;36m[KNULL[m[K || scan_data==NULL)
      |                  [01;36m[K^~~~[m[K
In file included from [01m[K/usr/include/c++/11/bits/locale_facets.h:48[m[K,
                 from [01m[K/usr/include/c++/11/bits/basic_ios.h:37[m[K,
                 from [01m[K/usr/include/c++/11/ios:44[m[K,
                 from [01m[K/usr/include/c++/11/ostream:38[m[K,
                 from [01m[K/usr/include/c++/11/iostream:39[m[K,
                 from [01m[K/opt/ros/humble/include/rclcpp/rclcpp/executor.hpp:22[m[K,
                 from [01m[K/opt/ros/humble/include/rclcpp/rclcpp/executors/multi_threaded_executor.hpp:25[m[K,
                 from [01m[K/opt/ros/humble/include/rclcpp/rclcpp/executors.hpp:21[m[K,
                 from [01m[K/opt/ros/humble/include/rclcpp/rclcpp/rclcpp.hpp:155[m[K,
                 from [01m[K/home/panav/ros2_ws/src/dwa_planner/src/dwa_node.cpp:1[m[K:
[01m[K/usr/include/c++/11/bits/streambuf_iterator.h:226:5:[m[K [01;36m[Knote: [m[Kcandidate: â€˜[01m[Ktemplate<class _CharT, class _Traits> bool std::operator==(const std::istreambuf_iterator<_CharT, _Traits>&, const std::istreambuf_iterator<_CharT, _Traits>&)[m[Kâ€™
  226 |     [01;36m[Koperator[m[K==(const istreambuf_iterator<_CharT, _Traits>& __a,
      |     [01;36m[K^~~~~~~~[m[K
[01m[K/usr/include/c++/11/bits/streambuf_iterator.h:226:5:[m[K [01;36m[Knote: [m[K  template argument deduction/substitution failed:
In file included from [01m[K/usr/include/strings.h:23[m[K,
                 from [01m[K/usr/include/string.h:462[m[K,
                 from [01m[K/opt/ros/humble/include/rcutils/rcutils/error_handling.h:34[m[K,
                 from [01m[K/opt/ros/humble/include/rcutils/rcutils/logging.h:25[m[K,
                 from [01m[K/opt/ros/humble/include/rmw/rmw/types.h:28[m[K,
                 from [01m[K/opt/ros/humble/include/rcl/rcl/types.h:20[m[K,
                 from [01m[K/opt/ros/humble/include/rcl/rcl/log_level.h:22[m[K,
                 from [01m[K/opt/ros/humble/include/rcl/rcl/arguments.h:21[m[K,
                 from [01m[K/opt/ros/humble/include/rcl/rcl/context.h:28[m[K,
                 from [01m[K/opt/ros/humble/include/rcl/rcl/guard_condition.h:26[m[K,
                 from [01m[K/opt/ros/humble/include/rclcpp/rclcpp/executor.hpp:30[m[K,
                 from [01m[K/opt/ros/humble/include/rclcpp/rclcpp/executors/multi_threaded_executor.hpp:25[m[K,
                 from [01m[K/opt/ros/humble/include/rclcpp/rclcpp/executors.hpp:21[m[K,
                 from [01m[K/opt/ros/humble/include/rclcpp/rclcpp/rclcpp.hpp:155[m[K,
                 from [01m[K/home/panav/ros2_ws/src/dwa_planner/src/dwa_node.cpp:1[m[K:
[01m[K/home/panav/ros2_ws/src/dwa_planner/src/dwa_node.cpp:172:18:[m[K [01;36m[Knote: [m[K  â€˜[01m[Kconst Odometry[m[Kâ€™ {aka â€˜[01m[Kconst nav_msgs::msg::Odometry_<std::allocator<void> >[m[Kâ€™} is not derived from â€˜[01m[Kconst std::istreambuf_iterator<_CharT, _Traits>[m[Kâ€™
  172 |         if(odom==[01;36m[KNULL[m[K || scan_data==NULL)
      |                  [01;36m[K^~~~[m[K
In file included from [01m[K/usr/include/c++/11/list:63[m[K,
                 from [01m[K/opt/ros/humble/include/rclcpp/rclcpp/executor.hpp:23[m[K,
                 from [01m[K/opt/ros/humble/include/rclcpp/rclcpp/executors/multi_threaded_executor.hpp:25[m[K,
                 from [01m[K/opt/ros/humble/include/rclcpp/rclcpp/executors.hpp:21[m[K,
                 from [01m[K/opt/ros/humble/include/rclcpp/rclcpp/rclcpp.hpp:155[m[K,
                 from [01m[K/home/panav/ros2_ws/src/dwa_planner/src/dwa_node.cpp:1[m[K:
[01m[K/usr/include/c++/11/bits/stl_list.h:2030:5:[m[K [01;36m[Knote: [m[Kcandidate: â€˜[01m[Ktemplate<class _Tp, class _Alloc> bool std::operator==(const std::__cxx11::list<_Tp, _Alloc>&, const std::__cxx11::list<_Tp, _Alloc>&)[m[Kâ€™
 2030 |     [01;36m[Koperator[m[K==(const list<_Tp, _Alloc>& __x, const list<_Tp, _Alloc>& __y)
      |     [01;36m[K^~~~~~~~[m[K
[01m[K/usr/include/c++/11/bits/stl_list.h:2030:5:[m[K [01;36m[Knote: [m[K  template argument deduction/substitution failed:
In file included from [01m[K/usr/include/strings.h:23[m[K,
                 from [01m[K/usr/include/string.h:462[m[K,
                 from [01m[K/opt/ros/humble/include/rcutils/rcutils/error_handling.h:34[m[K,
                 from [01m[K/opt/ros/humble/include/rcutils/rcutils/logging.h:25[m[K,
                 from [01m[K/opt/ros/humble/include/rmw/rmw/types.h:28[m[K,
                 from [01m[K/opt/ros/humble/include/rcl/rcl/types.h:20[m[K,
                 from [01m[K/opt/ros/humble/include/rcl/rcl/log_level.h:22[m[K,
                 from [01m[K/opt/ros/humble/include/rcl/rcl/arguments.h:21[m[K,
                 from [01m[K/opt/ros/humble/include/rcl/rcl/context.h:28[m[K,
                 from [01m[K/opt/ros/humble/include/rcl/rcl/guard_condition.h:26[m[K,
                 from [01m[K/opt/ros/humble/include/rclcpp/rclcpp/executor.hpp:30[m[K,
                 from [01m[K/opt/ros/humble/include/rclcpp/rclcpp/executors/multi_threaded_executor.hpp:25[m[K,
                 from [01m[K/opt/ros/humble/include/rclcpp/rclcpp/executors.hpp:21[m[K,
                 from [01m[K/opt/ros/humble/include/rclcpp/rclcpp/rclcpp.hpp:155[m[K,
                 from [01m[K/home/panav/ros2_ws/src/dwa_planner/src/dwa_node.cpp:1[m[K:
[01m[K/home/panav/ros2_ws/src/dwa_planner/src/dwa_node.cpp:172:18:[m[K [01;36m[Knote: [m[K  â€˜[01m[Kconst Odometry[m[Kâ€™ {aka â€˜[01m[Kconst nav_msgs::msg::Odometry_<std::allocator<void> >[m[Kâ€™} is not derived from â€˜[01m[Kconst std::__cxx11::list<_Tp, _Alloc>[m[Kâ€™
  172 |         if(odom==[01;36m[KNULL[m[K || scan_data==NULL)
      |                  [01;36m[K^~~~[m[K
In file included from [01m[K/usr/include/c++/11/map:61[m[K,
                 from [01m[K/opt/ros/humble/include/rclcpp/rclcpp/executor.hpp:24[m[K,
                 from [01m[K/opt/ros/humble/include/rclcpp/rclcpp/executors/multi_threaded_executor.hpp:25[m[K,
                 from [01m[K/opt/ros/humble/include/rclcpp/rclcpp/executors.hpp:21[m[K,
                 from [01m[K/opt/ros/humble/include/rclcpp/rclcpp/rclcpp.hpp:155[m[K,
                 from [01m[K/home/panav/ros2_ws/src/dwa_planner/src/dwa_node.cpp:1[m[K:
[01m[K/usr/include/c++/11/bits/stl_map.h:1463:5:[m[K [01;36m[Knote: [m[Kcandidate: â€˜[01m[Ktemplate<class _Key, class _Tp, class _Compare, class _Alloc> bool std::operator==(const std::map<_Key, _Tp, _Compare, _Allocator>&, const std::map<_Key, _Tp, _Compare, _Allocator>&)[m[Kâ€™
 1463 |     [01;36m[Koperator[m[K==(const map<_Key, _Tp, _Compare, _Alloc>& __x,
      |     [01;36m[K^~~~~~~~[m[K
[01m[K/usr/include/c++/11/bits/stl_map.h:1463:5:[m[K [01;36m[Knote: [m[K  template argument deduction/substitution failed:
In file included from [01m[K/usr/include/strings.h:23[m[K,
                 from [01m[K/usr/include/string.h:462[m[K,
                 from [01m[K/opt/ros/humble/include/rcutils/rcutils/error_handling.h:34[m[K,
                 from [01m[K/opt/ros/humble/include/rcutils/rcutils/logging.h:25[m[K,
                 from [01m[K/opt/ros/humble/include/rmw/rmw/types.h:28[m[K,
                 from [01m[K/opt/ros/humble/include/rcl/rcl/types.h:20[m[K,
                 from [01m[K/opt/ros/humble/include/rcl/rcl/log_level.h:22[m[K,
                 from [01m[K/opt/ros/humble/include/rcl/rcl/arguments.h:21[m[K,
                 from [01m[K/opt/ros/humble/include/rcl/rcl/context.h:28[m[K,
                 from [01m[K/opt/ros/humble/include/rcl/rcl/guard_condition.h:26[m[K,
                 from [01m[K/opt/ros/humble/include/rclcpp/rclcpp/executor.hpp:30[m[K,
                 from [01m[K/opt/ros/humble/include/rclcpp/rclcpp/executors/multi_threaded_executor.hpp:25[m[K,
                 from [01m[K/opt/ros/humble/include/rclcpp/rclcpp/executors.hpp:21[m[K,
                 from [01m[K/opt/ros/humble/include/rclcpp/rclcpp/rclcpp.hpp:155[m[K,
                 from [01m[K/home/panav/ros2_ws/src/dwa_planner/src/dwa_node.cpp:1[m[K:
[01m[K/home/panav/ros2_ws/src/dwa_planner/src/dwa_node.cpp:172:18:[m[K [01;36m[Knote: [m[K  â€˜[01m[Kconst Odometry[m[Kâ€™ {aka â€˜[01m[Kconst nav_msgs::msg::Odometry_<std::allocator<void> >[m[Kâ€™} is not derived from â€˜[01m[Kconst std::map<_Key, _Tp, _Compare, _Allocator>[m[Kâ€™
  172 |         if(odom==[01;36m[KNULL[m[K || scan_data==NULL)
      |                  [01;36m[K^~~~[m[K
In file included from [01m[K/usr/include/c++/11/map:62[m[K,
                 from [01m[K/opt/ros/humble/include/rclcpp/rclcpp/executor.hpp:24[m[K,
                 from [01m[K/opt/ros/humble/include/rclcpp/rclcpp/executors/multi_threaded_executor.hpp:25[m[K,
                 from [01m[K/opt/ros/humble/include/rclcpp/rclcpp/executors.hpp:21[m[K,
                 from [01m[K/opt/ros/humble/include/rclcpp/rclcpp/rclcpp.hpp:155[m[K,
                 from [01m[K/home/panav/ros2_ws/src/dwa_planner/src/dwa_node.cpp:1[m[K:
[01m[K/usr/include/c++/11/bits/stl_multimap.h:1128:5:[m[K [01;36m[Knote: [m[Kcandidate: â€˜[01m[Ktemplate<class _Key, class _Tp, class _Compare, class _Alloc> bool std::operator==(const std::multimap<_Key, _Tp, _Compare, _Allocator>&, const std::multimap<_Key, _Tp, _Compare, _Allocator>&)[m[Kâ€™
 1128 |     [01;36m[Koperator[m[K==(const multimap<_Key, _Tp, _Compare, _Alloc>& __x,
      |     [01;36m[K^~~~~~~~[m[K
[01m[K/usr/include/c++/11/bits/stl_multimap.h:1128:5:[m[K [01;36m[Knote: [m[K  template argument deduction/substitution failed:
In file included from [01m[K/usr/include/strings.h:23[m[K,
                 from [01m[K/usr/include/string.h:462[m[K,
                 from [01m[K/opt/ros/humble/include/rcutils/rcutils/error_handling.h:34[m[K,
                 from [01m[K/opt/ros/humble/include/rcutils/rcutils/logging.h:25[m[K,
                 from [01m[K/opt/ros/humble/include/rmw/rmw/types.h:28[m[K,
                 from [01m[K/opt/ros/humble/include/rcl/rcl/types.h:20[m[K,
                 from [01m[K/opt/ros/humble/include/rcl/rcl/log_level.h:22[m[K,
                 from [01m[K/opt/ros/humble/include/rcl/rcl/arguments.h:21[m[K,
                 from [01m[K/opt/ros/humble/include/rcl/rcl/context.h:28[m[K,
                 from [01m[K/opt/ros/humble/include/rcl/rcl/guard_condition.h:26[m[K,
                 from [01m[K/opt/ros/humble/include/rclcpp/rclcpp/executor.hpp:30[m[K,
                 from [01m[K/opt/ros/humble/include/rclcpp/rclcpp/executors/multi_threaded_executor.hpp:25[m[K,
                 from [01m[K/opt/ros/humble/include/rclcpp/rclcpp/executors.hpp:21[m[K,
                 from [01m[K/opt/ros/humble/include/rclcpp/rclcpp/rclcpp.hpp:155[m[K,
                 from [01m[K/home/panav/ros2_ws/src/dwa_planner/src/dwa_node.cpp:1[m[K:
[01m[K/home/panav/ros2_ws/src/dwa_planner/src/dwa_node.cpp:172:18:[m[K [01;36m[Knote: [m[K  â€˜[01m[Kconst Odometry[m[Kâ€™ {aka â€˜[01m[Kconst nav_msgs::msg::Odometry_<std::allocator<void> >[m[Kâ€™} is not derived from â€˜[01m[Kconst std::multimap<_Key, _Tp, _Compare, _Allocator>[m[Kâ€™
  172 |         if(odom==[01;36m[KNULL[m[K || scan_data==NULL)
      |                  [01;36m[K^~~~[m[K
In file included from [01m[K/usr/include/c++/11/unordered_set:47[m[K,
                 from [01m[K/opt/ros/humble/include/rclcpp/rclcpp/context.hpp:26[m[K,
                 from [01m[K/opt/ros/humble/include/rclcpp/rclcpp/executor.hpp:34[m[K,
                 from [01m[K/opt/ros/humble/include/rclcpp/rclcpp/executors/multi_threaded_executor.hpp:25[m[K,
                 from [01m[K/opt/ros/humble/include/rclcpp/rclcpp/executors.hpp:21[m[K,
                 from [01m[K/opt/ros/humble/include/rclcpp/rclcpp/rclcpp.hpp:155[m[K,
                 from [01m[K/home/panav/ros2_ws/src/dwa_planner/src/dwa_node.cpp:1[m[K:
[01m[K/usr/include/c++/11/bits/unordered_set.h:1804:5:[m[K [01;36m[Knote: [m[Kcandidate: â€˜[01m[Ktemplate<class _Value1, class _Hash1, class _Pred1, class _Alloc1> bool std::operator==(const std::unordered_set<_Value1, _Hash1, _Pred1, _Alloc1>&, const std::unordered_set<_Value1, _Hash1, _Pred1, _Alloc1>&)[m[Kâ€™
 1804 |     [01;36m[Koperator[m[K==(const unordered_set<_Value, _Hash, _Pred, _Alloc>& __x,
      |     [01;36m[K^~~~~~~~[m[K
[01m[K/usr/include/c++/11/bits/unordered_set.h:1804:5:[m[K [01;36m[Knote: [m[K  template argument deduction/substitution failed:
In file included from [01m[K/usr/include/strings.h:23[m[K,
                 from [01m[K/usr/include/string.h:462[m[K,
                 from [01m[K/opt/ros/humble/include/rcutils/rcutils/error_handling.h:34[m[K,
                 from [01m[K/opt/ros/humble/include/rcutils/rcutils/logging.h:25[m[K,
                 from [01m[K/opt/ros/humble/include/rmw/rmw/types.h:28[m[K,
                 from [01m[K/opt/ros/humble/include/rcl/rcl/types.h:20[m[K,
                 from [01m[K/opt/ros/humble/include/rcl/rcl/log_level.h:22[m[K,
                 from [01m[K/opt/ros/humble/include/rcl/rcl/arguments.h:21[m[K,
                 from [01m[K/opt/ros/humble/include/rcl/rcl/context.h:28[m[K,
                 from [01m[K/opt/ros/humble/include/rcl/rcl/guard_condition.h:26[m[K,
                 from [01m[K/opt/ros/humble/include/rclcpp/rclcpp/executor.hpp:30[m[K,
                 from [01m[K/opt/ros/humble/include/rclcpp/rclcpp/executors/multi_threaded_executor.hpp:25[m[K,
                 from [01m[K/opt/ros/humble/include/rclcpp/rclcpp/executors.hpp:21[m[K,
                 from [01m[K/opt/ros/humble/include/rclcpp/rclcpp/rclcpp.hpp:155[m[K,
                 from [01m[K/home/panav/ros2_ws/src/dwa_planner/src/dwa_node.cpp:1[m[K:
[01m[K/home/panav/ros2_ws/src/dwa_planner/src/dwa_node.cpp:172:18:[m[K [01;36m[Knote: [m[K  â€˜[01m[Kconst Odometry[m[Kâ€™ {aka â€˜[01m[Kconst nav_msgs::msg::Odometry_<std::allocator<void> >[m[Kâ€™} is not derived from â€˜[01m[Kconst std::unordered_set<_Value1, _Hash1, _Pred1, _Alloc1>[m[Kâ€™
  172 |         if(odom==[01;36m[KNULL[m[K || scan_data==NULL)
      |                  [01;36m[K^~~~[m[K
In file included from [01m[K/usr/include/c++/11/unordered_set:47[m[K,
                 from [01m[K/opt/ros/humble/include/rclcpp/rclcpp/context.hpp:26[m[K,
                 from [01m[K/opt/ros/humble/include/rclcpp/rclcpp/executor.hpp:34[m[K,
                 from [01m[K/opt/ros/humble/include/rclcpp/rclcpp/executors/multi_threaded_executor.hpp:25[m[K,
                 from [01m[K/opt/ros/humble/include/rclcpp/rclcpp/executors.hpp:21[m[K,
                 from [01m[K/opt/ros/humble/include/rclcpp/rclcpp/rclcpp.hpp:155[m[K,
                 from [01m[K/home/panav/ros2_ws/src/dwa_planner/src/dwa_node.cpp:1[m[K:
[01m[K/usr/include/c++/11/bits/unordered_set.h:1818:5:[m[K [01;36m[Knote: [m[Kcandidate: â€˜[01m[Ktemplate<class _Value1, class _Hash1, class _Pred1, class _Alloc1> bool std::operator==(const std::unordered_multiset<_Value1, _Hash1, _Pred1, _Alloc1>&, const std::unordered_multiset<_Value1, _Hash1, _Pred1, _Alloc1>&)[m[Kâ€™
 1818 |     [01;36m[Koperator[m[K==(const unordered_multiset<_Value, _Hash, _Pred, _Alloc>& __x,
      |     [01;36m[K^~~~~~~~[m[K
[01m[K/usr/include/c++/11/bits/unordered_set.h:1818:5:[m[K [01;36m[Knote: [m[K  template argument deduction/substitution failed:
In file included from [01m[K/usr/include/strings.h:23[m[K,
                 from [01m[K/usr/include/string.h:462[m[K,
                 from [01m[K/opt/ros/humble/include/rcutils/rcutils/error_handling.h:34[m[K,
                 from [01m[K/opt/ros/humble/include/rcutils/rcutils/logging.h:25[m[K,
                 from [01m[K/opt/ros/humble/include/rmw/rmw/types.h:28[m[K,
                 from [01m[K/opt/ros/humble/include/rcl/rcl/types.h:20[m[K,
                 from [01m[K/opt/ros/humble/include/rcl/rcl/log_level.h:22[m[K,
                 from [01m[K/opt/ros/humble/include/rcl/rcl/arguments.h:21[m[K,
                 from [01m[K/opt/ros/humble/include/rcl/rcl/context.h:28[m[K,
                 from [01m[K/opt/ros/humble/include/rcl/rcl/guard_condition.h:26[m[K,
                 from [01m[K/opt/ros/humble/include/rclcpp/rclcpp/executor.hpp:30[m[K,
                 from [01m[K/opt/ros/humble/include/rclcpp/rclcpp/executors/multi_threaded_executor.hpp:25[m[K,
                 from [01m[K/opt/ros/humble/include/rclcpp/rclcpp/executors.hpp:21[m[K,
                 from [01m[K/opt/ros/humble/include/rclcpp/rclcpp/rclcpp.hpp:155[m[K,
                 from [01m[K/home/panav/ros2_ws/src/dwa_planner/src/dwa_node.cpp:1[m[K:
[01m[K/home/panav/ros2_ws/src/dwa_planner/src/dwa_node.cpp:172:18:[m[K [01;36m[Knote: [m[K  â€˜[01m[Kconst Odometry[m[Kâ€™ {aka â€˜[01m[Kconst nav_msgs::msg::Odometry_<std::allocator<void> >[m[Kâ€™} is not derived from â€˜[01m[Kconst std::unordered_multiset<_Value1, _Hash1, _Pred1, _Alloc1>[m[Kâ€™
  172 |         if(odom==[01;36m[KNULL[m[K || scan_data==NULL)
      |                  [01;36m[K^~~~[m[K
In file included from [01m[K/opt/ros/humble/include/rclcpp/rclcpp/client.hpp:23[m[K,
                 from [01m[K/opt/ros/humble/include/rclcpp/rclcpp/callback_group.hpp:24[m[K,
                 from [01m[K/opt/ros/humble/include/rclcpp/rclcpp/any_executable.hpp:20[m[K,
                 from [01m[K/opt/ros/humble/include/rclcpp/rclcpp/memory_strategy.hpp:25[m[K,
                 from [01m[K/opt/ros/humble/include/rclcpp/rclcpp/memory_strategies.hpp:18[m[K,
                 from [01m[K/opt/ros/humble/include/rclcpp/rclcpp/executor_options.hpp:20[m[K,
                 from [01m[K/opt/ros/humble/include/rclcpp/rclcpp/executor.hpp:37[m[K,
                 from [01m[K/opt/ros/humble/include/rclcpp/rclcpp/executors/multi_threaded_executor.hpp:25[m[K,
                 from [01m[K/opt/ros/humble/include/rclcpp/rclcpp/executors.hpp:21[m[K,
                 from [01m[K/opt/ros/humble/include/rclcpp/rclcpp/rclcpp.hpp:155[m[K,
                 from [01m[K/home/panav/ros2_ws/src/dwa_planner/src/dwa_node.cpp:1[m[K:
[01m[K/usr/include/c++/11/optional:1045:5:[m[K [01;36m[Knote: [m[Kcandidate: â€˜[01m[Ktemplate<class _Tp, class _Up> constexpr std::__optional_eq_t<_Tp, _Up> std::operator==(const std::optional<_Tp>&, const std::optional<_Up>&)[m[Kâ€™
 1045 |     [01;36m[Koperator[m[K==(const optional<_Tp>& __lhs, const optional<_Up>& __rhs)
      |     [01;36m[K^~~~~~~~[m[K
[01m[K/usr/include/c++/11/optional:1045:5:[m[K [01;36m[Knote: [m[K  template argument deduction/substitution failed:
In file included from [01m[K/usr/include/strings.h:23[m[K,
                 from [01m[K/usr/include/string.h:462[m[K,
                 from [01m[K/opt/ros/humble/include/rcutils/rcutils/error_handling.h:34[m[K,
                 from [01m[K/opt/ros/humble/include/rcutils/rcutils/logging.h:25[m[K,
                 from [01m[K/opt/ros/humble/include/rmw/rmw/types.h:28[m[K,
                 from [01m[K/opt/ros/humble/include/rcl/rcl/types.h:20[m[K,
                 from [01m[K/opt/ros/humble/include/rcl/rcl/log_level.h:22[m[K,
                 from [01m[K/opt/ros/humble/include/rcl/rcl/arguments.h:21[m[K,
                 from [01m[K/opt/ros/humble/include/rcl/rcl/context.h:28[m[K,
                 from [01m[K/opt/ros/humble/include/rcl/rcl/guard_condition.h:26[m[K,
                 from [01m[K/opt/ros/humble/include/rclcpp/rclcpp/executor.hpp:30[m[K,
                 from [01m[K/opt/ros/humble/include/rclcpp/rclcpp/executors/multi_threaded_executor.hpp:25[m[K,
                 from [01m[K/opt/ros/humble/include/rclcpp/rclcpp/executors.hpp:21[m[K,
                 from [01m[K/opt/ros/humble/include/rclcpp/rclcpp/rclcpp.hpp:155[m[K,
                 from [01m[K/home/panav/ros2_ws/src/dwa_planner/src/dwa_node.cpp:1[m[K:
[01m[K/home/panav/ros2_ws/src/dwa_planner/src/dwa_node.cpp:172:18:[m[K [01;36m[Knote: [m[K  â€˜[01m[Kconst Odometry[m[Kâ€™ {aka â€˜[01m[Kconst nav_msgs::msg::Odometry_<std::allocator<void> >[m[Kâ€™} is not derived from â€˜[01m[Kconst std::optional<_Tp>[m[Kâ€™
  172 |         if(odom==[01;36m[KNULL[m[K || scan_data==NULL)
      |                  [01;36m[K^~~~[m[K
In file included from [01m[K/opt/ros/humble/include/rclcpp/rclcpp/client.hpp:23[m[K,
                 from [01m[K/opt/ros/humble/include/rclcpp/rclcpp/callback_group.hpp:24[m[K,
                 from [01m[K/opt/ros/humble/include/rclcpp/rclcpp/any_executable.hpp:20[m[K,
                 from [01m[K/opt/ros/humble/include/rclcpp/rclcpp/memory_strategy.hpp:25[m[K,
                 from [01m[K/opt/ros/humble/include/rclcpp/rclcpp/memory_strategies.hpp:18[m[K,
                 from [01m[K/opt/ros/humble/include/rclcpp/rclcpp/executor_options.hpp:20[m[K,
                 from [01m[K/opt/ros/humble/include/rclcpp/rclcpp/executor.hpp:37[m[K,
                 from [01m[K/opt/ros/humble/include/rclcpp/rclcpp/executors/multi_threaded_executor.hpp:25[m[K,
                 from [01m[K/opt/ros/humble/include/rclcpp/rclcpp/executors.hpp:21[m[K,
                 from [01m[K/opt/ros/humble/include/rclcpp/rclcpp/rclcpp.hpp:155[m[K,
                 from [01m[K/home/panav/ros2_ws/src/dwa_planner/src/dwa_node.cpp:1[m[K:
[01m[K/usr/include/c++/11/optional:1105:5:[m[K [01;36m[Knote: [m[Kcandidate: â€˜[01m[Ktemplate<class _Tp> constexpr bool std::operator==(const std::optional<_Tp>&, std::nullopt_t)[m[Kâ€™
 1105 |     [01;36m[Koperator[m[K==(const optional<_Tp>& __lhs, nullopt_t) noexcept
      |     [01;36m[K^~~~~~~~[m[K
[01m[K/usr/include/c++/11/optional:1105:5:[m[K [01;36m[Knote: [m[K  template argument deduction/substitution failed:
In file included from [01m[K/usr/include/strings.h:23[m[K,
                 from [01m[K/usr/include/string.h:462[m[K,
                 from [01m[K/opt/ros/humble/include/rcutils/rcutils/error_handling.h:34[m[K,
                 from [01m[K/opt/ros/humble/include/rcutils/rcutils/logging.h:25[m[K,
                 from [01m[K/opt/ros/humble/include/rmw/rmw/types.h:28[m[K,
                 from [01m[K/opt/ros/humble/include/rcl/rcl/types.h:20[m[K,
                 from [01m[K/opt/ros/humble/include/rcl/rcl/log_level.h:22[m[K,
                 from [01m[K/opt/ros/humble/include/rcl/rcl/arguments.h:21[m[K,
                 from [01m[K/opt/ros/humble/include/rcl/rcl/context.h:28[m[K,
                 from [01m[K/opt/ros/humble/include/rcl/rcl/guard_condition.h:26[m[K,
                 from [01m[K/opt/ros/humble/include/rclcpp/rclcpp/executor.hpp:30[m[K,
                 from [01m[K/opt/ros/humble/include/rclcpp/rclcpp/executors/multi_threaded_executor.hpp:25[m[K,
                 from [01m[K/opt/ros/humble/include/rclcpp/rclcpp/executors.hpp:21[m[K,
                 from [01m[K/opt/ros/humble/include/rclcpp/rclcpp/rclcpp.hpp:155[m[K,
                 from [01m[K/home/panav/ros2_ws/src/dwa_planner/src/dwa_node.cpp:1[m[K:
[01m[K/home/panav/ros2_ws/src/dwa_planner/src/dwa_node.cpp:172:18:[m[K [01;36m[Knote: [m[K  â€˜[01m[Kconst Odometry[m[Kâ€™ {aka â€˜[01m[Kconst nav_msgs::msg::Odometry_<std::allocator<void> >[m[Kâ€™} is not derived from â€˜[01m[Kconst std::optional<_Tp>[m[Kâ€™
  172 |         if(odom==[01;36m[KNULL[m[K || scan_data==NULL)
      |                  [01;36m[K^~~~[m[K
In file included from [01m[K/opt/ros/humble/include/rclcpp/rclcpp/client.hpp:23[m[K,
                 from [01m[K/opt/ros/humble/include/rclcpp/rclcpp/callback_group.hpp:24[m[K,
                 from [01m[K/opt/ros/humble/include/rclcpp/rclcpp/any_executable.hpp:20[m[K,
                 from [01m[K/opt/ros/humble/include/rclcpp/rclcpp/memory_strategy.hpp:25[m[K,
                 from [01m[K/opt/ros/humble/include/rclcpp/rclcpp/memory_strategies.hpp:18[m[K,
                 from [01m[K/opt/ros/humble/include/rclcpp/rclcpp/executor_options.hpp:20[m[K,
                 from [01m[K/opt/ros/humble/include/rclcpp/rclcpp/executor.hpp:37[m[K,
                 from [01m[K/opt/ros/humble/include/rclcpp/rclcpp/executors/multi_threaded_executor.hpp:25[m[K,
                 from [01m[K/opt/ros/humble/include/rclcpp/rclcpp/executors.hpp:21[m[K,
                 from [01m[K/opt/ros/humble/include/rclcpp/rclcpp/rclcpp.hpp:155[m[K,
                 from [01m[K/home/panav/ros2_ws/src/dwa_planner/src/dwa_node.cpp:1[m[K:
[01m[K/usr/include/c++/11/optional:1116:5:[m[K [01;36m[Knote: [m[Kcandidate: â€˜[01m[Ktemplate<class _Tp> constexpr bool std::operator==(std::nullopt_t, const std::optional<_Tp>&)[m[Kâ€™
 1116 |     [01;36m[Koperator[m[K==(nullopt_t, const optional<_Tp>& __rhs) noexcept
      |     [01;36m[K^~~~~~~~[m[K
[01m[K/usr/include/c++/11/optional:1116:5:[m[K [01;36m[Knote: [m[K  template argument deduction/substitution failed:
In file included from [01m[K/usr/include/strings.h:23[m[K,
                 from [01m[K/usr/include/string.h:462[m[K,
                 from [01m[K/opt/ros/humble/include/rcutils/rcutils/error_handling.h:34[m[K,
                 from [01m[K/opt/ros/humble/include/rcutils/rcutils/logging.h:25[m[K,
                 from [01m[K/opt/ros/humble/include/rmw/rmw/types.h:28[m[K,
                 from [01m[K/opt/ros/humble/include/rcl/rcl/types.h:20[m[K,
                 from [01m[K/opt/ros/humble/include/rcl/rcl/log_level.h:22[m[K,
                 from [01m[K/opt/ros/humble/include/rcl/rcl/arguments.h:21[m[K,
                 from [01m[K/opt/ros/humble/include/rcl/rcl/context.h:28[m[K,
                 from [01m[K/opt/ros/humble/include/rcl/rcl/guard_condition.h:26[m[K,
                 from [01m[K/opt/ros/humble/include/rclcpp/rclcpp/executor.hpp:30[m[K,
                 from [01m[K/opt/ros/humble/include/rclcpp/rclcpp/executors/multi_threaded_executor.hpp:25[m[K,
                 from [01m[K/opt/ros/humble/include/rclcpp/rclcpp/executors.hpp:21[m[K,
                 from [01m[K/opt/ros/humble/include/rclcpp/rclcpp/rclcpp.hpp:155[m[K,
                 from [01m[K/home/panav/ros2_ws/src/dwa_planner/src/dwa_node.cpp:1[m[K:
[01m[K/home/panav/ros2_ws/src/dwa_planner/src/dwa_node.cpp:172:18:[m[K [01;36m[Knote: [m[K  mismatched types â€˜[01m[Kconst std::optional<_Tp>[m[Kâ€™ and â€˜[01m[Klong int[m[Kâ€™
  172 |         if(odom==[01;36m[KNULL[m[K || scan_data==NULL)
      |                  [01;36m[K^~~~[m[K
In file included from [01m[K/opt/ros/humble/include/rclcpp/rclcpp/client.hpp:23[m[K,
                 from [01m[K/opt/ros/humble/include/rclcpp/rclcpp/callback_group.hpp:24[m[K,
                 from [01m[K/opt/ros/humble/include/rclcpp/rclcpp/any_executable.hpp:20[m[K,
                 from [01m[K/opt/ros/humble/include/rclcpp/rclcpp/memory_strategy.hpp:25[m[K,
                 from [01m[K/opt/ros/humble/include/rclcpp/rclcpp/memory_strategies.hpp:18[m[K,
                 from [01m[K/opt/ros/humble/include/rclcpp/rclcpp/executor_options.hpp:20[m[K,
                 from [01m[K/opt/ros/humble/include/rclcpp/rclcpp/executor.hpp:37[m[K,
                 from [01m[K/opt/ros/humble/include/rclcpp/rclcpp/executors/multi_threaded_executor.hpp:25[m[K,
                 from [01m[K/opt/ros/humble/include/rclcpp/rclcpp/executors.hpp:21[m[K,
                 from [01m[K/opt/ros/humble/include/rclcpp/rclcpp/rclcpp.hpp:155[m[K,
                 from [01m[K/home/panav/ros2_ws/src/dwa_planner/src/dwa_node.cpp:1[m[K:
[01m[K/usr/include/c++/11/optional:1173:5:[m[K [01;36m[Knote: [m[Kcandidate: â€˜[01m[Ktemplate<class _Tp, class _Up> constexpr std::__optional_eq_t<_Tp, _Up> std::operator==(const std::optional<_Tp>&, const _Up&)[m[Kâ€™
 1173 |     [01;36m[Koperator[m[K==(const optional<_Tp>& __lhs, const _Up& __rhs)
      |     [01;36m[K^~~~~~~~[m[K
[01m[K/usr/include/c++/11/optional:1173:5:[m[K [01;36m[Knote: [m[K  template argument deduction/substitution failed:
In file included from [01m[K/usr/include/strings.h:23[m[K,
                 from [01m[K/usr/include/string.h:462[m[K,
                 from [01m[K/opt/ros/humble/include/rcutils/rcutils/error_handling.h:34[m[K,
                 from [01m[K/opt/ros/humble/include/rcutils/rcutils/logging.h:25[m[K,
                 from [01m[K/opt/ros/humble/include/rmw/rmw/types.h:28[m[K,
                 from [01m[K/opt/ros/humble/include/rcl/rcl/types.h:20[m[K,
                 from [01m[K/opt/ros/humble/include/rcl/rcl/log_level.h:22[m[K,
                 from [01m[K/opt/ros/humble/include/rcl/rcl/arguments.h:21[m[K,
                 from [01m[K/opt/ros/humble/include/rcl/rcl/context.h:28[m[K,
                 from [01m[K/opt/ros/humble/include/rcl/rcl/guard_condition.h:26[m[K,
                 from [01m[K/opt/ros/humble/include/rclcpp/rclcpp/executor.hpp:30[m[K,
                 from [01m[K/opt/ros/humble/include/rclcpp/rclcpp/executors/multi_threaded_executor.hpp:25[m[K,
                 from [01m[K/opt/ros/humble/include/rclcpp/rclcpp/executors.hpp:21[m[K,
                 from [01m[K/opt/ros/humble/include/rclcpp/rclcpp/rclcpp.hpp:155[m[K,
                 from [01m[K/home/panav/ros2_ws/src/dwa_planner/src/dwa_node.cpp:1[m[K:
[01m[K/home/panav/ros2_ws/src/dwa_planner/src/dwa_node.cpp:172:18:[m[K [01;36m[Knote: [m[K  â€˜[01m[Kconst Odometry[m[Kâ€™ {aka â€˜[01m[Kconst nav_msgs::msg::Odometry_<std::allocator<void> >[m[Kâ€™} is not derived from â€˜[01m[Kconst std::optional<_Tp>[m[Kâ€™
  172 |         if(odom==[01;36m[KNULL[m[K || scan_data==NULL)
      |                  [01;36m[K^~~~[m[K
In file included from [01m[K/opt/ros/humble/include/rclcpp/rclcpp/client.hpp:23[m[K,
                 from [01m[K/opt/ros/humble/include/rclcpp/rclcpp/callback_group.hpp:24[m[K,
                 from [01m[K/opt/ros/humble/include/rclcpp/rclcpp/any_executable.hpp:20[m[K,
                 from [01m[K/opt/ros/humble/include/rclcpp/rclcpp/memory_strategy.hpp:25[m[K,
                 from [01m[K/opt/ros/humble/include/rclcpp/rclcpp/memory_strategies.hpp:18[m[K,
                 from [01m[K/opt/ros/humble/include/rclcpp/rclcpp/executor_options.hpp:20[m[K,
                 from [01m[K/opt/ros/humble/include/rclcpp/rclcpp/executor.hpp:37[m[K,
                 from [01m[K/opt/ros/humble/include/rclcpp/rclcpp/executors/multi_threaded_executor.hpp:25[m[K,
                 from [01m[K/opt/ros/humble/include/rclcpp/rclcpp/executors.hpp:21[m[K,
                 from [01m[K/opt/ros/humble/include/rclcpp/rclcpp/rclcpp.hpp:155[m[K,
                 from [01m[K/home/panav/ros2_ws/src/dwa_planner/src/dwa_node.cpp:1[m[K:
[01m[K/usr/include/c++/11/optional:1179:5:[m[K [01;36m[Knote: [m[Kcandidate: â€˜[01m[Ktemplate<class _Tp, class _Up> constexpr std::__optional_eq_t<_Up, _Tp> std::operator==(const _Up&, const std::optional<_Tp>&)[m[Kâ€™
 1179 |     [01;36m[Koperator[m[K==(const _Up& __lhs, const optional<_Tp>& __rhs)
      |     [01;36m[K^~~~~~~~[m[K
[01m[K/usr/include/c++/11/optional:1179:5:[m[K [01;36m[Knote: [m[K  template argument deduction/substitution failed:
In file included from [01m[K/usr/include/strings.h:23[m[K,
                 from [01m[K/usr/include/string.h:462[m[K,
                 from [01m[K/opt/ros/humble/include/rcutils/rcutils/error_handling.h:34[m[K,
                 from [01m[K/opt/ros/humble/include/rcutils/rcutils/logging.h:25[m[K,
                 from [01m[K/opt/ros/humble/include/rmw/rmw/types.h:28[m[K,
                 from [01m[K/opt/ros/humble/include/rcl/rcl/types.h:20[m[K,
                 from [01m[K/opt/ros/humble/include/rcl/rcl/log_level.h:22[m[K,
                 from [01m[K/opt/ros/humble/include/rcl/rcl/arguments.h:21[m[K,
                 from [01m[K/opt/ros/humble/include/rcl/rcl/context.h:28[m[K,
                 from [01m[K/opt/ros/humble/include/rcl/rcl/guard_condition.h:26[m[K,
                 from [01m[K/opt/ros/humble/include/rclcpp/rclcpp/executor.hpp:30[m[K,
                 from [01m[K/opt/ros/humble/include/rclcpp/rclcpp/executors/multi_threaded_executor.hpp:25[m[K,
                 from [01m[K/opt/ros/humble/include/rclcpp/rclcpp/executors.hpp:21[m[K,
                 from [01m[K/opt/ros/humble/include/rclcpp/rclcpp/rclcpp.hpp:155[m[K,
                 from [01m[K/home/panav/ros2_ws/src/dwa_planner/src/dwa_node.cpp:1[m[K:
[01m[K/home/panav/ros2_ws/src/dwa_planner/src/dwa_node.cpp:172:18:[m[K [01;36m[Knote: [m[K  mismatched types â€˜[01m[Kconst std::optional<_Tp>[m[Kâ€™ and â€˜[01m[Klong int[m[Kâ€™
  172 |         if(odom==[01;36m[KNULL[m[K || scan_data==NULL)
      |                  [01;36m[K^~~~[m[K
In file included from [01m[K/opt/ros/humble/include/rclcpp/rclcpp/client.hpp:28[m[K,
                 from [01m[K/opt/ros/humble/include/rclcpp/rclcpp/callback_group.hpp:24[m[K,
                 from [01m[K/opt/ros/humble/include/rclcpp/rclcpp/any_executable.hpp:20[m[K,
                 from [01m[K/opt/ros/humble/include/rclcpp/rclcpp/memory_strategy.hpp:25[m[K,
                 from [01m[K/opt/ros/humble/include/rclcpp/rclcpp/memory_strategies.hpp:18[m[K,
                 from [01m[K/opt/ros/humble/include/rclcpp/rclcpp/executor_options.hpp:20[m[K,
                 from [01m[K/opt/ros/humble/include/rclcpp/rclcpp/executor.hpp:37[m[K,
                 from [01m[K/opt/ros/humble/include/rclcpp/rclcpp/executors/multi_threaded_executor.hpp:25[m[K,
                 from [01m[K/opt/ros/humble/include/rclcpp/rclcpp/executors.hpp:21[m[K,
                 from [01m[K/opt/ros/humble/include/rclcpp/rclcpp/rclcpp.hpp:155[m[K,
                 from [01m[K/home/panav/ros2_ws/src/dwa_planner/src/dwa_node.cpp:1[m[K:
[01m[K/usr/include/c++/11/variant:1232:3:[m[K [01;36m[Knote: [m[Kcandidate: â€˜[01m[Ktemplate<class ... _Types> constexpr bool std::operator==(const std::variant<_Types ...>&, const std::variant<_Types ...>&)[m[Kâ€™
 1232 |   [01;36m[K_VARIANT_RELATION_FUNCTION_TEMPLATE[m[K(==, equal)
      |   [01;36m[K^~~~~~~~~~~~~~~~~~~~~~~~~~~~~~~~~~~[m[K
[01m[K/usr/include/c++/11/variant:1232:3:[m[K [01;36m[Knote: [m[K  template argument deduction/substitution failed:
In file included from [01m[K/usr/include/strings.h:23[m[K,
                 from [01m[K/usr/include/string.h:462[m[K,
                 from [01m[K/opt/ros/humble/include/rcutils/rcutils/error_handling.h:34[m[K,
                 from [01m[K/opt/ros/humble/include/rcutils/rcutils/logging.h:25[m[K,
                 from [01m[K/opt/ros/humble/include/rmw/rmw/types.h:28[m[K,
                 from [01m[K/opt/ros/humble/include/rcl/rcl/types.h:20[m[K,
                 from [01m[K/opt/ros/humble/include/rcl/rcl/log_level.h:22[m[K,
                 from [01m[K/opt/ros/humble/include/rcl/rcl/arguments.h:21[m[K,
                 from [01m[K/opt/ros/humble/include/rcl/rcl/context.h:28[m[K,
                 from [01m[K/opt/ros/humble/include/rcl/rcl/guard_condition.h:26[m[K,
                 from [01m[K/opt/ros/humble/include/rclcpp/rclcpp/executor.hpp:30[m[K,
                 from [01m[K/opt/ros/humble/include/rclcpp/rclcpp/executors/multi_threaded_executor.hpp:25[m[K,
                 from [01m[K/opt/ros/humble/include/rclcpp/rclcpp/executors.hpp:21[m[K,
                 from [01m[K/opt/ros/humble/include/rclcpp/rclcpp/rclcpp.hpp:155[m[K,
                 from [01m[K/home/panav/ros2_ws/src/dwa_planner/src/dwa_node.cpp:1[m[K:
[01m[K/home/panav/ros2_ws/src/dwa_planner/src/dwa_node.cpp:172:18:[m[K [01;36m[Knote: [m[K  â€˜[01m[Kconst Odometry[m[Kâ€™ {aka â€˜[01m[Kconst nav_msgs::msg::Odometry_<std::allocator<void> >[m[Kâ€™} is not derived from â€˜[01m[Kconst std::variant<_Types ...>[m[Kâ€™
  172 |         if(odom==[01;36m[KNULL[m[K || scan_data==NULL)
      |                  [01;36m[K^~~~[m[K
In file included from [01m[K/usr/include/c++/11/random:51[m[K,
                 from [01m[K/home/panav/ros2_ws/src/dwa_planner/src/dwa_node.cpp:13[m[K:
[01m[K/usr/include/c++/11/bits/random.tcc:1899:5:[m[K [01;36m[Knote: [m[Kcandidate: â€˜[01m[Ktemplate<class _RealType1> bool std::operator==(const std::normal_distribution<_RealType>&, const std::normal_distribution<_RealType>&)[m[Kâ€™
 1899 |     [01;36m[Koperator[m[K==(const std::normal_distribution<_RealType>& __d1,
      |     [01;36m[K^~~~~~~~[m[K
[01m[K/usr/include/c++/11/bits/random.tcc:1899:5:[m[K [01;36m[Knote: [m[K  template argument deduction/substitution failed:
In file included from [01m[K/usr/include/strings.h:23[m[K,
                 from [01m[K/usr/include/string.h:462[m[K,
                 from [01m[K/opt/ros/humble/include/rcutils/rcutils/error_handling.h:34[m[K,
                 from [01m[K/opt/ros/humble/include/rcutils/rcutils/logging.h:25[m[K,
                 from [01m[K/opt/ros/humble/include/rmw/rmw/types.h:28[m[K,
                 from [01m[K/opt/ros/humble/include/rcl/rcl/types.h:20[m[K,
                 from [01m[K/opt/ros/humble/include/rcl/rcl/log_level.h:22[m[K,
                 from [01m[K/opt/ros/humble/include/rcl/rcl/arguments.h:21[m[K,
                 from [01m[K/opt/ros/humble/include/rcl/rcl/context.h:28[m[K,
                 from [01m[K/opt/ros/humble/include/rcl/rcl/guard_condition.h:26[m[K,
                 from [01m[K/opt/ros/humble/include/rclcpp/rclcpp/executor.hpp:30[m[K,
                 from [01m[K/opt/ros/humble/include/rclcpp/rclcpp/executors/multi_threaded_executor.hpp:25[m[K,
                 from [01m[K/opt/ros/humble/include/rclcpp/rclcpp/executors.hpp:21[m[K,
                 from [01m[K/opt/ros/humble/include/rclcpp/rclcpp/rclcpp.hpp:155[m[K,
                 from [01m[K/home/panav/ros2_ws/src/dwa_planner/src/dwa_node.cpp:1[m[K:
[01m[K/home/panav/ros2_ws/src/dwa_planner/src/dwa_node.cpp:172:18:[m[K [01;36m[Knote: [m[K  â€˜[01m[Kconst Odometry[m[Kâ€™ {aka â€˜[01m[Kconst nav_msgs::msg::Odometry_<std::allocator<void> >[m[Kâ€™} is not derived from â€˜[01m[Kconst std::normal_distribution<_RealType>[m[Kâ€™
  172 |         if(odom==[01;36m[KNULL[m[K || scan_data==NULL)
      |                  [01;36m[K^~~~[m[K
In file included from [01m[K/usr/include/c++/11/mutex:42[m[K,
                 from [01m[K/usr/include/c++/11/future:38[m[K,
                 from [01m[K/opt/ros/humble/include/rclcpp/rclcpp/executors.hpp:18[m[K,
                 from [01m[K/opt/ros/humble/include/rclcpp/rclcpp/rclcpp.hpp:155[m[K,
                 from [01m[K/home/panav/ros2_ws/src/dwa_planner/src/dwa_node.cpp:1[m[K:
[01m[K/usr/include/c++/11/system_error:362:3:[m[K [01;36m[Knote: [m[Kcandidate: â€˜[01m[Kbool std::operator==(const std::error_code&, const std::error_code&)[m[Kâ€™
  362 |   [01;36m[Koperator[m[K==(const error_code& __lhs, const error_code& __rhs) noexcept
      |   [01;36m[K^~~~~~~~[m[K
[01m[K/usr/include/c++/11/system_error:362:32:[m[K [01;36m[Knote: [m[K  no known conversion for argument 1 from â€˜[01m[Kconst Odometry[m[Kâ€™ {aka â€˜[01m[Kconst nav_msgs::msg::Odometry_<std::allocator<void> >[m[Kâ€™} to â€˜[01m[Kconst std::error_code&[m[Kâ€™
  362 |   operator==([01;36m[Kconst error_code& __lhs[m[K, const error_code& __rhs) noexcept
      |              [01;36m[K~~~~~~~~~~~~~~~~~~^~~~~[m[K
[01m[K/usr/include/c++/11/system_error:368:3:[m[K [01;36m[Knote: [m[Kcandidate: â€˜[01m[Kbool std::operator==(const std::error_code&, const std::error_condition&)[m[Kâ€™
  368 |   [01;36m[Koperator[m[K==(const error_code& __lhs, const error_condition& __rhs) noexcept
      |   [01;36m[K^~~~~~~~[m[K
[01m[K/usr/include/c++/11/system_error:368:32:[m[K [01;36m[Knote: [m[K  no known conversion for argument 1 from â€˜[01m[Kconst Odometry[m[Kâ€™ {aka â€˜[01m[Kconst nav_msgs::msg::Odometry_<std::allocator<void> >[m[Kâ€™} to â€˜[01m[Kconst std::error_code&[m[Kâ€™
  368 |   operator==([01;36m[Kconst error_code& __lhs[m[K, const error_condition& __rhs) noexcept
      |              [01;36m[K~~~~~~~~~~~~~~~~~~^~~~~[m[K
[01m[K/usr/include/c++/11/system_error:376:3:[m[K [01;36m[Knote: [m[Kcandidate: â€˜[01m[Kbool std::operator==(const std::error_condition&, const std::error_condition&)[m[Kâ€™
  376 |   [01;36m[Koperator[m[K==(const error_condition& __lhs,
      |   [01;36m[K^~~~~~~~[m[K
[01m[K/usr/include/c++/11/system_error:376:37:[m[K [01;36m[Knote: [m[K  no known conversion for argument 1 from â€˜[01m[Kconst Odometry[m[Kâ€™ {aka â€˜[01m[Kconst nav_msgs::msg::Odometry_<std::allocator<void> >[m[Kâ€™} to â€˜[01m[Kconst std::error_condition&[m[Kâ€™
  376 |   operator==([01;36m[Kconst error_condition& __lhs[m[K,
      |              [01;36m[K~~~~~~~~~~~~~~~~~~~~~~~^~~~~[m[K
[01m[K/usr/include/c++/11/system_error:408:3:[m[K [01;36m[Knote: [m[Kcandidate: â€˜[01m[Kbool std::operator==(const std::error_condition&, const std::error_code&)[m[Kâ€™
  408 |   [01;36m[Koperator[m[K==(const error_condition& __lhs, const error_code& __rhs) noexcept
      |   [01;36m[K^~~~~~~~[m[K
[01m[K/usr/include/c++/11/system_error:408:37:[m[K [01;36m[Knote: [m[K  no known conversion for argument 1 from â€˜[01m[Kconst Odometry[m[Kâ€™ {aka â€˜[01m[Kconst nav_msgs::msg::Odometry_<std::allocator<void> >[m[Kâ€™} to â€˜[01m[Kconst std::error_condition&[m[Kâ€™
  408 | perator==([01;36m[Kconst error_condition& __lhs[m[K, const error_code& __rhs) noexcept
      |           [01;36m[K~~~~~~~~~~~~~~~~~~~~~~~^~~~~[m[K

In file included from [01m[K/usr/include/c++/11/future:48[m[K,
                 from [01m[K/opt/ros/humble/include/rclcpp/rclcpp/executors.hpp:18[m[K,
                 from [01m[K/opt/ros/humble/include/rclcpp/rclcpp/rclcpp.hpp:155[m[K,
                 from [01m[K/home/panav/ros2_ws/src/dwa_planner/src/dwa_node.cpp:1[m[K:
[01m[K/usr/include/c++/11/bits/std_thread.h:287:3:[m[K [01;36m[Knote: [m[Kcandidate: â€˜[01m[Kbool std::operator==(std::thread::id, std::thread::id)[m[Kâ€™
  287 |   [01;36m[Koperator[m[K==(thread::id __x, thread::id __y) noexcept
      |   [01;36m[K^~~~~~~~[m[K
[01m[K/usr/include/c++/11/bits/std_thread.h:287:25:[m[K [01;36m[Knote: [m[K  no known conversion for argument 1 from â€˜[01m[Kconst Odometry[m[Kâ€™ {aka â€˜[01m[Kconst nav_msgs::msg::Odometry_<std::allocator<void> >[m[Kâ€™} to â€˜[01m[Kstd::thread::id[m[Kâ€™
  287 |   operator==([01;36m[Kthread::id __x[m[K, thread::id __y) noexcept
      |              [01;36m[K~~~~~~~~~~~^~~[m[K
In file included from [01m[K/opt/ros/humble/include/rclcpp/rclcpp/client.hpp:28[m[K,
                 from [01m[K/opt/ros/humble/include/rclcpp/rclcpp/callback_group.hpp:24[m[K,
                 from [01m[K/opt/ros/humble/include/rclcpp/rclcpp/any_executable.hpp:20[m[K,
                 from [01m[K/opt/ros/humble/include/rclcpp/rclcpp/memory_strategy.hpp:25[m[K,
                 from [01m[K/opt/ros/humble/include/rclcpp/rclcpp/memory_strategies.hpp:18[m[K,
                 from [01m[K/opt/ros/humble/include/rclcpp/rclcpp/executor_options.hpp:20[m[K,
                 from [01m[K/opt/ros/humble/include/rclcpp/rclcpp/executor.hpp:37[m[K,
                 from [01m[K/opt/ros/humble/include/rclcpp/rclcpp/executors/multi_threaded_executor.hpp:25[m[K,
                 from [01m[K/opt/ros/humble/include/rclcpp/rclcpp/executors.hpp:21[m[K,
                 from [01m[K/opt/ros/humble/include/rclcpp/rclcpp/rclcpp.hpp:155[m[K,
                 from [01m[K/home/panav/ros2_ws/src/dwa_planner/src/dwa_node.cpp:1[m[K:
[01m[K/usr/include/c++/11/variant:1239:18:[m[K [01;36m[Knote: [m[Kcandidate: â€˜[01m[Kconstexpr bool std::operator==(std::monostate, std::monostate)[m[Kâ€™
 1239 |   constexpr bool [01;36m[Koperator[m[K==(monostate, monostate) noexcept { return true; }
      |                  [01;36m[K^~~~~~~~[m[K
[01m[K/usr/include/c++/11/variant:1239:29:[m[K [01;36m[Knote: [m[K  no known conversion for argument 1 from â€˜[01m[Kconst Odometry[m[Kâ€™ {aka â€˜[01m[Kconst nav_msgs::msg::Odometry_<std::allocator<void> >[m[Kâ€™} to â€˜[01m[Kstd::monostate[m[Kâ€™
 1239 |   constexpr bool operator==([01;36m[Kmonostate[m[K, monostate) noexcept { return true; }
      |                             [01;36m[K^~~~~~~~~[m[K
[01m[K/home/panav/ros2_ws/src/dwa_planner/src/dwa_node.cpp:172:26:[m[K [01;31m[Kerror: [m[Kâ€˜[01m[Kscan_data[m[Kâ€™ was not declared in this scope
  172 |         if(odom==NULL || [01;31m[Kscan_data[m[K==NULL)
      |                          [01;31m[K^~~~~~~~~[m[K
[01m[K/home/panav/ros2_ws/src/dwa_planner/src/dwa_node.cpp:178:24:[m[K [01;31m[Kerror: [m[Kbase operand of â€˜[01m[K->[m[Kâ€™ has non-pointer type â€˜[01m[Kconst Odometry[m[Kâ€™ {aka â€˜[01m[Kconst nav_msgs::msg::Odometry_<std::allocator<void> >[m[Kâ€™}
  178 |         double x = odom[01;31m[K->[m[Kpose.pose.position.x;
      |                        [01;31m[K^~[m[K
[01m[K/home/panav/ros2_ws/src/dwa_planner/src/dwa_node.cpp:179:24:[m[K [01;31m[Kerror: [m[Kbase operand of â€˜[01m[K->[m[Kâ€™ has non-pointer type â€˜[01m[Kconst Odometry[m[Kâ€™ {aka â€˜[01m[Kconst nav_msgs::msg::Odometry_<std::allocator<void> >[m[Kâ€™}
  179 |         double y = odom[01;31m[K->[m[Kpose.pose.position.y;
      |                        [01;31m[K^~[m[K
[01m[K/home/panav/ros2_ws/src/dwa_planner/src/dwa_node.cpp:180:31:[m[K [01;31m[Kerror: [m[Kbase operand of â€˜[01m[K->[m[Kâ€™ has non-pointer type â€˜[01m[Kconst Odometry[m[Kâ€™ {aka â€˜[01m[Kconst nav_msgs::msg::Odometry_<std::allocator<void> >[m[Kâ€™}
  180 |         tf2::Quaternion q(odom[01;31m[K->[m[Kdata.pose.pose.orientation.x,
      |                               [01;31m[K^~[m[K
[01m[K/home/panav/ros2_ws/src/dwa_planner/src/dwa_node.cpp:181:29:[m[K [01;31m[Kerror: [m[Kbase operand of â€˜[01m[K->[m[Kâ€™ has non-pointer type â€˜[01m[Kconst Odometry[m[Kâ€™ {aka â€˜[01m[Kconst nav_msgs::msg::Odometry_<std::allocator<void> >[m[Kâ€™}
  181 |                         odom[01;31m[K->[m[Kpose.pose.orientation.y,
      |                             [01;31m[K^~[m[K
[01m[K/home/panav/ros2_ws/src/dwa_planner/src/dwa_node.cpp:182:29:[m[K [01;31m[Kerror: [m[Kbase operand of â€˜[01m[K->[m[Kâ€™ has non-pointer type â€˜[01m[Kconst Odometry[m[Kâ€™ {aka â€˜[01m[Kconst nav_msgs::msg::Odometry_<std::allocator<void> >[m[Kâ€™}
  182 |                         odom[01;31m[K->[m[Kpose.pose.orientation.z,
      |                             [01;31m[K^~[m[K
[01m[K/home/panav/ros2_ws/src/dwa_planner/src/dwa_node.cpp:183:29:[m[K [01;31m[Kerror: [m[Kbase operand of â€˜[01m[K->[m[Kâ€™ has non-pointer type â€˜[01m[Kconst Odometry[m[Kâ€™ {aka â€˜[01m[Kconst nav_msgs::msg::Odometry_<std::allocator<void> >[m[Kâ€™}
  183 |                         odom[01;31m[K->[m[Kpose.pose.orientation.w);
      |                             [01;31m[K^~[m[K
[01m[K/home/panav/ros2_ws/src/dwa_planner/src/dwa_node.cpp:198:30:[m[K [01;31m[Kerror: [m[Kâ€˜[01m[KINT_MAX[m[Kâ€™ was not declared in this scope
  198 |         double best_score = -[01;31m[KINT_MAX[m[K;
      |                              [01;31m[K^~~~~~~[m[K
[01m[K/home/panav/ros2_ws/src/dwa_planner/src/dwa_node.cpp:198:30:[m[K [01;36m[Knote: [m[Kâ€˜[01m[KINT_MAX[m[Kâ€™ is defined in header â€˜[01m[K<climits>[m[Kâ€™; did you forget to â€˜[01m[K#include <climits>[m[Kâ€™?
[01m[K/home/panav/ros2_ws/src/dwa_planner/src/dwa_node.cpp:199:16:[m[K [01;31m[Kerror: [m[Kredeclaration of â€˜[01m[Kdouble best_speed[m[Kâ€™
  199 |         double [01;31m[Kbest_speed[m[K = 0.0, best_rotation_speed = 0.0;\
      |                [01;31m[K^~~~~~~~~~[m[K
[01m[K/home/panav/ros2_ws/src/dwa_planner/src/dwa_node.cpp:169:16:[m[K [01;36m[Knote: [m[Kâ€˜[01m[Kdouble best_speed[m[Kâ€™ previously declared here
  169 |         double [01;36m[Kbest_speed[m[K = 0.0;
      |                [01;36m[K^~~~~~~~~~[m[K
[01m[K/home/panav/ros2_ws/src/dwa_planner/src/dwa_node.cpp:199:34:[m[K [01;31m[Kerror: [m[Kredeclaration of â€˜[01m[Kdouble best_rotation_speed[m[Kâ€™
  199 |         double best_speed = 0.0, [01;31m[Kbest_rotation_speed[m[K = 0.0;\
      |                                  [01;31m[K^~~~~~~~~~~~~~~~~~~[m[K
[01m[K/home/panav/ros2_ws/src/dwa_planner/src/dwa_node.cpp:170:16:[m[K [01;36m[Knote: [m[Kâ€˜[01m[Kdouble best_rotation_speed[m[Kâ€™ previously declared here
  170 |         double [01;36m[Kbest_rotation_speed[m[K = 0.0;
      |                [01;36m[K^~~~~~~~~~~~~~~~~~~[m[K
[01m[K/home/panav/ros2_ws/src/dwa_planner/src/dwa_node.cpp:204:103:[m[K [01;31m[Kerror: [m[Kâ€˜[01m[Kodom_data[m[Kâ€™ was not declared in this scope; did you mean â€˜[01m[Krandom_data[m[Kâ€™?
  204 | peed, rotation_speed, time_step, [01;31m[Kodom_data[m[K);
      |                                  [01;31m[K^~~~~~~~~[m[K
      |                                  [32m[Krandom_data[m[K
[01m[K/home/panav/ros2_ws/src/dwa_planner/src/dwa_node.cpp:210:71:[m[K [01;31m[Kerror: [m[Kâ€˜[01m[Kscan_data[m[Kâ€™ was not declared in this scope
  210 |  collision_avoidance(trajectory, [01;31m[Kscan_data[m[K, odom_data, tolerance);
      |                                  [01;31m[K^~~~~~~~~[m[K

[01m[K/home/panav/ros2_ws/src/dwa_planner/src/dwa_node.cpp:189:16:[m[K [01;35m[Kwarning: [m[Kunused variable â€˜[01m[Kgoal_angle[m[Kâ€™ [[01;35m[K]8;;https://gcc.gnu.org/onlinedocs/gcc/Warning-Options.html#index-Wunused-variable-Wunused-variable]8;;[m[K]
  189 |         double [01;35m[Kgoal_angle[m[K = atan2(goal_y-y, goal_x-x)-theta;
      |                [01;35m[K^~~~~~~~~~[m[K
[01m[K/home/panav/ros2_ws/src/dwa_planner/src/dwa_node.cpp:166:74:[m[K [01;35m[Kwarning: [m[Kunused parameter â€˜[01m[Ktrajectory[m[Kâ€™ [[01;35m[K]8;;https://gcc.gnu.org/onlinedocs/gcc/Warning-Options.html#index-Wunused-parameter-Wunused-parameter]8;;[m[K]
  166 | [01;35m[Kst vector<pair<double, double>>& trajectory[m[K, const nav_msgs::msg::Odometry& odom, const sensor_msgs::msg::LaserScan& scan)
      | [01;35m[K~~~~~~~~~~~~~~~~~~~~~~~~~~~~~~~~~^~~~~~~~~~[m[K

[01m[K/home/panav/ros2_ws/src/dwa_planner/src/dwa_node.cpp:166:158:[m[K [01;35m[Kwarning: [m[Kunused parameter â€˜[01m[Kscan[m[Kâ€™ [[01;35m[K]8;;https://gcc.gnu.org/onlinedocs/gcc/Warning-Options.html#index-Wunused-parameter-Wunused-parameter]8;;[m[K]
  166 | om, [01;35m[Kconst sensor_msgs::msg::LaserScan& scan[m[K)
      |     [01;35m[K~~~~~~~~~~~~~~~~~~~~~~~~~~~~~~~~~~~^~~~[m[K

[01m[K/home/panav/ros2_ws/src/dwa_planner/src/dwa_node.cpp:[m[K In member function â€˜[01m[Kvoid DWA_node::timer_callback()[m[Kâ€™:
[01m[K/home/panav/ros2_ws/src/dwa_planner/src/dwa_node.cpp:231:13:[m[K [01;31m[Kerror: [m[Kâ€˜[01m[Kodom_data[m[Kâ€™ was not declared in this scope; did you mean â€˜[01m[Krandom_data[m[Kâ€™?
  231 |         if(![01;31m[Kodom_data[m[K || !scan_data)
      |             [01;31m[K^~~~~~~~~[m[K
      |             [32m[Krandom_data[m[K
[01m[K/home/panav/ros2_ws/src/dwa_planner/src/dwa_node.cpp:231:27:[m[K [01;31m[Kerror: [m[Kâ€˜[01m[Kscan_data[m[Kâ€™ was not declared in this scope
  231 |         if(!odom_data || ![01;31m[Kscan_data[m[K)
      |                           [01;31m[K^~~~~~~~~[m[K
[01m[K/home/panav/ros2_ws/src/dwa_planner/src/dwa_node.cpp:237:62:[m[K [01;31m[Kerror: [m[Kâ€˜[01m[Ktrajectory[m[Kâ€™ was not declared in this scope
  237 | st_rotation_speed] = dwa_control([01;31m[Ktrajectory[m[K, current_scan);
      |                                  [01;31m[K^~~~~~~~~~[m[K

gmake[2]: *** [CMakeFiles/dwa_node.dir/build.make:76: CMakeFiles/dwa_node.dir/src/dwa_node.cpp.o] Error 1
gmake[1]: *** [CMakeFiles/Makefile2:137: CMakeFiles/dwa_node.dir/all] Error 2
gmake: *** [Makefile:146: all] Error 2
