[0.009s] Invoking command in '/home/panav/ros2_ws/src/dwa_planner/build/dwa_planner': CMAKE_PREFIX_PATH=${CMAKE_PREFIX_PATH}:/home/panav/ros2_ws/install/turtlebot3_teleop:/home/panav/ros2_ws/install/turtlebot3_example:/opt/ros/humble /usr/bin/cmake --build /home/panav/ros2_ws/src/dwa_planner/build/dwa_planner
[0.052s] [35m[1mConsolidate compiler generated dependencies of target test_node[0m
[0.060s] [ 20%] [32m[1mLinking CXX executable dwa_node[0m
[0.068s] [ 40%] [32mBuilding CXX object CMakeFiles/test_node.dir/src/dwa.cpp.o[0m
[0.229s] /usr/bin/ld: /usr/lib/gcc/x86_64-linux-gnu/11/../../../x86_64-linux-gnu/Scrt1.o: in function `_start':
[0.229s] (.text+0x1b): undefined reference to `main'
[0.231s] collect2: error: ld returned 1 exit status
[0.233s] gmake[2]: *** [CMakeFiles/dwa_node.dir/build.make:222: dwa_node] Error 1
[0.233s] gmake[1]: *** [CMakeFiles/Makefile2:139: CMakeFiles/dwa_node.dir/all] Error 2
[0.233s] gmake[1]: *** Waiting for unfinished jobs....
[1.932s] [01m[K/home/panav/ros2_ws/src/dwa_planner/src/dwa.cpp:[m[K In member function â€˜[01m[Kstd::pair<double, double> DWA_node::path_gen()[m[Kâ€™:
[1.932s] [01m[K/home/panav/ros2_ws/src/dwa_planner/src/dwa.cpp:155:12:[m[K [01;35m[Kwarning: [m[Kunused variable â€˜[01m[Ktime_step[m[Kâ€™ [[01;35m[K]8;;https://gcc.gnu.org/onlinedocs/gcc/Warning-Options.html#index-Wunused-variable-Wunused-variable]8;;[m[K]
[1.932s]   155 |     double [01;35m[Ktime_step[m[K = this->get_parameter("time_step").as_double();
[1.932s]       |            [01;35m[K^~~~~~~~~[m[K
[1.939s] [01m[K/home/panav/ros2_ws/src/dwa_planner/src/dwa.cpp:[m[K In member function â€˜[01m[Kvoid DWA_node::visualize_trajectories(const std::vector<std::vector<std::pair<double, double> > >&, int)[m[Kâ€™:
[1.939s] [01m[K/home/panav/ros2_ws/src/dwa_planner/src/dwa.cpp:185:14:[m[K [01;35m[Kwarning: [m[Kcomparison of integer expressions of different signedness: â€˜[01m[Kunsigned int[m[Kâ€™ and â€˜[01m[Kint[m[Kâ€™ [[01;35m[K]8;;https://gcc.gnu.org/onlinedocs/gcc/Warning-Options.html#index-Wsign-compare-Wsign-compare]8;;[m[K]
[1.939s]   185 |         if([01;35m[Ki == best_index[m[K) {
[1.939s]       |            [01;35m[K~~^~~~~~~~~~~~~[m[K
[1.940s] [01m[K/home/panav/ros2_ws/src/dwa_planner/src/dwa.cpp:203:17:[m[K [01;35m[Kwarning: [m[Kcomparison of integer expressions of different signedness: â€˜[01m[Kunsigned int[m[Kâ€™ and â€˜[01m[Kint[m[Kâ€™ [[01;35m[K]8;;https://gcc.gnu.org/onlinedocs/gcc/Warning-Options.html#index-Wsign-compare-Wsign-compare]8;;[m[K]
[1.940s]   203 |             if([01;35m[Ki!=best_index[m[K && point_count++ >= 100) break;
[1.940s]       |                [01;35m[K~^~~~~~~~~~~~[m[K
[7.797s] [ 60%] [32m[1mLinking CXX executable test_node[0m
[8.573s] [ 80%] Built target test_node
[8.574s] gmake: *** [Makefile:146: all] Error 2
[8.576s] Invoked command in '/home/panav/ros2_ws/src/dwa_planner/build/dwa_planner' returned '2': CMAKE_PREFIX_PATH=${CMAKE_PREFIX_PATH}:/home/panav/ros2_ws/install/turtlebot3_teleop:/home/panav/ros2_ws/install/turtlebot3_example:/opt/ros/humble /usr/bin/cmake --build /home/panav/ros2_ws/src/dwa_planner/build/dwa_planner
