[35m[1mConsolidate compiler generated dependencies of target dwa_node[0m
[ 50%] [32mBuilding CXX object CMakeFiles/dwa_node.dir/src/dwa_node.cpp.o[0m
[01m[K/home/panav/ros2_ws/src/dwa_planner/src/dwa_node.cpp:[m[K In member function â€˜[01m[Kstd::pair<double, double> DWA_node::path_gen()[m[Kâ€™:
[01m[K/home/panav/ros2_ws/src/dwa_planner/src/dwa_node.cpp:152:12:[m[K [01;35m[Kwarning: [m[Kunused variable â€˜[01m[Ktime_step[m[Kâ€™ [[01;35m[K]8;;https://gcc.gnu.org/onlinedocs/gcc/Warning-Options.html#index-Wunused-variable-Wunused-variable]8;;[m[K]
  152 |     double [01;35m[Ktime_step[m[K = this->get_parameter("time_step").as_double();
      |            [01;35m[K^~~~~~~~~[m[K
[01m[K/home/panav/ros2_ws/src/dwa_planner/src/dwa_node.cpp:[m[K In member function â€˜[01m[Kvoid DWA_node::visualize_trajectories(const std::vector<std::vector<std::pair<double, double> > >&, int)[m[Kâ€™:
[01m[K/home/panav/ros2_ws/src/dwa_planner/src/dwa_node.cpp:171:22:[m[K [01;35m[Kwarning: [m[Kcomparison of integer expressions of different signedness: â€˜[01m[Kint[m[Kâ€™ and â€˜[01m[Kstd::vector<std::vector<std::pair<double, double> > >::size_type[m[Kâ€™ {aka â€˜[01m[Klong unsigned int[m[Kâ€™} [[01;35m[K]8;;https://gcc.gnu.org/onlinedocs/gcc/Warning-Options.html#index-Wsign-compare-Wsign-compare]8;;[m[K]
  171 |     for(int i = 0; [01;35m[Ki < all_trajectories.size()[m[K; i++)
      |                    [01;35m[K~~^~~~~~~~~~~~~~~~~~~~~~~~~[m[K
[100%] [32m[1mLinking CXX executable dwa_node[0m
/usr/bin/ld: CMakeFiles/dwa_node.dir/src/dwa_node.cpp.o: in function `void __gnu_cxx::new_allocator<DWA_node>::construct<DWA_node>(DWA_node*)':
dwa_node.cpp:(.text._ZN9__gnu_cxx13new_allocatorI8DWA_nodeE9constructIS1_JEEEvPT_DpOT0_[_ZN9__gnu_cxx13new_allocatorI8DWA_nodeE9constructIS1_JEEEvPT_DpOT0_]+0x31): undefined reference to `DWA_node::DWA_node()'
collect2: error: ld returned 1 exit status
gmake[2]: *** [CMakeFiles/dwa_node.dir/build.make:222: dwa_node] Error 1
gmake[1]: *** [CMakeFiles/Makefile2:137: CMakeFiles/dwa_node.dir/all] Error 2
gmake: *** [Makefile:146: all] Error 2
