[0.008s] Invoking command in '/home/panav/ros2_ws/src/dwa_planner/build/dwa_planner': CMAKE_PREFIX_PATH=${CMAKE_PREFIX_PATH}:/home/panav/ros2_ws/install/turtlebot3_teleop:/home/panav/ros2_ws/install/turtlebot3_example:/opt/ros/humble /usr/bin/cmake --build /home/panav/ros2_ws/src/dwa_planner/build/dwa_planner
[0.046s] [35m[1mConsolidate compiler generated dependencies of target dwa_node[0m
[0.059s] [ 50%] [32mBuilding CXX object CMakeFiles/dwa_node.dir/src/dwa_node.cpp.o[0m
[1.594s] [01m[K/home/panav/ros2_ws/src/dwa_planner/src/dwa_node.cpp:[m[K In member function â€˜[01m[Kstd::pair<double, double> DWA_node::path_gen()[m[Kâ€™:
[1.594s] [01m[K/home/panav/ros2_ws/src/dwa_planner/src/dwa_node.cpp:152:12:[m[K [01;35m[Kwarning: [m[Kunused variable â€˜[01m[Ktime_step[m[Kâ€™ [[01;35m[K]8;;https://gcc.gnu.org/onlinedocs/gcc/Warning-Options.html#index-Wunused-variable-Wunused-variable]8;;[m[K]
[1.594s]   152 |     double [01;35m[Ktime_step[m[K = this->get_parameter("time_step").as_double();
[1.594s]       |            [01;35m[K^~~~~~~~~[m[K
[1.596s] [01m[K/home/panav/ros2_ws/src/dwa_planner/src/dwa_node.cpp:[m[K In member function â€˜[01m[Kvoid DWA_node::visualize_trajectories(const std::vector<std::vector<std::pair<double, double> > >&, int)[m[Kâ€™:
[1.596s] [01m[K/home/panav/ros2_ws/src/dwa_planner/src/dwa_node.cpp:171:22:[m[K [01;35m[Kwarning: [m[Kcomparison of integer expressions of different signedness: â€˜[01m[Kint[m[Kâ€™ and â€˜[01m[Kstd::vector<std::vector<std::pair<double, double> > >::size_type[m[Kâ€™ {aka â€˜[01m[Klong unsigned int[m[Kâ€™} [[01;35m[K]8;;https://gcc.gnu.org/onlinedocs/gcc/Warning-Options.html#index-Wsign-compare-Wsign-compare]8;;[m[K]
[1.596s]   171 |     for(int i = 0; [01;35m[Ki < all_trajectories.size()[m[K; i++)
[1.596s]       |                    [01;35m[K~~^~~~~~~~~~~~~~~~~~~~~~~~~[m[K
[2.450s] [100%] [32m[1mLinking CXX executable dwa_node[0m
[2.588s] /usr/bin/ld: CMakeFiles/dwa_node.dir/src/dwa_node.cpp.o: in function `void __gnu_cxx::new_allocator<DWA_node>::construct<DWA_node>(DWA_node*)':
[2.588s] dwa_node.cpp:(.text._ZN9__gnu_cxx13new_allocatorI8DWA_nodeE9constructIS1_JEEEvPT_DpOT0_[_ZN9__gnu_cxx13new_allocatorI8DWA_nodeE9constructIS1_JEEEvPT_DpOT0_]+0x31): undefined reference to `DWA_node::DWA_node()'
[2.594s] collect2: error: ld returned 1 exit status
[2.595s] gmake[2]: *** [CMakeFiles/dwa_node.dir/build.make:222: dwa_node] Error 1
[2.596s] gmake[1]: *** [CMakeFiles/Makefile2:137: CMakeFiles/dwa_node.dir/all] Error 2
[2.596s] gmake: *** [Makefile:146: all] Error 2
[2.597s] Invoked command in '/home/panav/ros2_ws/src/dwa_planner/build/dwa_planner' returned '2': CMAKE_PREFIX_PATH=${CMAKE_PREFIX_PATH}:/home/panav/ros2_ws/install/turtlebot3_teleop:/home/panav/ros2_ws/install/turtlebot3_example:/opt/ros/humble /usr/bin/cmake --build /home/panav/ros2_ws/src/dwa_planner/build/dwa_planner
