[0.008s] Invoking command in '/home/panav/ros2_ws/src/dwa_planner/build/dwa_planner': CMAKE_PREFIX_PATH=${CMAKE_PREFIX_PATH}:/home/panav/ros2_ws/install/turtlebot3_teleop:/home/panav/ros2_ws/install/turtlebot3_example:/opt/ros/humble /usr/bin/cmake --build /home/panav/ros2_ws/src/dwa_planner/build/dwa_planner
[0.045s] [35m[1mConsolidate compiler generated dependencies of target dwa_node[0m
[0.060s] [ 50%] [32mBuilding CXX object CMakeFiles/dwa_node.dir/src/dwa_node.cpp.o[0m
[1.589s] [01m[K/home/panav/ros2_ws/src/dwa_planner/src/dwa_node.cpp:93:1:[m[K [01;31m[Kerror: [m[Kâ€˜[01m[Kdwa_node[m[Kâ€™ does not name a type; did you mean â€˜[01m[KDWA_node[m[Kâ€™?
[1.589s]    93 | [01;31m[Kdwa_node[m[K::void odom_callback(const nav_msgs::msg::Odometry::SharedPtr msg)
[1.589s]       | [01;31m[K^~~~~~~~[m[K
[1.589s]       | [32m[KDWA_node[m[K
[1.590s] [01m[K/home/panav/ros2_ws/src/dwa_planner/src/dwa_node.cpp:104:1:[m[K [01;31m[Kerror: [m[Kâ€˜[01m[Kdwa_node[m[Kâ€™ does not name a type; did you mean â€˜[01m[KDWA_node[m[Kâ€™?
[1.590s]   104 | [01;31m[Kdwa_node[m[K::void scan_callback(const sensor_msgs::msg::LaserScan::SharedPtr msg)
[1.590s]       | [01;31m[K^~~~~~~~[m[K
[1.590s]       | [32m[KDWA_node[m[K
[1.591s] [01m[K/home/panav/ros2_ws/src/dwa_planner/src/dwa_node.cpp:110:1:[m[K [01;31m[Kerror: [m[Kâ€˜[01m[Kdwa_node[m[Kâ€™ does not name a type; did you mean â€˜[01m[KDWA_node[m[Kâ€™?
[1.591s]   110 | [01;31m[Kdwa_node[m[K::void seek_goal()
[1.591s]       | [01;31m[K^~~~~~~~[m[K
[1.591s]       | [32m[KDWA_node[m[K
[1.592s] [01m[K/home/panav/ros2_ws/src/dwa_planner/src/dwa_node.cpp:120:1:[m[K [01;31m[Kerror: [m[Kâ€˜[01m[Kdwa_node[m[Kâ€™ does not name a type; did you mean â€˜[01m[KDWA_node[m[Kâ€™?
[1.592s]   120 | [01;31m[Kdwa_node[m[K::vector <pair<double, double>> motion_ranges(double speed, double rotation_speed, double time_step, const nav_msgs::msg::Odometry& odom_data)
[1.592s]       | [01;31m[K^~~~~~~~[m[K
[1.592s]       | [32m[KDWA_node[m[K
[1.593s] [01m[K/home/panav/ros2_ws/src/dwa_planner/src/dwa_node.cpp:147:1:[m[K [01;31m[Kerror: [m[Kâ€˜[01m[Kdwa_node[m[Kâ€™ does not name a type; did you mean â€˜[01m[KDWA_node[m[Kâ€™?
[1.593s]   147 | [01;31m[Kdwa_node[m[K::pair<double, double> path_gen()
[1.593s]       | [01;31m[K^~~~~~~~[m[K
[1.593s]       | [32m[KDWA_node[m[K
[1.593s] [01m[K/home/panav/ros2_ws/src/dwa_planner/src/dwa_node.cpp:158:1:[m[K [01;31m[Kerror: [m[Kâ€˜[01m[Kdwa_node[m[Kâ€™ does not name a type; did you mean â€˜[01m[KDWA_node[m[Kâ€™?
[1.593s]   158 | [01;31m[Kdwa_node[m[K::void visualize_trajectories(const vector<vector<pair<double, double>>>& all_trajectories, int best_index)
[1.594s]       | [01;31m[K^~~~~~~~[m[K
[1.594s]       | [32m[KDWA_node[m[K
[1.594s] [01m[K/home/panav/ros2_ws/src/dwa_planner/src/dwa_node.cpp:217:1:[m[K [01;31m[Kerror: [m[Kâ€˜[01m[Kdwa_node[m[Kâ€™ does not name a type; did you mean â€˜[01m[KDWA_node[m[Kâ€™?
[1.594s]   217 | [01;31m[Kdwa_node[m[K::void clear_trajectory_markers()
[1.594s]       | [01;31m[K^~~~~~~~[m[K
[1.594s]       | [32m[KDWA_node[m[K
[1.595s] [01m[K/home/panav/ros2_ws/src/dwa_planner/src/dwa_node.cpp:351:1:[m[K [01;31m[Kerror: [m[Kâ€˜[01m[Kdwa_node[m[Kâ€™ does not name a type; did you mean â€˜[01m[KDWA_node[m[Kâ€™?
[1.595s]   351 | [01;31m[Kdwa_node[m[K::double collision_adwa_node::voidance(const vector<pair<double, double>>&trajectory, const sensor_msgs::msg::LaserScan& scan_data, const nav_msgs::msg::Odometry& current_odom, double tolerance = 0.2)
[1.595s]       | [01;31m[K^~~~~~~~[m[K
[1.595s]       | [32m[KDWA_node[m[K
[1.596s] [01m[K/home/panav/ros2_ws/src/dwa_planner/src/dwa_node.cpp:425:1:[m[K [01;31m[Kerror: [m[Kâ€˜[01m[Kdwa_node[m[Kâ€™ does not name a type; did you mean â€˜[01m[KDWA_node[m[Kâ€™?
[1.596s]   425 | [01;31m[Kdwa_node[m[K::pair<double, double> dwa_control(const nav_msgs::msg::Odometry& odom_data, const sensor_msgs::msg::LaserScan& scan_data)
[1.596s]       | [01;31m[K^~~~~~~~[m[K
[1.596s]       | [32m[KDWA_node[m[K
[1.597s] [01m[K/home/panav/ros2_ws/src/dwa_planner/src/dwa_node.cpp:551:1:[m[K [01;31m[Kerror: [m[Kâ€˜[01m[Kdwa_node[m[Kâ€™ does not name a type; did you mean â€˜[01m[KDWA_node[m[Kâ€™?
[1.597s]   551 | [01;31m[Kdwa_node[m[K::void timer_callback()
[1.597s]       | [01;31m[K^~~~~~~~[m[K
[1.597s]       | [32m[KDWA_node[m[K
[1.600s] [01m[K/home/panav/ros2_ws/src/dwa_planner/src/dwa_node.cpp:[m[K In function â€˜[01m[Kint main(int, char**)[m[Kâ€™:
[1.600s] [01m[K/home/panav/ros2_ws/src/dwa_planner/src/dwa_node.cpp:601:35:[m[K [01;31m[Kerror: [m[Kâ€˜[01m[Kdwa_node[m[Kâ€™ was not declared in this scope; did you mean â€˜[01m[KDWA_node[m[Kâ€™?
[1.600s]   601 |     rclcpp::spin(std::make_shared<[01;31m[Kdwa_node[m[K>());
[1.600s]       |                                   [01;31m[K^~~~~~~~[m[K
[1.600s]       |                                   [32m[KDWA_node[m[K
[1.600s] [01m[K/home/panav/ros2_ws/src/dwa_planner/src/dwa_node.cpp:601:44:[m[K [01;31m[Kerror: [m[Kno matching function for call to â€˜[01m[Kmake_shared<<expression error> >()[m[Kâ€™
[1.600s]   601 |     rclcpp::spin([01;31m[Kstd::make_shared<dwa_node>()[m[K);
[1.601s]       |                  [01;31m[K~~~~~~~~~~~~~~~~~~~~~~~~~~^~[m[K
[1.601s] In file included from [01m[K/usr/include/c++/11/memory:77[m[K,
[1.601s]                  from [01m[K/opt/ros/humble/include/rclcpp/rclcpp/rclcpp.hpp:153[m[K,
[1.601s]                  from [01m[K/home/panav/ros2_ws/src/dwa_planner/include/dwa_node.hpp:4[m[K,
[1.601s]                  from [01m[K/home/panav/ros2_ws/src/dwa_planner/src/dwa_node.cpp:1[m[K:
[1.601s] [01m[K/usr/include/c++/11/bits/shared_ptr.h:875:5:[m[K [01;36m[Knote: [m[Kcandidate: â€˜[01m[Ktemplate<class _Tp, class ... _Args> std::shared_ptr<_Tp> std::make_shared(_Args&& ...)[m[Kâ€™
[1.601s]   875 |     [01;36m[Kmake_shared[m[K(_Args&&... __args)
[1.601s]       |     [01;36m[K^~~~~~~~~~~[m[K
[1.601s] [01m[K/usr/include/c++/11/bits/shared_ptr.h:875:5:[m[K [01;36m[Knote: [m[K  template argument deduction/substitution failed:
[1.601s] [01m[K/home/panav/ros2_ws/src/dwa_planner/src/dwa_node.cpp:601:44:[m[K [01;31m[Kerror: [m[Ktemplate argument 1 is invalid
[1.601s]   601 |     rclcpp::spin([01;31m[Kstd::make_shared<dwa_node>()[m[K);
[1.601s]       |                  [01;31m[K~~~~~~~~~~~~~~~~~~~~~~~~~~^~[m[K
[1.885s] gmake[2]: *** [CMakeFiles/dwa_node.dir/build.make:76: CMakeFiles/dwa_node.dir/src/dwa_node.cpp.o] Error 1
[1.885s] gmake[1]: *** [CMakeFiles/Makefile2:137: CMakeFiles/dwa_node.dir/all] Error 2
[1.885s] gmake: *** [Makefile:146: all] Error 2
[1.887s] Invoked command in '/home/panav/ros2_ws/src/dwa_planner/build/dwa_planner' returned '2': CMAKE_PREFIX_PATH=${CMAKE_PREFIX_PATH}:/home/panav/ros2_ws/install/turtlebot3_teleop:/home/panav/ros2_ws/install/turtlebot3_example:/opt/ros/humble /usr/bin/cmake --build /home/panav/ros2_ws/src/dwa_planner/build/dwa_planner
