[0.010s] Invoking command in '/home/panav/ros2_ws/src/dwa_planner/build/dwa_planner': CMAKE_PREFIX_PATH=${CMAKE_PREFIX_PATH}:/home/panav/ros2_ws/install/turtlebot3_teleop:/home/panav/ros2_ws/install/turtlebot3_example:/home/panav/ros2_ws/install/python_starter:/home/panav/ros2_ws/install/lidar_proximity_filter:/home/panav/ros2_ws/install/launch_testing_examples:/home/panav/ros2_ws/install/examples_rclpy_pointcloud_publisher:/home/panav/ros2_ws/install/examples_rclpy_minimal_subscriber:/home/panav/ros2_ws/install/examples_rclpy_minimal_service:/home/panav/ros2_ws/install/examples_rclpy_minimal_publisher:/home/panav/ros2_ws/install/examples_rclpy_minimal_client:/home/panav/ros2_ws/install/examples_rclpy_minimal_action_server:/home/panav/ros2_ws/install/examples_rclpy_minimal_action_client:/home/panav/ros2_ws/install/examples_rclpy_guard_conditions:/home/panav/ros2_ws/install/examples_rclpy_executors:/opt/ros/humble /usr/bin/cmake --build /home/panav/ros2_ws/src/dwa_planner/build/dwa_planner
[0.050s] [35m[1mConsolidate compiler generated dependencies of target dwa_node[0m
[0.064s] [ 50%] [32mBuilding CXX object CMakeFiles/dwa_node.dir/src/dwa_node.cpp.o[0m
[1.722s] [01m[K/home/panav/ros2_ws/src/dwa_planner/src/dwa_node.cpp:22:5:[m[K [01;31m[Kerror: [m[Kexpected â€˜[01m[K{[m[Kâ€™ before â€˜[01m[Kpublic[m[Kâ€™
[1.722s]    22 |     [01;31m[Kpublic[m[K:
[1.722s]       |     [01;31m[K^~~~~~[m[K
[1.723s] [01m[K/home/panav/ros2_ws/src/dwa_planner/src/dwa_node.cpp:22:5:[m[K [01;31m[Kerror: [m[Kexpected unqualified-id before â€˜[01m[Kpublic[m[Kâ€™
[1.723s] [01m[K/home/panav/ros2_ws/src/dwa_planner/src/dwa_node.cpp:49:5:[m[K [01;31m[Kerror: [m[Kexpected unqualified-id before â€˜[01m[Kprivate[m[Kâ€™
[1.723s]    49 |     [01;31m[Kprivate[m[K:
[1.723s]       |     [01;31m[K^~~~~~~[m[K
[1.726s] [01m[K/home/panav/ros2_ws/src/dwa_planner/src/dwa_node.cpp:51:23:[m[K [01;31m[Kerror: [m[Kâ€˜[01m[Kvisualization_msgs[m[Kâ€™ was not declared in this scope
[1.726s]    51 |     rclcpp::Publisher<[01;31m[Kvisualization_msgs[m[K::msg::Marker>::SharedPtr path_pub;
[1.727s]       |                       [01;31m[K^~~~~~~~~~~~~~~~~~[m[K
[1.727s] [01m[K/home/panav/ros2_ws/src/dwa_planner/src/dwa_node.cpp:51:54:[m[K [01;31m[Kerror: [m[Ktemplate argument 1 is invalid
[1.727s]    51 | r<visualization_msgs::msg::Marker[01;31m[K>[m[K::SharedPtr path_pub;
[1.727s]       |                                  [01;31m[K^[m[K
[1.727s] 
[1.727s] [01m[K/home/panav/ros2_ws/src/dwa_planner/src/dwa_node.cpp:51:67:[m[K [01;31m[Kerror: [m[Kexpected initializer before â€˜[01m[Kpath_pub[m[Kâ€™
[1.727s]    51 | tion_msgs::msg::Marker>::SharedPtr [01;31m[Kpath_pub[m[K;
[1.727s]       |                                    [01;31m[K^~~~~~~~[m[K
[1.727s] 
[1.774s] [01m[K/home/panav/ros2_ws/src/dwa_planner/src/dwa_node.cpp:57:5:[m[K [01;31m[Kerror: [m[Kâ€˜[01m[Ksensor_nmsgs[m[Kâ€™ does not name a type
[1.774s]    57 |     [01;31m[Ksensor_nmsgs[m[K::msg::LaserScan current_scan;
[1.774s]       |     [01;31m[K^~~~~~~~~~~~[m[K
[1.776s] In file included from [01m[K/opt/ros/humble/include/rclcpp/rclcpp/client.hpp:40[m[K,
[1.776s]                  from [01m[K/opt/ros/humble/include/rclcpp/rclcpp/callback_group.hpp:24[m[K,
[1.776s]                  from [01m[K/opt/ros/humble/include/rclcpp/rclcpp/any_executable.hpp:20[m[K,
[1.776s]                  from [01m[K/opt/ros/humble/include/rclcpp/rclcpp/memory_strategy.hpp:25[m[K,
[1.776s]                  from [01m[K/opt/ros/humble/include/rclcpp/rclcpp/memory_strategies.hpp:18[m[K,
[1.776s]                  from [01m[K/opt/ros/humble/include/rclcpp/rclcpp/executor_options.hpp:20[m[K,
[1.776s]                  from [01m[K/opt/ros/humble/include/rclcpp/rclcpp/executor.hpp:37[m[K,
[1.776s]                  from [01m[K/opt/ros/humble/include/rclcpp/rclcpp/executors/multi_threaded_executor.hpp:25[m[K,
[1.776s]                  from [01m[K/opt/ros/humble/include/rclcpp/rclcpp/executors.hpp:21[m[K,
[1.776s]                  from [01m[K/opt/ros/humble/include/rclcpp/rclcpp/rclcpp.hpp:155[m[K,
[1.776s]                  from [01m[K/home/panav/ros2_ws/src/dwa_planner/src/dwa_node.cpp:1[m[K:
[1.777s] [01m[K/home/panav/ros2_ws/src/dwa_planner/src/dwa_node.cpp:[m[K In function â€˜[01m[Kvoid odom_callback(nav_msgs::msg::Odometry_<std::allocator<void> >::SharedPtr)[m[Kâ€™:
[1.777s] [01m[K/home/panav/ros2_ws/src/dwa_planner/src/dwa_node.cpp:70:21:[m[K [01;31m[Kerror: [m[Kinvalid use of â€˜[01m[Kthis[m[Kâ€™ in non-member function
[1.777s]    70 |         RCLCPP_INFO([01;31m[Kthis[m[K->get_logger(), "Odometry received: Position (%f, %f), Orientation (%f, %f, %f, %f)",
[1.777s]       |                     [01;31m[K^~~~[m[K
[1.777s] [01m[K/home/panav/ros2_ws/src/dwa_planner/src/dwa_node.cpp:70:21:[m[K [01;31m[Kerror: [m[Kinvalid use of â€˜[01m[Kthis[m[Kâ€™ in non-member function
[1.777s] [01m[K/home/panav/ros2_ws/src/dwa_planner/src/dwa_node.cpp:70:9:[m[K [01;31m[Kerror: [m[Ktemplate argument 1 is invalid
[1.777s]    70 |         [01;31m[KRCLCPP_INFO[m[K(this->get_logger(), "Odometry received: Position (%f, %f), Orientation (%f, %f, %f, %f)",
[1.777s]       |         [01;31m[K^~~~~~~~~~~[m[K
[1.777s] [01m[K/home/panav/ros2_ws/src/dwa_planner/src/dwa_node.cpp:70:9:[m[K [01;31m[Kerror: [m[Ktemplate argument 1 is invalid
[1.777s]    70 |         [01;31m[KRCLCPP_INFO[m[K(this->get_logger(), "Odometry received: Position (%f, %f), Orientation (%f, %f, %f, %f)",
[1.777s]       |         [01;31m[K^~~~~~~~~~~[m[K
[1.777s] [01m[K/home/panav/ros2_ws/src/dwa_planner/src/dwa_node.cpp:70:9:[m[K [01;31m[Kerror: [m[Ktemplate argument 1 is invalid
[1.777s]    70 |         [01;31m[KRCLCPP_INFO[m[K(this->get_logger(), "Odometry received: Position (%f, %f), Orientation (%f, %f, %f, %f)",
[1.777s]       |         [01;31m[K^~~~~~~~~~~[m[K
[1.777s] In file included from [01m[K/opt/ros/humble/include/rclcpp/rclcpp/logging.hpp:24[m[K,
[1.777s]                  from [01m[K/opt/ros/humble/include/rclcpp/rclcpp/client.hpp:40[m[K,
[1.777s]                  from [01m[K/opt/ros/humble/include/rclcpp/rclcpp/callback_group.hpp:24[m[K,
[1.777s]                  from [01m[K/opt/ros/humble/include/rclcpp/rclcpp/any_executable.hpp:20[m[K,
[1.777s]                  from [01m[K/opt/ros/humble/include/rclcpp/rclcpp/memory_strategy.hpp:25[m[K,
[1.777s]                  from [01m[K/opt/ros/humble/include/rclcpp/rclcpp/memory_strategies.hpp:18[m[K,
[1.777s]                  from [01m[K/opt/ros/humble/include/rclcpp/rclcpp/executor_options.hpp:20[m[K,
[1.777s]                  from [01m[K/opt/ros/humble/include/rclcpp/rclcpp/executor.hpp:37[m[K,
[1.777s]                  from [01m[K/opt/ros/humble/include/rclcpp/rclcpp/executors/multi_threaded_executor.hpp:25[m[K,
[1.777s]                  from [01m[K/opt/ros/humble/include/rclcpp/rclcpp/executors.hpp:21[m[K,
[1.777s]                  from [01m[K/opt/ros/humble/include/rclcpp/rclcpp/rclcpp.hpp:155[m[K,
[1.777s]                  from [01m[K/home/panav/ros2_ws/src/dwa_planner/src/dwa_node.cpp:1[m[K:
[1.777s] [01m[K/home/panav/ros2_ws/src/dwa_planner/src/dwa_node.cpp:70:21:[m[K [01;31m[Kerror: [m[Kinvalid use of â€˜[01m[Kthis[m[Kâ€™ in non-member function
[1.777s]    70 |         RCLCPP_INFO([01;31m[Kthis[m[K->get_logger(), "Odometry received: Position (%f, %f), Orientation (%f, %f, %f, %f)",
[1.778s]       |                     [01;31m[K^~~~[m[K
[1.778s] [01m[K/home/panav/ros2_ws/src/dwa_planner/src/dwa_node.cpp:70:21:[m[K [01;31m[Kerror: [m[Kinvalid use of â€˜[01m[Kthis[m[Kâ€™ in non-member function
[1.778s]    70 |         RCLCPP_INFO([01;31m[Kthis[m[K->get_logger(), "Odometry received: Position (%f, %f), Orientation (%f, %f, %f, %f)",
[1.778s]       |                     [01;31m[K^~~~[m[K
[1.778s] [01m[K/home/panav/ros2_ws/src/dwa_planner/src/dwa_node.cpp:[m[K At global scope:
[1.778s] [01m[K/home/panav/ros2_ws/src/dwa_planner/src/dwa_node.cpp:78:48:[m[K [01;31m[Kerror: [m[Kâ€˜[01m[KLaseScan[m[Kâ€™ in namespace â€˜[01m[Ksensor_msgs::msg[m[Kâ€™ does not name a type; did you mean â€˜[01m[KLaserScan[m[Kâ€™?
[1.778s]    78 | callback(const sensor_msgs::msg::[01;31m[KLaseScan[m[K::SharedPtr msg)
[1.778s]       |                                  [01;31m[K^~~~~~~~[m[K
[1.778s]       |                                  [32m[KLaserScan[m[K
[1.778s] [01m[K/home/panav/ros2_ws/src/dwa_planner/src/dwa_node.cpp:78:68:[m[K [01;31m[Kerror: [m[Kexpected unqualified-id before â€˜[01m[Kmsg[m[Kâ€™
[1.778s]    78 | t sensor_msgs::msg::LaseScan::SharedPtr [01;31m[Kmsg[m[K)
[1.778s]       |                                         [01;31m[K^~~[m[K
[1.778s] 
[1.778s] [01m[K/home/panav/ros2_ws/src/dwa_planner/src/dwa_node.cpp:78:67:[m[K [01;31m[Kerror: [m[Kexpected â€˜[01m[K)[m[Kâ€™ before â€˜[01m[Kmsg[m[Kâ€™
[1.778s]    78 | t sensor_msgs::msg::LaseScan::SharedPtr[01;31m[K [m[K[32m[Kmsg[m[K)
[1.778s]       |                                        [01;31m[K^[m[K[32m[K~~~[m[K
[1.778s]       |                                        [32m[K)[m[K
[1.778s] [01m[K/home/panav/ros2_ws/src/dwa_planner/src/dwa_node.cpp:78:68:[m[K [01;31m[Kerror: [m[Kexpected initializer before â€˜[01m[Kmsg[m[Kâ€™
[1.778s]    78 | t sensor_msgs::msg::LaseScan::SharedPtr [01;31m[Kmsg[m[K)
[1.778s]       |                                         [01;31m[K^~~[m[K
[1.778s] 
[1.778s] In file included from [01m[K/opt/ros/humble/include/rclcpp/rclcpp/client.hpp:40[m[K,
[1.778s]                  from [01m[K/opt/ros/humble/include/rclcpp/rclcpp/callback_group.hpp:24[m[K,
[1.778s]                  from [01m[K/opt/ros/humble/include/rclcpp/rclcpp/any_executable.hpp:20[m[K,
[1.778s]                  from [01m[K/opt/ros/humble/include/rclcpp/rclcpp/memory_strategy.hpp:25[m[K,
[1.778s]                  from [01m[K/opt/ros/humble/include/rclcpp/rclcpp/memory_strategies.hpp:18[m[K,
[1.778s]                  from [01m[K/opt/ros/humble/include/rclcpp/rclcpp/executor_options.hpp:20[m[K,
[1.778s]                  from [01m[K/opt/ros/humble/include/rclcpp/rclcpp/executor.hpp:37[m[K,
[1.778s]                  from [01m[K/opt/ros/humble/include/rclcpp/rclcpp/executors/multi_threaded_executor.hpp:25[m[K,
[1.778s]                  from [01m[K/opt/ros/humble/include/rclcpp/rclcpp/executors.hpp:21[m[K,
[1.778s]                  from [01m[K/opt/ros/humble/include/rclcpp/rclcpp/rclcpp.hpp:155[m[K,
[1.778s]                  from [01m[K/home/panav/ros2_ws/src/dwa_planner/src/dwa_node.cpp:1[m[K:
[1.778s] [01m[K/home/panav/ros2_ws/src/dwa_planner/src/dwa_node.cpp:[m[K In function â€˜[01m[Kvoid seek_goal()[m[Kâ€™:
[1.778s] [01m[K/home/panav/ros2_ws/src/dwa_planner/src/dwa_node.cpp:90:21:[m[K [01;31m[Kerror: [m[Kinvalid use of â€˜[01m[Kthis[m[Kâ€™ in non-member function
[1.778s]    90 |         RCLCPP_INFO([01;31m[Kthis[m[K->get_logger(), "Goal set to: (%f,%f)", goal_x, goal_y);
[1.778s]       |                     [01;31m[K^~~~[m[K
[1.778s] [01m[K/home/panav/ros2_ws/src/dwa_planner/src/dwa_node.cpp:90:21:[m[K [01;31m[Kerror: [m[Kinvalid use of â€˜[01m[Kthis[m[Kâ€™ in non-member function
[1.778s] [01m[K/home/panav/ros2_ws/src/dwa_planner/src/dwa_node.cpp:90:9:[m[K [01;31m[Kerror: [m[Ktemplate argument 1 is invalid
[1.779s]    90 |         [01;31m[KRCLCPP_INFO[m[K(this->get_logger(), "Goal set to: (%f,%f)", goal_x, goal_y);
[1.779s]       |         [01;31m[K^~~~~~~~~~~[m[K
[1.779s] [01m[K/home/panav/ros2_ws/src/dwa_planner/src/dwa_node.cpp:90:9:[m[K [01;31m[Kerror: [m[Ktemplate argument 1 is invalid
[1.779s]    90 |         [01;31m[KRCLCPP_INFO[m[K(this->get_logger(), "Goal set to: (%f,%f)", goal_x, goal_y);
[1.779s]       |         [01;31m[K^~~~~~~~~~~[m[K
[1.779s] [01m[K/home/panav/ros2_ws/src/dwa_planner/src/dwa_node.cpp:90:9:[m[K [01;31m[Kerror: [m[Ktemplate argument 1 is invalid
[1.779s]    90 |         [01;31m[KRCLCPP_INFO[m[K(this->get_logger(), "Goal set to: (%f,%f)", goal_x, goal_y);
[1.779s]       |         [01;31m[K^~~~~~~~~~~[m[K
[1.779s] In file included from [01m[K/opt/ros/humble/include/rclcpp/rclcpp/logging.hpp:24[m[K,
[1.779s]                  from [01m[K/opt/ros/humble/include/rclcpp/rclcpp/client.hpp:40[m[K,
[1.779s]                  from [01m[K/opt/ros/humble/include/rclcpp/rclcpp/callback_group.hpp:24[m[K,
[1.779s]                  from [01m[K/opt/ros/humble/include/rclcpp/rclcpp/any_executable.hpp:20[m[K,
[1.779s]                  from [01m[K/opt/ros/humble/include/rclcpp/rclcpp/memory_strategy.hpp:25[m[K,
[1.779s]                  from [01m[K/opt/ros/humble/include/rclcpp/rclcpp/memory_strategies.hpp:18[m[K,
[1.779s]                  from [01m[K/opt/ros/humble/include/rclcpp/rclcpp/executor_options.hpp:20[m[K,
[1.779s]                  from [01m[K/opt/ros/humble/include/rclcpp/rclcpp/executor.hpp:37[m[K,
[1.779s]                  from [01m[K/opt/ros/humble/include/rclcpp/rclcpp/executors/multi_threaded_executor.hpp:25[m[K,
[1.779s]                  from [01m[K/opt/ros/humble/include/rclcpp/rclcpp/executors.hpp:21[m[K,
[1.779s]                  from [01m[K/opt/ros/humble/include/rclcpp/rclcpp/rclcpp.hpp:155[m[K,
[1.779s]                  from [01m[K/home/panav/ros2_ws/src/dwa_planner/src/dwa_node.cpp:1[m[K:
[1.779s] [01m[K/home/panav/ros2_ws/src/dwa_planner/src/dwa_node.cpp:90:21:[m[K [01;31m[Kerror: [m[Kinvalid use of â€˜[01m[Kthis[m[Kâ€™ in non-member function
[1.779s]    90 |         RCLCPP_INFO([01;31m[Kthis[m[K->get_logger(), "Goal set to: (%f,%f)", goal_x, goal_y);
[1.779s]       |                     [01;31m[K^~~~[m[K
[1.779s] [01m[K/home/panav/ros2_ws/src/dwa_planner/src/dwa_node.cpp:90:21:[m[K [01;31m[Kerror: [m[Kinvalid use of â€˜[01m[Kthis[m[Kâ€™ in non-member function
[1.779s]    90 |         RCLCPP_INFO([01;31m[Kthis[m[K->get_logger(), "Goal set to: (%f,%f)", goal_x, goal_y);
[1.779s]       |                     [01;31m[K^~~~[m[K
[1.781s] [01m[K/home/panav/ros2_ws/src/dwa_planner/src/dwa_node.cpp:[m[K In function â€˜[01m[Kstd::vector<std::pair<double, double> > motion_ranges(double, double, double, const Odometry&)[m[Kâ€™:
[1.781s] [01m[K/home/panav/ros2_ws/src/dwa_planner/src/dwa_node.cpp:97:20:[m[K [01;31m[Kerror: [m[Kâ€˜[01m[Kodom_data[m[Kâ€™ was not declared in this scope; did you mean â€˜[01m[Krandom_data[m[Kâ€™?
[1.781s]    97 |         double x = [01;31m[Kodom_data[m[K.pose.pose.position.x;
[1.781s]       |                    [01;31m[K^~~~~~~~~[m[K
[1.781s]       |                    [32m[Krandom_data[m[K
[1.781s] [01m[K/home/panav/ros2_ws/src/dwa_planner/src/dwa_node.cpp:99:27:[m[K [01;31m[Kerror: [m[Kexpected primary-expression before â€˜[01m[K.[m[Kâ€™ token
[1.781s]    99 |         double theta = tf2[01;31m[K.[m[KgetYaw(odom_data.pose.pose.orientation);
[1.781s]       |                           [01;31m[K^[m[K
[1.785s] [01m[K/home/panav/ros2_ws/src/dwa_planner/src/dwa_node.cpp:101:24:[m[K [01;31m[Kerror: [m[Kâ€˜[01m[Ktrajectory_length[m[Kâ€™ was not declared in this scope
[1.785s]   101 |         for(int i =0;i<[01;31m[Ktrajectory_length[m[K;i++)
[1.785s]       |                        [01;31m[K^~~~~~~~~~~~~~~~~[m[K
[1.787s] [01m[K/home/panav/ros2_ws/src/dwa_planner/src/dwa_node.cpp:103:13:[m[K [01;31m[Kerror: [m[Kâ€˜[01m[Kyaw[m[Kâ€™ was not declared in this scope
[1.787s]   103 |             [01;31m[Kyaw[m[K+=turn_rate * time_step;
[1.787s]       |             [01;31m[K^~~[m[K
[1.789s] [01m[K/home/panav/ros2_ws/src/dwa_planner/src/dwa_node.cpp:103:18:[m[K [01;31m[Kerror: [m[Kâ€˜[01m[Kturn_rate[m[Kâ€™ was not declared in this scope; did you mean â€˜[01m[Ktruncate[m[Kâ€™?
[1.789s]   103 |             yaw+=[01;31m[Kturn_rate[m[K * time_step;
[1.789s]       |                  [01;31m[K^~~~~~~~~[m[K
[1.789s]       |                  [32m[Ktruncate[m[K
[1.790s] [01m[K/home/panav/ros2_ws/src/dwa_planner/src/dwa_node.cpp:99:16:[m[K [01;35m[Kwarning: [m[Kunused variable â€˜[01m[Ktheta[m[Kâ€™ [[01;35m[K]8;;https://gcc.gnu.org/onlinedocs/gcc/Warning-Options.html#index-Wunused-variable-Wunused-variable]8;;[m[K]
[1.790s]    99 |         double [01;35m[Ktheta[m[K = tf2.getYaw(odom_data.pose.pose.orientation);
[1.790s]       |                [01;35m[K^~~~~[m[K
[1.790s] [01m[K/home/panav/ros2_ws/src/dwa_planner/src/dwa_node.cpp:94:70:[m[K [01;35m[Kwarning: [m[Kunused parameter â€˜[01m[Krotation_speed[m[Kâ€™ [[01;35m[K]8;;https://gcc.gnu.org/onlinedocs/gcc/Warning-Options.html#index-Wunused-parameter-Wunused-parameter]8;;[m[K]
[1.790s]    94 | tion_ranges(double speed, [01;35m[Kdouble rotation_speed[m[K, double time_step, const nav_msgs::msg::Odometry& odom)
[1.790s]       |                           [01;35m[K~~~~~~~^~~~~~~~~~~~~~[m[K
[1.790s] 
[1.791s] [01m[K/home/panav/ros2_ws/src/dwa_planner/src/dwa_node.cpp:94:135:[m[K [01;35m[Kwarning: [m[Kunused parameter â€˜[01m[Kodom[m[Kâ€™ [[01;35m[K]8;;https://gcc.gnu.org/onlinedocs/gcc/Warning-Options.html#index-Wunused-parameter-Wunused-parameter]8;;[m[K]
[1.791s]    94 | e_step, [01;35m[Kconst nav_msgs::msg::Odometry& odom[m[K)
[1.791s]       |         [01;35m[K~~~~~~~~~~~~~~~~~~~~~~~~~~~~~~~^~~~[m[K
[1.791s] 
[1.791s] [01m[K/home/panav/ros2_ws/src/dwa_planner/src/dwa_node.cpp:[m[K In function â€˜[01m[Kstd::pair<double, double> path_gen()[m[Kâ€™:
[1.791s] [01m[K/home/panav/ros2_ws/src/dwa_planner/src/dwa_node.cpp:115:28:[m[K [01;31m[Kerror: [m[Kinvalid use of â€˜[01m[Kthis[m[Kâ€™ in non-member function
[1.791s]   115 |         double time_step = [01;31m[Kthis[m[K->get_parameter("time_step").as_double();
[1.791s]       |                            [01;31m[K^~~~[m[K
[1.791s] [01m[K/home/panav/ros2_ws/src/dwa_planner/src/dwa_node.cpp:117:64:[m[K [01;31m[Kerror: [m[Ktoo few arguments to function â€˜[01m[Kstd::vector<std::pair<double, double> > motion_ranges(double, double, double, const Odometry&)[m[Kâ€™
[1.791s]   117 | uble>> trajectory = [01;31m[Kmotion_ranges(speed, rotation_speed)[m[K;
[1.791s]       |                     [01;31m[K~~~~~~~~~~~~~^~~~~~~~~~~~~~~~~~~~~~~[m[K
[1.791s] 
[1.791s] [01m[K/home/panav/ros2_ws/src/dwa_planner/src/dwa_node.cpp:94:35:[m[K [01;36m[Knote: [m[Kdeclared here
[1.791s]    94 |    vector <pair<double, double>> [01;36m[Kmotion_ranges[m[K(double speed, double rotation_speed, double time_step, const nav_msgs::msg::Odometry& odom)
[1.791s]       |                                  [01;36m[K^~~~~~~~~~~~~[m[K
[1.791s] 
[1.791s] [01m[K/home/panav/ros2_ws/src/dwa_planner/src/dwa_node.cpp:115:16:[m[K [01;35m[Kwarning: [m[Kunused variable â€˜[01m[Ktime_step[m[Kâ€™ [[01;35m[K]8;;https://gcc.gnu.org/onlinedocs/gcc/Warning-Options.html#index-Wunused-variable-Wunused-variable]8;;[m[K]
[1.791s]   115 |         double [01;35m[Ktime_step[m[K = this->get_parameter("time_step").as_double();
[1.791s]       |                [01;35m[K^~~~~~~~~[m[K
[1.791s] In file included from [01m[K/opt/ros/humble/include/rclcpp/rclcpp/client.hpp:40[m[K,
[1.792s]                  from [01m[K/opt/ros/humble/include/rclcpp/rclcpp/callback_group.hpp:24[m[K,
[1.792s]                  from [01m[K/opt/ros/humble/include/rclcpp/rclcpp/any_executable.hpp:20[m[K,
[1.792s]                  from [01m[K/opt/ros/humble/include/rclcpp/rclcpp/memory_strategy.hpp:25[m[K,
[1.792s]                  from [01m[K/opt/ros/humble/include/rclcpp/rclcpp/memory_strategies.hpp:18[m[K,
[1.792s]                  from [01m[K/opt/ros/humble/include/rclcpp/rclcpp/executor_options.hpp:20[m[K,
[1.792s]                  from [01m[K/opt/ros/humble/include/rclcpp/rclcpp/executor.hpp:37[m[K,
[1.792s]                  from [01m[K/opt/ros/humble/include/rclcpp/rclcpp/executors/multi_threaded_executor.hpp:25[m[K,
[1.792s]                  from [01m[K/opt/ros/humble/include/rclcpp/rclcpp/executors.hpp:21[m[K,
[1.792s]                  from [01m[K/opt/ros/humble/include/rclcpp/rclcpp/rclcpp.hpp:155[m[K,
[1.792s]                  from [01m[K/home/panav/ros2_ws/src/dwa_planner/src/dwa_node.cpp:1[m[K:
[1.792s] [01m[K/home/panav/ros2_ws/src/dwa_planner/src/dwa_node.cpp:[m[K In function â€˜[01m[Kdouble collision_avoidance(const std::vector<std::pair<double, double> >&, const LaserScan&)[m[Kâ€™:
[1.792s] [01m[K/home/panav/ros2_ws/src/dwa_planner/src/dwa_node.cpp:125:25:[m[K [01;31m[Kerror: [m[Kinvalid use of â€˜[01m[Kthis[m[Kâ€™ in non-member function
[1.792s]   125 |             RCLCPP_WARN([01;31m[Kthis[m[K->get_logger() "No Laser scan data available");
[1.792s]       |                         [01;31m[K^~~~[m[K
[1.792s] [01m[K/home/panav/ros2_ws/src/dwa_planner/src/dwa_node.cpp:125:25:[m[K [01;31m[Kerror: [m[Kinvalid use of â€˜[01m[Kthis[m[Kâ€™ in non-member function
[1.792s] [01m[K/home/panav/ros2_ws/src/dwa_planner/src/dwa_node.cpp:125:13:[m[K [01;31m[Kerror: [m[Ktemplate argument 1 is invalid
[1.792s]   125 |             [01;31m[KRCLCPP_WARN[m[K(this->get_logger() "No Laser scan data available");
[1.792s]       |             [01;31m[K^~~~~~~~~~~[m[K
[1.792s] [01m[K/home/panav/ros2_ws/src/dwa_planner/src/dwa_node.cpp:125:13:[m[K [01;31m[Kerror: [m[Ktemplate argument 1 is invalid
[1.792s]   125 |             [01;31m[KRCLCPP_WARN[m[K(this->get_logger() "No Laser scan data available");
[1.792s]       |             [01;31m[K^~~~~~~~~~~[m[K
[1.792s] [01m[K/home/panav/ros2_ws/src/dwa_planner/src/dwa_node.cpp:125:13:[m[K [01;31m[Kerror: [m[Ktemplate argument 1 is invalid
[1.792s]   125 |             [01;31m[KRCLCPP_WARN[m[K(this->get_logger() "No Laser scan data available");
[1.792s]       |             [01;31m[K^~~~~~~~~~~[m[K
[1.792s] In file included from [01m[K/opt/ros/humble/include/rclcpp/rclcpp/logging.hpp:24[m[K,
[1.792s]                  from [01m[K/opt/ros/humble/include/rclcpp/rclcpp/client.hpp:40[m[K,
[1.792s]                  from [01m[K/opt/ros/humble/include/rclcpp/rclcpp/callback_group.hpp:24[m[K,
[1.792s]                  from [01m[K/opt/ros/humble/include/rclcpp/rclcpp/any_executable.hpp:20[m[K,
[1.792s]                  from [01m[K/opt/ros/humble/include/rclcpp/rclcpp/memory_strategy.hpp:25[m[K,
[1.792s]                  from [01m[K/opt/ros/humble/include/rclcpp/rclcpp/memory_strategies.hpp:18[m[K,
[1.792s]                  from [01m[K/opt/ros/humble/include/rclcpp/rclcpp/executor_options.hpp:20[m[K,
[1.792s]                  from [01m[K/opt/ros/humble/include/rclcpp/rclcpp/executor.hpp:37[m[K,
[1.792s]                  from [01m[K/opt/ros/humble/include/rclcpp/rclcpp/executors/multi_threaded_executor.hpp:25[m[K,
[1.793s]                  from [01m[K/opt/ros/humble/include/rclcpp/rclcpp/executors.hpp:21[m[K,
[1.793s]                  from [01m[K/opt/ros/humble/include/rclcpp/rclcpp/rclcpp.hpp:155[m[K,
[1.793s]                  from [01m[K/home/panav/ros2_ws/src/dwa_planner/src/dwa_node.cpp:1[m[K:
[1.793s] [01m[K/home/panav/ros2_ws/src/dwa_planner/src/dwa_node.cpp:125:25:[m[K [01;31m[Kerror: [m[Kinvalid use of â€˜[01m[Kthis[m[Kâ€™ in non-member function
[1.793s]   125 |             RCLCPP_WARN([01;31m[Kthis[m[K->get_logger() "No Laser scan data available");
[1.793s]       |                         [01;31m[K^~~~[m[K
[1.793s] [01m[K/home/panav/ros2_ws/src/dwa_planner/src/dwa_node.cpp:125:44:[m[K [01;31m[Kerror: [m[Kexpected â€˜[01m[K)[m[Kâ€™ before string constant
[1.793s]   125 |   RCLCPP_WARN(this->get_logger() [01;31m[K"No Laser scan data available"[m[K);
[1.793s]       |                                  [01;31m[K^~~~~~~~~~~~~~~~~~~~~~~~~~~~~~[m[K
[1.793s] 
[1.793s] [01m[K/home/panav/ros2_ws/src/dwa_planner/src/dwa_node.cpp:125:13:[m[K [01;36m[Knote: [m[Kto match this â€˜[01m[K([m[Kâ€™
[1.793s]   125 |             [01;36m[KRCLCPP_WARN[m[K(this->get_logger() "No Laser scan data available");
[1.793s]       |             [01;36m[K^~~~~~~~~~~[m[K
[1.793s] [01m[K/home/panav/ros2_ws/src/dwa_planner/src/dwa_node.cpp:125:13:[m[K [01;31m[Kerror: [m[Kexpected â€˜[01m[K)[m[Kâ€™ before â€˜[01m[K}[m[Kâ€™ token
[1.793s]   125 |             [01;31m[KRCLCPP_WARN[m[K(this->get_logger() "No Laser scan data available");
[1.793s]       |             [01;31m[K^~~~~~~~~~~[m[K
[1.793s] [01m[K/home/panav/ros2_ws/src/dwa_planner/src/dwa_node.cpp:125:13:[m[K [01;31m[Kerror: [m[Kexpected primary-expression before â€˜[01m[K}[m[Kâ€™ token
[1.796s] [01m[K/home/panav/ros2_ws/src/dwa_planner/src/dwa_node.cpp:134:147:[m[K [01;31m[Kerror: [m[Kâ€˜[01m[Kscan_data[m[Kâ€™ was not declared in this scope
[1.796s]   134 | .position.x)+M_PI) / (2*M_PI)) * [01;31m[Kscan_data[m[K.ranges.size();
[1.796s]       |                                  [01;31m[K^~~~~~~~~[m[K
[1.796s] 
[1.798s] [01m[K/home/panav/ros2_ws/src/dwa_planner/src/dwa_node.cpp:136:28:[m[K [01;31m[Kerror: [m[Kâ€˜[01m[Kscan_data_[m[Kâ€™ was not declared in this scope
[1.798s]   136 |             if (distance < [01;31m[Kscan_data_[m[K->ranges[scan_index] - tolerance) {
[1.798s]       |                            [01;31m[K^~~~~~~~~~[m[K
[1.801s] [01m[K/home/panav/ros2_ws/src/dwa_planner/src/dwa_node.cpp:136:47:[m[K [01;31m[Kerror: [m[Kâ€˜[01m[Kscan_index[m[Kâ€™ was not declared in this scope
[1.801s]   136 | f (distance < scan_data_->ranges[[01;31m[Kscan_index[m[K] - tolerance) {
[1.801s]       |                                  [01;31m[K^~~~~~~~~~[m[K
[1.801s] 
[1.803s] [01m[K/home/panav/ros2_ws/src/dwa_planner/src/dwa_node.cpp:136:61:[m[K [01;31m[Kerror: [m[Kâ€˜[01m[Ktolerance[m[Kâ€™ was not declared in this scope
[1.803s]   136 | scan_data_->ranges[scan_index] - [01;31m[Ktolerance[m[K) {
[1.803s]       |                                  [01;31m[K^~~~~~~~~[m[K
[1.804s] 
[1.804s] [01m[K/home/panav/ros2_ws/src/dwa_planner/src/dwa_node.cpp:137:25:[m[K [01;31m[Kerror: [m[Kâ€˜[01m[KINT_MAX[m[Kâ€™ was not declared in this scope
[1.804s]   137 |                 return -[01;31m[KINT_MAX[m[K;
[1.804s]       |                         [01;31m[K^~~~~~~[m[K
[1.804s] [01m[K/home/panav/ros2_ws/src/dwa_planner/src/dwa_node.cpp:18:1:[m[K [01;36m[Knote: [m[Kâ€˜[01m[KINT_MAX[m[Kâ€™ is defined in header â€˜[01m[K<climits>[m[Kâ€™; did you forget to â€˜[01m[K#include <climits>[m[Kâ€™?
[1.804s]    17 | #include <tf2/LinearMath/Matrix3x3.h>
[1.804s]   +++ |+[32m[K#include <climits>[m[K
[1.804s]    18 | 
[1.804s] [01m[K/home/panav/ros2_ws/src/dwa_planner/src/dwa_node.cpp:134:17:[m[K [01;35m[Kwarning: [m[Kunused variable â€˜[01m[Kindex[m[Kâ€™ [[01;35m[K]8;;https://gcc.gnu.org/onlinedocs/gcc/Warning-Options.html#index-Wunused-variable-Wunused-variable]8;;[m[K]
[1.804s]   134 |             int [01;35m[Kindex[m[K = static_cast<int>((atan2(y - current_odom.pose.pose.position.y, x - current_odom.pose.pose.position.x)+M_PI) / (2*M_PI)) * scan_data.ranges.size();
[1.804s]       |                 [01;35m[K^~~~~[m[K
[1.804s] [01m[K/home/panav/ros2_ws/src/dwa_planner/src/dwa_node.cpp:[m[K At global scope:
[1.804s] [01m[K/home/panav/ros2_ws/src/dwa_planner/src/dwa_node.cpp:142:9:[m[K [01;31m[Kerror: [m[Kexpected unqualified-id before â€˜[01m[Kreturn[m[Kâ€™
[1.804s]   142 |         [01;31m[Kreturn[m[K 0.0;
[1.804s]       |         [01;31m[K^~~~~~[m[K
[1.804s] [01m[K/home/panav/ros2_ws/src/dwa_planner/src/dwa_node.cpp:143:5:[m[K [01;31m[Kerror: [m[Kexpected declaration before â€˜[01m[K}[m[Kâ€™ token
[1.804s]   143 |     [01;31m[K}[m[K
[1.804s]       |     [01;31m[K^[m[K
[1.804s] [01m[K/home/panav/ros2_ws/src/dwa_planner/src/dwa_node.cpp:[m[K In function â€˜[01m[Kstd::pair<double, double> dwa_control(const std::vector<std::pair<double, double> >&, const LaserScan&)[m[Kâ€™:
[1.804s] [01m[K/home/panav/ros2_ws/src/dwa_planner/src/dwa_node.cpp:146:29:[m[K [01;31m[Kerror: [m[Kâ€˜[01m[KINT_MAX[m[Kâ€™ was not declared in this scope
[1.804s]   146 |         double best_score = [01;31m[KINT_MAX[m[K;
[1.804s]       |                             [01;31m[K^~~~~~~[m[K
[1.805s] [01m[K/home/panav/ros2_ws/src/dwa_planner/src/dwa_node.cpp:146:29:[m[K [01;36m[Knote: [m[Kâ€˜[01m[KINT_MAX[m[Kâ€™ is defined in header â€˜[01m[K<climits>[m[Kâ€™; did you forget to â€˜[01m[K#include <climits>[m[Kâ€™?
[1.807s] [01m[K/home/panav/ros2_ws/src/dwa_planner/src/dwa_node.cpp:150:12:[m[K [01;31m[Kerror: [m[Kâ€˜[01m[Kodom_data[m[Kâ€™ was not declared in this scope; did you mean â€˜[01m[Krandom_data[m[Kâ€™?
[1.807s]   150 |         if([01;31m[Kodom_data[m[K==NULL || scan_data==NULL)
[1.807s]       |            [01;31m[K^~~~~~~~~[m[K
[1.807s]       |            [32m[Krandom_data[m[K
[1.809s] [01m[K/home/panav/ros2_ws/src/dwa_planner/src/dwa_node.cpp:150:31:[m[K [01;31m[Kerror: [m[Kâ€˜[01m[Kscan_data[m[Kâ€™ was not declared in this scope
[1.809s]   150 |         if(odom_data==NULL || [01;31m[Kscan_data[m[K==NULL)
[1.809s]       |                               [01;31m[K^~~~~~~~~[m[K
[1.809s] In file included from [01m[K/opt/ros/humble/include/rclcpp/rclcpp/client.hpp:40[m[K,
[1.809s]                  from [01m[K/opt/ros/humble/include/rclcpp/rclcpp/callback_group.hpp:24[m[K,
[1.809s]                  from [01m[K/opt/ros/humble/include/rclcpp/rclcpp/any_executable.hpp:20[m[K,
[1.809s]                  from [01m[K/opt/ros/humble/include/rclcpp/rclcpp/memory_strategy.hpp:25[m[K,
[1.809s]                  from [01m[K/opt/ros/humble/include/rclcpp/rclcpp/memory_strategies.hpp:18[m[K,
[1.809s]                  from [01m[K/opt/ros/humble/include/rclcpp/rclcpp/executor_options.hpp:20[m[K,
[1.809s]                  from [01m[K/opt/ros/humble/include/rclcpp/rclcpp/executor.hpp:37[m[K,
[1.809s]                  from [01m[K/opt/ros/humble/include/rclcpp/rclcpp/executors/multi_threaded_executor.hpp:25[m[K,
[1.809s]                  from [01m[K/opt/ros/humble/include/rclcpp/rclcpp/executors.hpp:21[m[K,
[1.809s]                  from [01m[K/opt/ros/humble/include/rclcpp/rclcpp/rclcpp.hpp:155[m[K,
[1.810s]                  from [01m[K/home/panav/ros2_ws/src/dwa_planner/src/dwa_node.cpp:1[m[K:
[1.810s] [01m[K/home/panav/ros2_ws/src/dwa_planner/src/dwa_node.cpp:152:25:[m[K [01;31m[Kerror: [m[Kinvalid use of â€˜[01m[Kthis[m[Kâ€™ in non-member function
[1.810s]   152 |             RCLCPP_WARN([01;31m[Kthis[m[K->get_logger(), "Odometry or Laser scan data not available");
[1.810s]       |                         [01;31m[K^~~~[m[K
[1.810s] [01m[K/home/panav/ros2_ws/src/dwa_planner/src/dwa_node.cpp:152:25:[m[K [01;31m[Kerror: [m[Kinvalid use of â€˜[01m[Kthis[m[Kâ€™ in non-member function
[1.810s] [01m[K/home/panav/ros2_ws/src/dwa_planner/src/dwa_node.cpp:152:13:[m[K [01;31m[Kerror: [m[Ktemplate argument 1 is invalid
[1.810s]   152 |             [01;31m[KRCLCPP_WARN[m[K(this->get_logger(), "Odometry or Laser scan data not available");
[1.810s]       |             [01;31m[K^~~~~~~~~~~[m[K
[1.810s] [01m[K/home/panav/ros2_ws/src/dwa_planner/src/dwa_node.cpp:152:13:[m[K [01;31m[Kerror: [m[Ktemplate argument 1 is invalid
[1.810s]   152 |             [01;31m[KRCLCPP_WARN[m[K(this->get_logger(), "Odometry or Laser scan data not available");
[1.810s]       |             [01;31m[K^~~~~~~~~~~[m[K
[1.810s] [01m[K/home/panav/ros2_ws/src/dwa_planner/src/dwa_node.cpp:152:13:[m[K [01;31m[Kerror: [m[Ktemplate argument 1 is invalid
[1.810s]   152 |             [01;31m[KRCLCPP_WARN[m[K(this->get_logger(), "Odometry or Laser scan data not available");
[1.810s]       |             [01;31m[K^~~~~~~~~~~[m[K
[1.810s] In file included from [01m[K/opt/ros/humble/include/rclcpp/rclcpp/logging.hpp:24[m[K,
[1.810s]                  from [01m[K/opt/ros/humble/include/rclcpp/rclcpp/client.hpp:40[m[K,
[1.810s]                  from [01m[K/opt/ros/humble/include/rclcpp/rclcpp/callback_group.hpp:24[m[K,
[1.810s]                  from [01m[K/opt/ros/humble/include/rclcpp/rclcpp/any_executable.hpp:20[m[K,
[1.810s]                  from [01m[K/opt/ros/humble/include/rclcpp/rclcpp/memory_strategy.hpp:25[m[K,
[1.810s]                  from [01m[K/opt/ros/humble/include/rclcpp/rclcpp/memory_strategies.hpp:18[m[K,
[1.810s]                  from [01m[K/opt/ros/humble/include/rclcpp/rclcpp/executor_options.hpp:20[m[K,
[1.810s]                  from [01m[K/opt/ros/humble/include/rclcpp/rclcpp/executor.hpp:37[m[K,
[1.810s]                  from [01m[K/opt/ros/humble/include/rclcpp/rclcpp/executors/multi_threaded_executor.hpp:25[m[K,
[1.810s]                  from [01m[K/opt/ros/humble/include/rclcpp/rclcpp/executors.hpp:21[m[K,
[1.810s]                  from [01m[K/opt/ros/humble/include/rclcpp/rclcpp/rclcpp.hpp:155[m[K,
[1.810s]                  from [01m[K/home/panav/ros2_ws/src/dwa_planner/src/dwa_node.cpp:1[m[K:
[1.810s] [01m[K/home/panav/ros2_ws/src/dwa_planner/src/dwa_node.cpp:152:25:[m[K [01;31m[Kerror: [m[Kinvalid use of â€˜[01m[Kthis[m[Kâ€™ in non-member function
[1.810s]   152 |             RCLCPP_WARN([01;31m[Kthis[m[K->get_logger(), "Odometry or Laser scan data not available");
[1.810s]       |                         [01;31m[K^~~~[m[K
[1.810s] [01m[K/home/panav/ros2_ws/src/dwa_planner/src/dwa_node.cpp:152:25:[m[K [01;31m[Kerror: [m[Kinvalid use of â€˜[01m[Kthis[m[Kâ€™ in non-member function
[1.810s]   152 |             RCLCPP_WARN([01;31m[Kthis[m[K->get_logger(), "Odometry or Laser scan data not available");
[1.810s]       |                         [01;31m[K^~~~[m[K
[1.813s] [01m[K/home/panav/ros2_ws/src/dwa_planner/src/dwa_node.cpp:156:20:[m[K [01;31m[Kerror: [m[Kâ€˜[01m[Kodom_data[m[Kâ€™ was not declared in this scope; did you mean â€˜[01m[Krandom_data[m[Kâ€™?
[1.813s]   156 |         double x = [01;31m[Kodom_data[m[K->pose.pose.position.x;
[1.813s]       |                    [01;31m[K^~~~~~~~~[m[K
[1.813s]       |                    [32m[Krandom_data[m[K
[1.814s] [01m[K/home/panav/ros2_ws/src/dwa_planner/src/dwa_node.cpp:158:29:[m[K [01;31m[Kerror: [m[Kâ€˜[01m[KgetYaw[m[Kâ€™ is not a member of â€˜[01m[Ktf2[m[Kâ€™
[1.814s]   158 |         double theta = tf2::[01;31m[KgetYaw[m[K(odom_data->pose.pose.orientation);
[1.814s]       |                             [01;31m[K^~~~~~[m[K
[1.818s] [01m[K/home/panav/ros2_ws/src/dwa_planner/src/dwa_node.cpp:162:28:[m[K [01;31m[Kerror: [m[Kâ€˜[01m[Kgoal_tolerance[m[Kâ€™ was not declared in this scope
[1.818s]   162 |         if(goal_distance < [01;31m[Kgoal_tolerance[m[K)
[1.818s]       |                            [01;31m[K^~~~~~~~~~~~~~[m[K
[1.818s] In file included from [01m[K/opt/ros/humble/include/rclcpp/rclcpp/client.hpp:40[m[K,
[1.818s]                  from [01m[K/opt/ros/humble/include/rclcpp/rclcpp/callback_group.hpp:24[m[K,
[1.818s]                  from [01m[K/opt/ros/humble/include/rclcpp/rclcpp/any_executable.hpp:20[m[K,
[1.818s]                  from [01m[K/opt/ros/humble/include/rclcpp/rclcpp/memory_strategy.hpp:25[m[K,
[1.818s]                  from [01m[K/opt/ros/humble/include/rclcpp/rclcpp/memory_strategies.hpp:18[m[K,
[1.818s]                  from [01m[K/opt/ros/humble/include/rclcpp/rclcpp/executor_options.hpp:20[m[K,
[1.819s]                  from [01m[K/opt/ros/humble/include/rclcpp/rclcpp/executor.hpp:37[m[K,
[1.819s]                  from [01m[K/opt/ros/humble/include/rclcpp/rclcpp/executors/multi_threaded_executor.hpp:25[m[K,
[1.819s]                  from [01m[K/opt/ros/humble/include/rclcpp/rclcpp/executors.hpp:21[m[K,
[1.819s]                  from [01m[K/opt/ros/humble/include/rclcpp/rclcpp/rclcpp.hpp:155[m[K,
[1.819s]                  from [01m[K/home/panav/ros2_ws/src/dwa_planner/src/dwa_node.cpp:1[m[K:
[1.819s] [01m[K/home/panav/ros2_ws/src/dwa_planner/src/dwa_node.cpp:164:25:[m[K [01;31m[Kerror: [m[Kinvalid use of â€˜[01m[Kthis[m[Kâ€™ in non-member function
[1.819s]   164 |             RCLCPP_INFO([01;31m[Kthis[m[K->get_logger(), "Goal converged");
[1.819s]       |                         [01;31m[K^~~~[m[K
[1.819s] [01m[K/home/panav/ros2_ws/src/dwa_planner/src/dwa_node.cpp:164:25:[m[K [01;31m[Kerror: [m[Kinvalid use of â€˜[01m[Kthis[m[Kâ€™ in non-member function
[1.819s] [01m[K/home/panav/ros2_ws/src/dwa_planner/src/dwa_node.cpp:164:13:[m[K [01;31m[Kerror: [m[Ktemplate argument 1 is invalid
[1.819s]   164 |             [01;31m[KRCLCPP_INFO[m[K(this->get_logger(), "Goal converged");
[1.819s]       |             [01;31m[K^~~~~~~~~~~[m[K
[1.819s] [01m[K/home/panav/ros2_ws/src/dwa_planner/src/dwa_node.cpp:164:13:[m[K [01;31m[Kerror: [m[Ktemplate argument 1 is invalid
[1.819s]   164 |             [01;31m[KRCLCPP_INFO[m[K(this->get_logger(), "Goal converged");
[1.820s]       |             [01;31m[K^~~~~~~~~~~[m[K
[1.820s] [01m[K/home/panav/ros2_ws/src/dwa_planner/src/dwa_node.cpp:164:13:[m[K [01;31m[Kerror: [m[Ktemplate argument 1 is invalid
[1.820s]   164 |             [01;31m[KRCLCPP_INFO[m[K(this->get_logger(), "Goal converged");
[1.820s]       |             [01;31m[K^~~~~~~~~~~[m[K
[1.820s] In file included from [01m[K/opt/ros/humble/include/rclcpp/rclcpp/logging.hpp:24[m[K,
[1.820s]                  from [01m[K/opt/ros/humble/include/rclcpp/rclcpp/client.hpp:40[m[K,
[1.820s]                  from [01m[K/opt/ros/humble/include/rclcpp/rclcpp/callback_group.hpp:24[m[K,
[1.820s]                  from [01m[K/opt/ros/humble/include/rclcpp/rclcpp/any_executable.hpp:20[m[K,
[1.820s]                  from [01m[K/opt/ros/humble/include/rclcpp/rclcpp/memory_strategy.hpp:25[m[K,
[1.820s]                  from [01m[K/opt/ros/humble/include/rclcpp/rclcpp/memory_strategies.hpp:18[m[K,
[1.820s]                  from [01m[K/opt/ros/humble/include/rclcpp/rclcpp/executor_options.hpp:20[m[K,
[1.820s]                  from [01m[K/opt/ros/humble/include/rclcpp/rclcpp/executor.hpp:37[m[K,
[1.820s]                  from [01m[K/opt/ros/humble/include/rclcpp/rclcpp/executors/multi_threaded_executor.hpp:25[m[K,
[1.821s]                  from [01m[K/opt/ros/humble/include/rclcpp/rclcpp/executors.hpp:21[m[K,
[1.821s]                  from [01m[K/opt/ros/humble/include/rclcpp/rclcpp/rclcpp.hpp:155[m[K,
[1.821s]                  from [01m[K/home/panav/ros2_ws/src/dwa_planner/src/dwa_node.cpp:1[m[K:
[1.821s] [01m[K/home/panav/ros2_ws/src/dwa_planner/src/dwa_node.cpp:164:25:[m[K [01;31m[Kerror: [m[Kinvalid use of â€˜[01m[Kthis[m[Kâ€™ in non-member function
[1.821s]   164 |             RCLCPP_INFO([01;31m[Kthis[m[K->get_logger(), "Goal converged");
[1.821s]       |                         [01;31m[K^~~~[m[K
[1.821s] [01m[K/home/panav/ros2_ws/src/dwa_planner/src/dwa_node.cpp:164:25:[m[K [01;31m[Kerror: [m[Kinvalid use of â€˜[01m[Kthis[m[Kâ€™ in non-member function
[1.821s]   164 |             RCLCPP_INFO([01;31m[Kthis[m[K->get_logger(), "Goal converged");
[1.821s]       |                         [01;31m[K^~~~[m[K
[1.821s] [01m[K/home/panav/ros2_ws/src/dwa_planner/src/dwa_node.cpp:169:16:[m[K [01;31m[Kerror: [m[Kredeclaration of â€˜[01m[Kdouble best_score[m[Kâ€™
[1.821s]   169 |         double [01;31m[Kbest_score[m[K = -INT_MAX;
[1.821s]       |                [01;31m[K^~~~~~~~~~[m[K
[1.821s] [01m[K/home/panav/ros2_ws/src/dwa_planner/src/dwa_node.cpp:146:16:[m[K [01;36m[Knote: [m[Kâ€˜[01m[Kdouble best_score[m[Kâ€™ previously declared here
[1.821s]   146 |         double [01;36m[Kbest_score[m[K = INT_MAX;
[1.821s]       |                [01;36m[K^~~~~~~~~~[m[K
[1.822s] [01m[K/home/panav/ros2_ws/src/dwa_planner/src/dwa_node.cpp:170:16:[m[K [01;31m[Kerror: [m[Kredeclaration of â€˜[01m[Kdouble best_speed[m[Kâ€™
[1.822s]   170 |         double [01;31m[Kbest_speed[m[K = 0.0, best_rotation_speed = 0.0;\
[1.822s]       |                [01;31m[K^~~~~~~~~~[m[K
[1.822s] [01m[K/home/panav/ros2_ws/src/dwa_planner/src/dwa_node.cpp:147:16:[m[K [01;36m[Knote: [m[Kâ€˜[01m[Kdouble best_speed[m[Kâ€™ previously declared here
[1.822s]   147 |         double [01;36m[Kbest_speed[m[K = 0.0;
[1.822s]       |                [01;36m[K^~~~~~~~~~[m[K
[1.822s] [01m[K/home/panav/ros2_ws/src/dwa_planner/src/dwa_node.cpp:170:34:[m[K [01;31m[Kerror: [m[Kredeclaration of â€˜[01m[Kdouble best_rotation_speed[m[Kâ€™
[1.822s]   170 |         double best_speed = 0.0, [01;31m[Kbest_rotation_speed[m[K = 0.0;\
[1.822s]       |                                  [01;31m[K^~~~~~~~~~~~~~~~~~~[m[K
[1.822s] [01m[K/home/panav/ros2_ws/src/dwa_planner/src/dwa_node.cpp:148:16:[m[K [01;36m[Knote: [m[Kâ€˜[01m[Kdouble best_rotation_speed[m[Kâ€™ previously declared here
[1.822s]   148 |         double [01;36m[Kbest_rotation_speed[m[K = 0.0;
[1.822s]       |                [01;36m[K^~~~~~~~~~~~~~~~~~~[m[K
[1.822s] [01m[K/home/panav/ros2_ws/src/dwa_planner/src/dwa_node.cpp:181:71:[m[K [01;31m[Kerror: [m[Kâ€˜[01m[Kscan_data[m[Kâ€™ was not declared in this scope
[1.822s]   181 |  collision_avoidance(trajectory, [01;31m[Kscan_data[m[K);
[1.822s]       |                                  [01;31m[K^~~~~~~~~[m[K
[1.822s] 
[1.824s] [01m[K/home/panav/ros2_ws/src/dwa_planner/src/dwa_node.cpp:182:40:[m[K [01;31m[Kerror: [m[Kâ€˜[01m[Kturn[m[Kâ€™ was not declared in this scope
[1.824s]   182 |       double smoothness_factor = [01;31m[Kturn[m[K*rotation_speed * 0.5;
[1.825s]       |                                  [01;31m[K^~~~[m[K
[1.825s] 
[1.827s] [01m[K/home/panav/ros2_ws/src/dwa_planner/src/dwa_node.cpp:185:16:[m[K [01;31m[Kerror: [m[Kâ€˜[01m[Ktotal_score[m[Kâ€™ was not declared in this scope
[1.827s]   185 |             if([01;31m[Ktotal_score[m[K > best_score)
[1.827s]       |                [01;31m[K^~~~~~~~~~~[m[K
[1.828s] [01m[K/home/panav/ros2_ws/src/dwa_planner/src/dwa_node.cpp:160:16:[m[K [01;35m[Kwarning: [m[Kunused variable â€˜[01m[Kgoal_angle[m[Kâ€™ [[01;35m[K]8;;https://gcc.gnu.org/onlinedocs/gcc/Warning-Options.html#index-Wunused-variable-Wunused-variable]8;;[m[K]
[1.828s]   160 |         double [01;35m[Kgoal_angle[m[K = atan2(goal_y-y, goal_x-x)-theta;
[1.828s]       |                [01;35m[K^~~~~~~~~~[m[K
[1.828s] [01m[K/home/panav/ros2_ws/src/dwa_planner/src/dwa_node.cpp:144:74:[m[K [01;35m[Kwarning: [m[Kunused parameter â€˜[01m[Ktrajectory[m[Kâ€™ [[01;35m[K]8;;https://gcc.gnu.org/onlinedocs/gcc/Warning-Options.html#index-Wunused-parameter-Wunused-parameter]8;;[m[K]
[1.828s]   144 | [01;35m[Kst vector<pair<double, double>>& trajectory[m[K, const sensor_msgs::msg::LaserScan& scan)
[1.828s]       | [01;35m[K~~~~~~~~~~~~~~~~~~~~~~~~~~~~~~~~~^~~~~~~~~~[m[K
[1.828s] 
[1.828s] [01m[K/home/panav/ros2_ws/src/dwa_planner/src/dwa_node.cpp:144:121:[m[K [01;35m[Kwarning: [m[Kunused parameter â€˜[01m[Kscan[m[Kâ€™ [[01;35m[K]8;;https://gcc.gnu.org/onlinedocs/gcc/Warning-Options.html#index-Wunused-parameter-Wunused-parameter]8;;[m[K]
[1.828s]   144 | ry, [01;35m[Kconst sensor_msgs::msg::LaserScan& scan[m[K)
[1.828s]       |     [01;35m[K~~~~~~~~~~~~~~~~~~~~~~~~~~~~~~~~~~~^~~~[m[K
[1.828s] 
[1.828s] In file included from [01m[K/opt/ros/humble/include/rclcpp/rclcpp/client.hpp:40[m[K,
[1.828s]                  from [01m[K/opt/ros/humble/include/rclcpp/rclcpp/callback_group.hpp:24[m[K,
[1.828s]                  from [01m[K/opt/ros/humble/include/rclcpp/rclcpp/any_executable.hpp:20[m[K,
[1.828s]                  from [01m[K/opt/ros/humble/include/rclcpp/rclcpp/memory_strategy.hpp:25[m[K,
[1.828s]                  from [01m[K/opt/ros/humble/include/rclcpp/rclcpp/memory_strategies.hpp:18[m[K,
[1.829s]                  from [01m[K/opt/ros/humble/include/rclcpp/rclcpp/executor_options.hpp:20[m[K,
[1.829s]                  from [01m[K/opt/ros/humble/include/rclcpp/rclcpp/executor.hpp:37[m[K,
[1.829s]                  from [01m[K/opt/ros/humble/include/rclcpp/rclcpp/executors/multi_threaded_executor.hpp:25[m[K,
[1.829s]                  from [01m[K/opt/ros/humble/include/rclcpp/rclcpp/executors.hpp:21[m[K,
[1.829s]                  from [01m[K/opt/ros/humble/include/rclcpp/rclcpp/rclcpp.hpp:155[m[K,
[1.829s]                  from [01m[K/home/panav/ros2_ws/src/dwa_planner/src/dwa_node.cpp:1[m[K:
[1.829s] [01m[K/home/panav/ros2_ws/src/dwa_planner/src/dwa_node.cpp:[m[K In function â€˜[01m[Kvoid timer_callback()[m[Kâ€™:
[1.829s] [01m[K/home/panav/ros2_ws/src/dwa_planner/src/dwa_node.cpp:199:25:[m[K [01;31m[Kerror: [m[Kinvalid use of â€˜[01m[Kthis[m[Kâ€™ in non-member function
[1.829s]   199 |             RCLCPP_INFO([01;31m[Kthis[m[K->get_logger(), "Goal already converged");
[1.829s]       |                         [01;31m[K^~~~[m[K
[1.829s] [01m[K/home/panav/ros2_ws/src/dwa_planner/src/dwa_node.cpp:199:25:[m[K [01;31m[Kerror: [m[Kinvalid use of â€˜[01m[Kthis[m[Kâ€™ in non-member function
[1.829s] [01m[K/home/panav/ros2_ws/src/dwa_planner/src/dwa_node.cpp:199:13:[m[K [01;31m[Kerror: [m[Ktemplate argument 1 is invalid
[1.829s]   199 |             [01;31m[KRCLCPP_INFO[m[K(this->get_logger(), "Goal already converged");
[1.829s]       |             [01;31m[K^~~~~~~~~~~[m[K
[1.829s] [01m[K/home/panav/ros2_ws/src/dwa_planner/src/dwa_node.cpp:199:13:[m[K [01;31m[Kerror: [m[Ktemplate argument 1 is invalid
[1.829s]   199 |             [01;31m[KRCLCPP_INFO[m[K(this->get_logger(), "Goal already converged");
[1.830s]       |             [01;31m[K^~~~~~~~~~~[m[K
[1.830s] [01m[K/home/panav/ros2_ws/src/dwa_planner/src/dwa_node.cpp:199:13:[m[K [01;31m[Kerror: [m[Ktemplate argument 1 is invalid
[1.830s]   199 |             [01;31m[KRCLCPP_INFO[m[K(this->get_logger(), "Goal already converged");
[1.830s]       |             [01;31m[K^~~~~~~~~~~[m[K
[1.830s] In file included from [01m[K/opt/ros/humble/include/rclcpp/rclcpp/logging.hpp:24[m[K,
[1.830s]                  from [01m[K/opt/ros/humble/include/rclcpp/rclcpp/client.hpp:40[m[K,
[1.830s]                  from [01m[K/opt/ros/humble/include/rclcpp/rclcpp/callback_group.hpp:24[m[K,
[1.830s]                  from [01m[K/opt/ros/humble/include/rclcpp/rclcpp/any_executable.hpp:20[m[K,
[1.830s]                  from [01m[K/opt/ros/humble/include/rclcpp/rclcpp/memory_strategy.hpp:25[m[K,
[1.830s]                  from [01m[K/opt/ros/humble/include/rclcpp/rclcpp/memory_strategies.hpp:18[m[K,
[1.830s]                  from [01m[K/opt/ros/humble/include/rclcpp/rclcpp/executor_options.hpp:20[m[K,
[1.830s]                  from [01m[K/opt/ros/humble/include/rclcpp/rclcpp/executor.hpp:37[m[K,
[1.830s]                  from [01m[K/opt/ros/humble/include/rclcpp/rclcpp/executors/multi_threaded_executor.hpp:25[m[K,
[1.830s]                  from [01m[K/opt/ros/humble/include/rclcpp/rclcpp/executors.hpp:21[m[K,
[1.830s]                  from [01m[K/opt/ros/humble/include/rclcpp/rclcpp/rclcpp.hpp:155[m[K,
[1.831s]                  from [01m[K/home/panav/ros2_ws/src/dwa_planner/src/dwa_node.cpp:1[m[K:
[1.831s] [01m[K/home/panav/ros2_ws/src/dwa_planner/src/dwa_node.cpp:199:25:[m[K [01;31m[Kerror: [m[Kinvalid use of â€˜[01m[Kthis[m[Kâ€™ in non-member function
[1.831s]   199 |             RCLCPP_INFO([01;31m[Kthis[m[K->get_logger(), "Goal already converged");
[1.831s]       |                         [01;31m[K^~~~[m[K
[1.831s] [01m[K/home/panav/ros2_ws/src/dwa_planner/src/dwa_node.cpp:199:25:[m[K [01;31m[Kerror: [m[Kinvalid use of â€˜[01m[Kthis[m[Kâ€™ in non-member function
[1.831s]   199 |             RCLCPP_INFO([01;31m[Kthis[m[K->get_logger(), "Goal already converged");
[1.831s]       |                         [01;31m[K^~~~[m[K
[1.831s] [01m[K/home/panav/ros2_ws/src/dwa_planner/src/dwa_node.cpp:202:13:[m[K [01;31m[Kerror: [m[Kâ€˜[01m[Kodom_data[m[Kâ€™ was not declared in this scope; did you mean â€˜[01m[Krandom_data[m[Kâ€™?
[1.831s]   202 |         if(![01;31m[Kodom_data[m[K || !scan_data)
[1.831s]       |             [01;31m[K^~~~~~~~~[m[K
[1.831s]       |             [32m[Krandom_data[m[K
[1.833s] [01m[K/home/panav/ros2_ws/src/dwa_planner/src/dwa_node.cpp:202:27:[m[K [01;31m[Kerror: [m[Kâ€˜[01m[Kscan_data[m[Kâ€™ was not declared in this scope
[1.833s]   202 |         if(!odom_data || ![01;31m[Kscan_data[m[K)
[1.833s]       |                           [01;31m[K^~~~~~~~~[m[K
[1.833s] In file included from [01m[K/opt/ros/humble/include/rclcpp/rclcpp/client.hpp:40[m[K,
[1.833s]                  from [01m[K/opt/ros/humble/include/rclcpp/rclcpp/callback_group.hpp:24[m[K,
[1.833s]                  from [01m[K/opt/ros/humble/include/rclcpp/rclcpp/any_executable.hpp:20[m[K,
[1.833s]                  from [01m[K/opt/ros/humble/include/rclcpp/rclcpp/memory_strategy.hpp:25[m[K,
[1.833s]                  from [01m[K/opt/ros/humble/include/rclcpp/rclcpp/memory_strategies.hpp:18[m[K,
[1.833s]                  from [01m[K/opt/ros/humble/include/rclcpp/rclcpp/executor_options.hpp:20[m[K,
[1.834s]                  from [01m[K/opt/ros/humble/include/rclcpp/rclcpp/executor.hpp:37[m[K,
[1.834s]                  from [01m[K/opt/ros/humble/include/rclcpp/rclcpp/executors/multi_threaded_executor.hpp:25[m[K,
[1.834s]                  from [01m[K/opt/ros/humble/include/rclcpp/rclcpp/executors.hpp:21[m[K,
[1.834s]                  from [01m[K/opt/ros/humble/include/rclcpp/rclcpp/rclcpp.hpp:155[m[K,
[1.834s]                  from [01m[K/home/panav/ros2_ws/src/dwa_planner/src/dwa_node.cpp:1[m[K:
[1.834s] [01m[K/home/panav/ros2_ws/src/dwa_planner/src/dwa_node.cpp:204:25:[m[K [01;31m[Kerror: [m[Kinvalid use of â€˜[01m[Kthis[m[Kâ€™ in non-member function
[1.834s]   204 |             RCLCPP_INFO([01;31m[Kthis[m[K->get_logger(), "Waiting for odometry or laser scan data");
[1.834s]       |                         [01;31m[K^~~~[m[K
[1.834s] [01m[K/home/panav/ros2_ws/src/dwa_planner/src/dwa_node.cpp:204:25:[m[K [01;31m[Kerror: [m[Kinvalid use of â€˜[01m[Kthis[m[Kâ€™ in non-member function
[1.834s] [01m[K/home/panav/ros2_ws/src/dwa_planner/src/dwa_node.cpp:204:13:[m[K [01;31m[Kerror: [m[Ktemplate argument 1 is invalid
[1.834s]   204 |             [01;31m[KRCLCPP_INFO[m[K(this->get_logger(), "Waiting for odometry or laser scan data");
[1.834s]       |             [01;31m[K^~~~~~~~~~~[m[K
[1.834s] [01m[K/home/panav/ros2_ws/src/dwa_planner/src/dwa_node.cpp:204:13:[m[K [01;31m[Kerror: [m[Ktemplate argument 1 is invalid
[1.834s]   204 |             [01;31m[KRCLCPP_INFO[m[K(this->get_logger(), "Waiting for odometry or laser scan data");
[1.834s]       |             [01;31m[K^~~~~~~~~~~[m[K
[1.834s] [01m[K/home/panav/ros2_ws/src/dwa_planner/src/dwa_node.cpp:204:13:[m[K [01;31m[Kerror: [m[Ktemplate argument 1 is invalid
[1.834s]   204 |             [01;31m[KRCLCPP_INFO[m[K(this->get_logger(), "Waiting for odometry or laser scan data");
[1.834s]       |             [01;31m[K^~~~~~~~~~~[m[K
[1.834s] In file included from [01m[K/opt/ros/humble/include/rclcpp/rclcpp/logging.hpp:24[m[K,
[1.834s]                  from [01m[K/opt/ros/humble/include/rclcpp/rclcpp/client.hpp:40[m[K,
[1.834s]                  from [01m[K/opt/ros/humble/include/rclcpp/rclcpp/callback_group.hpp:24[m[K,
[1.834s]                  from [01m[K/opt/ros/humble/include/rclcpp/rclcpp/any_executable.hpp:20[m[K,
[1.834s]                  from [01m[K/opt/ros/humble/include/rclcpp/rclcpp/memory_strategy.hpp:25[m[K,
[1.834s]                  from [01m[K/opt/ros/humble/include/rclcpp/rclcpp/memory_strategies.hpp:18[m[K,
[1.834s]                  from [01m[K/opt/ros/humble/include/rclcpp/rclcpp/executor_options.hpp:20[m[K,
[1.834s]                  from [01m[K/opt/ros/humble/include/rclcpp/rclcpp/executor.hpp:37[m[K,
[1.834s]                  from [01m[K/opt/ros/humble/include/rclcpp/rclcpp/executors/multi_threaded_executor.hpp:25[m[K,
[1.834s]                  from [01m[K/opt/ros/humble/include/rclcpp/rclcpp/executors.hpp:21[m[K,
[1.834s]                  from [01m[K/opt/ros/humble/include/rclcpp/rclcpp/rclcpp.hpp:155[m[K,
[1.834s]                  from [01m[K/home/panav/ros2_ws/src/dwa_planner/src/dwa_node.cpp:1[m[K:
[1.834s] [01m[K/home/panav/ros2_ws/src/dwa_planner/src/dwa_node.cpp:204:25:[m[K [01;31m[Kerror: [m[Kinvalid use of â€˜[01m[Kthis[m[Kâ€™ in non-member function
[1.834s]   204 |             RCLCPP_INFO([01;31m[Kthis[m[K->get_logger(), "Waiting for odometry or laser scan data");
[1.834s]       |                         [01;31m[K^~~~[m[K
[1.834s] [01m[K/home/panav/ros2_ws/src/dwa_planner/src/dwa_node.cpp:204:25:[m[K [01;31m[Kerror: [m[Kinvalid use of â€˜[01m[Kthis[m[Kâ€™ in non-member function
[1.834s]   204 |             RCLCPP_INFO([01;31m[Kthis[m[K->get_logger(), "Waiting for odometry or laser scan data");
[1.834s]       |                         [01;31m[K^~~~[m[K
[1.836s] [01m[K/home/panav/ros2_ws/src/dwa_planner/src/dwa_node.cpp:208:62:[m[K [01;31m[Kerror: [m[Kâ€˜[01m[Ktrajectory[m[Kâ€™ was not declared in this scope
[1.836s]   208 | st_rotation_speed] = dwa_control([01;31m[Ktrajectory[m[K, current_scan);
[1.836s]       |                                  [01;31m[K^~~~~~~~~~[m[K
[1.836s] 
[1.839s] [01m[K/home/panav/ros2_ws/src/dwa_planner/src/dwa_node.cpp:208:74:[m[K [01;31m[Kerror: [m[Kâ€˜[01m[Kcurrent_scan[m[Kâ€™ was not declared in this scope; did you mean â€˜[01m[Kcurrent_odom[m[Kâ€™?
[1.839s]   208 | speed] = dwa_control(trajectory, [01;31m[Kcurrent_scan[m[K);
[1.839s]       |                                  [01;31m[K^~~~~~~~~~~~[m[K
[1.839s]       |                                  [32m[Kcurrent_odom[m[K
[1.839s] [01m[K/home/panav/ros2_ws/src/dwa_planner/src/dwa_node.cpp:214:9:[m[K [01;31m[Kerror: [m[Kâ€˜[01m[Kvisualization_msgs[m[Kâ€™ has not been declared
[1.839s]   214 |         [01;31m[Kvisualization_msgs[m[K::msg::Marker path_marker;
[1.839s]       |         [01;31m[K^~~~~~~~~~~~~~~~~~[m[K
[1.842s] [01m[K/home/panav/ros2_ws/src/dwa_planner/src/dwa_node.cpp:215:9:[m[K [01;31m[Kerror: [m[Kâ€˜[01m[Kpath_marker[m[Kâ€™ was not declared in this scope
[1.842s]   215 |         [01;31m[Kpath_marker[m[K.header.frame_id = "map";
[1.842s]       |         [01;31m[K^~~~~~~~~~~[m[K
[1.842s] [01m[K/home/panav/ros2_ws/src/dwa_planner/src/dwa_node.cpp:216:36:[m[K [01;31m[Kerror: [m[Kinvalid use of â€˜[01m[Kthis[m[Kâ€™ in non-member function
[1.842s]   216 |       path_marker.header.stamp = [01;31m[Kthis[m[K->now();
[1.842s]       |                                  [01;31m[K^~~~[m[K
[1.842s] 
[1.842s] [01m[K/home/panav/ros2_ws/src/dwa_planner/src/dwa_node.cpp:219:28:[m[K [01;31m[Kerror: [m[Kâ€˜[01m[Kvisualization_msgs[m[Kâ€™ has not been declared
[1.842s]   219 |         path_marker.type = [01;31m[Kvisualization_msgs[m[K::msg::Marker::LINE_STRIP;
[1.842s]       |                            [01;31m[K^~~~~~~~~~~~~~~~~~[m[K
[1.842s] [01m[K/home/panav/ros2_ws/src/dwa_planner/src/dwa_node.cpp:220:30:[m[K [01;31m[Kerror: [m[Kâ€˜[01m[Kvisualization_msgs[m[Kâ€™ has not been declared
[1.842s]   220 |         path_marker.action = [01;31m[Kvisualization_msgs[m[K::msg::Marker::ADD;
[1.842s]       |                              [01;31m[K^~~~~~~~~~~~~~~~~~[m[K
[1.845s] [01m[K/home/panav/ros2_ws/src/dwa_planner/src/dwa_node.cpp:236:9:[m[K [01;31m[Kerror: [m[Kâ€˜[01m[Kpath_pub[m[Kâ€™ was not declared in this scope
[1.845s]   236 |         [01;31m[Kpath_pub[m[K->publish(path_marker);
[1.845s]       |         [01;31m[K^~~~~~~~[m[K
[1.847s] [01m[K/home/panav/ros2_ws/src/dwa_planner/src/dwa_node.cpp:237:9:[m[K [01;31m[Kerror: [m[Kâ€˜[01m[Kvel_pub[m[Kâ€™ was not declared in this scope
[1.847s]   237 |         [01;31m[Kvel_pub[m[K->publish(cmd_vel);
[1.847s]       |         [01;31m[K^~~~~~~[m[K
[1.847s] In file included from [01m[K/opt/ros/humble/include/rclcpp/rclcpp/client.hpp:40[m[K,
[1.847s]                  from [01m[K/opt/ros/humble/include/rclcpp/rclcpp/callback_group.hpp:24[m[K,
[1.847s]                  from [01m[K/opt/ros/humble/include/rclcpp/rclcpp/any_executable.hpp:20[m[K,
[1.847s]                  from [01m[K/opt/ros/humble/include/rclcpp/rclcpp/memory_strategy.hpp:25[m[K,
[1.847s]                  from [01m[K/opt/ros/humble/include/rclcpp/rclcpp/memory_strategies.hpp:18[m[K,
[1.847s]                  from [01m[K/opt/ros/humble/include/rclcpp/rclcpp/executor_options.hpp:20[m[K,
[1.847s]                  from [01m[K/opt/ros/humble/include/rclcpp/rclcpp/executor.hpp:37[m[K,
[1.847s]                  from [01m[K/opt/ros/humble/include/rclcpp/rclcpp/executors/multi_threaded_executor.hpp:25[m[K,
[1.847s]                  from [01m[K/opt/ros/humble/include/rclcpp/rclcpp/executors.hpp:21[m[K,
[1.847s]                  from [01m[K/opt/ros/humble/include/rclcpp/rclcpp/rclcpp.hpp:155[m[K,
[1.847s]                  from [01m[K/home/panav/ros2_ws/src/dwa_planner/src/dwa_node.cpp:1[m[K:
[1.847s] [01m[K/home/panav/ros2_ws/src/dwa_planner/src/dwa_node.cpp:238:21:[m[K [01;31m[Kerror: [m[Kinvalid use of â€˜[01m[Kthis[m[Kâ€™ in non-member function
[1.847s]   238 |         RCLCPP_INFO([01;31m[Kthis[m[K->get_logger(), "Published velocity: linear.x=%f, angular.z=%f", cmd_vel.linear.x, cmd_vel.angular.z);
[1.847s]       |                     [01;31m[K^~~~[m[K
[1.847s] [01m[K/home/panav/ros2_ws/src/dwa_planner/src/dwa_node.cpp:238:21:[m[K [01;31m[Kerror: [m[Kinvalid use of â€˜[01m[Kthis[m[Kâ€™ in non-member function
[1.848s] [01m[K/home/panav/ros2_ws/src/dwa_planner/src/dwa_node.cpp:238:9:[m[K [01;31m[Kerror: [m[Ktemplate argument 1 is invalid
[1.848s]   238 |         [01;31m[KRCLCPP_INFO[m[K(this->get_logger(), "Published velocity: linear.x=%f, angular.z=%f", cmd_vel.linear.x, cmd_vel.angular.z);
[1.848s]       |         [01;31m[K^~~~~~~~~~~[m[K
[1.848s] [01m[K/home/panav/ros2_ws/src/dwa_planner/src/dwa_node.cpp:238:9:[m[K [01;31m[Kerror: [m[Ktemplate argument 1 is invalid
[1.848s]   238 |         [01;31m[KRCLCPP_INFO[m[K(this->get_logger(), "Published velocity: linear.x=%f, angular.z=%f", cmd_vel.linear.x, cmd_vel.angular.z);
[1.848s]       |         [01;31m[K^~~~~~~~~~~[m[K
[1.848s] [01m[K/home/panav/ros2_ws/src/dwa_planner/src/dwa_node.cpp:238:9:[m[K [01;31m[Kerror: [m[Ktemplate argument 1 is invalid
[1.848s]   238 |         [01;31m[KRCLCPP_INFO[m[K(this->get_logger(), "Published velocity: linear.x=%f, angular.z=%f", cmd_vel.linear.x, cmd_vel.angular.z);
[1.848s]       |         [01;31m[K^~~~~~~~~~~[m[K
[1.848s] In file included from [01m[K/opt/ros/humble/include/rclcpp/rclcpp/logging.hpp:24[m[K,
[1.848s]                  from [01m[K/opt/ros/humble/include/rclcpp/rclcpp/client.hpp:40[m[K,
[1.848s]                  from [01m[K/opt/ros/humble/include/rclcpp/rclcpp/callback_group.hpp:24[m[K,
[1.848s]                  from [01m[K/opt/ros/humble/include/rclcpp/rclcpp/any_executable.hpp:20[m[K,
[1.848s]                  from [01m[K/opt/ros/humble/include/rclcpp/rclcpp/memory_strategy.hpp:25[m[K,
[1.848s]                  from [01m[K/opt/ros/humble/include/rclcpp/rclcpp/memory_strategies.hpp:18[m[K,
[1.848s]                  from [01m[K/opt/ros/humble/include/rclcpp/rclcpp/executor_options.hpp:20[m[K,
[1.848s]                  from [01m[K/opt/ros/humble/include/rclcpp/rclcpp/executor.hpp:37[m[K,
[1.848s]                  from [01m[K/opt/ros/humble/include/rclcpp/rclcpp/executors/multi_threaded_executor.hpp:25[m[K,
[1.848s]                  from [01m[K/opt/ros/humble/include/rclcpp/rclcpp/executors.hpp:21[m[K,
[1.848s]                  from [01m[K/opt/ros/humble/include/rclcpp/rclcpp/rclcpp.hpp:155[m[K,
[1.848s]                  from [01m[K/home/panav/ros2_ws/src/dwa_planner/src/dwa_node.cpp:1[m[K:
[1.848s] [01m[K/home/panav/ros2_ws/src/dwa_planner/src/dwa_node.cpp:238:21:[m[K [01;31m[Kerror: [m[Kinvalid use of â€˜[01m[Kthis[m[Kâ€™ in non-member function
[1.848s]   238 |         RCLCPP_INFO([01;31m[Kthis[m[K->get_logger(), "Published velocity: linear.x=%f, angular.z=%f", cmd_vel.linear.x, cmd_vel.angular.z);
[1.848s]       |                     [01;31m[K^~~~[m[K
[1.848s] [01m[K/home/panav/ros2_ws/src/dwa_planner/src/dwa_node.cpp:238:21:[m[K [01;31m[Kerror: [m[Kinvalid use of â€˜[01m[Kthis[m[Kâ€™ in non-member function
[1.848s]   238 |         RCLCPP_INFO([01;31m[Kthis[m[K->get_logger(), "Published velocity: linear.x=%f, angular.z=%f", cmd_vel.linear.x, cmd_vel.angular.z);
[1.848s]       |                     [01;31m[K^~~~[m[K
[1.848s] [01m[K/home/panav/ros2_ws/src/dwa_planner/src/dwa_node.cpp:[m[K At global scope:
[1.848s] [01m[K/home/panav/ros2_ws/src/dwa_planner/src/dwa_node.cpp:240:1:[m[K [01;31m[Kerror: [m[Kexpected declaration before â€˜[01m[K}[m[Kâ€™ token
[1.848s]   240 | [01;31m[K}[m[K;
[1.848s]       | [01;31m[K^[m[K
[1.850s] [01m[K/home/panav/ros2_ws/src/dwa_planner/src/dwa_node.cpp:[m[K In function â€˜[01m[Kint main(int, char**)[m[Kâ€™:
[1.850s] [01m[K/home/panav/ros2_ws/src/dwa_planner/src/dwa_node.cpp:244:17:[m[K [01;31m[Kerror: [m[Kno matching function for call to â€˜[01m[Kspin(std::shared_ptr<DWA_node>)[m[Kâ€™
[1.850s]   244 |     [01;31m[Krclcpp::spin(std::make_shared<DWA_node>())[m[K;
[1.850s]       |     [01;31m[K~~~~~~~~~~~~^~~~~~~~~~~~~~~~~~~~~~~~~~~~~~[m[K
[1.850s] In file included from [01m[K/opt/ros/humble/include/rclcpp/rclcpp/rclcpp.hpp:155[m[K,
[1.850s]                  from [01m[K/home/panav/ros2_ws/src/dwa_planner/src/dwa_node.cpp:1[m[K:
[1.850s] [01m[K/opt/ros/humble/include/rclcpp/rclcpp/executors.hpp:45:1:[m[K [01;36m[Knote: [m[Kcandidate: â€˜[01m[Kvoid rclcpp::spin(rclcpp::node_interfaces::NodeBaseInterface::SharedPtr)[m[Kâ€™
[1.850s]    45 | [01;36m[Kspin[m[K(rclcpp::node_interfaces::NodeBaseInterface::SharedPtr node_ptr);
[1.850s]       | [01;36m[K^~~~[m[K
[1.850s] [01m[K/opt/ros/humble/include/rclcpp/rclcpp/executors.hpp:45:60:[m[K [01;36m[Knote: [m[K  no known conversion for argument 1 from â€˜[01m[Kshared_ptr<[01;32m[KDWA_node[m[K>[m[Kâ€™ to â€˜[01m[Kshared_ptr<[01;32m[Krclcpp::node_interfaces::NodeBaseInterface[m[K>[m[Kâ€™
[1.850s]    45 | [01;36m[Kces::NodeBaseInterface::SharedPtr node_ptr[m[K);
[1.850s]       | [01;36m[K~~~~~~~~~~~~~~~~~~~~~~~~~~~~~~~~~~^~~~~~~~[m[K
[1.850s] 
[1.850s] [01m[K/opt/ros/humble/include/rclcpp/rclcpp/executors.hpp:49:1:[m[K [01;36m[Knote: [m[Kcandidate: â€˜[01m[Kvoid rclcpp::spin(rclcpp::Node::SharedPtr)[m[Kâ€™
[1.850s]    49 | [01;36m[Kspin[m[K(rclcpp::Node::SharedPtr node_ptr);
[1.850s]       | [01;36m[K^~~~[m[K
[1.850s] [01m[K/opt/ros/humble/include/rclcpp/rclcpp/executors.hpp:49:30:[m[K [01;36m[Knote: [m[K  no known conversion for argument 1 from â€˜[01m[Kshared_ptr<[01;32m[KDWA_node[m[K>[m[Kâ€™ to â€˜[01m[Kshared_ptr<[01;32m[Krclcpp::Node[m[K>[m[Kâ€™
[1.850s]    49 | spin([01;36m[Krclcpp::Node::SharedPtr node_ptr[m[K);
[1.850s]       |      [01;36m[K~~~~~~~~~~~~~~~~~~~~~~~~^~~~~~~~[m[K
[2.065s] In file included from [01m[K/usr/include/c++/11/bits/shared_ptr_base.h:60[m[K,
[2.065s]                  from [01m[K/usr/include/c++/11/bits/shared_ptr.h:53[m[K,
[2.065s]                  from [01m[K/usr/include/c++/11/memory:77[m[K,
[2.065s]                  from [01m[K/opt/ros/humble/include/rclcpp/rclcpp/rclcpp.hpp:153[m[K,
[2.065s]                  from [01m[K/home/panav/ros2_ws/src/dwa_planner/src/dwa_node.cpp:1[m[K:
[2.065s] /usr/include/c++/11/ext/aligned_buffer.h: In instantiation of â€˜[01m[Kstruct __gnu_cxx::__aligned_buffer<DWA_node>[m[Kâ€™:
[2.065s] [01m[K/usr/include/c++/11/bits/shared_ptr_base.h:506:35:[m[K   required from â€˜[01m[Kclass std::_Sp_counted_ptr_inplace<DWA_node, std::allocator<DWA_node>, __gnu_cxx::_S_atomic>::_Impl[m[Kâ€™
[2.065s] [01m[K/usr/include/c++/11/bits/shared_ptr_base.h:567:13:[m[K   required from â€˜[01m[Kclass std::_Sp_counted_ptr_inplace<DWA_node, std::allocator<DWA_node>, __gnu_cxx::_S_atomic>[m[Kâ€™
[2.065s] [01m[K/usr/include/c++/11/bits/shared_ptr_base.h:647:43:[m[K   required from â€˜[01m[Kstd::__shared_count<_Lp>::__shared_count(_Tp*&, std::_Sp_alloc_shared_tag<_Alloc>, _Args&& ...) [with _Tp = DWA_node; _Alloc = std::allocator<DWA_node>; _Args = {}; __gnu_cxx::_Lock_policy _Lp = __gnu_cxx::_S_atomic][m[Kâ€™
[2.065s] [01m[K/usr/include/c++/11/bits/shared_ptr_base.h:1342:14:[m[K   required from â€˜[01m[Kstd::__shared_ptr<_Tp, _Lp>::__shared_ptr(std::_Sp_alloc_shared_tag<_Tp>, _Args&& ...) [with _Alloc = std::allocator<DWA_node>; _Args = {}; _Tp = DWA_node; __gnu_cxx::_Lock_policy _Lp = __gnu_cxx::_S_atomic][m[Kâ€™
[2.066s] [01m[K/usr/include/c++/11/bits/shared_ptr.h:409:59:[m[K   required from â€˜[01m[Kstd::shared_ptr<_Tp>::shared_ptr(std::_Sp_alloc_shared_tag<_Tp>, _Args&& ...) [with _Alloc = std::allocator<DWA_node>; _Args = {}; _Tp = DWA_node][m[Kâ€™
[2.066s] [01m[K/usr/include/c++/11/bits/shared_ptr.h:862:14:[m[K   required from â€˜[01m[Kstd::shared_ptr<_Tp> std::allocate_shared(const _Alloc&, _Args&& ...) [with _Tp = DWA_node; _Alloc = std::allocator<DWA_node>; _Args = {}][m[Kâ€™
[2.066s] [01m[K/usr/include/c++/11/bits/shared_ptr.h:878:39:[m[K   required from â€˜[01m[Kstd::shared_ptr<_Tp> std::make_shared(_Args&& ...) [with _Tp = DWA_node; _Args = {}][m[Kâ€™
[2.066s] [01m[K/home/panav/ros2_ws/src/dwa_planner/src/dwa_node.cpp:244:44:[m[K   required from here
[2.066s] [01m[K/usr/include/c++/11/ext/aligned_buffer.h:91:28:[m[K [01;31m[Kerror: [m[Kinvalid application of â€˜[01m[Ksizeof[m[Kâ€™ to incomplete type â€˜[01m[KDWA_node[m[Kâ€™
[2.066s]    91 |     : std::aligned_storage<[01;31m[Ksizeof(_Tp)[m[K, __alignof__(_Tp)>
[2.066s]       |                            [01;31m[K^~~~~~~~~~~[m[K
[2.066s] [01m[K/usr/include/c++/11/ext/aligned_buffer.h:91:28:[m[K [01;31m[Kerror: [m[Kinvalid application of â€˜[01m[Ksizeof[m[Kâ€™ to incomplete type â€˜[01m[KDWA_node[m[Kâ€™
[2.142s] gmake[2]: *** [CMakeFiles/dwa_node.dir/build.make:76: CMakeFiles/dwa_node.dir/src/dwa_node.cpp.o] Error 1
[2.142s] gmake[1]: *** [CMakeFiles/Makefile2:137: CMakeFiles/dwa_node.dir/all] Error 2
[2.142s] gmake: *** [Makefile:146: all] Error 2
[2.144s] Invoked command in '/home/panav/ros2_ws/src/dwa_planner/build/dwa_planner' returned '2': CMAKE_PREFIX_PATH=${CMAKE_PREFIX_PATH}:/home/panav/ros2_ws/install/turtlebot3_teleop:/home/panav/ros2_ws/install/turtlebot3_example:/home/panav/ros2_ws/install/python_starter:/home/panav/ros2_ws/install/lidar_proximity_filter:/home/panav/ros2_ws/install/launch_testing_examples:/home/panav/ros2_ws/install/examples_rclpy_pointcloud_publisher:/home/panav/ros2_ws/install/examples_rclpy_minimal_subscriber:/home/panav/ros2_ws/install/examples_rclpy_minimal_service:/home/panav/ros2_ws/install/examples_rclpy_minimal_publisher:/home/panav/ros2_ws/install/examples_rclpy_minimal_client:/home/panav/ros2_ws/install/examples_rclpy_minimal_action_server:/home/panav/ros2_ws/install/examples_rclpy_minimal_action_client:/home/panav/ros2_ws/install/examples_rclpy_guard_conditions:/home/panav/ros2_ws/install/examples_rclpy_executors:/opt/ros/humble /usr/bin/cmake --build /home/panav/ros2_ws/src/dwa_planner/build/dwa_planner
