[01m[K/home/panav/ros2_ws/src/dwa_planner/src/tester.cpp:2:1:[m[K [01;31m[Kerror: [m[Kexpected unqualified-id before â€˜[01m[K>[m[Kâ€™ token
    2 | [01;31m[K>[m[K
      | [01;31m[K^[m[K
gmake[2]: *** [CMakeFiles/test_node.dir/build.make:76: CMakeFiles/test_node.dir/src/tester.cpp.o] Error 1
gmake[1]: *** [CMakeFiles/Makefile2:165: CMakeFiles/test_node.dir/all] Error 2
gmake: *** [Makefile:146: all] Error 2
