[0.016s] Invoking command in '/home/panav/ros2_ws/src/dwa_planner/build/dwa_planner': CMAKE_PREFIX_PATH=${CMAKE_PREFIX_PATH}:/home/panav/ros2_ws/install/turtlebot3_teleop:/home/panav/ros2_ws/install/turtlebot3_example:/home/panav/ros2_ws/install/python_starter:/home/panav/ros2_ws/install/lidar_proximity_filter:/home/panav/ros2_ws/install/launch_testing_examples:/home/panav/ros2_ws/install/examples_rclpy_pointcloud_publisher:/home/panav/ros2_ws/install/examples_rclpy_minimal_subscriber:/home/panav/ros2_ws/install/examples_rclpy_minimal_service:/home/panav/ros2_ws/install/examples_rclpy_minimal_publisher:/home/panav/ros2_ws/install/examples_rclpy_minimal_client:/home/panav/ros2_ws/install/examples_rclpy_minimal_action_server:/home/panav/ros2_ws/install/examples_rclpy_minimal_action_client:/home/panav/ros2_ws/install/examples_rclpy_guard_conditions:/home/panav/ros2_ws/install/examples_rclpy_executors:/opt/ros/humble /usr/bin/cmake --build /home/panav/ros2_ws/src/dwa_planner/build/dwa_planner
[0.057s] [35m[1mConsolidate compiler generated dependencies of target dwa_node[0m
[0.073s] [ 50%] [32mBuilding CXX object CMakeFiles/dwa_node.dir/src/dwa_node.cpp.o[0m
[1.727s] In file included from [01m[K/opt/ros/humble/include/rclcpp/rclcpp/logging.hpp:24[m[K,
[1.727s]                  from [01m[K/opt/ros/humble/include/rclcpp/rclcpp/client.hpp:40[m[K,
[1.727s]                  from [01m[K/opt/ros/humble/include/rclcpp/rclcpp/callback_group.hpp:24[m[K,
[1.727s]                  from [01m[K/opt/ros/humble/include/rclcpp/rclcpp/any_executable.hpp:20[m[K,
[1.727s]                  from [01m[K/opt/ros/humble/include/rclcpp/rclcpp/memory_strategy.hpp:25[m[K,
[1.728s]                  from [01m[K/opt/ros/humble/include/rclcpp/rclcpp/memory_strategies.hpp:18[m[K,
[1.728s]                  from [01m[K/opt/ros/humble/include/rclcpp/rclcpp/executor_options.hpp:20[m[K,
[1.728s]                  from [01m[K/opt/ros/humble/include/rclcpp/rclcpp/executor.hpp:37[m[K,
[1.728s]                  from [01m[K/opt/ros/humble/include/rclcpp/rclcpp/executors/multi_threaded_executor.hpp:25[m[K,
[1.728s]                  from [01m[K/opt/ros/humble/include/rclcpp/rclcpp/executors.hpp:21[m[K,
[1.728s]                  from [01m[K/opt/ros/humble/include/rclcpp/rclcpp/rclcpp.hpp:155[m[K,
[1.728s]                  from [01m[K/home/panav/ros2_ws/src/dwa_planner/src/dwa_node.cpp:1[m[K:
[1.728s] [01m[K/home/panav/ros2_ws/src/dwa_planner/src/dwa_node.cpp:[m[K In member function â€˜[01m[Kvoid DWA_node::scan_callback(sensor_msgs::msg::LaserScan_<std::allocator<void> >::SharedPtr)[m[Kâ€™:
[1.728s] [01m[K/home/panav/ros2_ws/src/dwa_planner/src/dwa_node.cpp:96:41:[m[K [01;35m[Kwarning: [m[Kunknown conversion type character â€˜[01m[Kr[m[Kâ€™ in format [[01;35m[K]8;;https://gcc.gnu.org/onlinedocs/gcc/Warning-Options.html#index-Wformat=-Wformat=]8;;[m[K]
[1.728s]    96 |  RCLCPP_INFO(this->get_logger(), [01;35m[K"Laser scan received: % ranges"[m[K, static_cast<int>(current_scan.ranges.size()));
[1.728s]       |                                  [01;35m[K^~~~~~~~~~~~~~~~~~~~~~~~~~~~~~~[m[K
[1.728s] 
[1.728s] [01m[K/home/panav/ros2_ws/src/dwa_planner/src/dwa_node.cpp:96:65:[m[K [01;36m[Knote: [m[Kformat string is defined here
[1.728s]    96 | ogger(), "Laser scan received: % [01;36m[Kr[m[Kanges", static_cast<int>(current_scan.ranges.size()));
[1.728s]       |                                  [01;36m[K^[m[K
[1.728s] 
[1.728s] In file included from [01m[K/opt/ros/humble/include/rclcpp/rclcpp/logging.hpp:24[m[K,
[1.728s]                  from [01m[K/opt/ros/humble/include/rclcpp/rclcpp/client.hpp:40[m[K,
[1.728s]                  from [01m[K/opt/ros/humble/include/rclcpp/rclcpp/callback_group.hpp:24[m[K,
[1.728s]                  from [01m[K/opt/ros/humble/include/rclcpp/rclcpp/any_executable.hpp:20[m[K,
[1.728s]                  from [01m[K/opt/ros/humble/include/rclcpp/rclcpp/memory_strategy.hpp:25[m[K,
[1.728s]                  from [01m[K/opt/ros/humble/include/rclcpp/rclcpp/memory_strategies.hpp:18[m[K,
[1.728s]                  from [01m[K/opt/ros/humble/include/rclcpp/rclcpp/executor_options.hpp:20[m[K,
[1.728s]                  from [01m[K/opt/ros/humble/include/rclcpp/rclcpp/executor.hpp:37[m[K,
[1.728s]                  from [01m[K/opt/ros/humble/include/rclcpp/rclcpp/executors/multi_threaded_executor.hpp:25[m[K,
[1.728s]                  from [01m[K/opt/ros/humble/include/rclcpp/rclcpp/executors.hpp:21[m[K,
[1.729s]                  from [01m[K/opt/ros/humble/include/rclcpp/rclcpp/rclcpp.hpp:155[m[K,
[1.729s]                  from [01m[K/home/panav/ros2_ws/src/dwa_planner/src/dwa_node.cpp:1[m[K:
[1.729s] [01m[K/home/panav/ros2_ws/src/dwa_planner/src/dwa_node.cpp:96:41:[m[K [01;35m[Kwarning: [m[Ktoo many arguments for format [[01;35m[K]8;;https://gcc.gnu.org/onlinedocs/gcc/Warning-Options.html#index-Wformat-extra-args-Wformat-extra-args]8;;[m[K]
[1.729s]    96 |  RCLCPP_INFO(this->get_logger(), [01;35m[K"Laser scan received: % ranges"[m[K, static_cast<int>(current_scan.ranges.size()));
[1.729s]       |                                  [01;35m[K^~~~~~~~~~~~~~~~~~~~~~~~~~~~~~~[m[K
[1.729s] 
[1.734s] [01m[K/home/panav/ros2_ws/src/dwa_planner/src/dwa_node.cpp:[m[K In member function â€˜[01m[Kstd::vector<std::pair<double, double> > DWA_node::motion_ranges(double, double, double, const Odometry&)[m[Kâ€™:
[1.734s] [01m[K/home/panav/ros2_ws/src/dwa_planner/src/dwa_node.cpp:112:20:[m[K [01;31m[Kerror: [m[Kâ€˜[01m[Kodom_data[m[Kâ€™ was not declared in this scope; did you mean â€˜[01m[Krandom_data[m[Kâ€™?
[1.734s]   112 |         double x = [01;31m[Kodom_data[m[K.pose.pose.position.x;
[1.734s]       |                    [01;31m[K^~~~~~~~~[m[K
[1.735s]       |                    [32m[Krandom_data[m[K
[1.735s] [01m[K/home/panav/ros2_ws/src/dwa_planner/src/dwa_node.cpp:115:9:[m[K [01;31m[Kerror: [m[Kâ€˜[01m[Kyf2[m[Kâ€™ has not been declared
[1.735s]   115 |         [01;31m[Kyf2[m[K::Quaternion q(odom_data.pose.pose.orientation.x,
[1.735s]       |         [01;31m[K^~~[m[K
[1.738s] [01m[K/home/panav/ros2_ws/src/dwa_planner/src/dwa_node.cpp:120:26:[m[K [01;31m[Kerror: [m[Kâ€˜[01m[Kq[m[Kâ€™ was not declared in this scope
[1.738s]   120 |         tf2::Matrix3x3 m([01;31m[Kq[m[K);
[1.738s]       |                          [01;31m[K^[m[K
[1.742s] [01m[K/home/panav/ros2_ws/src/dwa_planner/src/dwa_node.cpp:126:18:[m[K [01;31m[Kerror: [m[Kâ€˜[01m[Kturn_rate[m[Kâ€™ was not declared in this scope; did you mean â€˜[01m[Ktruncate[m[Kâ€™?
[1.742s]   126 |             yaw+=[01;31m[Kturn_rate[m[K * time_step;
[1.742s]       |                  [01;31m[K^~~~~~~~~[m[K
[1.742s]       |                  [32m[Ktruncate[m[K
[1.743s] [01m[K/home/panav/ros2_ws/src/dwa_planner/src/dwa_node.cpp:109:70:[m[K [01;35m[Kwarning: [m[Kunused parameter â€˜[01m[Krotation_speed[m[Kâ€™ [[01;35m[K]8;;https://gcc.gnu.org/onlinedocs/gcc/Warning-Options.html#index-Wunused-parameter-Wunused-parameter]8;;[m[K]
[1.743s]   109 | tion_ranges(double speed, [01;35m[Kdouble rotation_speed[m[K, double time_step, const nav_msgs::msg::Odometry& odom)
[1.743s]       |                           [01;35m[K~~~~~~~^~~~~~~~~~~~~~[m[K
[1.743s] 
[1.743s] [01m[K/home/panav/ros2_ws/src/dwa_planner/src/dwa_node.cpp:109:135:[m[K [01;35m[Kwarning: [m[Kunused parameter â€˜[01m[Kodom[m[Kâ€™ [[01;35m[K]8;;https://gcc.gnu.org/onlinedocs/gcc/Warning-Options.html#index-Wunused-parameter-Wunused-parameter]8;;[m[K]
[1.743s]   109 | e_step, [01;35m[Kconst nav_msgs::msg::Odometry& odom[m[K)
[1.744s]       |         [01;35m[K~~~~~~~~~~~~~~~~~~~~~~~~~~~~~~~^~~~[m[K
[1.744s] 
[1.744s] [01m[K/home/panav/ros2_ws/src/dwa_planner/src/dwa_node.cpp:[m[K In member function â€˜[01m[Kstd::pair<double, double> DWA_node::path_gen()[m[Kâ€™:
[1.744s] [01m[K/home/panav/ros2_ws/src/dwa_planner/src/dwa_node.cpp:141:64:[m[K [01;31m[Kerror: [m[Kno matching function for call to â€˜[01m[KDWA_node::motion_ranges(double&, double&)[m[Kâ€™
[1.744s]   141 | uble>> trajectory = [01;31m[Kmotion_ranges(speed, rotation_speed)[m[K;
[1.744s]       |                     [01;31m[K~~~~~~~~~~~~~^~~~~~~~~~~~~~~~~~~~~~~[m[K
[1.744s] 
[1.744s] [01m[K/home/panav/ros2_ws/src/dwa_planner/src/dwa_node.cpp:109:35:[m[K [01;36m[Knote: [m[Kcandidate: â€˜[01m[Kstd::vector<std::pair<double, double> > DWA_node::motion_ranges(double, double, double, const Odometry&)[m[Kâ€™
[1.744s]   109 |    vector <pair<double, double>> [01;36m[Kmotion_ranges[m[K(double speed, double rotation_speed, double time_step, const nav_msgs::msg::Odometry& odom)
[1.744s]       |                                  [01;36m[K^~~~~~~~~~~~~[m[K
[1.744s] 
[1.744s] [01m[K/home/panav/ros2_ws/src/dwa_planner/src/dwa_node.cpp:109:35:[m[K [01;36m[Knote: [m[K  candidate expects 4 arguments, 2 provided
[1.745s] [01m[K/home/panav/ros2_ws/src/dwa_planner/src/dwa_node.cpp:139:16:[m[K [01;35m[Kwarning: [m[Kunused variable â€˜[01m[Ktime_step[m[Kâ€™ [[01;35m[K]8;;https://gcc.gnu.org/onlinedocs/gcc/Warning-Options.html#index-Wunused-variable-Wunused-variable]8;;[m[K]
[1.745s]   139 |         double [01;35m[Ktime_step[m[K = this->get_parameter("time_step").as_double();
[1.745s]       |                [01;35m[K^~~~~~~~~[m[K
[1.748s] [01m[K/home/panav/ros2_ws/src/dwa_planner/src/dwa_node.cpp:[m[K In member function â€˜[01m[Kdouble DWA_node::collision_avoidance(const std::vector<std::pair<double, double> >&, const LaserScan&, const Odometry&, double)[m[Kâ€™:
[1.748s] [01m[K/home/panav/ros2_ws/src/dwa_planner/src/dwa_node.cpp:147:12:[m[K [01;31m[Kerror: [m[Kâ€˜[01m[Kscan[m[Kâ€™ was not declared in this scope; did you mean â€˜[01m[Kscanf[m[Kâ€™?
[1.748s]   147 |         if([01;31m[Kscan[m[K.ranges.empty())
[1.748s]       |            [01;31m[K^~~~[m[K
[1.748s]       |            [32m[Kscanf[m[K
[1.749s] In file included from [01m[K/opt/ros/humble/include/rclcpp/rclcpp/client.hpp:40[m[K,
[1.749s]                  from [01m[K/opt/ros/humble/include/rclcpp/rclcpp/callback_group.hpp:24[m[K,
[1.749s]                  from [01m[K/opt/ros/humble/include/rclcpp/rclcpp/any_executable.hpp:20[m[K,
[1.749s]                  from [01m[K/opt/ros/humble/include/rclcpp/rclcpp/memory_strategy.hpp:25[m[K,
[1.749s]                  from [01m[K/opt/ros/humble/include/rclcpp/rclcpp/memory_strategies.hpp:18[m[K,
[1.749s]                  from [01m[K/opt/ros/humble/include/rclcpp/rclcpp/executor_options.hpp:20[m[K,
[1.749s]                  from [01m[K/opt/ros/humble/include/rclcpp/rclcpp/executor.hpp:37[m[K,
[1.749s]                  from [01m[K/opt/ros/humble/include/rclcpp/rclcpp/executors/multi_threaded_executor.hpp:25[m[K,
[1.749s]                  from [01m[K/opt/ros/humble/include/rclcpp/rclcpp/executors.hpp:21[m[K,
[1.749s]                  from [01m[K/opt/ros/humble/include/rclcpp/rclcpp/rclcpp.hpp:155[m[K,
[1.749s]                  from [01m[K/home/panav/ros2_ws/src/dwa_planner/src/dwa_node.cpp:1[m[K:
[1.749s] [01m[K/home/panav/ros2_ws/src/dwa_planner/src/dwa_node.cpp:149:44:[m[K [01;31m[Kerror: [m[Kexpected â€˜[01m[K)[m[Kâ€™ before string constant
[1.749s]   149 |   RCLCPP_WARN(this->get_logger() [01;31m[K"No Laser scan data available"[m[K);
[1.749s]       |                                  [01;31m[K^~~~~~~~~~~~~~~~~~~~~~~~~~~~~~[m[K
[1.749s] 
[1.749s] [01m[K/home/panav/ros2_ws/src/dwa_planner/src/dwa_node.cpp:149:13:[m[K [01;36m[Knote: [m[Kto match this â€˜[01m[K([m[Kâ€™
[1.749s]   149 |             [01;36m[KRCLCPP_WARN[m[K(this->get_logger() "No Laser scan data available");
[1.749s]       |             [01;36m[K^~~~~~~~~~~[m[K
[1.749s] [01m[K/home/panav/ros2_ws/src/dwa_planner/src/dwa_node.cpp:149:13:[m[K [01;31m[Kerror: [m[Ktemplate argument 1 is invalid
[1.749s]   149 |             [01;31m[KRCLCPP_WARN[m[K(this->get_logger() "No Laser scan data available");
[1.749s]       |             [01;31m[K^~~~~~~~~~~[m[K
[1.749s] [01m[K/home/panav/ros2_ws/src/dwa_planner/src/dwa_node.cpp:149:13:[m[K [01;31m[Kerror: [m[Ktemplate argument 1 is invalid
[1.749s]   149 |             [01;31m[KRCLCPP_WARN[m[K(this->get_logger() "No Laser scan data available");
[1.749s]       |             [01;31m[K^~~~~~~~~~~[m[K
[1.749s] [01m[K/home/panav/ros2_ws/src/dwa_planner/src/dwa_node.cpp:149:13:[m[K [01;31m[Kerror: [m[Ktemplate argument 1 is invalid
[1.749s]   149 |             [01;31m[KRCLCPP_WARN[m[K(this->get_logger() "No Laser scan data available");
[1.749s]       |             [01;31m[K^~~~~~~~~~~[m[K
[1.749s] In file included from [01m[K/opt/ros/humble/include/rclcpp/rclcpp/logging.hpp:24[m[K,
[1.749s]                  from [01m[K/opt/ros/humble/include/rclcpp/rclcpp/client.hpp:40[m[K,
[1.749s]                  from [01m[K/opt/ros/humble/include/rclcpp/rclcpp/callback_group.hpp:24[m[K,
[1.749s]                  from [01m[K/opt/ros/humble/include/rclcpp/rclcpp/any_executable.hpp:20[m[K,
[1.749s]                  from [01m[K/opt/ros/humble/include/rclcpp/rclcpp/memory_strategy.hpp:25[m[K,
[1.750s]                  from [01m[K/opt/ros/humble/include/rclcpp/rclcpp/memory_strategies.hpp:18[m[K,
[1.750s]                  from [01m[K/opt/ros/humble/include/rclcpp/rclcpp/executor_options.hpp:20[m[K,
[1.750s]                  from [01m[K/opt/ros/humble/include/rclcpp/rclcpp/executor.hpp:37[m[K,
[1.750s]                  from [01m[K/opt/ros/humble/include/rclcpp/rclcpp/executors/multi_threaded_executor.hpp:25[m[K,
[1.750s]                  from [01m[K/opt/ros/humble/include/rclcpp/rclcpp/executors.hpp:21[m[K,
[1.750s]                  from [01m[K/opt/ros/humble/include/rclcpp/rclcpp/rclcpp.hpp:155[m[K,
[1.750s]                  from [01m[K/home/panav/ros2_ws/src/dwa_planner/src/dwa_node.cpp:1[m[K:
[1.750s] [01m[K/home/panav/ros2_ws/src/dwa_planner/src/dwa_node.cpp:149:44:[m[K [01;31m[Kerror: [m[Kexpected â€˜[01m[K)[m[Kâ€™ before string constant
[1.750s]   149 |   RCLCPP_WARN(this->get_logger() [01;31m[K"No Laser scan data available"[m[K);
[1.750s]       |                                  [01;31m[K^~~~~~~~~~~~~~~~~~~~~~~~~~~~~~[m[K
[1.750s] 
[1.750s] [01m[K/home/panav/ros2_ws/src/dwa_planner/src/dwa_node.cpp:149:13:[m[K [01;36m[Knote: [m[Kto match this â€˜[01m[K([m[Kâ€™
[1.750s]   149 |             [01;36m[KRCLCPP_WARN[m[K(this->get_logger() "No Laser scan data available");
[1.750s]       |             [01;36m[K^~~~~~~~~~~[m[K
[1.750s] [01m[K/home/panav/ros2_ws/src/dwa_planner/src/dwa_node.cpp:149:13:[m[K [01;31m[Kerror: [m[Kexpected â€˜[01m[K)[m[Kâ€™ before â€˜[01m[K}[m[Kâ€™ token
[1.750s]   149 |             [01;31m[KRCLCPP_WARN[m[K(this->get_logger() "No Laser scan data available");
[1.750s]       |             [01;31m[K^~~~~~~~~~~[m[K
[1.750s] [01m[K/home/panav/ros2_ws/src/dwa_planner/src/dwa_node.cpp:149:13:[m[K [01;36m[Knote: [m[Kto match this â€˜[01m[K([m[Kâ€™
[1.750s]   149 |             [01;36m[KRCLCPP_WARN[m[K(this->get_logger() "No Laser scan data available");
[1.750s]       |             [01;36m[K^~~~~~~~~~~[m[K
[1.750s] [01m[K/home/panav/ros2_ws/src/dwa_planner/src/dwa_node.cpp:149:13:[m[K [01;31m[Kerror: [m[Kexpected â€˜[01m[K)[m[Kâ€™ before â€˜[01m[K}[m[Kâ€™ token
[1.750s]   149 |             [01;31m[KRCLCPP_WARN[m[K(this->get_logger() "No Laser scan data available");
[1.750s]       |             [01;31m[K^~~~~~~~~~~[m[K
[1.750s] [01m[K/home/panav/ros2_ws/src/dwa_planner/src/dwa_node.cpp:149:13:[m[K [01;36m[Knote: [m[Kto match this â€˜[01m[K([m[Kâ€™
[1.750s]   149 |             [01;36m[KRCLCPP_WARN[m[K(this->get_logger() "No Laser scan data available");
[1.750s]       |             [01;36m[K^~~~~~~~~~~[m[K
[1.750s] [01m[K/home/panav/ros2_ws/src/dwa_planner/src/dwa_node.cpp:149:13:[m[K [01;31m[Kerror: [m[Kexpected primary-expression before â€˜[01m[K}[m[Kâ€™ token
[1.750s]   149 |             [01;31m[KRCLCPP_WARN[m[K(this->get_logger() "No Laser scan data available");
[1.750s]       |             [01;31m[K^~~~~~~~~~~[m[K
[1.758s] [01m[K/home/panav/ros2_ws/src/dwa_planner/src/dwa_node.cpp:160:28:[m[K [01;31m[Kerror: [m[Kâ€˜[01m[Kscan_data_[m[Kâ€™ was not declared in this scope; did you mean â€˜[01m[Kscan_data[m[Kâ€™?
[1.758s]   160 |             if (distance < [01;31m[Kscan_data_[m[K->ranges[scan_index] - tolerance) {
[1.758s]       |                            [01;31m[K^~~~~~~~~~[m[K
[1.758s]       |                            [32m[Kscan_data[m[K
[1.763s] [01m[K/home/panav/ros2_ws/src/dwa_planner/src/dwa_node.cpp:160:47:[m[K [01;31m[Kerror: [m[Kâ€˜[01m[Kscan_index[m[Kâ€™ was not declared in this scope
[1.763s]   160 | f (distance < scan_data_->ranges[[01;31m[Kscan_index[m[K] - tolerance) {
[1.763s]       |                                  [01;31m[K^~~~~~~~~~[m[K
[1.763s] 
[1.763s] [01m[K/home/panav/ros2_ws/src/dwa_planner/src/dwa_node.cpp:161:25:[m[K [01;31m[Kerror: [m[Kâ€˜[01m[KINT_MAX[m[Kâ€™ was not declared in this scope
[1.763s]   161 |                 return -[01;31m[KINT_MAX[m[K;
[1.763s]       |                         [01;31m[K^~~~~~~[m[K
[1.763s] [01m[K/home/panav/ros2_ws/src/dwa_planner/src/dwa_node.cpp:19:1:[m[K [01;36m[Knote: [m[Kâ€˜[01m[KINT_MAX[m[Kâ€™ is defined in header â€˜[01m[K<climits>[m[Kâ€™; did you forget to â€˜[01m[K#include <climits>[m[Kâ€™?
[1.763s]    18 | #include <tf2/LinearMath/Matrix3x3.h>
[1.763s]   +++ |+[32m[K#include <climits>[m[K
[1.763s]    19 | 
[1.763s] [01m[K/home/panav/ros2_ws/src/dwa_planner/src/dwa_node.cpp:158:17:[m[K [01;35m[Kwarning: [m[Kunused variable â€˜[01m[Kindex[m[Kâ€™ [[01;35m[K]8;;https://gcc.gnu.org/onlinedocs/gcc/Warning-Options.html#index-Wunused-variable-Wunused-variable]8;;[m[K]
[1.763s]   158 |             int [01;35m[Kindex[m[K = static_cast<int>((atan2(y - current_odom.pose.pose.position.y, x - current_odom.pose.pose.position.x)+M_PI) / (2*M_PI)) * scan_data.ranges.size();
[1.764s]       |                 [01;35m[K^~~~~[m[K
[1.768s] [01m[K/home/panav/ros2_ws/src/dwa_planner/src/dwa_node.cpp:[m[K In member function â€˜[01m[Kstd::pair<double, double> DWA_node::dwa_control(const std::vector<std::pair<double, double> >&, const Odometry&, const LaserScan&)[m[Kâ€™:
[1.768s] [01m[K/home/panav/ros2_ws/src/dwa_planner/src/dwa_node.cpp:172:12:[m[K [01;31m[Kerror: [m[Kâ€˜[01m[Kodom_data[m[Kâ€™ was not declared in this scope; did you mean â€˜[01m[Krandom_data[m[Kâ€™?
[1.768s]   172 |         if([01;31m[Kodom_data[m[K==NULL || scan_data==NULL)
[1.768s]       |            [01;31m[K^~~~~~~~~[m[K
[1.768s]       |            [32m[Krandom_data[m[K
[1.772s] [01m[K/home/panav/ros2_ws/src/dwa_planner/src/dwa_node.cpp:172:31:[m[K [01;31m[Kerror: [m[Kâ€˜[01m[Kscan_data[m[Kâ€™ was not declared in this scope
[1.772s]   172 |         if(odom_data==NULL || [01;31m[Kscan_data[m[K==NULL)
[1.772s]       |                               [01;31m[K^~~~~~~~~[m[K
[1.778s] [01m[K/home/panav/ros2_ws/src/dwa_planner/src/dwa_node.cpp:178:20:[m[K [01;31m[Kerror: [m[Kâ€˜[01m[Kodom_data[m[Kâ€™ was not declared in this scope; did you mean â€˜[01m[Krandom_data[m[Kâ€™?
[1.778s]   178 |         double x = [01;31m[Kodom_data[m[K->pose.pose.position.x;
[1.778s]       |                    [01;31m[K^~~~~~~~~[m[K
[1.778s]       |                    [32m[Krandom_data[m[K
[1.778s] [01m[K/home/panav/ros2_ws/src/dwa_planner/src/dwa_node.cpp:180:31:[m[K [01;31m[Kerror: [m[Kbase operand of â€˜[01m[K->[m[Kâ€™ has non-pointer type â€˜[01m[Kconst Odometry[m[Kâ€™ {aka â€˜[01m[Kconst nav_msgs::msg::Odometry_<std::allocator<void> >[m[Kâ€™}
[1.778s]   180 |         tf2::Quaternion q(odom[01;31m[K->[m[Kdata.pose.pose.orientation.x,
[1.778s]       |                               [01;31m[K^~[m[K
[1.779s] [01m[K/home/panav/ros2_ws/src/dwa_planner/src/dwa_node.cpp:198:30:[m[K [01;31m[Kerror: [m[Kâ€˜[01m[KINT_MAX[m[Kâ€™ was not declared in this scope
[1.779s]   198 |         double best_score = -[01;31m[KINT_MAX[m[K;
[1.779s]       |                              [01;31m[K^~~~~~~[m[K
[1.779s] [01m[K/home/panav/ros2_ws/src/dwa_planner/src/dwa_node.cpp:198:30:[m[K [01;36m[Knote: [m[Kâ€˜[01m[KINT_MAX[m[Kâ€™ is defined in header â€˜[01m[K<climits>[m[Kâ€™; did you forget to â€˜[01m[K#include <climits>[m[Kâ€™?
[1.779s] [01m[K/home/panav/ros2_ws/src/dwa_planner/src/dwa_node.cpp:199:16:[m[K [01;31m[Kerror: [m[Kredeclaration of â€˜[01m[Kdouble best_speed[m[Kâ€™
[1.779s]   199 |         double [01;31m[Kbest_speed[m[K = 0.0, best_rotation_speed = 0.0;\
[1.779s]       |                [01;31m[K^~~~~~~~~~[m[K
[1.780s] [01m[K/home/panav/ros2_ws/src/dwa_planner/src/dwa_node.cpp:169:16:[m[K [01;36m[Knote: [m[Kâ€˜[01m[Kdouble best_speed[m[Kâ€™ previously declared here
[1.780s]   169 |         double [01;36m[Kbest_speed[m[K = 0.0;
[1.780s]       |                [01;36m[K^~~~~~~~~~[m[K
[1.780s] [01m[K/home/panav/ros2_ws/src/dwa_planner/src/dwa_node.cpp:199:34:[m[K [01;31m[Kerror: [m[Kredeclaration of â€˜[01m[Kdouble best_rotation_speed[m[Kâ€™
[1.780s]   199 |         double best_speed = 0.0, [01;31m[Kbest_rotation_speed[m[K = 0.0;\
[1.780s]       |                                  [01;31m[K^~~~~~~~~~~~~~~~~~~[m[K
[1.780s] [01m[K/home/panav/ros2_ws/src/dwa_planner/src/dwa_node.cpp:170:16:[m[K [01;36m[Knote: [m[Kâ€˜[01m[Kdouble best_rotation_speed[m[Kâ€™ previously declared here
[1.780s]   170 |         double [01;36m[Kbest_rotation_speed[m[K = 0.0;
[1.780s]       |                [01;36m[K^~~~~~~~~~~~~~~~~~~[m[K
[1.784s] [01m[K/home/panav/ros2_ws/src/dwa_planner/src/dwa_node.cpp:210:71:[m[K [01;31m[Kerror: [m[Kâ€˜[01m[Kscan_data[m[Kâ€™ was not declared in this scope
[1.784s]   210 |  collision_avoidance(trajectory, [01;31m[Kscan_data[m[K, odom_data, tolerance);
[1.784s]       |                                  [01;31m[K^~~~~~~~~[m[K
[1.785s] 
[1.785s] [01m[K/home/panav/ros2_ws/src/dwa_planner/src/dwa_node.cpp:189:16:[m[K [01;35m[Kwarning: [m[Kunused variable â€˜[01m[Kgoal_angle[m[Kâ€™ [[01;35m[K]8;;https://gcc.gnu.org/onlinedocs/gcc/Warning-Options.html#index-Wunused-variable-Wunused-variable]8;;[m[K]
[1.785s]   189 |         double [01;35m[Kgoal_angle[m[K = atan2(goal_y-y, goal_x-x)-theta;
[1.785s]       |                [01;35m[K^~~~~~~~~~[m[K
[1.785s] [01m[K/home/panav/ros2_ws/src/dwa_planner/src/dwa_node.cpp:166:74:[m[K [01;35m[Kwarning: [m[Kunused parameter â€˜[01m[Ktrajectory[m[Kâ€™ [[01;35m[K]8;;https://gcc.gnu.org/onlinedocs/gcc/Warning-Options.html#index-Wunused-parameter-Wunused-parameter]8;;[m[K]
[1.785s]   166 | [01;35m[Kst vector<pair<double, double>>& trajectory[m[K, const nav_msgs::msg::Odometry& odom, const sensor_msgs::msg::LaserScan& scan)
[1.785s]       | [01;35m[K~~~~~~~~~~~~~~~~~~~~~~~~~~~~~~~~~^~~~~~~~~~[m[K
[1.785s] 
[1.785s] [01m[K/home/panav/ros2_ws/src/dwa_planner/src/dwa_node.cpp:166:158:[m[K [01;35m[Kwarning: [m[Kunused parameter â€˜[01m[Kscan[m[Kâ€™ [[01;35m[K]8;;https://gcc.gnu.org/onlinedocs/gcc/Warning-Options.html#index-Wunused-parameter-Wunused-parameter]8;;[m[K]
[1.785s]   166 | om, [01;35m[Kconst sensor_msgs::msg::LaserScan& scan[m[K)
[1.785s]       |     [01;35m[K~~~~~~~~~~~~~~~~~~~~~~~~~~~~~~~~~~~^~~~[m[K
[1.785s] 
[1.790s] [01m[K/home/panav/ros2_ws/src/dwa_planner/src/dwa_node.cpp:[m[K In member function â€˜[01m[Kvoid DWA_node::timer_callback()[m[Kâ€™:
[1.790s] [01m[K/home/panav/ros2_ws/src/dwa_planner/src/dwa_node.cpp:231:13:[m[K [01;31m[Kerror: [m[Kâ€˜[01m[Kodom_data[m[Kâ€™ was not declared in this scope; did you mean â€˜[01m[Krandom_data[m[Kâ€™?
[1.790s]   231 |         if(![01;31m[Kodom_data[m[K || !scan_data)
[1.790s]       |             [01;31m[K^~~~~~~~~[m[K
[1.790s]       |             [32m[Krandom_data[m[K
[1.795s] [01m[K/home/panav/ros2_ws/src/dwa_planner/src/dwa_node.cpp:231:27:[m[K [01;31m[Kerror: [m[Kâ€˜[01m[Kscan_data[m[Kâ€™ was not declared in this scope
[1.795s]   231 |         if(!odom_data || ![01;31m[Kscan_data[m[K)
[1.795s]       |                           [01;31m[K^~~~~~~~~[m[K
[1.800s] [01m[K/home/panav/ros2_ws/src/dwa_planner/src/dwa_node.cpp:237:62:[m[K [01;31m[Kerror: [m[Kâ€˜[01m[Ktrajectory[m[Kâ€™ was not declared in this scope
[1.800s]   237 | st_rotation_speed] = dwa_control([01;31m[Ktrajectory[m[K, current_scan);
[1.800s]       |                                  [01;31m[K^~~~~~~~~~[m[K
[1.800s] 
[4.040s] gmake[2]: *** [CMakeFiles/dwa_node.dir/build.make:76: CMakeFiles/dwa_node.dir/src/dwa_node.cpp.o] Error 1
[4.040s] gmake[1]: *** [CMakeFiles/Makefile2:137: CMakeFiles/dwa_node.dir/all] Error 2
[4.040s] gmake: *** [Makefile:146: all] Error 2
[4.042s] Invoked command in '/home/panav/ros2_ws/src/dwa_planner/build/dwa_planner' returned '2': CMAKE_PREFIX_PATH=${CMAKE_PREFIX_PATH}:/home/panav/ros2_ws/install/turtlebot3_teleop:/home/panav/ros2_ws/install/turtlebot3_example:/home/panav/ros2_ws/install/python_starter:/home/panav/ros2_ws/install/lidar_proximity_filter:/home/panav/ros2_ws/install/launch_testing_examples:/home/panav/ros2_ws/install/examples_rclpy_pointcloud_publisher:/home/panav/ros2_ws/install/examples_rclpy_minimal_subscriber:/home/panav/ros2_ws/install/examples_rclpy_minimal_service:/home/panav/ros2_ws/install/examples_rclpy_minimal_publisher:/home/panav/ros2_ws/install/examples_rclpy_minimal_client:/home/panav/ros2_ws/install/examples_rclpy_minimal_action_server:/home/panav/ros2_ws/install/examples_rclpy_minimal_action_client:/home/panav/ros2_ws/install/examples_rclpy_guard_conditions:/home/panav/ros2_ws/install/examples_rclpy_executors:/opt/ros/humble /usr/bin/cmake --build /home/panav/ros2_ws/src/dwa_planner/build/dwa_planner
