[0.009s] Invoking command in '/home/panav/ros2_ws/src/dwa_planner/build/dwa_planner': CMAKE_PREFIX_PATH=${CMAKE_PREFIX_PATH}:/home/panav/ros2_ws/install/turtlebot3_teleop:/home/panav/ros2_ws/install/turtlebot3_example:/opt/ros/humble /usr/bin/cmake --build /home/panav/ros2_ws/src/dwa_planner/build/dwa_planner
[0.049s] [35m[1mConsolidate compiler generated dependencies of target dwa_node[0m
[0.063s] [ 50%] [32mBuilding CXX object CMakeFiles/dwa_node.dir/src/dwa_node.cpp.o[0m
[1.584s] [01m[K/home/panav/ros2_ws/src/dwa_planner/src/dwa_node.cpp:93:1:[m[K [01;31m[Kerror: [m[KISO C++ forbids declaration of â€˜[01m[KDWA_node[m[Kâ€™ with no type [[01;31m[K]8;;https://gcc.gnu.org/onlinedocs/gcc/Warning-Options.html#index-fpermissive-fpermissive]8;;[m[K]
[1.584s]    93 | [01;31m[KDWA_node[m[K() {
[1.584s]       | [01;31m[K^~~~~~~~[m[K
[1.584s] [01m[K/home/panav/ros2_ws/src/dwa_planner/src/dwa_node.cpp:[m[K In function â€˜[01m[Kint DWA_node()[m[Kâ€™:
[1.584s] [01m[K/home/panav/ros2_ws/src/dwa_planner/src/dwa_node.cpp:95:1:[m[K [01;35m[Kwarning: [m[Kno return statement in function returning non-void [[01;35m[K]8;;https://gcc.gnu.org/onlinedocs/gcc/Warning-Options.html#index-Wreturn-type-Wreturn-type]8;;[m[K]
[1.584s]    95 | [01;35m[K}[m[K
[1.584s]       | [01;35m[K^[m[K
[1.591s] [01m[K/home/panav/ros2_ws/src/dwa_planner/src/dwa_node.cpp:[m[K In member function â€˜[01m[Kstd::pair<double, double> DWA_node::path_gen()[m[Kâ€™:
[1.591s] [01m[K/home/panav/ros2_ws/src/dwa_planner/src/dwa_node.cpp:155:12:[m[K [01;35m[Kwarning: [m[Kunused variable â€˜[01m[Ktime_step[m[Kâ€™ [[01;35m[K]8;;https://gcc.gnu.org/onlinedocs/gcc/Warning-Options.html#index-Wunused-variable-Wunused-variable]8;;[m[K]
[1.591s]   155 |     double [01;35m[Ktime_step[m[K = this->get_parameter("time_step").as_double();
[1.591s]       |            [01;35m[K^~~~~~~~~[m[K
[1.593s] [01m[K/home/panav/ros2_ws/src/dwa_planner/src/dwa_node.cpp:[m[K In member function â€˜[01m[Kvoid DWA_node::visualize_trajectories(const std::vector<std::vector<std::pair<double, double> > >&, int)[m[Kâ€™:
[1.593s] [01m[K/home/panav/ros2_ws/src/dwa_planner/src/dwa_node.cpp:174:22:[m[K [01;35m[Kwarning: [m[Kcomparison of integer expressions of different signedness: â€˜[01m[Kint[m[Kâ€™ and â€˜[01m[Kstd::vector<std::vector<std::pair<double, double> > >::size_type[m[Kâ€™ {aka â€˜[01m[Klong unsigned int[m[Kâ€™} [[01;35m[K]8;;https://gcc.gnu.org/onlinedocs/gcc/Warning-Options.html#index-Wsign-compare-Wsign-compare]8;;[m[K]
[1.593s]   174 |     for(int i = 0; [01;35m[Ki < all_trajectories.size()[m[K; i++)
[1.593s]       |                    [01;35m[K~~^~~~~~~~~~~~~~~~~~~~~~~~~[m[K
[1.600s] [01m[K/home/panav/ros2_ws/src/dwa_planner/src/dwa_node.cpp:[m[K In function â€˜[01m[Kint main(int, char**)[m[Kâ€™:
[1.600s] [01m[K/home/panav/ros2_ws/src/dwa_planner/src/dwa_node.cpp:483:44:[m[K [01;31m[Kerror: [m[Kno matching function for call to â€˜[01m[Kmake_shared<DWA_node>()[m[Kâ€™
[1.600s]   483 |     rclcpp::spin([01;31m[Kstd::make_shared<DWA_node>()[m[K);
[1.601s]       |                  [01;31m[K~~~~~~~~~~~~~~~~~~~~~~~~~~^~[m[K
[1.601s] In file included from [01m[K/usr/include/c++/11/memory:77[m[K,
[1.601s]                  from [01m[K/opt/ros/humble/include/rclcpp/rclcpp/rclcpp.hpp:153[m[K,
[1.601s]                  from [01m[K/home/panav/ros2_ws/src/dwa_planner/include/dwa_node.hpp:4[m[K,
[1.601s]                  from [01m[K/home/panav/ros2_ws/src/dwa_planner/src/dwa_node.cpp:1[m[K:
[1.601s] [01m[K/usr/include/c++/11/bits/shared_ptr.h:875:5:[m[K [01;36m[Knote: [m[Kcandidate: â€˜[01m[Ktemplate<class _Tp, class ... _Args> std::shared_ptr<_Tp> std::make_shared(_Args&& ...)[m[Kâ€™
[1.601s]   875 |     [01;36m[Kmake_shared[m[K(_Args&&... __args)
[1.601s]       |     [01;36m[K^~~~~~~~~~~[m[K
[1.601s] [01m[K/usr/include/c++/11/bits/shared_ptr.h:875:5:[m[K [01;36m[Knote: [m[K  template argument deduction/substitution failed:
[1.601s] [01m[K/home/panav/ros2_ws/src/dwa_planner/src/dwa_node.cpp:483:44:[m[K [01;31m[Kerror: [m[Ktype/value mismatch at argument 1 in template parameter list for â€˜[01m[Ktemplate<class _Tp, class ... _Args> std::shared_ptr<_Tp> std::make_shared(_Args&& ...)[m[Kâ€™
[1.601s]   483 |     rclcpp::spin([01;31m[Kstd::make_shared<DWA_node>()[m[K);
[1.601s]       |                  [01;31m[K~~~~~~~~~~~~~~~~~~~~~~~~~~^~[m[K
[1.601s] [01m[K/home/panav/ros2_ws/src/dwa_planner/src/dwa_node.cpp:483:44:[m[K [01;36m[Knote: [m[K  expected a type, got â€˜[01m[KDWA_node[m[Kâ€™
[2.008s] gmake[2]: *** [CMakeFiles/dwa_node.dir/build.make:76: CMakeFiles/dwa_node.dir/src/dwa_node.cpp.o] Error 1
[2.008s] gmake[1]: *** [CMakeFiles/Makefile2:137: CMakeFiles/dwa_node.dir/all] Error 2
[2.008s] gmake: *** [Makefile:146: all] Error 2
[2.010s] Invoked command in '/home/panav/ros2_ws/src/dwa_planner/build/dwa_planner' returned '2': CMAKE_PREFIX_PATH=${CMAKE_PREFIX_PATH}:/home/panav/ros2_ws/install/turtlebot3_teleop:/home/panav/ros2_ws/install/turtlebot3_example:/opt/ros/humble /usr/bin/cmake --build /home/panav/ros2_ws/src/dwa_planner/build/dwa_planner
